<html>
<head>
<title>TestNG:  Command line test 092d6b24-5ba0-44e1-a600-abfceda3048d</title>
<link href="../testng.css" rel="stylesheet" type="text/css" />
<link href="../my-testng.css" rel="stylesheet" type="text/css" />

<style type="text/css">
.log { display: none;} 
.stack-trace { display: none;} 
</style>
<script type="text/javascript">
<!--
function flip(e) {
  current = e.style.display;
  if (current == 'block') {
    e.style.display = 'none';
    return 0;
  }
  else {
    e.style.display = 'block';
    return 1;
  }
}

function toggleBox(szDivId, elem, msg1, msg2)
{
  var res = -1;  if (document.getElementById) {
    res = flip(document.getElementById(szDivId));
  }
  else if (document.all) {
    // this is the way old msie versions work
    res = flip(document.all[szDivId]);
  }
  if(elem) {
    if(res == 0) elem.innerHTML = msg1; else elem.innerHTML = msg2;
  }

}

function toggleAllBoxes() {
  if (document.getElementsByTagName) {
    d = document.getElementsByTagName('div');
    for (i = 0; i < d.length; i++) {
      if (d[i].className == 'log') {
        flip(d[i]);
      }
    }
  }
}

// -->
</script>

</head>
<body>
<h2 align='center'>Command line test 092d6b24-5ba0-44e1-a600-abfceda3048d</h2><table border='1' align="center">
<tr>
<td>Tests passed/Failed/Skipped:</td><td>9/0/0</td>
</tr><tr>
<td>Started on:</td><td>Thu Nov 27 20:03:22 IST 2014</td>
</tr>
<tr><td>Total time:</td><td>0 seconds (3 ms)</td>
</tr><tr>
<td>Included groups:</td><td></td>
</tr><tr>
<td>Excluded groups:</td><td></td>
</tr>
</table><p/>
<small><i>(Hover the method name to see the test class name)</i></small><p/>
<table width='100%' border='1' class='invocation-passed'>
<tr><td colspan='4' align='center'><b>PASSED TESTS</b></td></tr>
<tr><td><b>Test method</b></td>
<td width="30%"><b>Exception</b></td>
<td width="10%"><b>Time (seconds)</b></td>
<td><b>Instance</b></td>
</tr>
<tr>
<td title='org.artifactory.storage.db.binstore.entity.BinaryDataTest.emptyMd5BinaryData()'><b>emptyMd5BinaryData</b><br>Test class: org.artifactory.storage.db.binstore.entity.BinaryDataTest</td>
<td><div><pre>java.lang.IllegalArgumentException: MD5 value &apos;  &apos; is not a valid checksum
	at org.artifactory.storage.db.binstore.entity.BinaryData.simpleValidation(BinaryData.java:46)
	at org.artifactory.storage.db.binstore.entity.BinaryData.&lt;init&gt;(BinaryData.java:38)
	at org.artifactory.storage.db.binstore.entity.BinaryDataTest.emptyMd5BinaryData(BinaryDataTest.java:98)
... Removed 28 stack frames</pre></div><a href='#' onClick='toggleBox("stack-trace1388228595", this, "Click to show all stack frames", "Click to hide stack frames")'>Click to show all stack frames</a>
<div class='stack-trace' id='stack-trace1388228595'><pre>java.lang.IllegalArgumentException: MD5 value &apos;  &apos; is not a valid checksum
	at org.artifactory.storage.db.binstore.entity.BinaryData.simpleValidation(BinaryData.java:46)
	at org.artifactory.storage.db.binstore.entity.BinaryData.&lt;init&gt;(BinaryData.java:38)
	at org.artifactory.storage.db.binstore.entity.BinaryDataTest.emptyMd5BinaryData(BinaryDataTest.java:98)
	at sun.reflect.NativeMethodAccessorImpl.invoke0(Native Method)
	at sun.reflect.NativeMethodAccessorImpl.invoke(NativeMethodAccessorImpl.java:57)
	at sun.reflect.DelegatingMethodAccessorImpl.invoke(DelegatingMethodAccessorImpl.java:43)
	at java.lang.reflect.Method.invoke(Method.java:606)
	at org.testng.internal.MethodInvocationHelper.invokeMethod(MethodInvocationHelper.java:84)
	at org.testng.internal.Invoker.invokeMethod(Invoker.java:714)
	at org.testng.internal.Invoker.invokeTestMethod(Invoker.java:901)
	at org.testng.internal.Invoker.invokeTestMethods(Invoker.java:1231)
	at org.testng.internal.TestMethodWorker.invokeTestMethods(TestMethodWorker.java:127)
	at org.testng.internal.TestMethodWorker.run(TestMethodWorker.java:111)
	at org.testng.TestRunner.privateRun(TestRunner.java:767)
	at org.testng.TestRunner.run(TestRunner.java:617)
	at org.testng.SuiteRunner.runTest(SuiteRunner.java:334)
	at org.testng.SuiteRunner.runSequentially(SuiteRunner.java:329)
	at org.testng.SuiteRunner.privateRun(SuiteRunner.java:291)
	at org.testng.SuiteRunner.run(SuiteRunner.java:240)
	at org.testng.SuiteRunnerWorker.runSuite(SuiteRunnerWorker.java:52)
	at org.testng.SuiteRunnerWorker.run(SuiteRunnerWorker.java:86)
	at org.testng.TestNG.runSuitesSequentially(TestNG.java:1224)
	at org.testng.TestNG.runSuitesLocally(TestNG.java:1149)
	at org.testng.TestNG.run(TestNG.java:1057)
	at org.apache.maven.surefire.testng.TestNGExecutor.run(TestNGExecutor.java:91)
	at org.apache.maven.surefire.testng.TestNGDirectoryTestSuite.executeMulti(TestNGDirectoryTestSuite.java:204)
	at org.apache.maven.surefire.testng.TestNGDirectoryTestSuite.execute(TestNGDirectoryTestSuite.java:107)
	at org.apache.maven.surefire.testng.TestNGProvider.invoke(TestNGProvider.java:113)
	at org.apache.maven.surefire.booter.ForkedBooter.invokeProviderInSameClassLoader(ForkedBooter.java:200)
	at org.apache.maven.surefire.booter.ForkedBooter.runSuitesInProcess(ForkedBooter.java:153)
	at org.apache.maven.surefire.booter.ForkedBooter.main(ForkedBooter.java:103)
</pre></div></td>
<td>0</td>
<td>org.artifactory.storage.db.binstore.entity.BinaryDataTest@39c026b2</td></tr>
<tr>
<td title='org.artifactory.storage.db.binstore.entity.BinaryDataTest.emptySha1BinaryData()'><b>emptySha1BinaryData</b><br>Test class: org.artifactory.storage.db.binstore.entity.BinaryDataTest</td>
<td><div><pre>java.lang.IllegalArgumentException: SHA1 value &apos;  &apos; is not a valid checksum
	at org.artifactory.storage.db.binstore.entity.BinaryData.simpleValidation(BinaryData.java:43)
	at org.artifactory.storage.db.binstore.entity.BinaryData.&lt;init&gt;(BinaryData.java:38)
	at org.artifactory.storage.db.binstore.entity.BinaryDataTest.emptySha1BinaryData(BinaryDataTest.java:90)
... Removed 28 stack frames</pre></div><a href='#' onClick='toggleBox("stack-trace1695655157", this, "Click to show all stack frames", "Click to hide stack frames")'>Click to show all stack frames</a>
<div class='stack-trace' id='stack-trace1695655157'><pre>java.lang.IllegalArgumentException: SHA1 value &apos;  &apos; is not a valid checksum
	at org.artifactory.storage.db.binstore.entity.BinaryData.simpleValidation(BinaryData.java:43)
	at org.artifactory.storage.db.binstore.entity.BinaryData.&lt;init&gt;(BinaryData.java:38)
	at org.artifactory.storage.db.binstore.entity.BinaryDataTest.emptySha1BinaryData(BinaryDataTest.java:90)
	at sun.reflect.NativeMethodAccessorImpl.invoke0(Native Method)
	at sun.reflect.NativeMethodAccessorImpl.invoke(NativeMethodAccessorImpl.java:57)
	at sun.reflect.DelegatingMethodAccessorImpl.invoke(DelegatingMethodAccessorImpl.java:43)
	at java.lang.reflect.Method.invoke(Method.java:606)
	at org.testng.internal.MethodInvocationHelper.invokeMethod(MethodInvocationHelper.java:84)
	at org.testng.internal.Invoker.invokeMethod(Invoker.java:714)
	at org.testng.internal.Invoker.invokeTestMethod(Invoker.java:901)
	at org.testng.internal.Invoker.invokeTestMethods(Invoker.java:1231)
	at org.testng.internal.TestMethodWorker.invokeTestMethods(TestMethodWorker.java:127)
	at org.testng.internal.TestMethodWorker.run(TestMethodWorker.java:111)
	at org.testng.TestRunner.privateRun(TestRunner.java:767)
	at org.testng.TestRunner.run(TestRunner.java:617)
	at org.testng.SuiteRunner.runTest(SuiteRunner.java:334)
	at org.testng.SuiteRunner.runSequentially(SuiteRunner.java:329)
	at org.testng.SuiteRunner.privateRun(SuiteRunner.java:291)
	at org.testng.SuiteRunner.run(SuiteRunner.java:240)
	at org.testng.SuiteRunnerWorker.runSuite(SuiteRunnerWorker.java:52)
	at org.testng.SuiteRunnerWorker.run(SuiteRunnerWorker.java:86)
	at org.testng.TestNG.runSuitesSequentially(TestNG.java:1224)
	at org.testng.TestNG.runSuitesLocally(TestNG.java:1149)
	at org.testng.TestNG.run(TestNG.java:1057)
	at org.apache.maven.surefire.testng.TestNGExecutor.run(TestNGExecutor.java:91)
	at org.apache.maven.surefire.testng.TestNGDirectoryTestSuite.executeMulti(TestNGDirectoryTestSuite.java:204)
	at org.apache.maven.surefire.testng.TestNGDirectoryTestSuite.execute(TestNGDirectoryTestSuite.java:107)
	at org.apache.maven.surefire.testng.TestNGProvider.invoke(TestNGProvider.java:113)
	at org.apache.maven.surefire.booter.ForkedBooter.invokeProviderInSameClassLoader(ForkedBooter.java:200)
	at org.apache.maven.surefire.booter.ForkedBooter.runSuitesInProcess(ForkedBooter.java:153)
	at org.apache.maven.surefire.booter.ForkedBooter.main(ForkedBooter.java:103)
</pre></div></td>
<td>0</td>
<td>org.artifactory.storage.db.binstore.entity.BinaryDataTest@39c026b2</td></tr>
<tr>
<td title='org.artifactory.storage.db.binstore.entity.BinaryDataTest.maxNullBinaryData()'><b>maxNullBinaryData</b><br>Test class: org.artifactory.storage.db.binstore.entity.BinaryDataTest</td>
<td></td>
<td>0</td>
<td>org.artifactory.storage.db.binstore.entity.BinaryDataTest@39c026b2</td></tr>
<tr>
<td title='org.artifactory.storage.db.binstore.entity.BinaryDataTest.nullMd5BinaryData()'><b>nullMd5BinaryData</b><br>Test class: org.artifactory.storage.db.binstore.entity.BinaryDataTest</td>
<td><div><pre>java.lang.IllegalArgumentException: MD5 value &apos;null&apos; is not a valid checksum
	at org.artifactory.storage.db.binstore.entity.BinaryData.simpleValidation(BinaryData.java:46)
	at org.artifactory.storage.db.binstore.entity.BinaryData.&lt;init&gt;(BinaryData.java:38)
	at org.artifactory.storage.db.binstore.entity.BinaryDataTest.nullMd5BinaryData(BinaryDataTest.java:82)
... Removed 28 stack frames</pre></div><a href='#' onClick='toggleBox("stack-trace1729440077", this, "Click to show all stack frames", "Click to hide stack frames")'>Click to show all stack frames</a>
<div class='stack-trace' id='stack-trace1729440077'><pre>java.lang.IllegalArgumentException: MD5 value &apos;null&apos; is not a valid checksum
	at org.artifactory.storage.db.binstore.entity.BinaryData.simpleValidation(BinaryData.java:46)
	at org.artifactory.storage.db.binstore.entity.BinaryData.&lt;init&gt;(BinaryData.java:38)
	at org.artifactory.storage.db.binstore.entity.BinaryDataTest.nullMd5BinaryData(BinaryDataTest.java:82)
	at sun.reflect.NativeMethodAccessorImpl.invoke0(Native Method)
	at sun.reflect.NativeMethodAccessorImpl.invoke(NativeMethodAccessorImpl.java:57)
	at sun.reflect.DelegatingMethodAccessorImpl.invoke(DelegatingMethodAccessorImpl.java:43)
	at java.lang.reflect.Method.invoke(Method.java:606)
	at org.testng.internal.MethodInvocationHelper.invokeMethod(MethodInvocationHelper.java:84)
	at org.testng.internal.Invoker.invokeMethod(Invoker.java:714)
	at org.testng.internal.Invoker.invokeTestMethod(Invoker.java:901)
	at org.testng.internal.Invoker.invokeTestMethods(Invoker.java:1231)
	at org.testng.internal.TestMethodWorker.invokeTestMethods(TestMethodWorker.java:127)
	at org.testng.internal.TestMethodWorker.run(TestMethodWorker.java:111)
	at org.testng.TestRunner.privateRun(TestRunner.java:767)
	at org.testng.TestRunner.run(TestRunner.java:617)
	at org.testng.SuiteRunner.runTest(SuiteRunner.java:334)
	at org.testng.SuiteRunner.runSequentially(SuiteRunner.java:329)
	at org.testng.SuiteRunner.privateRun(SuiteRunner.java:291)
	at org.testng.SuiteRunner.run(SuiteRunner.java:240)
	at org.testng.SuiteRunnerWorker.runSuite(SuiteRunnerWorker.java:52)
	at org.testng.SuiteRunnerWorker.run(SuiteRunnerWorker.java:86)
	at org.testng.TestNG.runSuitesSequentially(TestNG.java:1224)
	at org.testng.TestNG.runSuitesLocally(TestNG.java:1149)
	at org.testng.TestNG.run(TestNG.java:1057)
	at org.apache.maven.surefire.testng.TestNGExecutor.run(TestNGExecutor.java:91)
	at org.apache.maven.surefire.testng.TestNGDirectoryTestSuite.executeMulti(TestNGDirectoryTestSuite.java:204)
	at org.apache.maven.surefire.testng.TestNGDirectoryTestSuite.execute(TestNGDirectoryTestSuite.java:107)
	at org.apache.maven.surefire.testng.TestNGProvider.invoke(TestNGProvider.java:113)
	at org.apache.maven.surefire.booter.ForkedBooter.invokeProviderInSameClassLoader(ForkedBooter.java:200)
	at org.apache.maven.surefire.booter.ForkedBooter.runSuitesInProcess(ForkedBooter.java:153)
	at org.apache.maven.surefire.booter.ForkedBooter.main(ForkedBooter.java:103)
</pre></div></td>
<td>0</td>
<td>org.artifactory.storage.db.binstore.entity.BinaryDataTest@39c026b2</td></tr>
<tr>
<td title='org.artifactory.storage.db.binstore.entity.BinaryDataTest.nullSha1BinaryData()'><b>nullSha1BinaryData</b><br>Test class: org.artifactory.storage.db.binstore.entity.BinaryDataTest</td>
<td><div><pre>java.lang.IllegalArgumentException: SHA1 value &apos;null&apos; is not a valid checksum
	at org.artifactory.storage.db.binstore.entity.BinaryData.simpleValidation(BinaryData.java:43)
	at org.artifactory.storage.db.binstore.entity.BinaryData.&lt;init&gt;(BinaryData.java:38)
	at org.artifactory.storage.db.binstore.entity.BinaryDataTest.nullSha1BinaryData(BinaryDataTest.java:74)
... Removed 28 stack frames</pre></div><a href='#' onClick='toggleBox("stack-trace508211994", this, "Click to show all stack frames", "Click to hide stack frames")'>Click to show all stack frames</a>
<div class='stack-trace' id='stack-trace508211994'><pre>java.lang.IllegalArgumentException: SHA1 value &apos;null&apos; is not a valid checksum
	at org.artifactory.storage.db.binstore.entity.BinaryData.simpleValidation(BinaryData.java:43)
	at org.artifactory.storage.db.binstore.entity.BinaryData.&lt;init&gt;(BinaryData.java:38)
	at org.artifactory.storage.db.binstore.entity.BinaryDataTest.nullSha1BinaryData(BinaryDataTest.java:74)
	at sun.reflect.NativeMethodAccessorImpl.invoke0(Native Method)
	at sun.reflect.NativeMethodAccessorImpl.invoke(NativeMethodAccessorImpl.java:57)
	at sun.reflect.DelegatingMethodAccessorImpl.invoke(DelegatingMethodAccessorImpl.java:43)
	at java.lang.reflect.Method.invoke(Method.java:606)
	at org.testng.internal.MethodInvocationHelper.invokeMethod(MethodInvocationHelper.java:84)
	at org.testng.internal.Invoker.invokeMethod(Invoker.java:714)
	at org.testng.internal.Invoker.invokeTestMethod(Invoker.java:901)
	at org.testng.internal.Invoker.invokeTestMethods(Invoker.java:1231)
	at org.testng.internal.TestMethodWorker.invokeTestMethods(TestMethodWorker.java:127)
	at org.testng.internal.TestMethodWorker.run(TestMethodWorker.java:111)
	at org.testng.TestRunner.privateRun(TestRunner.java:767)
	at org.testng.TestRunner.run(TestRunner.java:617)
	at org.testng.SuiteRunner.runTest(SuiteRunner.java:334)
	at org.testng.SuiteRunner.runSequentially(SuiteRunner.java:329)
	at org.testng.SuiteRunner.privateRun(SuiteRunner.java:291)
	at org.testng.SuiteRunner.run(SuiteRunner.java:240)
	at org.testng.SuiteRunnerWorker.runSuite(SuiteRunnerWorker.java:52)
	at org.testng.SuiteRunnerWorker.run(SuiteRunnerWorker.java:86)
	at org.testng.TestNG.runSuitesSequentially(TestNG.java:1224)
	at org.testng.TestNG.runSuitesLocally(TestNG.java:1149)
	at org.testng.TestNG.run(TestNG.java:1057)
	at org.apache.maven.surefire.testng.TestNGExecutor.run(TestNGExecutor.java:91)
	at org.apache.maven.surefire.testng.TestNGDirectoryTestSuite.executeMulti(TestNGDirectoryTestSuite.java:204)
	at org.apache.maven.surefire.testng.TestNGDirectoryTestSuite.execute(TestNGDirectoryTestSuite.java:107)
	at org.apache.maven.surefire.testng.TestNGProvider.invoke(TestNGProvider.java:113)
	at org.apache.maven.surefire.booter.ForkedBooter.invokeProviderInSameClassLoader(ForkedBooter.java:200)
	at org.apache.maven.surefire.booter.ForkedBooter.runSuitesInProcess(ForkedBooter.java:153)
	at org.apache.maven.surefire.booter.ForkedBooter.main(ForkedBooter.java:103)
</pre></div></td>
<td>0</td>
<td>org.artifactory.storage.db.binstore.entity.BinaryDataTest@39c026b2</td></tr>
<tr>
<td title='org.artifactory.storage.db.binstore.entity.BinaryDataTest.simpleBinaryData()'><b>simpleBinaryData</b><br>Test class: org.artifactory.storage.db.binstore.entity.BinaryDataTest</td>
<td></td>
<td>0</td>
<td>org.artifactory.storage.db.binstore.entity.BinaryDataTest@39c026b2</td></tr>
<tr>
<td title='org.artifactory.storage.db.binstore.entity.BinaryDataTest.wrongLengthBinaryData()'><b>wrongLengthBinaryData</b><br>Test class: org.artifactory.storage.db.binstore.entity.BinaryDataTest</td>
<td><div><pre>java.lang.IllegalArgumentException: Length -1 is not a valid length
	at org.artifactory.storage.db.binstore.entity.BinaryData.simpleValidation(BinaryData.java:49)
	at org.artifactory.storage.db.binstore.entity.BinaryData.&lt;init&gt;(BinaryData.java:38)
	at org.artifactory.storage.db.binstore.entity.BinaryDataTest.wrongLengthBinaryData(BinaryDataTest.java:122)
... Removed 28 stack frames</pre></div><a href='#' onClick='toggleBox("stack-trace1285458099", this, "Click to show all stack frames", "Click to hide stack frames")'>Click to show all stack frames</a>
<div class='stack-trace' id='stack-trace1285458099'><pre>java.lang.IllegalArgumentException: Length -1 is not a valid length
	at org.artifactory.storage.db.binstore.entity.BinaryData.simpleValidation(BinaryData.java:49)
	at org.artifactory.storage.db.binstore.entity.BinaryData.&lt;init&gt;(BinaryData.java:38)
	at org.artifactory.storage.db.binstore.entity.BinaryDataTest.wrongLengthBinaryData(BinaryDataTest.java:122)
	at sun.reflect.NativeMethodAccessorImpl.invoke0(Native Method)
	at sun.reflect.NativeMethodAccessorImpl.invoke(NativeMethodAccessorImpl.java:57)
	at sun.reflect.DelegatingMethodAccessorImpl.invoke(DelegatingMethodAccessorImpl.java:43)
	at java.lang.reflect.Method.invoke(Method.java:606)
	at org.testng.internal.MethodInvocationHelper.invokeMethod(MethodInvocationHelper.java:84)
	at org.testng.internal.Invoker.invokeMethod(Invoker.java:714)
	at org.testng.internal.Invoker.invokeTestMethod(Invoker.java:901)
	at org.testng.internal.Invoker.invokeTestMethods(Invoker.java:1231)
	at org.testng.internal.TestMethodWorker.invokeTestMethods(TestMethodWorker.java:127)
	at org.testng.internal.TestMethodWorker.run(TestMethodWorker.java:111)
	at org.testng.TestRunner.privateRun(TestRunner.java:767)
	at org.testng.TestRunner.run(TestRunner.java:617)
	at org.testng.SuiteRunner.runTest(SuiteRunner.java:334)
	at org.testng.SuiteRunner.runSequentially(SuiteRunner.java:329)
	at org.testng.SuiteRunner.privateRun(SuiteRunner.java:291)
	at org.testng.SuiteRunner.run(SuiteRunner.java:240)
	at org.testng.SuiteRunnerWorker.runSuite(SuiteRunnerWorker.java:52)
	at org.testng.SuiteRunnerWorker.run(SuiteRunnerWorker.java:86)
	at org.testng.TestNG.runSuitesSequentially(TestNG.java:1224)
	at org.testng.TestNG.runSuitesLocally(TestNG.java:1149)
	at org.testng.TestNG.run(TestNG.java:1057)
	at org.apache.maven.surefire.testng.TestNGExecutor.run(TestNGExecutor.java:91)
	at org.apache.maven.surefire.testng.TestNGDirectoryTestSuite.executeMulti(TestNGDirectoryTestSuite.java:204)
	at org.apache.maven.surefire.testng.TestNGDirectoryTestSuite.execute(TestNGDirectoryTestSuite.java:107)
	at org.apache.maven.surefire.testng.TestNGProvider.invoke(TestNGProvider.java:113)
	at org.apache.maven.surefire.booter.ForkedBooter.invokeProviderInSameClassLoader(ForkedBooter.java:200)
	at org.apache.maven.surefire.booter.ForkedBooter.runSuitesInProcess(ForkedBooter.java:153)
	at org.apache.maven.surefire.booter.ForkedBooter.main(ForkedBooter.java:103)
</pre></div></td>
<td>0</td>
<td>org.artifactory.storage.db.binstore.entity.BinaryDataTest@39c026b2</td></tr>
<tr>
<td title='org.artifactory.storage.db.binstore.entity.BinaryDataTest.wrongMd5BinaryData()'><b>wrongMd5BinaryData</b><br>Test class: org.artifactory.storage.db.binstore.entity.BinaryDataTest</td>
<td><div><pre>java.lang.IllegalArgumentException: MD5 value &apos;length matters but not content!!1&apos; is not a valid checksum
	at org.artifactory.storage.db.binstore.entity.BinaryData.simpleValidation(BinaryData.java:46)
	at org.artifactory.storage.db.binstore.entity.BinaryData.&lt;init&gt;(BinaryData.java:38)
	at org.artifactory.storage.db.binstore.entity.BinaryDataTest.wrongMd5BinaryData(BinaryDataTest.java:114)
... Removed 28 stack frames</pre></div><a href='#' onClick='toggleBox("stack-trace1008781073", this, "Click to show all stack frames", "Click to hide stack frames")'>Click to show all stack frames</a>
<div class='stack-trace' id='stack-trace1008781073'><pre>java.lang.IllegalArgumentException: MD5 value &apos;length matters but not content!!1&apos; is not a valid checksum
	at org.artifactory.storage.db.binstore.entity.BinaryData.simpleValidation(BinaryData.java:46)
	at org.artifactory.storage.db.binstore.entity.BinaryData.&lt;init&gt;(BinaryData.java:38)
	at org.artifactory.storage.db.binstore.entity.BinaryDataTest.wrongMd5BinaryData(BinaryDataTest.java:114)
	at sun.reflect.NativeMethodAccessorImpl.invoke0(Native Method)
	at sun.reflect.NativeMethodAccessorImpl.invoke(NativeMethodAccessorImpl.java:57)
	at sun.reflect.DelegatingMethodAccessorImpl.invoke(DelegatingMethodAccessorImpl.java:43)
	at java.lang.reflect.Method.invoke(Method.java:606)
	at org.testng.internal.MethodInvocationHelper.invokeMethod(MethodInvocationHelper.java:84)
	at org.testng.internal.Invoker.invokeMethod(Invoker.java:714)
	at org.testng.internal.Invoker.invokeTestMethod(Invoker.java:901)
	at org.testng.internal.Invoker.invokeTestMethods(Invoker.java:1231)
	at org.testng.internal.TestMethodWorker.invokeTestMethods(TestMethodWorker.java:127)
	at org.testng.internal.TestMethodWorker.run(TestMethodWorker.java:111)
	at org.testng.TestRunner.privateRun(TestRunner.java:767)
	at org.testng.TestRunner.run(TestRunner.java:617)
	at org.testng.SuiteRunner.runTest(SuiteRunner.java:334)
	at org.testng.SuiteRunner.runSequentially(SuiteRunner.java:329)
	at org.testng.SuiteRunner.privateRun(SuiteRunner.java:291)
	at org.testng.SuiteRunner.run(SuiteRunner.java:240)
	at org.testng.SuiteRunnerWorker.runSuite(SuiteRunnerWorker.java:52)
	at org.testng.SuiteRunnerWorker.run(SuiteRunnerWorker.java:86)
	at org.testng.TestNG.runSuitesSequentially(TestNG.java:1224)
	at org.testng.TestNG.runSuitesLocally(TestNG.java:1149)
	at org.testng.TestNG.run(TestNG.java:1057)
	at org.apache.maven.surefire.testng.TestNGExecutor.run(TestNGExecutor.java:91)
	at org.apache.maven.surefire.testng.TestNGDirectoryTestSuite.executeMulti(TestNGDirectoryTestSuite.java:204)
	at org.apache.maven.surefire.testng.TestNGDirectoryTestSuite.execute(TestNGDirectoryTestSuite.java:107)
	at org.apache.maven.surefire.testng.TestNGProvider.invoke(TestNGProvider.java:113)
	at org.apache.maven.surefire.booter.ForkedBooter.invokeProviderInSameClassLoader(ForkedBooter.java:200)
	at org.apache.maven.surefire.booter.ForkedBooter.runSuitesInProcess(ForkedBooter.java:153)
	at org.apache.maven.surefire.booter.ForkedBooter.main(ForkedBooter.java:103)
</pre></div></td>
<td>0</td>
<td>org.artifactory.storage.db.binstore.entity.BinaryDataTest@39c026b2</td></tr>
<tr>
<td title='org.artifactory.storage.db.binstore.entity.BinaryDataTest.wrongSha1BinaryData()'><b>wrongSha1BinaryData</b><br>Test class: org.artifactory.storage.db.binstore.entity.BinaryDataTest</td>
<td><div><pre>java.lang.IllegalArgumentException: SHA1 value &apos;length matters but not content!!123456789&apos; is not a valid checksum
	at org.artifactory.storage.db.binstore.entity.BinaryData.simpleValidation(BinaryData.java:43)
	at org.artifactory.storage.db.binstore.entity.BinaryData.&lt;init&gt;(BinaryData.java:38)
	at org.artifactory.storage.db.binstore.entity.BinaryDataTest.wrongSha1BinaryData(BinaryDataTest.java:106)
... Removed 28 stack frames</pre></div><a href='#' onClick='toggleBox("stack-trace200100846", this, "Click to show all stack frames", "Click to hide stack frames")'>Click to show all stack frames</a>
<div class='stack-trace' id='stack-trace200100846'><pre>java.lang.IllegalArgumentException: SHA1 value &apos;length matters but not content!!123456789&apos; is not a valid checksum
	at org.artifactory.storage.db.binstore.entity.BinaryData.simpleValidation(BinaryData.java:43)
	at org.artifactory.storage.db.binstore.entity.BinaryData.&lt;init&gt;(BinaryData.java:38)
	at org.artifactory.storage.db.binstore.entity.BinaryDataTest.wrongSha1BinaryData(BinaryDataTest.java:106)
	at sun.reflect.NativeMethodAccessorImpl.invoke0(Native Method)
	at sun.reflect.NativeMethodAccessorImpl.invoke(NativeMethodAccessorImpl.java:57)
	at sun.reflect.DelegatingMethodAccessorImpl.invoke(DelegatingMethodAccessorImpl.java:43)
	at java.lang.reflect.Method.invoke(Method.java:606)
	at org.testng.internal.MethodInvocationHelper.invokeMethod(MethodInvocationHelper.java:84)
	at org.testng.internal.Invoker.invokeMethod(Invoker.java:714)
	at org.testng.internal.Invoker.invokeTestMethod(Invoker.java:901)
	at org.testng.internal.Invoker.invokeTestMethods(Invoker.java:1231)
	at org.testng.internal.TestMethodWorker.invokeTestMethods(TestMethodWorker.java:127)
	at org.testng.internal.TestMethodWorker.run(TestMethodWorker.java:111)
	at org.testng.TestRunner.privateRun(TestRunner.java:767)
	at org.testng.TestRunner.run(TestRunner.java:617)
	at org.testng.SuiteRunner.runTest(SuiteRunner.java:334)
	at org.testng.SuiteRunner.runSequentially(SuiteRunner.java:329)
	at org.testng.SuiteRunner.privateRun(SuiteRunner.java:291)
	at org.testng.SuiteRunner.run(SuiteRunner.java:240)
	at org.testng.SuiteRunnerWorker.runSuite(SuiteRunnerWorker.java:52)
	at org.testng.SuiteRunnerWorker.run(SuiteRunnerWorker.java:86)
	at org.testng.TestNG.runSuitesSequentially(TestNG.java:1224)
	at org.testng.TestNG.runSuitesLocally(TestNG.java:1149)
	at org.testng.TestNG.run(TestNG.java:1057)
	at org.apache.maven.surefire.testng.TestNGExecutor.run(TestNGExecutor.java:91)
	at org.apache.maven.surefire.testng.TestNGDirectoryTestSuite.executeMulti(TestNGDirectoryTestSuite.java:204)
	at org.apache.maven.surefire.testng.TestNGDirectoryTestSuite.execute(TestNGDirectoryTestSuite.java:107)
	at org.apache.maven.surefire.testng.TestNGProvider.invoke(TestNGProvider.java:113)
	at org.apache.maven.surefire.booter.ForkedBooter.invokeProviderInSameClassLoader(ForkedBooter.java:200)
	at org.apache.maven.surefire.booter.ForkedBooter.runSuitesInProcess(ForkedBooter.java:153)
	at org.apache.maven.surefire.booter.ForkedBooter.main(ForkedBooter.java:103)
</pre></div></td>
<td>0</td>
<td>org.artifactory.storage.db.binstore.entity.BinaryDataTest@39c026b2</td></tr>
</table><p>
</body>
</html>