<?xml version="1.0" encoding="UTF-8"?>
<testng-results skipped="0" failed="0" total="152" passed="152">
  <reporter-output>
  </reporter-output>
  <suite name="Command line suite" duration-ms="1114" started-at="2013-05-13T13:11:08Z" finished-at="2013-05-13T13:11:10Z">
    <groups>
    </groups>
    <test name="Command line test" duration-ms="1114" started-at="2013-05-13T13:11:08Z" finished-at="2013-05-13T13:11:10Z">
      <class name="org.artifactory.repo.remote.browse.RemoteItemTest">
        <test-method status="PASS" signature="getNameFromDirectory()[pri:0, instance:org.artifactory.repo.remote.browse.RemoteItemTest@2e1eb2c3]" name="getNameFromDirectory" duration-ms="1" started-at="2013-05-13T13:11:09Z" finished-at="2013-05-13T13:11:09Z">
          <reporter-output>
          </reporter-output>
        </test-method> <!-- getNameFromDirectory -->
        <test-method status="PASS" signature="getNameFromFile()[pri:0, instance:org.artifactory.repo.remote.browse.RemoteItemTest@2e1eb2c3]" name="getNameFromFile" duration-ms="0" started-at="2013-05-13T13:11:09Z" finished-at="2013-05-13T13:11:09Z">
          <reporter-output>
          </reporter-output>
        </test-method> <!-- getNameFromFile -->
        <test-method status="PASS" signature="nullUrl()[pri:0, instance:org.artifactory.repo.remote.browse.RemoteItemTest@2e1eb2c3]" name="nullUrl" duration-ms="0" started-at="2013-05-13T13:11:09Z" finished-at="2013-05-13T13:11:09Z">
          <exception class="java.lang.NullPointerException">
            <message>
              <![CDATA[URL cannot be null]]>
            </message>
            <full-stacktrace>
              <![CDATA[java.lang.NullPointerException: URL cannot be null
	at org.artifactory.repo.remote.browse.RemoteItem.<init>(RemoteItem.java:58)
	at org.artifactory.repo.remote.browse.RemoteItem.<init>(RemoteItem.java:53)
	at org.artifactory.repo.remote.browse.RemoteItemTest.nullUrl(RemoteItemTest.java:34)
	at sun.reflect.NativeMethodAccessorImpl.invoke0(Native Method)
	at sun.reflect.NativeMethodAccessorImpl.invoke(NativeMethodAccessorImpl.java:57)
	at sun.reflect.DelegatingMethodAccessorImpl.invoke(DelegatingMethodAccessorImpl.java:43)
	at java.lang.reflect.Method.invoke(Method.java:601)
	at org.testng.internal.MethodInvocationHelper.invokeMethod(MethodInvocationHelper.java:80)
	at org.testng.internal.Invoker.invokeMethod(Invoker.java:714)
	at org.testng.internal.Invoker.invokeTestMethod(Invoker.java:901)
	at org.testng.internal.Invoker.invokeTestMethods(Invoker.java:1231)
	at org.testng.internal.TestMethodWorker.invokeTestMethods(TestMethodWorker.java:127)
	at org.testng.internal.TestMethodWorker.run(TestMethodWorker.java:111)
	at org.testng.TestRunner.privateRun(TestRunner.java:767)
	at org.testng.TestRunner.run(TestRunner.java:617)
	at org.testng.SuiteRunner.runTest(SuiteRunner.java:334)
	at org.testng.SuiteRunner.runSequentially(SuiteRunner.java:329)
	at org.testng.SuiteRunner.privateRun(SuiteRunner.java:291)
	at org.testng.SuiteRunner.run(SuiteRunner.java:240)
	at org.testng.SuiteRunnerWorker.runSuite(SuiteRunnerWorker.java:52)
	at org.testng.SuiteRunnerWorker.run(SuiteRunnerWorker.java:86)
	at org.testng.TestNG.runSuitesSequentially(TestNG.java:1198)
	at org.testng.TestNG.runSuitesLocally(TestNG.java:1123)
	at org.testng.TestNG.run(TestNG.java:1031)
	at org.apache.maven.surefire.testng.TestNGExecutor.run(TestNGExecutor.java:77)
	at org.apache.maven.surefire.testng.TestNGDirectoryTestSuite.executeMulti(TestNGDirectoryTestSuite.java:189)
	at org.apache.maven.surefire.testng.TestNGDirectoryTestSuite.execute(TestNGDirectoryTestSuite.java:105)
	at org.apache.maven.surefire.testng.TestNGProvider.invoke(TestNGProvider.java:117)
	at sun.reflect.NativeMethodAccessorImpl.invoke0(Native Method)
	at sun.reflect.NativeMethodAccessorImpl.invoke(NativeMethodAccessorImpl.java:57)
	at sun.reflect.DelegatingMethodAccessorImpl.invoke(DelegatingMethodAccessorImpl.java:43)
	at java.lang.reflect.Method.invoke(Method.java:601)
	at org.apache.maven.surefire.util.ReflectionUtils.invokeMethodWithArray2(ReflectionUtils.java:208)
	at org.apache.maven.surefire.booter.ProviderFactory$ProviderProxy.invoke(ProviderFactory.java:158)
	at org.apache.maven.surefire.booter.ProviderFactory.invokeProvider(ProviderFactory.java:86)
	at org.apache.maven.surefire.booter.ForkedBooter.runSuitesInProcess(ForkedBooter.java:153)
	at org.apache.maven.surefire.booter.ForkedBooter.main(ForkedBooter.java:95)
]]>
            </full-stacktrace>
          </exception> <!-- java.lang.NullPointerException -->
          <reporter-output>
          </reporter-output>
        </test-method> <!-- nullUrl -->
      </class> <!-- org.artifactory.repo.remote.browse.RemoteItemTest -->
      <class name="org.artifactory.api.module.SpringMaven23ModuleInfoUtilsTest">
        <test-method status="PASS" signature="testSpringArtifacts()[pri:0, instance:org.artifactory.api.module.SpringMaven23ModuleInfoUtilsTest@78b274de]" name="testSpringArtifacts" duration-ms="1" started-at="2013-05-13T13:11:10Z" finished-at="2013-05-13T13:11:10Z">
          <reporter-output>
          </reporter-output>
        </test-method> <!-- testSpringArtifacts -->
        <test-method status="PASS" signature="testSpringBundles()[pri:0, instance:org.artifactory.api.module.SpringMaven23ModuleInfoUtilsTest@78b274de]" name="testSpringBundles" duration-ms="1" started-at="2013-05-13T13:11:10Z" finished-at="2013-05-13T13:11:10Z">
          <reporter-output>
          </reporter-output>
        </test-method> <!-- testSpringBundles -->
        <test-method status="PASS" signature="testSpringDistMilestone()[pri:0, instance:org.artifactory.api.module.SpringMaven23ModuleInfoUtilsTest@78b274de]" name="testSpringDistMilestone" duration-ms="1" started-at="2013-05-13T13:11:10Z" finished-at="2013-05-13T13:11:10Z">
          <reporter-output>
          </reporter-output>
        </test-method> <!-- testSpringDistMilestone -->
        <test-method status="PASS" signature="testSpringDistRelease()[pri:0, instance:org.artifactory.api.module.SpringMaven23ModuleInfoUtilsTest@78b274de]" name="testSpringDistRelease" duration-ms="1" started-at="2013-05-13T13:11:10Z" finished-at="2013-05-13T13:11:10Z">
          <reporter-output>
          </reporter-output>
        </test-method> <!-- testSpringDistRelease -->
        <test-method status="PASS" signature="testSpringDistSnapshot()[pri:0, instance:org.artifactory.api.module.SpringMaven23ModuleInfoUtilsTest@78b274de]" name="testSpringDistSnapshot" duration-ms="1" started-at="2013-05-13T13:11:10Z" finished-at="2013-05-13T13:11:10Z">
          <reporter-output>
          </reporter-output>
        </test-method> <!-- testSpringDistSnapshot -->
      </class> <!-- org.artifactory.api.module.SpringMaven23ModuleInfoUtilsTest -->
      <class name="org.artifactory.api.module.GradleModuleInfoUtilsTest">
        <test-method status="PASS" signature="testIntegration()[pri:0, instance:org.artifactory.api.module.GradleModuleInfoUtilsTest@71e2cfdc]" name="testIntegration" duration-ms="4" started-at="2013-05-13T13:11:09Z" finished-at="2013-05-13T13:11:09Z">
          <reporter-output>
          </reporter-output>
        </test-method> <!-- testIntegration -->
        <test-method status="PASS" signature="testIntegrationChecksum()[pri:0, instance:org.artifactory.api.module.GradleModuleInfoUtilsTest@71e2cfdc]" name="testIntegrationChecksum" duration-ms="4" started-at="2013-05-13T13:11:09Z" finished-at="2013-05-13T13:11:09Z">
          <reporter-output>
          </reporter-output>
        </test-method> <!-- testIntegrationChecksum -->
        <test-method status="PASS" signature="testIntegrationChecksumWithClassifier()[pri:0, instance:org.artifactory.api.module.GradleModuleInfoUtilsTest@71e2cfdc]" name="testIntegrationChecksumWithClassifier" duration-ms="3" started-at="2013-05-13T13:11:09Z" finished-at="2013-05-13T13:11:09Z">
          <reporter-output>
          </reporter-output>
        </test-method> <!-- testIntegrationChecksumWithClassifier -->
        <test-method status="PASS" signature="testIntegrationWithClassifier()[pri:0, instance:org.artifactory.api.module.GradleModuleInfoUtilsTest@71e2cfdc]" name="testIntegrationWithClassifier" duration-ms="3" started-at="2013-05-13T13:11:09Z" finished-at="2013-05-13T13:11:09Z">
          <reporter-output>
          </reporter-output>
        </test-method> <!-- testIntegrationWithClassifier -->
        <test-method status="PASS" signature="testRelease()[pri:0, instance:org.artifactory.api.module.GradleModuleInfoUtilsTest@71e2cfdc]" name="testRelease" duration-ms="3" started-at="2013-05-13T13:11:09Z" finished-at="2013-05-13T13:11:09Z">
          <reporter-output>
          </reporter-output>
        </test-method> <!-- testRelease -->
        <test-method status="PASS" signature="testReleaseChecksum()[pri:0, instance:org.artifactory.api.module.GradleModuleInfoUtilsTest@71e2cfdc]" name="testReleaseChecksum" duration-ms="3" started-at="2013-05-13T13:11:09Z" finished-at="2013-05-13T13:11:09Z">
          <reporter-output>
          </reporter-output>
        </test-method> <!-- testReleaseChecksum -->
        <test-method status="PASS" signature="testReleaseChecksumWithClassifier()[pri:0, instance:org.artifactory.api.module.GradleModuleInfoUtilsTest@71e2cfdc]" name="testReleaseChecksumWithClassifier" duration-ms="3" started-at="2013-05-13T13:11:09Z" finished-at="2013-05-13T13:11:09Z">
          <reporter-output>
          </reporter-output>
        </test-method> <!-- testReleaseChecksumWithClassifier -->
        <test-method status="PASS" signature="testReleaseWithClassifier()[pri:0, instance:org.artifactory.api.module.GradleModuleInfoUtilsTest@71e2cfdc]" name="testReleaseWithClassifier" duration-ms="2" started-at="2013-05-13T13:11:09Z" finished-at="2013-05-13T13:11:09Z">
          <reporter-output>
          </reporter-output>
        </test-method> <!-- testReleaseWithClassifier -->
        <test-method status="PASS" signature="testSuperLongIntegration()[pri:0, instance:org.artifactory.api.module.GradleModuleInfoUtilsTest@71e2cfdc]" name="testSuperLongIntegration" duration-ms="4" started-at="2013-05-13T13:11:09Z" finished-at="2013-05-13T13:11:09Z">
          <reporter-output>
          </reporter-output>
        </test-method> <!-- testSuperLongIntegration -->
        <test-method status="PASS" signature="testSuperLongIntegrationChecksum()[pri:0, instance:org.artifactory.api.module.GradleModuleInfoUtilsTest@71e2cfdc]" name="testSuperLongIntegrationChecksum" duration-ms="4" started-at="2013-05-13T13:11:09Z" finished-at="2013-05-13T13:11:09Z">
          <reporter-output>
          </reporter-output>
        </test-method> <!-- testSuperLongIntegrationChecksum -->
        <test-method status="PASS" signature="testSuperLongIntegrationChecksumWithClassifier()[pri:0, instance:org.artifactory.api.module.GradleModuleInfoUtilsTest@71e2cfdc]" name="testSuperLongIntegrationChecksumWithClassifier" duration-ms="3" started-at="2013-05-13T13:11:09Z" finished-at="2013-05-13T13:11:09Z">
          <reporter-output>
          </reporter-output>
        </test-method> <!-- testSuperLongIntegrationChecksumWithClassifier -->
        <test-method status="PASS" signature="testSuperLongIntegrationWithClassifier()[pri:0, instance:org.artifactory.api.module.GradleModuleInfoUtilsTest@71e2cfdc]" name="testSuperLongIntegrationWithClassifier" duration-ms="3" started-at="2013-05-13T13:11:09Z" finished-at="2013-05-13T13:11:09Z">
          <reporter-output>
          </reporter-output>
        </test-method> <!-- testSuperLongIntegrationWithClassifier -->
        <test-method status="PASS" signature="testSuperLongRelease()[pri:0, instance:org.artifactory.api.module.GradleModuleInfoUtilsTest@71e2cfdc]" name="testSuperLongRelease" duration-ms="4" started-at="2013-05-13T13:11:09Z" finished-at="2013-05-13T13:11:09Z">
          <reporter-output>
          </reporter-output>
        </test-method> <!-- testSuperLongRelease -->
        <test-method status="PASS" signature="testSuperLongReleaseChecksum()[pri:0, instance:org.artifactory.api.module.GradleModuleInfoUtilsTest@71e2cfdc]" name="testSuperLongReleaseChecksum" duration-ms="3" started-at="2013-05-13T13:11:09Z" finished-at="2013-05-13T13:11:09Z">
          <reporter-output>
          </reporter-output>
        </test-method> <!-- testSuperLongReleaseChecksum -->
        <test-method status="PASS" signature="testSuperLongReleaseChecksumWithClassifier()[pri:0, instance:org.artifactory.api.module.GradleModuleInfoUtilsTest@71e2cfdc]" name="testSuperLongReleaseChecksumWithClassifier" duration-ms="3" started-at="2013-05-13T13:11:09Z" finished-at="2013-05-13T13:11:09Z">
          <reporter-output>
          </reporter-output>
        </test-method> <!-- testSuperLongReleaseChecksumWithClassifier -->
        <test-method status="PASS" signature="testSuperLongReleaseWithClassifier()[pri:0, instance:org.artifactory.api.module.GradleModuleInfoUtilsTest@71e2cfdc]" name="testSuperLongReleaseWithClassifier" duration-ms="3" started-at="2013-05-13T13:11:09Z" finished-at="2013-05-13T13:11:09Z">
          <reporter-output>
          </reporter-output>
        </test-method> <!-- testSuperLongReleaseWithClassifier -->
      </class> <!-- org.artifactory.api.module.GradleModuleInfoUtilsTest -->
      <class name="org.artifactory.api.search.artifact.ArtifactSearchControlsTest">
        <test-method status="PASS" signature="emptyControls()[pri:0, instance:org.artifactory.api.search.artifact.ArtifactSearchControlsTest@c16d8ba]" name="emptyControls" duration-ms="1" started-at="2013-05-13T13:11:08Z" finished-at="2013-05-13T13:11:08Z">
          <reporter-output>
          </reporter-output>
        </test-method> <!-- emptyControls -->
        <test-method status="PASS" signature="wildcardsOnlyControls()[pri:0, instance:org.artifactory.api.search.artifact.ArtifactSearchControlsTest@c16d8ba]" name="wildcardsOnlyControls" duration-ms="0" started-at="2013-05-13T13:11:08Z" finished-at="2013-05-13T13:11:08Z">
          <reporter-output>
          </reporter-output>
        </test-method> <!-- wildcardsOnlyControls -->
      </class> <!-- org.artifactory.api.search.artifact.ArtifactSearchControlsTest -->
      <class name="org.artifactory.api.search.property.PropertySearchControlsTest">
        <test-method status="PASS" signature="isWildcardsOnly()[pri:0, instance:org.artifactory.api.search.property.PropertySearchControlsTest@56b6d31c]" name="isWildcardsOnly" duration-ms="13" started-at="2013-05-13T13:11:09Z" finished-at="2013-05-13T13:11:09Z">
          <reporter-output>
          </reporter-output>
        </test-method> <!-- isWildcardsOnly -->
      </class> <!-- org.artifactory.api.search.property.PropertySearchControlsTest -->
      <class name="org.artifactory.api.module.SpringIvyModuleInfoUtilsTest">
        <test-method status="PASS" signature="testSpringBundlesExternal()[pri:0, instance:org.artifactory.api.module.SpringIvyModuleInfoUtilsTest@61bcaeed]" name="testSpringBundlesExternal" duration-ms="2" started-at="2013-05-13T13:11:10Z" finished-at="2013-05-13T13:11:10Z">
          <reporter-output>
          </reporter-output>
        </test-method> <!-- testSpringBundlesExternal -->
        <test-method status="PASS" signature="testSpringBundlesMilestone()[pri:0, instance:org.artifactory.api.module.SpringIvyModuleInfoUtilsTest@61bcaeed]" name="testSpringBundlesMilestone" duration-ms="1" started-at="2013-05-13T13:11:10Z" finished-at="2013-05-13T13:11:10Z">
          <reporter-output>
          </reporter-output>
        </test-method> <!-- testSpringBundlesMilestone -->
        <test-method status="PASS" signature="testSpringBundlesRelease()[pri:0, instance:org.artifactory.api.module.SpringIvyModuleInfoUtilsTest@61bcaeed]" name="testSpringBundlesRelease" duration-ms="1" started-at="2013-05-13T13:11:10Z" finished-at="2013-05-13T13:11:10Z">
          <reporter-output>
          </reporter-output>
        </test-method> <!-- testSpringBundlesRelease -->
        <test-method status="PASS" signature="testSpringBundlesSnapshot1()[pri:0, instance:org.artifactory.api.module.SpringIvyModuleInfoUtilsTest@61bcaeed]" name="testSpringBundlesSnapshot1" duration-ms="1" started-at="2013-05-13T13:11:10Z" finished-at="2013-05-13T13:11:10Z">
          <reporter-output>
          </reporter-output>
        </test-method> <!-- testSpringBundlesSnapshot1 -->
        <test-method status="PASS" signature="testSpringBundlesSnapshot2()[pri:0, instance:org.artifactory.api.module.SpringIvyModuleInfoUtilsTest@61bcaeed]" name="testSpringBundlesSnapshot2" duration-ms="1" started-at="2013-05-13T13:11:10Z" finished-at="2013-05-13T13:11:10Z">
          <reporter-output>
          </reporter-output>
        </test-method> <!-- testSpringBundlesSnapshot2 -->
      </class> <!-- org.artifactory.api.module.SpringIvyModuleInfoUtilsTest -->
      <class name="org.artifactory.api.mime.NamingUtilsTest">
        <test-method status="PASS" signature="readMimeTypes()[pri:0, instance:org.artifactory.api.mime.NamingUtilsTest@7cddffbd]" name="readMimeTypes" is-config="true" duration-ms="23" started-at="2013-05-13T13:11:09Z" finished-at="2013-05-13T13:11:09Z">
          <reporter-output>
          </reporter-output>
        </test-method> <!-- readMimeTypes -->
        <test-method status="PASS" signature="bindArtifactoryHome()[pri:0, instance:org.artifactory.api.mime.NamingUtilsTest@7cddffbd]" name="bindArtifactoryHome" is-config="true" duration-ms="0" started-at="2013-05-13T13:11:09Z" finished-at="2013-05-13T13:11:09Z">
          <reporter-output>
          </reporter-output>
        </test-method> <!-- bindArtifactoryHome -->
        <test-method status="PASS" signature="testIsMetadata()[pri:0, instance:org.artifactory.api.mime.NamingUtilsTest@7cddffbd]" name="testIsMetadata" duration-ms="1" started-at="2013-05-13T13:11:09Z" finished-at="2013-05-13T13:11:09Z">
          <reporter-output>
          </reporter-output>
        </test-method> <!-- testIsMetadata -->
        <test-method status="PASS" signature="unbindArtifactoryHome()[pri:0, instance:org.artifactory.api.mime.NamingUtilsTest@7cddffbd]" name="unbindArtifactoryHome" is-config="true" duration-ms="0" started-at="2013-05-13T13:11:09Z" finished-at="2013-05-13T13:11:09Z">
          <reporter-output>
          </reporter-output>
        </test-method> <!-- unbindArtifactoryHome -->
        <test-method status="PASS" signature="bindArtifactoryHome()[pri:0, instance:org.artifactory.api.mime.NamingUtilsTest@7cddffbd]" name="bindArtifactoryHome" is-config="true" duration-ms="0" started-at="2013-05-13T13:11:09Z" finished-at="2013-05-13T13:11:09Z">
          <reporter-output>
          </reporter-output>
        </test-method> <!-- bindArtifactoryHome -->
        <test-method status="PASS" signature="unbindArtifactoryHome()[pri:0, instance:org.artifactory.api.mime.NamingUtilsTest@7cddffbd]" name="unbindArtifactoryHome" is-config="true" duration-ms="1" started-at="2013-05-13T13:11:09Z" finished-at="2013-05-13T13:11:09Z">
          <reporter-output>
          </reporter-output>
        </test-method> <!-- unbindArtifactoryHome -->
        <test-method status="PASS" signature="testIsMetadataChecksum()[pri:0, instance:org.artifactory.api.mime.NamingUtilsTest@7cddffbd]" name="testIsMetadataChecksum" duration-ms="0" started-at="2013-05-13T13:11:09Z" finished-at="2013-05-13T13:11:09Z">
          <reporter-output>
          </reporter-output>
        </test-method> <!-- testIsMetadataChecksum -->
        <test-method status="PASS" signature="bindArtifactoryHome()[pri:0, instance:org.artifactory.api.mime.NamingUtilsTest@7cddffbd]" name="bindArtifactoryHome" is-config="true" duration-ms="0" started-at="2013-05-13T13:11:09Z" finished-at="2013-05-13T13:11:09Z">
          <reporter-output>
          </reporter-output>
        </test-method> <!-- bindArtifactoryHome -->
        <test-method status="PASS" signature="testIsProperties()[pri:0, instance:org.artifactory.api.mime.NamingUtilsTest@7cddffbd]" name="testIsProperties" duration-ms="0" started-at="2013-05-13T13:11:09Z" finished-at="2013-05-13T13:11:09Z">
          <reporter-output>
          </reporter-output>
        </test-method> <!-- testIsProperties -->
        <test-method status="PASS" signature="testIsViewable()[pri:0, instance:org.artifactory.api.mime.NamingUtilsTest@7cddffbd]" name="testIsViewable" duration-ms="1" started-at="2013-05-13T13:11:09Z" finished-at="2013-05-13T13:11:09Z">
          <reporter-output>
          </reporter-output>
        </test-method> <!-- testIsViewable -->
        <test-method status="PASS" signature="bindArtifactoryHome()[pri:0, instance:org.artifactory.api.mime.NamingUtilsTest@7cddffbd]" name="bindArtifactoryHome" is-config="true" duration-ms="0" started-at="2013-05-13T13:11:09Z" finished-at="2013-05-13T13:11:09Z">
          <reporter-output>
          </reporter-output>
        </test-method> <!-- bindArtifactoryHome -->
        <test-method status="PASS" signature="unbindArtifactoryHome()[pri:0, instance:org.artifactory.api.mime.NamingUtilsTest@7cddffbd]" name="unbindArtifactoryHome" is-config="true" duration-ms="0" started-at="2013-05-13T13:11:09Z" finished-at="2013-05-13T13:11:09Z">
          <reporter-output>
          </reporter-output>
        </test-method> <!-- unbindArtifactoryHome -->
        <test-method status="PASS" signature="testJavaSourceNameFromClassName()[pri:0, instance:org.artifactory.api.mime.NamingUtilsTest@7cddffbd]" name="testJavaSourceNameFromClassName" duration-ms="3" started-at="2013-05-13T13:11:09Z" finished-at="2013-05-13T13:11:09Z">
          <reporter-output>
          </reporter-output>
        </test-method> <!-- testJavaSourceNameFromClassName -->
        <test-method status="PASS" signature="unbindArtifactoryHome()[pri:0, instance:org.artifactory.api.mime.NamingUtilsTest@7cddffbd]" name="unbindArtifactoryHome" is-config="true" duration-ms="0" started-at="2013-05-13T13:11:09Z" finished-at="2013-05-13T13:11:09Z">
          <reporter-output>
          </reporter-output>
        </test-method> <!-- unbindArtifactoryHome -->
        <test-method status="PASS" signature="bindArtifactoryHome()[pri:0, instance:org.artifactory.api.mime.NamingUtilsTest@7cddffbd]" name="bindArtifactoryHome" is-config="true" duration-ms="0" started-at="2013-05-13T13:11:09Z" finished-at="2013-05-13T13:11:09Z">
          <reporter-output>
          </reporter-output>
        </test-method> <!-- bindArtifactoryHome -->
        <test-method status="PASS" signature="unbindArtifactoryHome()[pri:0, instance:org.artifactory.api.mime.NamingUtilsTest@7cddffbd]" name="unbindArtifactoryHome" is-config="true" duration-ms="0" started-at="2013-05-13T13:11:09Z" finished-at="2013-05-13T13:11:09Z">
          <reporter-output>
          </reporter-output>
        </test-method> <!-- unbindArtifactoryHome -->
      </class> <!-- org.artifactory.api.mime.NamingUtilsTest -->
      <class name="org.artifactory.api.module.ModuleInfoUtilsTest">
        <test-method status="PASS" signature="constructArtifactPathWithInvalidModuleInfo()[pri:0, instance:org.artifactory.api.module.ModuleInfoUtilsTest@72f5ba2c]" name="constructArtifactPathWithInvalidModuleInfo" duration-ms="1" started-at="2013-05-13T13:11:09Z" finished-at="2013-05-13T13:11:09Z">
          <exception class="java.lang.IllegalArgumentException">
            <message>
              <![CDATA[Unable to construct a path from an invalid module info object.]]>
            </message>
            <full-stacktrace>
              <![CDATA[java.lang.IllegalArgumentException: Unable to construct a path from an invalid module info object.
	at org.artifactory.api.module.ModuleInfoUtils.constructItemPath(ModuleInfoUtils.java:113)
	at org.artifactory.api.module.ModuleInfoUtils.constructArtifactPath(ModuleInfoUtils.java:51)
	at org.artifactory.api.module.ModuleInfoUtils.constructArtifactPath(ModuleInfoUtils.java:46)
	at org.artifactory.api.module.ModuleInfoUtilsTest.constructArtifactPathWithInvalidModuleInfo(ModuleInfoUtilsTest.java:40)
	at sun.reflect.NativeMethodAccessorImpl.invoke0(Native Method)
	at sun.reflect.NativeMethodAccessorImpl.invoke(NativeMethodAccessorImpl.java:57)
	at sun.reflect.DelegatingMethodAccessorImpl.invoke(DelegatingMethodAccessorImpl.java:43)
	at java.lang.reflect.Method.invoke(Method.java:601)
	at org.testng.internal.MethodInvocationHelper.invokeMethod(MethodInvocationHelper.java:80)
	at org.testng.internal.Invoker.invokeMethod(Invoker.java:714)
	at org.testng.internal.Invoker.invokeTestMethod(Invoker.java:901)
	at org.testng.internal.Invoker.invokeTestMethods(Invoker.java:1231)
	at org.testng.internal.TestMethodWorker.invokeTestMethods(TestMethodWorker.java:127)
	at org.testng.internal.TestMethodWorker.run(TestMethodWorker.java:111)
	at org.testng.TestRunner.privateRun(TestRunner.java:767)
	at org.testng.TestRunner.run(TestRunner.java:617)
	at org.testng.SuiteRunner.runTest(SuiteRunner.java:334)
	at org.testng.SuiteRunner.runSequentially(SuiteRunner.java:329)
	at org.testng.SuiteRunner.privateRun(SuiteRunner.java:291)
	at org.testng.SuiteRunner.run(SuiteRunner.java:240)
	at org.testng.SuiteRunnerWorker.runSuite(SuiteRunnerWorker.java:52)
	at org.testng.SuiteRunnerWorker.run(SuiteRunnerWorker.java:86)
	at org.testng.TestNG.runSuitesSequentially(TestNG.java:1198)
	at org.testng.TestNG.runSuitesLocally(TestNG.java:1123)
	at org.testng.TestNG.run(TestNG.java:1031)
	at org.apache.maven.surefire.testng.TestNGExecutor.run(TestNGExecutor.java:77)
	at org.apache.maven.surefire.testng.TestNGDirectoryTestSuite.executeMulti(TestNGDirectoryTestSuite.java:189)
	at org.apache.maven.surefire.testng.TestNGDirectoryTestSuite.execute(TestNGDirectoryTestSuite.java:105)
	at org.apache.maven.surefire.testng.TestNGProvider.invoke(TestNGProvider.java:117)
	at sun.reflect.NativeMethodAccessorImpl.invoke0(Native Method)
	at sun.reflect.NativeMethodAccessorImpl.invoke(NativeMethodAccessorImpl.java:57)
	at sun.reflect.DelegatingMethodAccessorImpl.invoke(DelegatingMethodAccessorImpl.java:43)
	at java.lang.reflect.Method.invoke(Method.java:601)
	at org.apache.maven.surefire.util.ReflectionUtils.invokeMethodWithArray2(ReflectionUtils.java:208)
	at org.apache.maven.surefire.booter.ProviderFactory$ProviderProxy.invoke(ProviderFactory.java:158)
	at org.apache.maven.surefire.booter.ProviderFactory.invokeProvider(ProviderFactory.java:86)
	at org.apache.maven.surefire.booter.ForkedBooter.runSuitesInProcess(ForkedBooter.java:153)
	at org.apache.maven.surefire.booter.ForkedBooter.main(ForkedBooter.java:95)
]]>
            </full-stacktrace>
          </exception> <!-- java.lang.IllegalArgumentException -->
          <reporter-output>
          </reporter-output>
        </test-method> <!-- constructArtifactPathWithInvalidModuleInfo -->
        <test-method status="PASS" signature="constructArtifactPathWithNullModuleInfo()[pri:0, instance:org.artifactory.api.module.ModuleInfoUtilsTest@72f5ba2c]" name="constructArtifactPathWithNullModuleInfo" duration-ms="1" started-at="2013-05-13T13:11:09Z" finished-at="2013-05-13T13:11:09Z">
          <exception class="java.lang.IllegalArgumentException">
            <message>
              <![CDATA[Unable to construct a path from a null module info object.]]>
            </message>
            <full-stacktrace>
              <![CDATA[java.lang.IllegalArgumentException: Unable to construct a path from a null module info object.
	at org.artifactory.api.module.ModuleInfoUtils.constructItemPath(ModuleInfoUtils.java:110)
	at org.artifactory.api.module.ModuleInfoUtils.constructArtifactPath(ModuleInfoUtils.java:51)
	at org.artifactory.api.module.ModuleInfoUtils.constructArtifactPath(ModuleInfoUtils.java:46)
	at org.artifactory.api.module.ModuleInfoUtilsTest.constructArtifactPathWithNullModuleInfo(ModuleInfoUtilsTest.java:34)
	at sun.reflect.NativeMethodAccessorImpl.invoke0(Native Method)
	at sun.reflect.NativeMethodAccessorImpl.invoke(NativeMethodAccessorImpl.java:57)
	at sun.reflect.DelegatingMethodAccessorImpl.invoke(DelegatingMethodAccessorImpl.java:43)
	at java.lang.reflect.Method.invoke(Method.java:601)
	at org.testng.internal.MethodInvocationHelper.invokeMethod(MethodInvocationHelper.java:80)
	at org.testng.internal.Invoker.invokeMethod(Invoker.java:714)
	at org.testng.internal.Invoker.invokeTestMethod(Invoker.java:901)
	at org.testng.internal.Invoker.invokeTestMethods(Invoker.java:1231)
	at org.testng.internal.TestMethodWorker.invokeTestMethods(TestMethodWorker.java:127)
	at org.testng.internal.TestMethodWorker.run(TestMethodWorker.java:111)
	at org.testng.TestRunner.privateRun(TestRunner.java:767)
	at org.testng.TestRunner.run(TestRunner.java:617)
	at org.testng.SuiteRunner.runTest(SuiteRunner.java:334)
	at org.testng.SuiteRunner.runSequentially(SuiteRunner.java:329)
	at org.testng.SuiteRunner.privateRun(SuiteRunner.java:291)
	at org.testng.SuiteRunner.run(SuiteRunner.java:240)
	at org.testng.SuiteRunnerWorker.runSuite(SuiteRunnerWorker.java:52)
	at org.testng.SuiteRunnerWorker.run(SuiteRunnerWorker.java:86)
	at org.testng.TestNG.runSuitesSequentially(TestNG.java:1198)
	at org.testng.TestNG.runSuitesLocally(TestNG.java:1123)
	at org.testng.TestNG.run(TestNG.java:1031)
	at org.apache.maven.surefire.testng.TestNGExecutor.run(TestNGExecutor.java:77)
	at org.apache.maven.surefire.testng.TestNGDirectoryTestSuite.executeMulti(TestNGDirectoryTestSuite.java:189)
	at org.apache.maven.surefire.testng.TestNGDirectoryTestSuite.execute(TestNGDirectoryTestSuite.java:105)
	at org.apache.maven.surefire.testng.TestNGProvider.invoke(TestNGProvider.java:117)
	at sun.reflect.NativeMethodAccessorImpl.invoke0(Native Method)
	at sun.reflect.NativeMethodAccessorImpl.invoke(NativeMethodAccessorImpl.java:57)
	at sun.reflect.DelegatingMethodAccessorImpl.invoke(DelegatingMethodAccessorImpl.java:43)
	at java.lang.reflect.Method.invoke(Method.java:601)
	at org.apache.maven.surefire.util.ReflectionUtils.invokeMethodWithArray2(ReflectionUtils.java:208)
	at org.apache.maven.surefire.booter.ProviderFactory$ProviderProxy.invoke(ProviderFactory.java:158)
	at org.apache.maven.surefire.booter.ProviderFactory.invokeProvider(ProviderFactory.java:86)
	at org.apache.maven.surefire.booter.ForkedBooter.runSuitesInProcess(ForkedBooter.java:153)
	at org.apache.maven.surefire.booter.ForkedBooter.main(ForkedBooter.java:95)
]]>
            </full-stacktrace>
          </exception> <!-- java.lang.IllegalArgumentException -->
          <reporter-output>
          </reporter-output>
        </test-method> <!-- constructArtifactPathWithNullModuleInfo -->
        <test-method status="PASS" signature="constructArtifactPathWithNullRepoLayout()[pri:0, instance:org.artifactory.api.module.ModuleInfoUtilsTest@72f5ba2c]" name="constructArtifactPathWithNullRepoLayout" duration-ms="0" started-at="2013-05-13T13:11:09Z" finished-at="2013-05-13T13:11:09Z">
          <exception class="java.lang.IllegalArgumentException">
            <message>
              <![CDATA[Unable to construct a path from a null repository layout.]]>
            </message>
            <full-stacktrace>
              <![CDATA[java.lang.IllegalArgumentException: Unable to construct a path from a null repository layout.
	at org.artifactory.api.module.ModuleInfoUtils.constructItemPath(ModuleInfoUtils.java:116)
	at org.artifactory.api.module.ModuleInfoUtils.constructArtifactPath(ModuleInfoUtils.java:51)
	at org.artifactory.api.module.ModuleInfoUtils.constructArtifactPath(ModuleInfoUtils.java:46)
	at org.artifactory.api.module.ModuleInfoUtilsTest.constructArtifactPathWithNullRepoLayout(ModuleInfoUtilsTest.java:46)
	at sun.reflect.NativeMethodAccessorImpl.invoke0(Native Method)
	at sun.reflect.NativeMethodAccessorImpl.invoke(NativeMethodAccessorImpl.java:57)
	at sun.reflect.DelegatingMethodAccessorImpl.invoke(DelegatingMethodAccessorImpl.java:43)
	at java.lang.reflect.Method.invoke(Method.java:601)
	at org.testng.internal.MethodInvocationHelper.invokeMethod(MethodInvocationHelper.java:80)
	at org.testng.internal.Invoker.invokeMethod(Invoker.java:714)
	at org.testng.internal.Invoker.invokeTestMethod(Invoker.java:901)
	at org.testng.internal.Invoker.invokeTestMethods(Invoker.java:1231)
	at org.testng.internal.TestMethodWorker.invokeTestMethods(TestMethodWorker.java:127)
	at org.testng.internal.TestMethodWorker.run(TestMethodWorker.java:111)
	at org.testng.TestRunner.privateRun(TestRunner.java:767)
	at org.testng.TestRunner.run(TestRunner.java:617)
	at org.testng.SuiteRunner.runTest(SuiteRunner.java:334)
	at org.testng.SuiteRunner.runSequentially(SuiteRunner.java:329)
	at org.testng.SuiteRunner.privateRun(SuiteRunner.java:291)
	at org.testng.SuiteRunner.run(SuiteRunner.java:240)
	at org.testng.SuiteRunnerWorker.runSuite(SuiteRunnerWorker.java:52)
	at org.testng.SuiteRunnerWorker.run(SuiteRunnerWorker.java:86)
	at org.testng.TestNG.runSuitesSequentially(TestNG.java:1198)
	at org.testng.TestNG.runSuitesLocally(TestNG.java:1123)
	at org.testng.TestNG.run(TestNG.java:1031)
	at org.apache.maven.surefire.testng.TestNGExecutor.run(TestNGExecutor.java:77)
	at org.apache.maven.surefire.testng.TestNGDirectoryTestSuite.executeMulti(TestNGDirectoryTestSuite.java:189)
	at org.apache.maven.surefire.testng.TestNGDirectoryTestSuite.execute(TestNGDirectoryTestSuite.java:105)
	at org.apache.maven.surefire.testng.TestNGProvider.invoke(TestNGProvider.java:117)
	at sun.reflect.NativeMethodAccessorImpl.invoke0(Native Method)
	at sun.reflect.NativeMethodAccessorImpl.invoke(NativeMethodAccessorImpl.java:57)
	at sun.reflect.DelegatingMethodAccessorImpl.invoke(DelegatingMethodAccessorImpl.java:43)
	at java.lang.reflect.Method.invoke(Method.java:601)
	at org.apache.maven.surefire.util.ReflectionUtils.invokeMethodWithArray2(ReflectionUtils.java:208)
	at org.apache.maven.surefire.booter.ProviderFactory$ProviderProxy.invoke(ProviderFactory.java:158)
	at org.apache.maven.surefire.booter.ProviderFactory.invokeProvider(ProviderFactory.java:86)
	at org.apache.maven.surefire.booter.ForkedBooter.runSuitesInProcess(ForkedBooter.java:153)
	at org.apache.maven.surefire.booter.ForkedBooter.main(ForkedBooter.java:95)
]]>
            </full-stacktrace>
          </exception> <!-- java.lang.IllegalArgumentException -->
          <reporter-output>
          </reporter-output>
        </test-method> <!-- constructArtifactPathWithNullRepoLayout -->
        <test-method status="PASS" signature="moduleInfoFromArtifactPathWithBlankItemPath()[pri:0, instance:org.artifactory.api.module.ModuleInfoUtilsTest@72f5ba2c]" name="moduleInfoFromArtifactPathWithBlankItemPath" duration-ms="0" started-at="2013-05-13T13:11:09Z" finished-at="2013-05-13T13:11:09Z">
          <exception class="java.lang.IllegalArgumentException">
            <message>
              <![CDATA[Cannot construct a module info object from a blank item path.]]>
            </message>
            <full-stacktrace>
              <![CDATA[java.lang.IllegalArgumentException: Cannot construct a module info object from a blank item path.
	at org.artifactory.api.module.ModuleInfoUtils.moduleInfoFromItemPath(ModuleInfoUtils.java:316)
	at org.artifactory.api.module.ModuleInfoUtils.moduleInfoFromArtifactPath(ModuleInfoUtils.java:69)
	at org.artifactory.api.module.ModuleInfoUtilsTest.moduleInfoFromArtifactPathWithBlankItemPath(ModuleInfoUtilsTest.java:65)
	at sun.reflect.NativeMethodAccessorImpl.invoke0(Native Method)
	at sun.reflect.NativeMethodAccessorImpl.invoke(NativeMethodAccessorImpl.java:57)
	at sun.reflect.DelegatingMethodAccessorImpl.invoke(DelegatingMethodAccessorImpl.java:43)
	at java.lang.reflect.Method.invoke(Method.java:601)
	at org.testng.internal.MethodInvocationHelper.invokeMethod(MethodInvocationHelper.java:80)
	at org.testng.internal.Invoker.invokeMethod(Invoker.java:714)
	at org.testng.internal.Invoker.invokeTestMethod(Invoker.java:901)
	at org.testng.internal.Invoker.invokeTestMethods(Invoker.java:1231)
	at org.testng.internal.TestMethodWorker.invokeTestMethods(TestMethodWorker.java:127)
	at org.testng.internal.TestMethodWorker.run(TestMethodWorker.java:111)
	at org.testng.TestRunner.privateRun(TestRunner.java:767)
	at org.testng.TestRunner.run(TestRunner.java:617)
	at org.testng.SuiteRunner.runTest(SuiteRunner.java:334)
	at org.testng.SuiteRunner.runSequentially(SuiteRunner.java:329)
	at org.testng.SuiteRunner.privateRun(SuiteRunner.java:291)
	at org.testng.SuiteRunner.run(SuiteRunner.java:240)
	at org.testng.SuiteRunnerWorker.runSuite(SuiteRunnerWorker.java:52)
	at org.testng.SuiteRunnerWorker.run(SuiteRunnerWorker.java:86)
	at org.testng.TestNG.runSuitesSequentially(TestNG.java:1198)
	at org.testng.TestNG.runSuitesLocally(TestNG.java:1123)
	at org.testng.TestNG.run(TestNG.java:1031)
	at org.apache.maven.surefire.testng.TestNGExecutor.run(TestNGExecutor.java:77)
	at org.apache.maven.surefire.testng.TestNGDirectoryTestSuite.executeMulti(TestNGDirectoryTestSuite.java:189)
	at org.apache.maven.surefire.testng.TestNGDirectoryTestSuite.execute(TestNGDirectoryTestSuite.java:105)
	at org.apache.maven.surefire.testng.TestNGProvider.invoke(TestNGProvider.java:117)
	at sun.reflect.NativeMethodAccessorImpl.invoke0(Native Method)
	at sun.reflect.NativeMethodAccessorImpl.invoke(NativeMethodAccessorImpl.java:57)
	at sun.reflect.DelegatingMethodAccessorImpl.invoke(DelegatingMethodAccessorImpl.java:43)
	at java.lang.reflect.Method.invoke(Method.java:601)
	at org.apache.maven.surefire.util.ReflectionUtils.invokeMethodWithArray2(ReflectionUtils.java:208)
	at org.apache.maven.surefire.booter.ProviderFactory$ProviderProxy.invoke(ProviderFactory.java:158)
	at org.apache.maven.surefire.booter.ProviderFactory.invokeProvider(ProviderFactory.java:86)
	at org.apache.maven.surefire.booter.ForkedBooter.runSuitesInProcess(ForkedBooter.java:153)
	at org.apache.maven.surefire.booter.ForkedBooter.main(ForkedBooter.java:95)
]]>
            </full-stacktrace>
          </exception> <!-- java.lang.IllegalArgumentException -->
          <reporter-output>
          </reporter-output>
        </test-method> <!-- moduleInfoFromArtifactPathWithBlankItemPath -->
        <test-method status="PASS" signature="moduleInfoFromArtifactPathWithNullArtifactPath()[pri:0, instance:org.artifactory.api.module.ModuleInfoUtilsTest@72f5ba2c]" name="moduleInfoFromArtifactPathWithNullArtifactPath" duration-ms="0" started-at="2013-05-13T13:11:09Z" finished-at="2013-05-13T13:11:09Z">
          <exception class="java.lang.IllegalArgumentException">
            <message>
              <![CDATA[Cannot construct a module info object from a blank item path.]]>
            </message>
            <full-stacktrace>
              <![CDATA[java.lang.IllegalArgumentException: Cannot construct a module info object from a blank item path.
	at org.artifactory.api.module.ModuleInfoUtils.moduleInfoFromItemPath(ModuleInfoUtils.java:316)
	at org.artifactory.api.module.ModuleInfoUtils.moduleInfoFromArtifactPath(ModuleInfoUtils.java:69)
	at org.artifactory.api.module.ModuleInfoUtilsTest.moduleInfoFromArtifactPathWithNullArtifactPath(ModuleInfoUtilsTest.java:53)
	at sun.reflect.NativeMethodAccessorImpl.invoke0(Native Method)
	at sun.reflect.NativeMethodAccessorImpl.invoke(NativeMethodAccessorImpl.java:57)
	at sun.reflect.DelegatingMethodAccessorImpl.invoke(DelegatingMethodAccessorImpl.java:43)
	at java.lang.reflect.Method.invoke(Method.java:601)
	at org.testng.internal.MethodInvocationHelper.invokeMethod(MethodInvocationHelper.java:80)
	at org.testng.internal.Invoker.invokeMethod(Invoker.java:714)
	at org.testng.internal.Invoker.invokeTestMethod(Invoker.java:901)
	at org.testng.internal.Invoker.invokeTestMethods(Invoker.java:1231)
	at org.testng.internal.TestMethodWorker.invokeTestMethods(TestMethodWorker.java:127)
	at org.testng.internal.TestMethodWorker.run(TestMethodWorker.java:111)
	at org.testng.TestRunner.privateRun(TestRunner.java:767)
	at org.testng.TestRunner.run(TestRunner.java:617)
	at org.testng.SuiteRunner.runTest(SuiteRunner.java:334)
	at org.testng.SuiteRunner.runSequentially(SuiteRunner.java:329)
	at org.testng.SuiteRunner.privateRun(SuiteRunner.java:291)
	at org.testng.SuiteRunner.run(SuiteRunner.java:240)
	at org.testng.SuiteRunnerWorker.runSuite(SuiteRunnerWorker.java:52)
	at org.testng.SuiteRunnerWorker.run(SuiteRunnerWorker.java:86)
	at org.testng.TestNG.runSuitesSequentially(TestNG.java:1198)
	at org.testng.TestNG.runSuitesLocally(TestNG.java:1123)
	at org.testng.TestNG.run(TestNG.java:1031)
	at org.apache.maven.surefire.testng.TestNGExecutor.run(TestNGExecutor.java:77)
	at org.apache.maven.surefire.testng.TestNGDirectoryTestSuite.executeMulti(TestNGDirectoryTestSuite.java:189)
	at org.apache.maven.surefire.testng.TestNGDirectoryTestSuite.execute(TestNGDirectoryTestSuite.java:105)
	at org.apache.maven.surefire.testng.TestNGProvider.invoke(TestNGProvider.java:117)
	at sun.reflect.NativeMethodAccessorImpl.invoke0(Native Method)
	at sun.reflect.NativeMethodAccessorImpl.invoke(NativeMethodAccessorImpl.java:57)
	at sun.reflect.DelegatingMethodAccessorImpl.invoke(DelegatingMethodAccessorImpl.java:43)
	at java.lang.reflect.Method.invoke(Method.java:601)
	at org.apache.maven.surefire.util.ReflectionUtils.invokeMethodWithArray2(ReflectionUtils.java:208)
	at org.apache.maven.surefire.booter.ProviderFactory$ProviderProxy.invoke(ProviderFactory.java:158)
	at org.apache.maven.surefire.booter.ProviderFactory.invokeProvider(ProviderFactory.java:86)
	at org.apache.maven.surefire.booter.ForkedBooter.runSuitesInProcess(ForkedBooter.java:153)
	at org.apache.maven.surefire.booter.ForkedBooter.main(ForkedBooter.java:95)
]]>
            </full-stacktrace>
          </exception> <!-- java.lang.IllegalArgumentException -->
          <reporter-output>
          </reporter-output>
        </test-method> <!-- moduleInfoFromArtifactPathWithNullArtifactPath -->
        <test-method status="PASS" signature="moduleInfoFromArtifactPathWithNullRepoLayout()[pri:0, instance:org.artifactory.api.module.ModuleInfoUtilsTest@72f5ba2c]" name="moduleInfoFromArtifactPathWithNullRepoLayout" duration-ms="0" started-at="2013-05-13T13:11:09Z" finished-at="2013-05-13T13:11:09Z">
          <exception class="java.lang.IllegalArgumentException">
            <message>
              <![CDATA[Cannot construct a module info object from a null repository layout.]]>
            </message>
            <full-stacktrace>
              <![CDATA[java.lang.IllegalArgumentException: Cannot construct a module info object from a null repository layout.
	at org.artifactory.api.module.ModuleInfoUtils.moduleInfoFromItemPath(ModuleInfoUtils.java:319)
	at org.artifactory.api.module.ModuleInfoUtils.moduleInfoFromArtifactPath(ModuleInfoUtils.java:69)
	at org.artifactory.api.module.ModuleInfoUtilsTest.moduleInfoFromArtifactPathWithNullRepoLayout(ModuleInfoUtilsTest.java:77)
	at sun.reflect.NativeMethodAccessorImpl.invoke0(Native Method)
	at sun.reflect.NativeMethodAccessorImpl.invoke(NativeMethodAccessorImpl.java:57)
	at sun.reflect.DelegatingMethodAccessorImpl.invoke(DelegatingMethodAccessorImpl.java:43)
	at java.lang.reflect.Method.invoke(Method.java:601)
	at org.testng.internal.MethodInvocationHelper.invokeMethod(MethodInvocationHelper.java:80)
	at org.testng.internal.Invoker.invokeMethod(Invoker.java:714)
	at org.testng.internal.Invoker.invokeTestMethod(Invoker.java:901)
	at org.testng.internal.Invoker.invokeTestMethods(Invoker.java:1231)
	at org.testng.internal.TestMethodWorker.invokeTestMethods(TestMethodWorker.java:127)
	at org.testng.internal.TestMethodWorker.run(TestMethodWorker.java:111)
	at org.testng.TestRunner.privateRun(TestRunner.java:767)
	at org.testng.TestRunner.run(TestRunner.java:617)
	at org.testng.SuiteRunner.runTest(SuiteRunner.java:334)
	at org.testng.SuiteRunner.runSequentially(SuiteRunner.java:329)
	at org.testng.SuiteRunner.privateRun(SuiteRunner.java:291)
	at org.testng.SuiteRunner.run(SuiteRunner.java:240)
	at org.testng.SuiteRunnerWorker.runSuite(SuiteRunnerWorker.java:52)
	at org.testng.SuiteRunnerWorker.run(SuiteRunnerWorker.java:86)
	at org.testng.TestNG.runSuitesSequentially(TestNG.java:1198)
	at org.testng.TestNG.runSuitesLocally(TestNG.java:1123)
	at org.testng.TestNG.run(TestNG.java:1031)
	at org.apache.maven.surefire.testng.TestNGExecutor.run(TestNGExecutor.java:77)
	at org.apache.maven.surefire.testng.TestNGDirectoryTestSuite.executeMulti(TestNGDirectoryTestSuite.java:189)
	at org.apache.maven.surefire.testng.TestNGDirectoryTestSuite.execute(TestNGDirectoryTestSuite.java:105)
	at org.apache.maven.surefire.testng.TestNGProvider.invoke(TestNGProvider.java:117)
	at sun.reflect.NativeMethodAccessorImpl.invoke0(Native Method)
	at sun.reflect.NativeMethodAccessorImpl.invoke(NativeMethodAccessorImpl.java:57)
	at sun.reflect.DelegatingMethodAccessorImpl.invoke(DelegatingMethodAccessorImpl.java:43)
	at java.lang.reflect.Method.invoke(Method.java:601)
	at org.apache.maven.surefire.util.ReflectionUtils.invokeMethodWithArray2(ReflectionUtils.java:208)
	at org.apache.maven.surefire.booter.ProviderFactory$ProviderProxy.invoke(ProviderFactory.java:158)
	at org.apache.maven.surefire.booter.ProviderFactory.invokeProvider(ProviderFactory.java:86)
	at org.apache.maven.surefire.booter.ForkedBooter.runSuitesInProcess(ForkedBooter.java:153)
	at org.apache.maven.surefire.booter.ForkedBooter.main(ForkedBooter.java:95)
]]>
            </full-stacktrace>
          </exception> <!-- java.lang.IllegalArgumentException -->
          <reporter-output>
          </reporter-output>
        </test-method> <!-- moduleInfoFromArtifactPathWithNullRepoLayout -->
        <test-method status="PASS" signature="moduleInfoFromDescriptorPathWithBlankItemPath()[pri:0, instance:org.artifactory.api.module.ModuleInfoUtilsTest@72f5ba2c]" name="moduleInfoFromDescriptorPathWithBlankItemPath" duration-ms="0" started-at="2013-05-13T13:11:09Z" finished-at="2013-05-13T13:11:09Z">
          <exception class="java.lang.IllegalArgumentException">
            <message>
              <![CDATA[Cannot construct a module info object from a blank item path.]]>
            </message>
            <full-stacktrace>
              <![CDATA[java.lang.IllegalArgumentException: Cannot construct a module info object from a blank item path.
	at org.artifactory.api.module.ModuleInfoUtils.moduleInfoFromItemPath(ModuleInfoUtils.java:316)
	at org.artifactory.api.module.ModuleInfoUtils.moduleInfoFromDescriptorPath(ModuleInfoUtils.java:99)
	at org.artifactory.api.module.ModuleInfoUtilsTest.moduleInfoFromDescriptorPathWithBlankItemPath(ModuleInfoUtilsTest.java:71)
	at sun.reflect.NativeMethodAccessorImpl.invoke0(Native Method)
	at sun.reflect.NativeMethodAccessorImpl.invoke(NativeMethodAccessorImpl.java:57)
	at sun.reflect.DelegatingMethodAccessorImpl.invoke(DelegatingMethodAccessorImpl.java:43)
	at java.lang.reflect.Method.invoke(Method.java:601)
	at org.testng.internal.MethodInvocationHelper.invokeMethod(MethodInvocationHelper.java:80)
	at org.testng.internal.Invoker.invokeMethod(Invoker.java:714)
	at org.testng.internal.Invoker.invokeTestMethod(Invoker.java:901)
	at org.testng.internal.Invoker.invokeTestMethods(Invoker.java:1231)
	at org.testng.internal.TestMethodWorker.invokeTestMethods(TestMethodWorker.java:127)
	at org.testng.internal.TestMethodWorker.run(TestMethodWorker.java:111)
	at org.testng.TestRunner.privateRun(TestRunner.java:767)
	at org.testng.TestRunner.run(TestRunner.java:617)
	at org.testng.SuiteRunner.runTest(SuiteRunner.java:334)
	at org.testng.SuiteRunner.runSequentially(SuiteRunner.java:329)
	at org.testng.SuiteRunner.privateRun(SuiteRunner.java:291)
	at org.testng.SuiteRunner.run(SuiteRunner.java:240)
	at org.testng.SuiteRunnerWorker.runSuite(SuiteRunnerWorker.java:52)
	at org.testng.SuiteRunnerWorker.run(SuiteRunnerWorker.java:86)
	at org.testng.TestNG.runSuitesSequentially(TestNG.java:1198)
	at org.testng.TestNG.runSuitesLocally(TestNG.java:1123)
	at org.testng.TestNG.run(TestNG.java:1031)
	at org.apache.maven.surefire.testng.TestNGExecutor.run(TestNGExecutor.java:77)
	at org.apache.maven.surefire.testng.TestNGDirectoryTestSuite.executeMulti(TestNGDirectoryTestSuite.java:189)
	at org.apache.maven.surefire.testng.TestNGDirectoryTestSuite.execute(TestNGDirectoryTestSuite.java:105)
	at org.apache.maven.surefire.testng.TestNGProvider.invoke(TestNGProvider.java:117)
	at sun.reflect.NativeMethodAccessorImpl.invoke0(Native Method)
	at sun.reflect.NativeMethodAccessorImpl.invoke(NativeMethodAccessorImpl.java:57)
	at sun.reflect.DelegatingMethodAccessorImpl.invoke(DelegatingMethodAccessorImpl.java:43)
	at java.lang.reflect.Method.invoke(Method.java:601)
	at org.apache.maven.surefire.util.ReflectionUtils.invokeMethodWithArray2(ReflectionUtils.java:208)
	at org.apache.maven.surefire.booter.ProviderFactory$ProviderProxy.invoke(ProviderFactory.java:158)
	at org.apache.maven.surefire.booter.ProviderFactory.invokeProvider(ProviderFactory.java:86)
	at org.apache.maven.surefire.booter.ForkedBooter.runSuitesInProcess(ForkedBooter.java:153)
	at org.apache.maven.surefire.booter.ForkedBooter.main(ForkedBooter.java:95)
]]>
            </full-stacktrace>
          </exception> <!-- java.lang.IllegalArgumentException -->
          <reporter-output>
          </reporter-output>
        </test-method> <!-- moduleInfoFromDescriptorPathWithBlankItemPath -->
        <test-method status="PASS" signature="moduleInfoFromDescriptorPathWithNullArtifactPath()[pri:0, instance:org.artifactory.api.module.ModuleInfoUtilsTest@72f5ba2c]" name="moduleInfoFromDescriptorPathWithNullArtifactPath" duration-ms="0" started-at="2013-05-13T13:11:09Z" finished-at="2013-05-13T13:11:09Z">
          <exception class="java.lang.IllegalArgumentException">
            <message>
              <![CDATA[Cannot construct a module info object from a blank item path.]]>
            </message>
            <full-stacktrace>
              <![CDATA[java.lang.IllegalArgumentException: Cannot construct a module info object from a blank item path.
	at org.artifactory.api.module.ModuleInfoUtils.moduleInfoFromItemPath(ModuleInfoUtils.java:316)
	at org.artifactory.api.module.ModuleInfoUtils.moduleInfoFromDescriptorPath(ModuleInfoUtils.java:99)
	at org.artifactory.api.module.ModuleInfoUtilsTest.moduleInfoFromDescriptorPathWithNullArtifactPath(ModuleInfoUtilsTest.java:59)
	at sun.reflect.NativeMethodAccessorImpl.invoke0(Native Method)
	at sun.reflect.NativeMethodAccessorImpl.invoke(NativeMethodAccessorImpl.java:57)
	at sun.reflect.DelegatingMethodAccessorImpl.invoke(DelegatingMethodAccessorImpl.java:43)
	at java.lang.reflect.Method.invoke(Method.java:601)
	at org.testng.internal.MethodInvocationHelper.invokeMethod(MethodInvocationHelper.java:80)
	at org.testng.internal.Invoker.invokeMethod(Invoker.java:714)
	at org.testng.internal.Invoker.invokeTestMethod(Invoker.java:901)
	at org.testng.internal.Invoker.invokeTestMethods(Invoker.java:1231)
	at org.testng.internal.TestMethodWorker.invokeTestMethods(TestMethodWorker.java:127)
	at org.testng.internal.TestMethodWorker.run(TestMethodWorker.java:111)
	at org.testng.TestRunner.privateRun(TestRunner.java:767)
	at org.testng.TestRunner.run(TestRunner.java:617)
	at org.testng.SuiteRunner.runTest(SuiteRunner.java:334)
	at org.testng.SuiteRunner.runSequentially(SuiteRunner.java:329)
	at org.testng.SuiteRunner.privateRun(SuiteRunner.java:291)
	at org.testng.SuiteRunner.run(SuiteRunner.java:240)
	at org.testng.SuiteRunnerWorker.runSuite(SuiteRunnerWorker.java:52)
	at org.testng.SuiteRunnerWorker.run(SuiteRunnerWorker.java:86)
	at org.testng.TestNG.runSuitesSequentially(TestNG.java:1198)
	at org.testng.TestNG.runSuitesLocally(TestNG.java:1123)
	at org.testng.TestNG.run(TestNG.java:1031)
	at org.apache.maven.surefire.testng.TestNGExecutor.run(TestNGExecutor.java:77)
	at org.apache.maven.surefire.testng.TestNGDirectoryTestSuite.executeMulti(TestNGDirectoryTestSuite.java:189)
	at org.apache.maven.surefire.testng.TestNGDirectoryTestSuite.execute(TestNGDirectoryTestSuite.java:105)
	at org.apache.maven.surefire.testng.TestNGProvider.invoke(TestNGProvider.java:117)
	at sun.reflect.NativeMethodAccessorImpl.invoke0(Native Method)
	at sun.reflect.NativeMethodAccessorImpl.invoke(NativeMethodAccessorImpl.java:57)
	at sun.reflect.DelegatingMethodAccessorImpl.invoke(DelegatingMethodAccessorImpl.java:43)
	at java.lang.reflect.Method.invoke(Method.java:601)
	at org.apache.maven.surefire.util.ReflectionUtils.invokeMethodWithArray2(ReflectionUtils.java:208)
	at org.apache.maven.surefire.booter.ProviderFactory$ProviderProxy.invoke(ProviderFactory.java:158)
	at org.apache.maven.surefire.booter.ProviderFactory.invokeProvider(ProviderFactory.java:86)
	at org.apache.maven.surefire.booter.ForkedBooter.runSuitesInProcess(ForkedBooter.java:153)
	at org.apache.maven.surefire.booter.ForkedBooter.main(ForkedBooter.java:95)
]]>
            </full-stacktrace>
          </exception> <!-- java.lang.IllegalArgumentException -->
          <reporter-output>
          </reporter-output>
        </test-method> <!-- moduleInfoFromDescriptorPathWithNullArtifactPath -->
        <test-method status="PASS" signature="moduleInfoFromDescriptorPathWithNullRepoLayout()[pri:0, instance:org.artifactory.api.module.ModuleInfoUtilsTest@72f5ba2c]" name="moduleInfoFromDescriptorPathWithNullRepoLayout" duration-ms="0" started-at="2013-05-13T13:11:09Z" finished-at="2013-05-13T13:11:09Z">
          <exception class="java.lang.IllegalArgumentException">
            <message>
              <![CDATA[Cannot construct a module info object from a null repository layout.]]>
            </message>
            <full-stacktrace>
              <![CDATA[java.lang.IllegalArgumentException: Cannot construct a module info object from a null repository layout.
	at org.artifactory.api.module.ModuleInfoUtils.moduleInfoFromItemPath(ModuleInfoUtils.java:319)
	at org.artifactory.api.module.ModuleInfoUtils.moduleInfoFromDescriptorPath(ModuleInfoUtils.java:99)
	at org.artifactory.api.module.ModuleInfoUtilsTest.moduleInfoFromDescriptorPathWithNullRepoLayout(ModuleInfoUtilsTest.java:83)
	at sun.reflect.NativeMethodAccessorImpl.invoke0(Native Method)
	at sun.reflect.NativeMethodAccessorImpl.invoke(NativeMethodAccessorImpl.java:57)
	at sun.reflect.DelegatingMethodAccessorImpl.invoke(DelegatingMethodAccessorImpl.java:43)
	at java.lang.reflect.Method.invoke(Method.java:601)
	at org.testng.internal.MethodInvocationHelper.invokeMethod(MethodInvocationHelper.java:80)
	at org.testng.internal.Invoker.invokeMethod(Invoker.java:714)
	at org.testng.internal.Invoker.invokeTestMethod(Invoker.java:901)
	at org.testng.internal.Invoker.invokeTestMethods(Invoker.java:1231)
	at org.testng.internal.TestMethodWorker.invokeTestMethods(TestMethodWorker.java:127)
	at org.testng.internal.TestMethodWorker.run(TestMethodWorker.java:111)
	at org.testng.TestRunner.privateRun(TestRunner.java:767)
	at org.testng.TestRunner.run(TestRunner.java:617)
	at org.testng.SuiteRunner.runTest(SuiteRunner.java:334)
	at org.testng.SuiteRunner.runSequentially(SuiteRunner.java:329)
	at org.testng.SuiteRunner.privateRun(SuiteRunner.java:291)
	at org.testng.SuiteRunner.run(SuiteRunner.java:240)
	at org.testng.SuiteRunnerWorker.runSuite(SuiteRunnerWorker.java:52)
	at org.testng.SuiteRunnerWorker.run(SuiteRunnerWorker.java:86)
	at org.testng.TestNG.runSuitesSequentially(TestNG.java:1198)
	at org.testng.TestNG.runSuitesLocally(TestNG.java:1123)
	at org.testng.TestNG.run(TestNG.java:1031)
	at org.apache.maven.surefire.testng.TestNGExecutor.run(TestNGExecutor.java:77)
	at org.apache.maven.surefire.testng.TestNGDirectoryTestSuite.executeMulti(TestNGDirectoryTestSuite.java:189)
	at org.apache.maven.surefire.testng.TestNGDirectoryTestSuite.execute(TestNGDirectoryTestSuite.java:105)
	at org.apache.maven.surefire.testng.TestNGProvider.invoke(TestNGProvider.java:117)
	at sun.reflect.NativeMethodAccessorImpl.invoke0(Native Method)
	at sun.reflect.NativeMethodAccessorImpl.invoke(NativeMethodAccessorImpl.java:57)
	at sun.reflect.DelegatingMethodAccessorImpl.invoke(DelegatingMethodAccessorImpl.java:43)
	at java.lang.reflect.Method.invoke(Method.java:601)
	at org.apache.maven.surefire.util.ReflectionUtils.invokeMethodWithArray2(ReflectionUtils.java:208)
	at org.apache.maven.surefire.booter.ProviderFactory$ProviderProxy.invoke(ProviderFactory.java:158)
	at org.apache.maven.surefire.booter.ProviderFactory.invokeProvider(ProviderFactory.java:86)
	at org.apache.maven.surefire.booter.ForkedBooter.runSuitesInProcess(ForkedBooter.java:153)
	at org.apache.maven.surefire.booter.ForkedBooter.main(ForkedBooter.java:95)
]]>
            </full-stacktrace>
          </exception> <!-- java.lang.IllegalArgumentException -->
          <reporter-output>
          </reporter-output>
        </test-method> <!-- moduleInfoFromDescriptorPathWithNullRepoLayout -->
      </class> <!-- org.artifactory.api.module.ModuleInfoUtilsTest -->
      <class name="org.artifactory.api.search.SearchControlsBaseTest">
        <test-method status="PASS" signature="isWildcardsOnly()[pri:0, instance:org.artifactory.api.search.SearchControlsBaseTest@2ee08dfa]" name="isWildcardsOnly" duration-ms="193" started-at="2013-05-13T13:11:09Z" finished-at="2013-05-13T13:11:10Z">
          <reporter-output>
          </reporter-output>
        </test-method> <!-- isWildcardsOnly -->
      </class> <!-- org.artifactory.api.search.SearchControlsBaseTest -->
      <class name="org.artifactory.api.module.Maven23ModuleInfoUtilsTest">
        <test-method status="PASS" signature="testClassifierWithDots()[pri:0, instance:org.artifactory.api.module.Maven23ModuleInfoUtilsTest@18893021]" name="testClassifierWithDots" duration-ms="25" started-at="2013-05-13T13:11:09Z" finished-at="2013-05-13T13:11:09Z">
          <reporter-output>
          </reporter-output>
        </test-method> <!-- testClassifierWithDots -->
        <test-method status="PASS" signature="testNonUniqueSnapshot()[pri:0, instance:org.artifactory.api.module.Maven23ModuleInfoUtilsTest@18893021]" name="testNonUniqueSnapshot" duration-ms="2" started-at="2013-05-13T13:11:09Z" finished-at="2013-05-13T13:11:09Z">
          <reporter-output>
          </reporter-output>
        </test-method> <!-- testNonUniqueSnapshot -->
        <test-method status="PASS" signature="testNonUniqueSnapshotWithClassifier()[pri:0, instance:org.artifactory.api.module.Maven23ModuleInfoUtilsTest@18893021]" name="testNonUniqueSnapshotWithClassifier" duration-ms="2" started-at="2013-05-13T13:11:09Z" finished-at="2013-05-13T13:11:09Z">
          <reporter-output>
          </reporter-output>
        </test-method> <!-- testNonUniqueSnapshotWithClassifier -->
        <test-method status="PASS" signature="testRelease()[pri:0, instance:org.artifactory.api.module.Maven23ModuleInfoUtilsTest@18893021]" name="testRelease" duration-ms="2" started-at="2013-05-13T13:11:09Z" finished-at="2013-05-13T13:11:09Z">
          <reporter-output>
          </reporter-output>
        </test-method> <!-- testRelease -->
        <test-method status="PASS" signature="testReleaseChecksum()[pri:0, instance:org.artifactory.api.module.Maven23ModuleInfoUtilsTest@18893021]" name="testReleaseChecksum" duration-ms="2" started-at="2013-05-13T13:11:09Z" finished-at="2013-05-13T13:11:09Z">
          <reporter-output>
          </reporter-output>
        </test-method> <!-- testReleaseChecksum -->
        <test-method status="PASS" signature="testReleaseChecksumWithClassifier()[pri:0, instance:org.artifactory.api.module.Maven23ModuleInfoUtilsTest@18893021]" name="testReleaseChecksumWithClassifier" duration-ms="2" started-at="2013-05-13T13:11:09Z" finished-at="2013-05-13T13:11:09Z">
          <reporter-output>
          </reporter-output>
        </test-method> <!-- testReleaseChecksumWithClassifier -->
        <test-method status="PASS" signature="testReleaseWithClassifier()[pri:0, instance:org.artifactory.api.module.Maven23ModuleInfoUtilsTest@18893021]" name="testReleaseWithClassifier" duration-ms="1" started-at="2013-05-13T13:11:09Z" finished-at="2013-05-13T13:11:09Z">
          <reporter-output>
          </reporter-output>
        </test-method> <!-- testReleaseWithClassifier -->
        <test-method status="PASS" signature="testSuperLongNonUniqueSnapshot()[pri:0, instance:org.artifactory.api.module.Maven23ModuleInfoUtilsTest@18893021]" name="testSuperLongNonUniqueSnapshot" duration-ms="4" started-at="2013-05-13T13:11:09Z" finished-at="2013-05-13T13:11:09Z">
          <reporter-output>
          </reporter-output>
        </test-method> <!-- testSuperLongNonUniqueSnapshot -->
        <test-method status="PASS" signature="testSuperLongNonUniqueSnapshotWithClassifier()[pri:0, instance:org.artifactory.api.module.Maven23ModuleInfoUtilsTest@18893021]" name="testSuperLongNonUniqueSnapshotWithClassifier" duration-ms="4" started-at="2013-05-13T13:11:09Z" finished-at="2013-05-13T13:11:09Z">
          <reporter-output>
          </reporter-output>
        </test-method> <!-- testSuperLongNonUniqueSnapshotWithClassifier -->
        <test-method status="PASS" signature="testSuperLongRelease()[pri:0, instance:org.artifactory.api.module.Maven23ModuleInfoUtilsTest@18893021]" name="testSuperLongRelease" duration-ms="4" started-at="2013-05-13T13:11:09Z" finished-at="2013-05-13T13:11:09Z">
          <reporter-output>
          </reporter-output>
        </test-method> <!-- testSuperLongRelease -->
        <test-method status="PASS" signature="testSuperLongReleaseChecksum()[pri:0, instance:org.artifactory.api.module.Maven23ModuleInfoUtilsTest@18893021]" name="testSuperLongReleaseChecksum" duration-ms="3" started-at="2013-05-13T13:11:09Z" finished-at="2013-05-13T13:11:09Z">
          <reporter-output>
          </reporter-output>
        </test-method> <!-- testSuperLongReleaseChecksum -->
        <test-method status="PASS" signature="testSuperLongReleaseChecksumWithClassifier()[pri:0, instance:org.artifactory.api.module.Maven23ModuleInfoUtilsTest@18893021]" name="testSuperLongReleaseChecksumWithClassifier" duration-ms="2" started-at="2013-05-13T13:11:09Z" finished-at="2013-05-13T13:11:09Z">
          <reporter-output>
          </reporter-output>
        </test-method> <!-- testSuperLongReleaseChecksumWithClassifier -->
        <test-method status="PASS" signature="testSuperLongReleaseWithClassifier()[pri:0, instance:org.artifactory.api.module.Maven23ModuleInfoUtilsTest@18893021]" name="testSuperLongReleaseWithClassifier" duration-ms="2" started-at="2013-05-13T13:11:09Z" finished-at="2013-05-13T13:11:09Z">
          <reporter-output>
          </reporter-output>
        </test-method> <!-- testSuperLongReleaseWithClassifier -->
        <test-method status="PASS" signature="testSuperLongUniqueSnapshot()[pri:0, instance:org.artifactory.api.module.Maven23ModuleInfoUtilsTest@18893021]" name="testSuperLongUniqueSnapshot" duration-ms="3" started-at="2013-05-13T13:11:09Z" finished-at="2013-05-13T13:11:09Z">
          <reporter-output>
          </reporter-output>
        </test-method> <!-- testSuperLongUniqueSnapshot -->
        <test-method status="PASS" signature="testSuperLongUniqueSnapshotWithClassifier()[pri:0, instance:org.artifactory.api.module.Maven23ModuleInfoUtilsTest@18893021]" name="testSuperLongUniqueSnapshotWithClassifier" duration-ms="3" started-at="2013-05-13T13:11:09Z" finished-at="2013-05-13T13:11:09Z">
          <reporter-output>
          </reporter-output>
        </test-method> <!-- testSuperLongUniqueSnapshotWithClassifier -->
        <test-method status="PASS" signature="testUniqueSnapshot()[pri:0, instance:org.artifactory.api.module.Maven23ModuleInfoUtilsTest@18893021]" name="testUniqueSnapshot" duration-ms="2" started-at="2013-05-13T13:11:09Z" finished-at="2013-05-13T13:11:09Z">
          <reporter-output>
          </reporter-output>
        </test-method> <!-- testUniqueSnapshot -->
        <test-method status="PASS" signature="testUniqueSnapshotWithClassifier()[pri:0, instance:org.artifactory.api.module.Maven23ModuleInfoUtilsTest@18893021]" name="testUniqueSnapshotWithClassifier" duration-ms="2" started-at="2013-05-13T13:11:09Z" finished-at="2013-05-13T13:11:09Z">
          <reporter-output>
          </reporter-output>
        </test-method> <!-- testUniqueSnapshotWithClassifier -->
      </class> <!-- org.artifactory.api.module.Maven23ModuleInfoUtilsTest -->
      <class name="org.artifactory.checksum.ChecksumInfoTest">
        <test-method status="PASS" signature="matchDifferentOriginalAndActual()[pri:0, instance:org.artifactory.checksum.ChecksumInfoTest@4db50639]" name="matchDifferentOriginalAndActual" duration-ms="3" started-at="2013-05-13T13:11:08Z" finished-at="2013-05-13T13:11:08Z">
          <reporter-output>
          </reporter-output>
        </test-method> <!-- matchDifferentOriginalAndActual -->
        <test-method status="PASS" signature="matchIfOriginalIsTruetedAndActualIsSet()[pri:0, instance:org.artifactory.checksum.ChecksumInfoTest@4db50639]" name="matchIfOriginalIsTruetedAndActualIsSet" duration-ms="1" started-at="2013-05-13T13:11:08Z" finished-at="2013-05-13T13:11:08Z">
          <reporter-output>
          </reporter-output>
        </test-method> <!-- matchIfOriginalIsTruetedAndActualIsSet -->
        <test-method status="PASS" signature="matchNullActual()[pri:0, instance:org.artifactory.checksum.ChecksumInfoTest@4db50639]" name="matchNullActual" duration-ms="1" started-at="2013-05-13T13:11:08Z" finished-at="2013-05-13T13:11:08Z">
          <reporter-output>
          </reporter-output>
        </test-method> <!-- matchNullActual -->
        <test-method status="PASS" signature="matchNullOriginal()[pri:0, instance:org.artifactory.checksum.ChecksumInfoTest@4db50639]" name="matchNullOriginal" duration-ms="1" started-at="2013-05-13T13:11:08Z" finished-at="2013-05-13T13:11:09Z">
          <reporter-output>
          </reporter-output>
        </test-method> <!-- matchNullOriginal -->
        <test-method status="PASS" signature="matchNullOriginalAndActual()[pri:0, instance:org.artifactory.checksum.ChecksumInfoTest@4db50639]" name="matchNullOriginalAndActual" duration-ms="0" started-at="2013-05-13T13:11:09Z" finished-at="2013-05-13T13:11:09Z">
          <reporter-output>
          </reporter-output>
        </test-method> <!-- matchNullOriginalAndActual -->
        <test-method status="PASS" signature="matchSameOriginalAndActual()[pri:0, instance:org.artifactory.checksum.ChecksumInfoTest@4db50639]" name="matchSameOriginalAndActual" duration-ms="1" started-at="2013-05-13T13:11:09Z" finished-at="2013-05-13T13:11:09Z">
          <reporter-output>
          </reporter-output>
        </test-method> <!-- matchSameOriginalAndActual -->
        <test-method status="PASS" signature="notValidChecksumNormalizationTest()[pri:0, instance:org.artifactory.checksum.ChecksumInfoTest@4db50639]" name="notValidChecksumNormalizationTest" duration-ms="0" started-at="2013-05-13T13:11:09Z" finished-at="2013-05-13T13:11:09Z">
          <reporter-output>
          </reporter-output>
        </test-method> <!-- notValidChecksumNormalizationTest -->
        <test-method status="PASS" signature="trustedOriginalShouldReturnActual()[pri:0, instance:org.artifactory.checksum.ChecksumInfoTest@4db50639]" name="trustedOriginalShouldReturnActual" duration-ms="0" started-at="2013-05-13T13:11:09Z" finished-at="2013-05-13T13:11:09Z">
          <reporter-output>
          </reporter-output>
        </test-method> <!-- trustedOriginalShouldReturnActual -->
        <test-method status="PASS" signature="validChecksumWithDifferentCaseNormalizationTest()[pri:0, instance:org.artifactory.checksum.ChecksumInfoTest@4db50639]" name="validChecksumWithDifferentCaseNormalizationTest" duration-ms="1" started-at="2013-05-13T13:11:09Z" finished-at="2013-05-13T13:11:09Z">
          <reporter-output>
          </reporter-output>
        </test-method> <!-- validChecksumWithDifferentCaseNormalizationTest -->
        <test-method status="PASS" signature="wrongMd5Actual()[pri:0, instance:org.artifactory.checksum.ChecksumInfoTest@4db50639]" name="wrongMd5Actual" duration-ms="1" started-at="2013-05-13T13:11:09Z" finished-at="2013-05-13T13:11:09Z">
          <exception class="java.lang.IllegalStateException">
            <message>
              <![CDATA[Actual checksum invalid f : 12345678901234567890123456789012 for type MD5]]>
            </message>
            <full-stacktrace>
              <![CDATA[java.lang.IllegalStateException: Actual checksum invalid f : 12345678901234567890123456789012 for type MD5
	at org.artifactory.checksum.ChecksumInfo.<init>(ChecksumInfo.java:45)
	at org.artifactory.checksum.ChecksumInfoTest.wrongMd5Actual(ChecksumInfoTest.java:48)
	at sun.reflect.NativeMethodAccessorImpl.invoke0(Native Method)
	at sun.reflect.NativeMethodAccessorImpl.invoke(NativeMethodAccessorImpl.java:57)
	at sun.reflect.DelegatingMethodAccessorImpl.invoke(DelegatingMethodAccessorImpl.java:43)
	at java.lang.reflect.Method.invoke(Method.java:601)
	at org.testng.internal.MethodInvocationHelper.invokeMethod(MethodInvocationHelper.java:80)
	at org.testng.internal.Invoker.invokeMethod(Invoker.java:714)
	at org.testng.internal.Invoker.invokeTestMethod(Invoker.java:901)
	at org.testng.internal.Invoker.invokeTestMethods(Invoker.java:1231)
	at org.testng.internal.TestMethodWorker.invokeTestMethods(TestMethodWorker.java:127)
	at org.testng.internal.TestMethodWorker.run(TestMethodWorker.java:111)
	at org.testng.TestRunner.privateRun(TestRunner.java:767)
	at org.testng.TestRunner.run(TestRunner.java:617)
	at org.testng.SuiteRunner.runTest(SuiteRunner.java:334)
	at org.testng.SuiteRunner.runSequentially(SuiteRunner.java:329)
	at org.testng.SuiteRunner.privateRun(SuiteRunner.java:291)
	at org.testng.SuiteRunner.run(SuiteRunner.java:240)
	at org.testng.SuiteRunnerWorker.runSuite(SuiteRunnerWorker.java:52)
	at org.testng.SuiteRunnerWorker.run(SuiteRunnerWorker.java:86)
	at org.testng.TestNG.runSuitesSequentially(TestNG.java:1198)
	at org.testng.TestNG.runSuitesLocally(TestNG.java:1123)
	at org.testng.TestNG.run(TestNG.java:1031)
	at org.apache.maven.surefire.testng.TestNGExecutor.run(TestNGExecutor.java:77)
	at org.apache.maven.surefire.testng.TestNGDirectoryTestSuite.executeMulti(TestNGDirectoryTestSuite.java:189)
	at org.apache.maven.surefire.testng.TestNGDirectoryTestSuite.execute(TestNGDirectoryTestSuite.java:105)
	at org.apache.maven.surefire.testng.TestNGProvider.invoke(TestNGProvider.java:117)
	at sun.reflect.NativeMethodAccessorImpl.invoke0(Native Method)
	at sun.reflect.NativeMethodAccessorImpl.invoke(NativeMethodAccessorImpl.java:57)
	at sun.reflect.DelegatingMethodAccessorImpl.invoke(DelegatingMethodAccessorImpl.java:43)
	at java.lang.reflect.Method.invoke(Method.java:601)
	at org.apache.maven.surefire.util.ReflectionUtils.invokeMethodWithArray2(ReflectionUtils.java:208)
	at org.apache.maven.surefire.booter.ProviderFactory$ProviderProxy.invoke(ProviderFactory.java:158)
	at org.apache.maven.surefire.booter.ProviderFactory.invokeProvider(ProviderFactory.java:86)
	at org.apache.maven.surefire.booter.ForkedBooter.runSuitesInProcess(ForkedBooter.java:153)
	at org.apache.maven.surefire.booter.ForkedBooter.main(ForkedBooter.java:95)
]]>
            </full-stacktrace>
          </exception> <!-- java.lang.IllegalStateException -->
          <reporter-output>
          </reporter-output>
        </test-method> <!-- wrongMd5Actual -->
        <test-method status="PASS" signature="wrongSha1Actual()[pri:0, instance:org.artifactory.checksum.ChecksumInfoTest@4db50639]" name="wrongSha1Actual" duration-ms="1" started-at="2013-05-13T13:11:09Z" finished-at="2013-05-13T13:11:09Z">
          <exception class="java.lang.IllegalStateException">
            <message>
              <![CDATA[Actual checksum invalid f : 1234567890123456789012345678901234567890 for type SHA-1]]>
            </message>
            <full-stacktrace>
              <![CDATA[java.lang.IllegalStateException: Actual checksum invalid f : 1234567890123456789012345678901234567890 for type SHA-1
	at org.artifactory.checksum.ChecksumInfo.<init>(ChecksumInfo.java:45)
	at org.artifactory.checksum.ChecksumInfoTest.wrongSha1Actual(ChecksumInfoTest.java:43)
	at sun.reflect.NativeMethodAccessorImpl.invoke0(Native Method)
	at sun.reflect.NativeMethodAccessorImpl.invoke(NativeMethodAccessorImpl.java:57)
	at sun.reflect.DelegatingMethodAccessorImpl.invoke(DelegatingMethodAccessorImpl.java:43)
	at java.lang.reflect.Method.invoke(Method.java:601)
	at org.testng.internal.MethodInvocationHelper.invokeMethod(MethodInvocationHelper.java:80)
	at org.testng.internal.Invoker.invokeMethod(Invoker.java:714)
	at org.testng.internal.Invoker.invokeTestMethod(Invoker.java:901)
	at org.testng.internal.Invoker.invokeTestMethods(Invoker.java:1231)
	at org.testng.internal.TestMethodWorker.invokeTestMethods(TestMethodWorker.java:127)
	at org.testng.internal.TestMethodWorker.run(TestMethodWorker.java:111)
	at org.testng.TestRunner.privateRun(TestRunner.java:767)
	at org.testng.TestRunner.run(TestRunner.java:617)
	at org.testng.SuiteRunner.runTest(SuiteRunner.java:334)
	at org.testng.SuiteRunner.runSequentially(SuiteRunner.java:329)
	at org.testng.SuiteRunner.privateRun(SuiteRunner.java:291)
	at org.testng.SuiteRunner.run(SuiteRunner.java:240)
	at org.testng.SuiteRunnerWorker.runSuite(SuiteRunnerWorker.java:52)
	at org.testng.SuiteRunnerWorker.run(SuiteRunnerWorker.java:86)
	at org.testng.TestNG.runSuitesSequentially(TestNG.java:1198)
	at org.testng.TestNG.runSuitesLocally(TestNG.java:1123)
	at org.testng.TestNG.run(TestNG.java:1031)
	at org.apache.maven.surefire.testng.TestNGExecutor.run(TestNGExecutor.java:77)
	at org.apache.maven.surefire.testng.TestNGDirectoryTestSuite.executeMulti(TestNGDirectoryTestSuite.java:189)
	at org.apache.maven.surefire.testng.TestNGDirectoryTestSuite.execute(TestNGDirectoryTestSuite.java:105)
	at org.apache.maven.surefire.testng.TestNGProvider.invoke(TestNGProvider.java:117)
	at sun.reflect.NativeMethodAccessorImpl.invoke0(Native Method)
	at sun.reflect.NativeMethodAccessorImpl.invoke(NativeMethodAccessorImpl.java:57)
	at sun.reflect.DelegatingMethodAccessorImpl.invoke(DelegatingMethodAccessorImpl.java:43)
	at java.lang.reflect.Method.invoke(Method.java:601)
	at org.apache.maven.surefire.util.ReflectionUtils.invokeMethodWithArray2(ReflectionUtils.java:208)
	at org.apache.maven.surefire.booter.ProviderFactory$ProviderProxy.invoke(ProviderFactory.java:158)
	at org.apache.maven.surefire.booter.ProviderFactory.invokeProvider(ProviderFactory.java:86)
	at org.apache.maven.surefire.booter.ForkedBooter.runSuitesInProcess(ForkedBooter.java:153)
	at org.apache.maven.surefire.booter.ForkedBooter.main(ForkedBooter.java:95)
]]>
            </full-stacktrace>
          </exception> <!-- java.lang.IllegalStateException -->
          <reporter-output>
          </reporter-output>
        </test-method> <!-- wrongSha1Actual -->
      </class> <!-- org.artifactory.checksum.ChecksumInfoTest -->
      <class name="org.artifactory.api.search.gavc.GavcSearchControlsTest">
        <test-method status="PASS" signature="isWildcardsOnly()[pri:0, instance:org.artifactory.api.search.gavc.GavcSearchControlsTest@27abb00a]" name="isWildcardsOnly" duration-ms="1" started-at="2013-05-13T13:11:09Z" finished-at="2013-05-13T13:11:09Z">
          <reporter-output>
          </reporter-output>
        </test-method> <!-- isWildcardsOnly -->
      </class> <!-- org.artifactory.api.search.gavc.GavcSearchControlsTest -->
      <class name="org.artifactory.api.search.artifact.ChecksumSearchControlsTest">
        <test-method status="PASS" signature="isWildcardsOnly()[pri:0, instance:org.artifactory.api.search.artifact.ChecksumSearchControlsTest@52c11156]" name="isWildcardsOnly" duration-ms="2" started-at="2013-05-13T13:11:09Z" finished-at="2013-05-13T13:11:09Z">
          <reporter-output>
          </reporter-output>
        </test-method> <!-- isWildcardsOnly -->
      </class> <!-- org.artifactory.api.search.artifact.ChecksumSearchControlsTest -->
      <class name="org.artifactory.api.module.IvyModuleInfoUtilsTest">
        <test-method status="PASS" signature="testGradleStyle()[pri:0, instance:org.artifactory.api.module.IvyModuleInfoUtilsTest@5baf41f4]" name="testGradleStyle" duration-ms="2" started-at="2013-05-13T13:11:09Z" finished-at="2013-05-13T13:11:09Z">
          <reporter-output>
          </reporter-output>
        </test-method> <!-- testGradleStyle -->
        <test-method status="PASS" signature="testLinkedInIvyModule()[pri:0, instance:org.artifactory.api.module.IvyModuleInfoUtilsTest@5baf41f4]" name="testLinkedInIvyModule" duration-ms="1" started-at="2013-05-13T13:11:09Z" finished-at="2013-05-13T13:11:09Z">
          <reporter-output>
          </reporter-output>
        </test-method> <!-- testLinkedInIvyModule -->
        <test-method status="PASS" signature="testLowercaseSnapshot()[pri:0, instance:org.artifactory.api.module.IvyModuleInfoUtilsTest@5baf41f4]" name="testLowercaseSnapshot" duration-ms="2" started-at="2013-05-13T13:11:09Z" finished-at="2013-05-13T13:11:09Z">
          <reporter-output>
          </reporter-output>
        </test-method> <!-- testLowercaseSnapshot -->
        <test-method status="PASS" signature="testRelease()[pri:0, instance:org.artifactory.api.module.IvyModuleInfoUtilsTest@5baf41f4]" name="testRelease" duration-ms="2" started-at="2013-05-13T13:11:09Z" finished-at="2013-05-13T13:11:09Z">
          <reporter-output>
          </reporter-output>
        </test-method> <!-- testRelease -->
        <test-method status="PASS" signature="testReleaseWithClassifier()[pri:0, instance:org.artifactory.api.module.IvyModuleInfoUtilsTest@5baf41f4]" name="testReleaseWithClassifier" duration-ms="1" started-at="2013-05-13T13:11:09Z" finished-at="2013-05-13T13:11:09Z">
          <reporter-output>
          </reporter-output>
        </test-method> <!-- testReleaseWithClassifier -->
        <test-method status="PASS" signature="testSuperLongGradleStyle()[pri:0, instance:org.artifactory.api.module.IvyModuleInfoUtilsTest@5baf41f4]" name="testSuperLongGradleStyle" duration-ms="4" started-at="2013-05-13T13:11:09Z" finished-at="2013-05-13T13:11:09Z">
          <reporter-output>
          </reporter-output>
        </test-method> <!-- testSuperLongGradleStyle -->
        <test-method status="PASS" signature="testSuperLongLinkedInIvyModule()[pri:0, instance:org.artifactory.api.module.IvyModuleInfoUtilsTest@5baf41f4]" name="testSuperLongLinkedInIvyModule" duration-ms="1" started-at="2013-05-13T13:11:09Z" finished-at="2013-05-13T13:11:09Z">
          <reporter-output>
          </reporter-output>
        </test-method> <!-- testSuperLongLinkedInIvyModule -->
        <test-method status="PASS" signature="testSuperLongLowercaseSnapshot()[pri:0, instance:org.artifactory.api.module.IvyModuleInfoUtilsTest@5baf41f4]" name="testSuperLongLowercaseSnapshot" duration-ms="1" started-at="2013-05-13T13:11:09Z" finished-at="2013-05-13T13:11:09Z">
          <reporter-output>
          </reporter-output>
        </test-method> <!-- testSuperLongLowercaseSnapshot -->
        <test-method status="PASS" signature="testSuperLongRelease()[pri:0, instance:org.artifactory.api.module.IvyModuleInfoUtilsTest@5baf41f4]" name="testSuperLongRelease" duration-ms="2" started-at="2013-05-13T13:11:09Z" finished-at="2013-05-13T13:11:09Z">
          <reporter-output>
          </reporter-output>
        </test-method> <!-- testSuperLongRelease -->
        <test-method status="PASS" signature="testSuperLongReleaseWithClassifier()[pri:0, instance:org.artifactory.api.module.IvyModuleInfoUtilsTest@5baf41f4]" name="testSuperLongReleaseWithClassifier" duration-ms="2" started-at="2013-05-13T13:11:09Z" finished-at="2013-05-13T13:11:09Z">
          <reporter-output>
          </reporter-output>
        </test-method> <!-- testSuperLongReleaseWithClassifier -->
        <test-method status="PASS" signature="testSuperLongTimezoneSnapshot()[pri:0, instance:org.artifactory.api.module.IvyModuleInfoUtilsTest@5baf41f4]" name="testSuperLongTimezoneSnapshot" duration-ms="2" started-at="2013-05-13T13:11:09Z" finished-at="2013-05-13T13:11:09Z">
          <reporter-output>
          </reporter-output>
        </test-method> <!-- testSuperLongTimezoneSnapshot -->
        <test-method status="PASS" signature="testSuperLongUniqueSnapshot()[pri:0, instance:org.artifactory.api.module.IvyModuleInfoUtilsTest@5baf41f4]" name="testSuperLongUniqueSnapshot" duration-ms="3" started-at="2013-05-13T13:11:09Z" finished-at="2013-05-13T13:11:09Z">
          <reporter-output>
          </reporter-output>
        </test-method> <!-- testSuperLongUniqueSnapshot -->
        <test-method status="PASS" signature="testSuperLongUniqueSnapshotWithClassifier()[pri:0, instance:org.artifactory.api.module.IvyModuleInfoUtilsTest@5baf41f4]" name="testSuperLongUniqueSnapshotWithClassifier" duration-ms="2" started-at="2013-05-13T13:11:09Z" finished-at="2013-05-13T13:11:09Z">
          <reporter-output>
          </reporter-output>
        </test-method> <!-- testSuperLongUniqueSnapshotWithClassifier -->
        <test-method status="PASS" signature="testTimezoneSnapshot()[pri:0, instance:org.artifactory.api.module.IvyModuleInfoUtilsTest@5baf41f4]" name="testTimezoneSnapshot" duration-ms="1" started-at="2013-05-13T13:11:09Z" finished-at="2013-05-13T13:11:09Z">
          <reporter-output>
          </reporter-output>
        </test-method> <!-- testTimezoneSnapshot -->
        <test-method status="PASS" signature="testUniqueSnapshot()[pri:0, instance:org.artifactory.api.module.IvyModuleInfoUtilsTest@5baf41f4]" name="testUniqueSnapshot" duration-ms="3" started-at="2013-05-13T13:11:09Z" finished-at="2013-05-13T13:11:09Z">
          <reporter-output>
          </reporter-output>
        </test-method> <!-- testUniqueSnapshot -->
        <test-method status="PASS" signature="testUniqueSnapshotWithClassifier()[pri:0, instance:org.artifactory.api.module.IvyModuleInfoUtilsTest@5baf41f4]" name="testUniqueSnapshotWithClassifier" duration-ms="2" started-at="2013-05-13T13:11:09Z" finished-at="2013-05-13T13:11:09Z">
          <reporter-output>
          </reporter-output>
        </test-method> <!-- testUniqueSnapshotWithClassifier -->
      </class> <!-- org.artifactory.api.module.IvyModuleInfoUtilsTest -->
      <class name="org.artifactory.addon.layouts.translate.ChecksumTranslatorFilterTest">
        <test-method status="PASS" signature="readMimeTypes()[pri:0, instance:org.artifactory.addon.layouts.translate.ChecksumTranslatorFilterTest@3f56b60a]" name="readMimeTypes" is-config="true" duration-ms="275" started-at="2013-05-13T13:11:09Z" finished-at="2013-05-13T13:11:09Z">
          <reporter-output>
          </reporter-output>
        </test-method> <!-- readMimeTypes -->
        <test-method status="PASS" signature="bindArtifactoryHome()[pri:0, instance:org.artifactory.addon.layouts.translate.ChecksumTranslatorFilterTest@3f56b60a]" name="bindArtifactoryHome" is-config="true" duration-ms="18" started-at="2013-05-13T13:11:09Z" finished-at="2013-05-13T13:11:09Z">
          <reporter-output>
          </reporter-output>
        </test-method> <!-- bindArtifactoryHome -->
        <test-method status="PASS" signature="testInvalidPaths()[pri:0, instance:org.artifactory.addon.layouts.translate.ChecksumTranslatorFilterTest@3f56b60a]" name="testInvalidPaths" duration-ms="13" started-at="2013-05-13T13:11:09Z" finished-at="2013-05-13T13:11:09Z">
          <reporter-output>
          </reporter-output>
        </test-method> <!-- testInvalidPaths -->
        <test-method status="PASS" signature="unbindArtifactoryHome()[pri:0, instance:org.artifactory.addon.layouts.translate.ChecksumTranslatorFilterTest@3f56b60a]" name="unbindArtifactoryHome" is-config="true" duration-ms="0" started-at="2013-05-13T13:11:09Z" finished-at="2013-05-13T13:11:09Z">
          <reporter-output>
          </reporter-output>
        </test-method> <!-- unbindArtifactoryHome -->
        <test-method status="PASS" signature="testValidMd5Test()[pri:0, instance:org.artifactory.addon.layouts.translate.ChecksumTranslatorFilterTest@3f56b60a]" name="testValidMd5Test" duration-ms="0" started-at="2013-05-13T13:11:09Z" finished-at="2013-05-13T13:11:09Z">
          <reporter-output>
          </reporter-output>
        </test-method> <!-- testValidMd5Test -->
        <test-method status="PASS" signature="bindArtifactoryHome()[pri:0, instance:org.artifactory.addon.layouts.translate.ChecksumTranslatorFilterTest@3f56b60a]" name="bindArtifactoryHome" is-config="true" duration-ms="0" started-at="2013-05-13T13:11:09Z" finished-at="2013-05-13T13:11:09Z">
          <reporter-output>
          </reporter-output>
        </test-method> <!-- bindArtifactoryHome -->
        <test-method status="PASS" signature="unbindArtifactoryHome()[pri:0, instance:org.artifactory.addon.layouts.translate.ChecksumTranslatorFilterTest@3f56b60a]" name="unbindArtifactoryHome" is-config="true" duration-ms="1" started-at="2013-05-13T13:11:09Z" finished-at="2013-05-13T13:11:09Z">
          <reporter-output>
          </reporter-output>
        </test-method> <!-- unbindArtifactoryHome -->
        <test-method status="PASS" signature="bindArtifactoryHome()[pri:0, instance:org.artifactory.addon.layouts.translate.ChecksumTranslatorFilterTest@3f56b60a]" name="bindArtifactoryHome" is-config="true" duration-ms="1" started-at="2013-05-13T13:11:09Z" finished-at="2013-05-13T13:11:09Z">
          <reporter-output>
          </reporter-output>
        </test-method> <!-- bindArtifactoryHome -->
        <test-method status="PASS" signature="unbindArtifactoryHome()[pri:0, instance:org.artifactory.addon.layouts.translate.ChecksumTranslatorFilterTest@3f56b60a]" name="unbindArtifactoryHome" is-config="true" duration-ms="1" started-at="2013-05-13T13:11:09Z" finished-at="2013-05-13T13:11:09Z">
          <reporter-output>
          </reporter-output>
        </test-method> <!-- unbindArtifactoryHome -->
        <test-method status="PASS" signature="testValidSha1Test()[pri:0, instance:org.artifactory.addon.layouts.translate.ChecksumTranslatorFilterTest@3f56b60a]" name="testValidSha1Test" duration-ms="0" started-at="2013-05-13T13:11:09Z" finished-at="2013-05-13T13:11:09Z">
          <reporter-output>
          </reporter-output>
        </test-method> <!-- testValidSha1Test -->
      </class> <!-- org.artifactory.addon.layouts.translate.ChecksumTranslatorFilterTest -->
      <class name="org.artifactory.api.rest.artifact.FileListElementTest">
        <test-method status="PASS" signature="testDefaultConstructor()[pri:0, instance:org.artifactory.api.rest.artifact.FileListElementTest@4f132932]" name="testDefaultConstructor" duration-ms="1" started-at="2013-05-13T13:11:09Z" finished-at="2013-05-13T13:11:09Z">
          <reporter-output>
          </reporter-output>
        </test-method> <!-- testDefaultConstructor -->
        <test-method status="PASS" signature="testFullConstructor()[pri:0, instance:org.artifactory.api.rest.artifact.FileListElementTest@4f132932]" name="testFullConstructor" duration-ms="0" started-at="2013-05-13T13:11:09Z" finished-at="2013-05-13T13:11:09Z">
          <reporter-output>
          </reporter-output>
        </test-method> <!-- testFullConstructor -->
        <test-method status="PASS" signature="testSetters()[pri:0, instance:org.artifactory.api.rest.artifact.FileListElementTest@4f132932]" name="testSetters" duration-ms="0" started-at="2013-05-13T13:11:09Z" finished-at="2013-05-13T13:11:09Z">
          <reporter-output>
          </reporter-output>
        </test-method> <!-- testSetters -->
      </class> <!-- org.artifactory.api.rest.artifact.FileListElementTest -->
      <class name="org.artifactory.api.rest.search.result.PatternResultFileSetTest">
        <test-method status="PASS" signature="testAddMethod()[pri:0, instance:org.artifactory.api.rest.search.result.PatternResultFileSetTest@6291d9aa]" name="testAddMethod" duration-ms="1" started-at="2013-05-13T13:11:09Z" finished-at="2013-05-13T13:11:09Z">
          <reporter-output>
          </reporter-output>
        </test-method> <!-- testAddMethod -->
        <test-method status="PASS" signature="testDefaultConstructor()[pri:0, instance:org.artifactory.api.rest.search.result.PatternResultFileSetTest@6291d9aa]" name="testDefaultConstructor" duration-ms="1" started-at="2013-05-13T13:11:09Z" finished-at="2013-05-13T13:11:09Z">
          <reporter-output>
          </reporter-output>
        </test-method> <!-- testDefaultConstructor -->
        <test-method status="PASS" signature="testFullConstructor()[pri:0, instance:org.artifactory.api.rest.search.result.PatternResultFileSetTest@6291d9aa]" name="testFullConstructor" duration-ms="0" started-at="2013-05-13T13:11:09Z" finished-at="2013-05-13T13:11:09Z">
          <reporter-output>
          </reporter-output>
        </test-method> <!-- testFullConstructor -->
        <test-method status="PASS" signature="testSetters()[pri:0, instance:org.artifactory.api.rest.search.result.PatternResultFileSetTest@6291d9aa]" name="testSetters" duration-ms="0" started-at="2013-05-13T13:11:09Z" finished-at="2013-05-13T13:11:09Z">
          <reporter-output>
          </reporter-output>
        </test-method> <!-- testSetters -->
        <test-method status="PASS" signature="testNoFilesConstructor()[pri:0, instance:org.artifactory.api.rest.search.result.PatternResultFileSetTest@6291d9aa]" name="testNoFilesConstructor" duration-ms="0" started-at="2013-05-13T13:11:09Z" finished-at="2013-05-13T13:11:09Z">
          <reporter-output>
          </reporter-output>
        </test-method> <!-- testNoFilesConstructor -->
      </class> <!-- org.artifactory.api.rest.search.result.PatternResultFileSetTest -->
      <class name="org.artifactory.checksum.ChecksumsTypeTest">
        <test-method status="PASS" signature="invalidMD5Checksum()[pri:0, instance:org.artifactory.checksum.ChecksumsTypeTest@77b1a17a]" name="invalidMD5Checksum" duration-ms="0" started-at="2013-05-13T13:11:09Z" finished-at="2013-05-13T13:11:09Z">
          <reporter-output>
          </reporter-output>
        </test-method> <!-- invalidMD5Checksum -->
        <test-method status="PASS" signature="invalidSha1Checksum()[pri:0, instance:org.artifactory.checksum.ChecksumsTypeTest@77b1a17a]" name="invalidSha1Checksum" duration-ms="0" started-at="2013-05-13T13:11:09Z" finished-at="2013-05-13T13:11:09Z">
          <reporter-output>
          </reporter-output>
        </test-method> <!-- invalidSha1Checksum -->
        <test-method status="PASS" signature="nullAndEmptyAreNotValidChecksums()[pri:0, instance:org.artifactory.checksum.ChecksumsTypeTest@77b1a17a]" name="nullAndEmptyAreNotValidChecksums" duration-ms="0" started-at="2013-05-13T13:11:09Z" finished-at="2013-05-13T13:11:09Z">
          <reporter-output>
          </reporter-output>
        </test-method> <!-- nullAndEmptyAreNotValidChecksums -->
        <test-method status="PASS" signature="validMD5Checksum()[pri:0, instance:org.artifactory.checksum.ChecksumsTypeTest@77b1a17a]" name="validMD5Checksum" duration-ms="0" started-at="2013-05-13T13:11:09Z" finished-at="2013-05-13T13:11:09Z">
          <reporter-output>
          </reporter-output>
        </test-method> <!-- validMD5Checksum -->
        <test-method status="PASS" signature="validSha1Checksum()[pri:0, instance:org.artifactory.checksum.ChecksumsTypeTest@77b1a17a]" name="validSha1Checksum" duration-ms="0" started-at="2013-05-13T13:11:09Z" finished-at="2013-05-13T13:11:09Z">
          <reporter-output>
          </reporter-output>
        </test-method> <!-- validSha1Checksum -->
        <test-method status="PASS" signature="wrongLengthChecksums()[pri:0, instance:org.artifactory.checksum.ChecksumsTypeTest@77b1a17a]" name="wrongLengthChecksums" duration-ms="0" started-at="2013-05-13T13:11:09Z" finished-at="2013-05-13T13:11:09Z">
          <reporter-output>
          </reporter-output>
        </test-method> <!-- wrongLengthChecksums -->
      </class> <!-- org.artifactory.checksum.ChecksumsTypeTest -->
      <class name="org.artifactory.api.rest.artifact.FileListTest">
        <test-method status="PASS" signature="testDefaultConstructor()[pri:0, instance:org.artifactory.api.rest.artifact.FileListTest@4c1db3de]" name="testDefaultConstructor" duration-ms="1" started-at="2013-05-13T13:11:09Z" finished-at="2013-05-13T13:11:09Z">
          <reporter-output>
          </reporter-output>
        </test-method> <!-- testDefaultConstructor -->
        <test-method status="PASS" signature="testFullConstructor()[pri:0, instance:org.artifactory.api.rest.artifact.FileListTest@4c1db3de]" name="testFullConstructor" duration-ms="2" started-at="2013-05-13T13:11:09Z" finished-at="2013-05-13T13:11:09Z">
          <reporter-output>
          </reporter-output>
        </test-method> <!-- testFullConstructor -->
        <test-method status="PASS" signature="testSetters()[pri:0, instance:org.artifactory.api.rest.artifact.FileListTest@4c1db3de]" name="testSetters" duration-ms="0" started-at="2013-05-13T13:11:09Z" finished-at="2013-05-13T13:11:09Z">
          <reporter-output>
          </reporter-output>
        </test-method> <!-- testSetters -->
      </class> <!-- org.artifactory.api.rest.artifact.FileListTest -->
      <class name="org.artifactory.addon.layouts.translate.PathTranslationHelperTest">
        <test-method status="PASS" signature="readMimeTypes()[pri:0, instance:org.artifactory.addon.layouts.translate.PathTranslationHelperTest@430e0623]" name="readMimeTypes" is-config="true" duration-ms="22" started-at="2013-05-13T13:11:09Z" finished-at="2013-05-13T13:11:09Z">
          <reporter-output>
          </reporter-output>
        </test-method> <!-- readMimeTypes -->
        <test-method status="PASS" signature="bindArtifactoryHome()[pri:0, instance:org.artifactory.addon.layouts.translate.PathTranslationHelperTest@430e0623]" name="bindArtifactoryHome" is-config="true" duration-ms="1" started-at="2013-05-13T13:11:09Z" finished-at="2013-05-13T13:11:09Z">
          <reporter-output>
          </reporter-output>
        </test-method> <!-- bindArtifactoryHome -->
        <test-method status="PASS" signature="testGradleToGradle()[pri:0, instance:org.artifactory.addon.layouts.translate.PathTranslationHelperTest@430e0623]" name="testGradleToGradle" duration-ms="17" started-at="2013-05-13T13:11:09Z" finished-at="2013-05-13T13:11:09Z">
          <reporter-output>
          </reporter-output>
        </test-method> <!-- testGradleToGradle -->
        <test-method status="PASS" signature="unbindArtifactoryHome()[pri:0, instance:org.artifactory.addon.layouts.translate.PathTranslationHelperTest@430e0623]" name="unbindArtifactoryHome" is-config="true" duration-ms="1" started-at="2013-05-13T13:11:09Z" finished-at="2013-05-13T13:11:09Z">
          <reporter-output>
          </reporter-output>
        </test-method> <!-- unbindArtifactoryHome -->
        <test-method status="PASS" signature="testGradleToIvy()[pri:0, instance:org.artifactory.addon.layouts.translate.PathTranslationHelperTest@430e0623]" name="testGradleToIvy" duration-ms="17" started-at="2013-05-13T13:11:09Z" finished-at="2013-05-13T13:11:09Z">
          <reporter-output>
          </reporter-output>
        </test-method> <!-- testGradleToIvy -->
        <test-method status="PASS" signature="bindArtifactoryHome()[pri:0, instance:org.artifactory.addon.layouts.translate.PathTranslationHelperTest@430e0623]" name="bindArtifactoryHome" is-config="true" duration-ms="0" started-at="2013-05-13T13:11:09Z" finished-at="2013-05-13T13:11:09Z">
          <reporter-output>
          </reporter-output>
        </test-method> <!-- bindArtifactoryHome -->
        <test-method status="PASS" signature="unbindArtifactoryHome()[pri:0, instance:org.artifactory.addon.layouts.translate.PathTranslationHelperTest@430e0623]" name="unbindArtifactoryHome" is-config="true" duration-ms="0" started-at="2013-05-13T13:11:09Z" finished-at="2013-05-13T13:11:09Z">
          <reporter-output>
          </reporter-output>
        </test-method> <!-- unbindArtifactoryHome -->
        <test-method status="PASS" signature="bindArtifactoryHome()[pri:0, instance:org.artifactory.addon.layouts.translate.PathTranslationHelperTest@430e0623]" name="bindArtifactoryHome" is-config="true" duration-ms="1" started-at="2013-05-13T13:11:09Z" finished-at="2013-05-13T13:11:09Z">
          <reporter-output>
          </reporter-output>
        </test-method> <!-- bindArtifactoryHome -->
        <test-method status="PASS" signature="testGradleToMaven()[pri:0, instance:org.artifactory.addon.layouts.translate.PathTranslationHelperTest@430e0623]" name="testGradleToMaven" duration-ms="15" started-at="2013-05-13T13:11:09Z" finished-at="2013-05-13T13:11:09Z">
          <reporter-output>
          </reporter-output>
        </test-method> <!-- testGradleToMaven -->
        <test-method status="PASS" signature="unbindArtifactoryHome()[pri:0, instance:org.artifactory.addon.layouts.translate.PathTranslationHelperTest@430e0623]" name="unbindArtifactoryHome" is-config="true" duration-ms="0" started-at="2013-05-13T13:11:09Z" finished-at="2013-05-13T13:11:09Z">
          <reporter-output>
          </reporter-output>
        </test-method> <!-- unbindArtifactoryHome -->
        <test-method status="PASS" signature="testIvyToGradle()[pri:0, instance:org.artifactory.addon.layouts.translate.PathTranslationHelperTest@430e0623]" name="testIvyToGradle" duration-ms="16" started-at="2013-05-13T13:11:09Z" finished-at="2013-05-13T13:11:09Z">
          <reporter-output>
          </reporter-output>
        </test-method> <!-- testIvyToGradle -->
        <test-method status="PASS" signature="bindArtifactoryHome()[pri:0, instance:org.artifactory.addon.layouts.translate.PathTranslationHelperTest@430e0623]" name="bindArtifactoryHome" is-config="true" duration-ms="0" started-at="2013-05-13T13:11:09Z" finished-at="2013-05-13T13:11:09Z">
          <reporter-output>
          </reporter-output>
        </test-method> <!-- bindArtifactoryHome -->
        <test-method status="PASS" signature="unbindArtifactoryHome()[pri:0, instance:org.artifactory.addon.layouts.translate.PathTranslationHelperTest@430e0623]" name="unbindArtifactoryHome" is-config="true" duration-ms="0" started-at="2013-05-13T13:11:09Z" finished-at="2013-05-13T13:11:09Z">
          <reporter-output>
          </reporter-output>
        </test-method> <!-- unbindArtifactoryHome -->
        <test-method status="PASS" signature="testIvyToIvy()[pri:0, instance:org.artifactory.addon.layouts.translate.PathTranslationHelperTest@430e0623]" name="testIvyToIvy" duration-ms="15" started-at="2013-05-13T13:11:09Z" finished-at="2013-05-13T13:11:09Z">
          <reporter-output>
          </reporter-output>
        </test-method> <!-- testIvyToIvy -->
        <test-method status="PASS" signature="bindArtifactoryHome()[pri:0, instance:org.artifactory.addon.layouts.translate.PathTranslationHelperTest@430e0623]" name="bindArtifactoryHome" is-config="true" duration-ms="0" started-at="2013-05-13T13:11:09Z" finished-at="2013-05-13T13:11:09Z">
          <reporter-output>
          </reporter-output>
        </test-method> <!-- bindArtifactoryHome -->
        <test-method status="PASS" signature="unbindArtifactoryHome()[pri:0, instance:org.artifactory.addon.layouts.translate.PathTranslationHelperTest@430e0623]" name="unbindArtifactoryHome" is-config="true" duration-ms="0" started-at="2013-05-13T13:11:09Z" finished-at="2013-05-13T13:11:09Z">
          <reporter-output>
          </reporter-output>
        </test-method> <!-- unbindArtifactoryHome -->
        <test-method status="PASS" signature="bindArtifactoryHome()[pri:0, instance:org.artifactory.addon.layouts.translate.PathTranslationHelperTest@430e0623]" name="bindArtifactoryHome" is-config="true" duration-ms="0" started-at="2013-05-13T13:11:09Z" finished-at="2013-05-13T13:11:09Z">
          <reporter-output>
          </reporter-output>
        </test-method> <!-- bindArtifactoryHome -->
        <test-method status="PASS" signature="testIvyToMaven()[pri:0, instance:org.artifactory.addon.layouts.translate.PathTranslationHelperTest@430e0623]" name="testIvyToMaven" duration-ms="13" started-at="2013-05-13T13:11:09Z" finished-at="2013-05-13T13:11:09Z">
          <reporter-output>
          </reporter-output>
        </test-method> <!-- testIvyToMaven -->
        <test-method status="PASS" signature="unbindArtifactoryHome()[pri:0, instance:org.artifactory.addon.layouts.translate.PathTranslationHelperTest@430e0623]" name="unbindArtifactoryHome" is-config="true" duration-ms="1" started-at="2013-05-13T13:11:09Z" finished-at="2013-05-13T13:11:09Z">
          <reporter-output>
          </reporter-output>
        </test-method> <!-- unbindArtifactoryHome -->
        <test-method status="PASS" signature="testMavenToGradle()[pri:0, instance:org.artifactory.addon.layouts.translate.PathTranslationHelperTest@430e0623]" name="testMavenToGradle" duration-ms="11" started-at="2013-05-13T13:11:09Z" finished-at="2013-05-13T13:11:09Z">
          <reporter-output>
          </reporter-output>
        </test-method> <!-- testMavenToGradle -->
        <test-method status="PASS" signature="bindArtifactoryHome()[pri:0, instance:org.artifactory.addon.layouts.translate.PathTranslationHelperTest@430e0623]" name="bindArtifactoryHome" is-config="true" duration-ms="0" started-at="2013-05-13T13:11:09Z" finished-at="2013-05-13T13:11:09Z">
          <reporter-output>
          </reporter-output>
        </test-method> <!-- bindArtifactoryHome -->
        <test-method status="PASS" signature="bindArtifactoryHome()[pri:0, instance:org.artifactory.addon.layouts.translate.PathTranslationHelperTest@430e0623]" name="bindArtifactoryHome" is-config="true" duration-ms="0" started-at="2013-05-13T13:11:09Z" finished-at="2013-05-13T13:11:09Z">
          <reporter-output>
          </reporter-output>
        </test-method> <!-- bindArtifactoryHome -->
        <test-method status="PASS" signature="unbindArtifactoryHome()[pri:0, instance:org.artifactory.addon.layouts.translate.PathTranslationHelperTest@430e0623]" name="unbindArtifactoryHome" is-config="true" duration-ms="0" started-at="2013-05-13T13:11:09Z" finished-at="2013-05-13T13:11:09Z">
          <reporter-output>
          </reporter-output>
        </test-method> <!-- unbindArtifactoryHome -->
        <test-method status="PASS" signature="testMavenToIvy()[pri:0, instance:org.artifactory.addon.layouts.translate.PathTranslationHelperTest@430e0623]" name="testMavenToIvy" duration-ms="12" started-at="2013-05-13T13:11:09Z" finished-at="2013-05-13T13:11:09Z">
          <reporter-output>
          </reporter-output>
        </test-method> <!-- testMavenToIvy -->
        <test-method status="PASS" signature="unbindArtifactoryHome()[pri:0, instance:org.artifactory.addon.layouts.translate.PathTranslationHelperTest@430e0623]" name="unbindArtifactoryHome" is-config="true" duration-ms="0" started-at="2013-05-13T13:11:09Z" finished-at="2013-05-13T13:11:09Z">
          <reporter-output>
          </reporter-output>
        </test-method> <!-- unbindArtifactoryHome -->
        <test-method status="PASS" signature="bindArtifactoryHome()[pri:0, instance:org.artifactory.addon.layouts.translate.PathTranslationHelperTest@430e0623]" name="bindArtifactoryHome" is-config="true" duration-ms="1" started-at="2013-05-13T13:11:09Z" finished-at="2013-05-13T13:11:09Z">
          <reporter-output>
          </reporter-output>
        </test-method> <!-- bindArtifactoryHome -->
        <test-method status="PASS" signature="testMavenToMaven()[pri:0, instance:org.artifactory.addon.layouts.translate.PathTranslationHelperTest@430e0623]" name="testMavenToMaven" duration-ms="11" started-at="2013-05-13T13:11:09Z" finished-at="2013-05-13T13:11:09Z">
          <reporter-output>
          </reporter-output>
        </test-method> <!-- testMavenToMaven -->
        <test-method status="PASS" signature="unbindArtifactoryHome()[pri:0, instance:org.artifactory.addon.layouts.translate.PathTranslationHelperTest@430e0623]" name="unbindArtifactoryHome" is-config="true" duration-ms="0" started-at="2013-05-13T13:11:09Z" finished-at="2013-05-13T13:11:09Z">
          <reporter-output>
          </reporter-output>
        </test-method> <!-- unbindArtifactoryHome -->
      </class> <!-- org.artifactory.addon.layouts.translate.PathTranslationHelperTest -->
      <class name="org.artifactory.checksum.ChecksumsInfoTest">
        <test-method status="PASS" signature="addChecksum()[pri:0, instance:org.artifactory.checksum.ChecksumsInfoTest@53bc45d4]" name="addChecksum" duration-ms="3" started-at="2013-05-13T13:11:09Z" finished-at="2013-05-13T13:11:09Z">
          <reporter-output>
          </reporter-output>
        </test-method> <!-- addChecksum -->
        <test-method status="PASS" signature="copyConstructor()[pri:0, instance:org.artifactory.checksum.ChecksumsInfoTest@53bc45d4]" name="copyConstructor" duration-ms="8" started-at="2013-05-13T13:11:09Z" finished-at="2013-05-13T13:11:09Z">
          <reporter-output>
          </reporter-output>
        </test-method> <!-- copyConstructor -->
      </class> <!-- org.artifactory.checksum.ChecksumsInfoTest -->
      <class name="org.artifactory.api.config.ExportSettingsTest">
        <test-method status="PASS" signature="copyConstructor()[pri:0, instance:org.artifactory.api.config.ExportSettingsTest@7e69a380]" name="copyConstructor" duration-ms="16" started-at="2013-05-13T13:11:09Z" finished-at="2013-05-13T13:11:09Z">
          <reporter-output>
          </reporter-output>
        </test-method> <!-- copyConstructor -->
        <test-method status="PASS" signature="fileConstructor()[pri:0, instance:org.artifactory.api.config.ExportSettingsTest@7e69a380]" name="fileConstructor" duration-ms="0" started-at="2013-05-13T13:11:09Z" finished-at="2013-05-13T13:11:09Z">
          <reporter-output>
          </reporter-output>
        </test-method> <!-- fileConstructor -->
      </class> <!-- org.artifactory.api.config.ExportSettingsTest -->
      <class name="org.artifactory.api.mail.MailServerConfigurationTest">
        <test-method status="PASS" signature="testDefaultMailServerDescriptorConstructor()[pri:0, instance:org.artifactory.api.mail.MailServerConfigurationTest@2feea189]" name="testDefaultMailServerDescriptorConstructor" duration-ms="2" started-at="2013-05-13T13:11:09Z" finished-at="2013-05-13T13:11:09Z">
          <reporter-output>
          </reporter-output>
        </test-method> <!-- testDefaultMailServerDescriptorConstructor -->
        <test-method status="PASS" signature="testMailServerDescriptorConstructor()[pri:0, instance:org.artifactory.api.mail.MailServerConfigurationTest@2feea189]" name="testMailServerDescriptorConstructor" duration-ms="0" started-at="2013-05-13T13:11:09Z" finished-at="2013-05-13T13:11:09Z">
          <reporter-output>
          </reporter-output>
        </test-method> <!-- testMailServerDescriptorConstructor -->
        <test-method status="PASS" signature="testMainConstructor()[pri:0, instance:org.artifactory.api.mail.MailServerConfigurationTest@2feea189]" name="testMainConstructor" duration-ms="0" started-at="2013-05-13T13:11:09Z" finished-at="2013-05-13T13:11:09Z">
          <reporter-output>
          </reporter-output>
        </test-method> <!-- testMainConstructor -->
        <test-method status="PASS" signature="testNullMailServerDescriptorConstructor()[pri:0, instance:org.artifactory.api.mail.MailServerConfigurationTest@2feea189]" name="testNullMailServerDescriptorConstructor" duration-ms="0" started-at="2013-05-13T13:11:09Z" finished-at="2013-05-13T13:11:09Z">
          <reporter-output>
          </reporter-output>
        </test-method> <!-- testNullMailServerDescriptorConstructor -->
      </class> <!-- org.artifactory.api.mail.MailServerConfigurationTest -->
      <class name="org.artifactory.api.module.ModuleInfoBuilderTest">
        <test-method status="PASS" signature="testCopyDefaultConstruct()[pri:0, instance:org.artifactory.api.module.ModuleInfoBuilderTest@593b8970]" name="testCopyDefaultConstruct" duration-ms="1" started-at="2013-05-13T13:11:09Z" finished-at="2013-05-13T13:11:09Z">
          <reporter-output>
          </reporter-output>
        </test-method> <!-- testCopyDefaultConstruct -->
        <test-method status="PASS" signature="testCopyConstructor()[pri:0, instance:org.artifactory.api.module.ModuleInfoBuilderTest@593b8970]" name="testCopyConstructor" duration-ms="0" started-at="2013-05-13T13:11:09Z" finished-at="2013-05-13T13:11:09Z">
          <reporter-output>
          </reporter-output>
        </test-method> <!-- testCopyConstructor -->
        <test-method status="PASS" signature="testNoParams()[pri:0, instance:org.artifactory.api.module.ModuleInfoBuilderTest@593b8970]" name="testNoParams" duration-ms="0" started-at="2013-05-13T13:11:09Z" finished-at="2013-05-13T13:11:09Z">
          <reporter-output>
          </reporter-output>
        </test-method> <!-- testNoParams -->
        <test-method status="PASS" signature="testNullParams()[pri:0, instance:org.artifactory.api.module.ModuleInfoBuilderTest@593b8970]" name="testNullParams" duration-ms="0" started-at="2013-05-13T13:11:09Z" finished-at="2013-05-13T13:11:09Z">
          <reporter-output>
          </reporter-output>
        </test-method> <!-- testNullParams -->
        <test-method status="PASS" signature="testValidParams()[pri:0, instance:org.artifactory.api.module.ModuleInfoBuilderTest@593b8970]" name="testValidParams" duration-ms="0" started-at="2013-05-13T13:11:09Z" finished-at="2013-05-13T13:11:09Z">
          <reporter-output>
          </reporter-output>
        </test-method> <!-- testValidParams -->
      </class> <!-- org.artifactory.api.module.ModuleInfoBuilderTest -->
      <class name="org.artifactory.api.module.ModuleInfoTest">
        <test-method status="PASS" signature="testDefaultConstructor()[pri:0, instance:org.artifactory.api.module.ModuleInfoTest@496d6956]" name="testDefaultConstructor" duration-ms="0" started-at="2013-05-13T13:11:09Z" finished-at="2013-05-13T13:11:09Z">
          <reporter-output>
          </reporter-output>
        </test-method> <!-- testDefaultConstructor -->
        <test-method status="PASS" signature="testFullInfo()[pri:0, instance:org.artifactory.api.module.ModuleInfoTest@496d6956]" name="testFullInfo" duration-ms="0" started-at="2013-05-13T13:11:09Z" finished-at="2013-05-13T13:11:09Z">
          <reporter-output>
          </reporter-output>
        </test-method> <!-- testFullInfo -->
        <test-method status="PASS" signature="testPartialInfo()[pri:0, instance:org.artifactory.api.module.ModuleInfoTest@496d6956]" name="testPartialInfo" duration-ms="1" started-at="2013-05-13T13:11:09Z" finished-at="2013-05-13T13:11:09Z">
          <reporter-output>
          </reporter-output>
        </test-method> <!-- testPartialInfo -->
        <test-method status="PASS" signature="testMinimalInfo()[pri:0, instance:org.artifactory.api.module.ModuleInfoTest@496d6956]" name="testMinimalInfo" duration-ms="0" started-at="2013-05-13T13:11:09Z" finished-at="2013-05-13T13:11:09Z">
          <reporter-output>
          </reporter-output>
        </test-method> <!-- testMinimalInfo -->
      </class> <!-- org.artifactory.api.module.ModuleInfoTest -->
      <class name="org.artifactory.api.common.MultiStatusHolderTest">
        <test-method status="PASS" signature="initStatusHolders()[pri:0, instance:org.artifactory.api.common.MultiStatusHolderTest@55695a74]" name="initStatusHolders" is-config="true" duration-ms="0" started-at="2013-05-13T13:11:09Z" finished-at="2013-05-13T13:11:09Z">
          <reporter-output>
          </reporter-output>
        </test-method> <!-- initStatusHolders -->
        <test-method status="PASS" signature="mergeTwoStatusHolders()[pri:0, instance:org.artifactory.api.common.MultiStatusHolderTest@55695a74]" name="mergeTwoStatusHolders" duration-ms="1" started-at="2013-05-13T13:11:09Z" finished-at="2013-05-13T13:11:09Z">
          <reporter-output>
          </reporter-output>
        </test-method> <!-- mergeTwoStatusHolders -->
        <test-method status="PASS" signature="initStatusHolders()[pri:0, instance:org.artifactory.api.common.MultiStatusHolderTest@55695a74]" name="initStatusHolders" is-config="true" duration-ms="1" started-at="2013-05-13T13:11:09Z" finished-at="2013-05-13T13:11:09Z">
          <reporter-output>
          </reporter-output>
        </test-method> <!-- initStatusHolders -->
        <test-method status="PASS" signature="initStatusHolders()[pri:0, instance:org.artifactory.api.common.MultiStatusHolderTest@55695a74]" name="initStatusHolders" is-config="true" duration-ms="1" started-at="2013-05-13T13:11:09Z" finished-at="2013-05-13T13:11:09Z">
          <reporter-output>
          </reporter-output>
        </test-method> <!-- initStatusHolders -->
        <test-method status="PASS" signature="mergeWithEmptyStatusHolder()[pri:0, instance:org.artifactory.api.common.MultiStatusHolderTest@55695a74]" name="mergeWithEmptyStatusHolder" duration-ms="0" started-at="2013-05-13T13:11:09Z" finished-at="2013-05-13T13:11:09Z">
          <reporter-output>
          </reporter-output>
        </test-method> <!-- mergeWithEmptyStatusHolder -->
        <test-method status="PASS" signature="mergeWithErrorOverride()[pri:0, instance:org.artifactory.api.common.MultiStatusHolderTest@55695a74]" name="mergeWithErrorOverride" duration-ms="0" started-at="2013-05-13T13:11:09Z" finished-at="2013-05-13T13:11:09Z">
          <reporter-output>
          </reporter-output>
        </test-method> <!-- mergeWithErrorOverride -->
        <test-method status="PASS" signature="mergeWithSingleStatusHolder()[pri:0, instance:org.artifactory.api.common.MultiStatusHolderTest@55695a74]" name="mergeWithSingleStatusHolder" duration-ms="11" started-at="2013-05-13T13:11:09Z" finished-at="2013-05-13T13:11:09Z">
          <reporter-output>
          </reporter-output>
        </test-method> <!-- mergeWithSingleStatusHolder -->
        <test-method status="PASS" signature="initStatusHolders()[pri:0, instance:org.artifactory.api.common.MultiStatusHolderTest@55695a74]" name="initStatusHolders" is-config="true" duration-ms="0" started-at="2013-05-13T13:11:09Z" finished-at="2013-05-13T13:11:09Z">
          <reporter-output>
          </reporter-output>
        </test-method> <!-- initStatusHolders -->
      </class> <!-- org.artifactory.api.common.MultiStatusHolderTest -->
      <class name="org.artifactory.api.search.archive.ArchiveSearchControlsTest">
        <test-method status="PASS" signature="isWildcardsOnly()[pri:0, instance:org.artifactory.api.search.archive.ArchiveSearchControlsTest@2a807bbc]" name="isWildcardsOnly" duration-ms="24" started-at="2013-05-13T13:11:08Z" finished-at="2013-05-13T13:11:08Z">
          <reporter-output>
          </reporter-output>
        </test-method> <!-- isWildcardsOnly -->
      </class> <!-- org.artifactory.api.search.archive.ArchiveSearchControlsTest -->
      <class name="org.artifactory.api.module.CustomModuleInfoUtilsTest">
        <test-method status="PASS" signature="testArtifactModuleToModule()[pri:0, instance:org.artifactory.api.module.CustomModuleInfoUtilsTest@36856daa]" name="testArtifactModuleToModule" duration-ms="17" started-at="2013-05-13T13:11:09Z" finished-at="2013-05-13T13:11:09Z">
          <reporter-output>
          </reporter-output>
        </test-method> <!-- testArtifactModuleToModule -->
        <test-method status="PASS" signature="testArtifactPathToModule()[pri:0, instance:org.artifactory.api.module.CustomModuleInfoUtilsTest@36856daa]" name="testArtifactPathToModule" duration-ms="3" started-at="2013-05-13T13:11:09Z" finished-at="2013-05-13T13:11:09Z">
          <reporter-output>
          </reporter-output>
        </test-method> <!-- testArtifactPathToModule -->
        <test-method status="PASS" signature="testCustom1()[pri:0, instance:org.artifactory.api.module.CustomModuleInfoUtilsTest@36856daa]" name="testCustom1" duration-ms="4" started-at="2013-05-13T13:11:09Z" finished-at="2013-05-13T13:11:09Z">
          <reporter-output>
          </reporter-output>
        </test-method> <!-- testCustom1 -->
        <test-method status="PASS" signature="testCustom2()[pri:0, instance:org.artifactory.api.module.CustomModuleInfoUtilsTest@36856daa]" name="testCustom2" duration-ms="4" started-at="2013-05-13T13:11:09Z" finished-at="2013-05-13T13:11:09Z">
          <reporter-output>
          </reporter-output>
        </test-method> <!-- testCustom2 -->
        <test-method status="PASS" signature="testDescriptorPathToModule()[pri:0, instance:org.artifactory.api.module.CustomModuleInfoUtilsTest@36856daa]" name="testDescriptorPathToModule" duration-ms="4" started-at="2013-05-13T13:11:09Z" finished-at="2013-05-13T13:11:09Z">
          <reporter-output>
          </reporter-output>
        </test-method> <!-- testDescriptorPathToModule -->
        <test-method status="PASS" signature="testDescriptorPathToModuleWithConstantExtension()[pri:0, instance:org.artifactory.api.module.CustomModuleInfoUtilsTest@36856daa]" name="testDescriptorPathToModuleWithConstantExtension" duration-ms="2" started-at="2013-05-13T13:11:09Z" finished-at="2013-05-13T13:11:09Z">
          <reporter-output>
          </reporter-output>
        </test-method> <!-- testDescriptorPathToModuleWithConstantExtension -->
      </class> <!-- org.artifactory.api.module.CustomModuleInfoUtilsTest -->
      <class name="org.artifactory.addon.layouts.translate.MetadataTranslatorFilterTest">
        <test-method status="PASS" signature="readMimeTypes()[pri:0, instance:org.artifactory.addon.layouts.translate.MetadataTranslatorFilterTest@1594f8c]" name="readMimeTypes" is-config="true" duration-ms="25" started-at="2013-05-13T13:11:09Z" finished-at="2013-05-13T13:11:09Z">
          <reporter-output>
          </reporter-output>
        </test-method> <!-- readMimeTypes -->
        <test-method status="PASS" signature="bindArtifactoryHome()[pri:0, instance:org.artifactory.addon.layouts.translate.MetadataTranslatorFilterTest@1594f8c]" name="bindArtifactoryHome" is-config="true" duration-ms="0" started-at="2013-05-13T13:11:09Z" finished-at="2013-05-13T13:11:09Z">
          <reporter-output>
          </reporter-output>
        </test-method> <!-- bindArtifactoryHome -->
        <test-method status="PASS" signature="testInvalidPaths()[pri:0, instance:org.artifactory.addon.layouts.translate.MetadataTranslatorFilterTest@1594f8c]" name="testInvalidPaths" duration-ms="1" started-at="2013-05-13T13:11:09Z" finished-at="2013-05-13T13:11:09Z">
          <reporter-output>
          </reporter-output>
        </test-method> <!-- testInvalidPaths -->
        <test-method status="PASS" signature="unbindArtifactoryHome()[pri:0, instance:org.artifactory.addon.layouts.translate.MetadataTranslatorFilterTest@1594f8c]" name="unbindArtifactoryHome" is-config="true" duration-ms="1" started-at="2013-05-13T13:11:09Z" finished-at="2013-05-13T13:11:09Z">
          <reporter-output>
          </reporter-output>
        </test-method> <!-- unbindArtifactoryHome -->
        <test-method status="PASS" signature="testValidMetadataTest()[pri:0, instance:org.artifactory.addon.layouts.translate.MetadataTranslatorFilterTest@1594f8c]" name="testValidMetadataTest" duration-ms="1" started-at="2013-05-13T13:11:09Z" finished-at="2013-05-13T13:11:09Z">
          <reporter-output>
          </reporter-output>
        </test-method> <!-- testValidMetadataTest -->
        <test-method status="PASS" signature="bindArtifactoryHome()[pri:0, instance:org.artifactory.addon.layouts.translate.MetadataTranslatorFilterTest@1594f8c]" name="bindArtifactoryHome" is-config="true" duration-ms="0" started-at="2013-05-13T13:11:09Z" finished-at="2013-05-13T13:11:09Z">
          <reporter-output>
          </reporter-output>
        </test-method> <!-- bindArtifactoryHome -->
        <test-method status="PASS" signature="unbindArtifactoryHome()[pri:0, instance:org.artifactory.addon.layouts.translate.MetadataTranslatorFilterTest@1594f8c]" name="unbindArtifactoryHome" is-config="true" duration-ms="0" started-at="2013-05-13T13:11:09Z" finished-at="2013-05-13T13:11:09Z">
          <reporter-output>
          </reporter-output>
        </test-method> <!-- unbindArtifactoryHome -->
      </class> <!-- org.artifactory.addon.layouts.translate.MetadataTranslatorFilterTest -->
    </test> <!-- Command line test -->
  </suite> <!-- Command line suite -->
</testng-results>
