<?xml version="1.0" encoding="UTF-8"?>
<testng-results skipped="0" failed="0" total="144" passed="144">
  <reporter-output>
  </reporter-output>
  <suite name="org.artifactory.common.IvyNamingTest" duration-ms="5" started-at="2014-11-27T18:03:04Z" finished-at="2014-11-27T18:03:04Z">
    <groups>
    </groups>
    <test name="Command line test 25359776-40a0-475e-b1f5-78f62b6fd4a5" duration-ms="5" started-at="2014-11-27T18:03:04Z" finished-at="2014-11-27T18:03:04Z">
      <class name="org.artifactory.common.IvyNamingTest">
        <test-method status="PASS" signature="ivyFileName()[pri:0, instance:org.artifactory.common.IvyNamingTest@48801b62]" name="ivyFileName" duration-ms="4" started-at="2014-11-27T20:03:04Z" finished-at="2014-11-27T20:03:04Z">
          <reporter-output>
          </reporter-output>
        </test-method> <!-- ivyFileName -->
      </class> <!-- org.artifactory.common.IvyNamingTest -->
    </test> <!-- Command line test 25359776-40a0-475e-b1f5-78f62b6fd4a5 -->
  </suite> <!-- org.artifactory.common.IvyNamingTest -->
  <suite name="org.artifactory.maven.PomTargetPathValidatorTest" duration-ms="17" started-at="2014-11-27T18:03:04Z" finished-at="2014-11-27T18:03:04Z">
    <groups>
    </groups>
    <test name="Command line test a152ca68-16ae-4b04-8906-82a86745316c" duration-ms="17" started-at="2014-11-27T18:03:04Z" finished-at="2014-11-27T18:03:04Z">
      <class name="org.artifactory.maven.PomTargetPathValidatorTest">
        <test-method status="PASS" signature="validatePluginPom()[pri:0, instance:org.artifactory.maven.PomTargetPathValidatorTest@77663cf4]" name="validatePluginPom" duration-ms="13" started-at="2014-11-27T20:03:04Z" finished-at="2014-11-27T20:03:04Z">
          <reporter-output>
          </reporter-output>
        </test-method> <!-- validatePluginPom -->
        <test-method status="PASS" signature="validatePomTargetInValidPath()[pri:0, instance:org.artifactory.maven.PomTargetPathValidatorTest@77663cf4]" name="validatePomTargetInValidPath" duration-ms="2" started-at="2014-11-27T20:03:04Z" finished-at="2014-11-27T20:03:04Z">
          <exception class="org.artifactory.api.repo.exception.maven.BadPomException">
            <message>
              <![CDATA[The target deployment path 'blab/bla/1.0.0-alpha2' does not match the POM's expected path prefix 'yourpit/yourpit/1.0.0-alpha2'. Please verify your POM content for correctness and make sure the source path is a valid Maven repository root path.]]>
            </message>
            <full-stacktrace>
              <![CDATA[org.artifactory.api.repo.exception.maven.BadPomException: The target deployment path 'blab/bla/1.0.0-alpha2' does not match the POM's expected path prefix 'yourpit/yourpit/1.0.0-alpha2'. Please verify your POM content for correctness and make sure the source path is a valid Maven repository root path.
	at org.artifactory.maven.PomTargetPathValidator.validate(PomTargetPathValidator.java:98)
	at org.artifactory.maven.PomTargetPathValidatorTest.validatePomTargetInValidPath(PomTargetPathValidatorTest.java:58)
	at sun.reflect.NativeMethodAccessorImpl.invoke0(Native Method)
	at sun.reflect.NativeMethodAccessorImpl.invoke(NativeMethodAccessorImpl.java:57)
	at sun.reflect.DelegatingMethodAccessorImpl.invoke(DelegatingMethodAccessorImpl.java:43)
	at java.lang.reflect.Method.invoke(Method.java:606)
	at org.testng.internal.MethodInvocationHelper.invokeMethod(MethodInvocationHelper.java:84)
	at org.testng.internal.Invoker.invokeMethod(Invoker.java:714)
	at org.testng.internal.Invoker.invokeTestMethod(Invoker.java:901)
	at org.testng.internal.Invoker.invokeTestMethods(Invoker.java:1231)
	at org.testng.internal.TestMethodWorker.invokeTestMethods(TestMethodWorker.java:127)
	at org.testng.internal.TestMethodWorker.run(TestMethodWorker.java:111)
	at org.testng.TestRunner.privateRun(TestRunner.java:767)
	at org.testng.TestRunner.run(TestRunner.java:617)
	at org.testng.SuiteRunner.runTest(SuiteRunner.java:334)
	at org.testng.SuiteRunner.runSequentially(SuiteRunner.java:329)
	at org.testng.SuiteRunner.privateRun(SuiteRunner.java:291)
	at org.testng.SuiteRunner.run(SuiteRunner.java:240)
	at org.testng.SuiteRunnerWorker.runSuite(SuiteRunnerWorker.java:52)
	at org.testng.SuiteRunnerWorker.run(SuiteRunnerWorker.java:86)
	at org.testng.TestNG.runSuitesSequentially(TestNG.java:1224)
	at org.testng.TestNG.runSuitesLocally(TestNG.java:1149)
	at org.testng.TestNG.run(TestNG.java:1057)
	at org.apache.maven.surefire.testng.TestNGExecutor.run(TestNGExecutor.java:91)
	at org.apache.maven.surefire.testng.TestNGDirectoryTestSuite.executeMulti(TestNGDirectoryTestSuite.java:204)
	at org.apache.maven.surefire.testng.TestNGDirectoryTestSuite.execute(TestNGDirectoryTestSuite.java:107)
	at org.apache.maven.surefire.testng.TestNGProvider.invoke(TestNGProvider.java:113)
	at org.apache.maven.surefire.booter.ForkedBooter.invokeProviderInSameClassLoader(ForkedBooter.java:200)
	at org.apache.maven.surefire.booter.ForkedBooter.runSuitesInProcess(ForkedBooter.java:153)
	at org.apache.maven.surefire.booter.ForkedBooter.main(ForkedBooter.java:103)
]]>
            </full-stacktrace>
          </exception> <!-- org.artifactory.api.repo.exception.maven.BadPomException -->
          <reporter-output>
          </reporter-output>
        </test-method> <!-- validatePomTargetInValidPath -->
        <test-method status="PASS" signature="validatePomTargetValidPath()[pri:0, instance:org.artifactory.maven.PomTargetPathValidatorTest@77663cf4]" name="validatePomTargetValidPath" duration-ms="1" started-at="2014-11-27T20:03:04Z" finished-at="2014-11-27T20:03:04Z">
          <reporter-output>
          </reporter-output>
        </test-method> <!-- validatePomTargetValidPath -->
      </class> <!-- org.artifactory.maven.PomTargetPathValidatorTest -->
    </test> <!-- Command line test a152ca68-16ae-4b04-8906-82a86745316c -->
  </suite> <!-- org.artifactory.maven.PomTargetPathValidatorTest -->
  <suite name="org.artifactory.util.StringInputStreamTest" duration-ms="1" started-at="2014-11-27T18:03:05Z" finished-at="2014-11-27T18:03:05Z">
    <groups>
    </groups>
    <test name="Command line test 39efa20f-9e84-4051-82d9-a939a7f51490" duration-ms="1" started-at="2014-11-27T18:03:05Z" finished-at="2014-11-27T18:03:05Z">
      <class name="org.artifactory.util.StringInputStreamTest">
        <test-method status="PASS" signature="readOneLineString()[pri:0, instance:org.artifactory.util.StringInputStreamTest@151514b2]" name="readOneLineString" duration-ms="0" started-at="2014-11-27T20:03:05Z" finished-at="2014-11-27T20:03:05Z">
          <reporter-output>
          </reporter-output>
        </test-method> <!-- readOneLineString -->
        <test-method status="PASS" signature="readMultiLineString()[pri:0, instance:org.artifactory.util.StringInputStreamTest@151514b2]" name="readMultiLineString" duration-ms="0" started-at="2014-11-27T20:03:05Z" finished-at="2014-11-27T20:03:05Z">
          <reporter-output>
          </reporter-output>
        </test-method> <!-- readMultiLineString -->
      </class> <!-- org.artifactory.util.StringInputStreamTest -->
    </test> <!-- Command line test 39efa20f-9e84-4051-82d9-a939a7f51490 -->
  </suite> <!-- org.artifactory.util.StringInputStreamTest -->
  <suite name="org.artifactory.security.UserConfigurationImplTest" duration-ms="1" started-at="2014-11-27T18:03:05Z" finished-at="2014-11-27T18:03:05Z">
    <groups>
    </groups>
    <test name="Command line test 4f0a0d15-1d7a-454e-8c92-09a850043470" duration-ms="1" started-at="2014-11-27T18:03:05Z" finished-at="2014-11-27T18:03:05Z">
      <class name="org.artifactory.security.UserConfigurationImplTest">
        <test-method status="PASS" signature="testDefaultConstructor()[pri:0, instance:org.artifactory.security.UserConfigurationImplTest@7ec0762]" name="testDefaultConstructor" duration-ms="0" started-at="2014-11-27T20:03:05Z" finished-at="2014-11-27T20:03:05Z">
          <reporter-output>
          </reporter-output>
        </test-method> <!-- testDefaultConstructor -->
        <test-method status="PASS" signature="testSetters()[pri:0, instance:org.artifactory.security.UserConfigurationImplTest@7ec0762]" name="testSetters" duration-ms="0" started-at="2014-11-27T20:03:05Z" finished-at="2014-11-27T20:03:05Z">
          <reporter-output>
          </reporter-output>
        </test-method> <!-- testSetters -->
      </class> <!-- org.artifactory.security.UserConfigurationImplTest -->
    </test> <!-- Command line test 4f0a0d15-1d7a-454e-8c92-09a850043470 -->
  </suite> <!-- org.artifactory.security.UserConfigurationImplTest -->
  <suite name="org.artifactory.maven.MavenModelUtilsTest" duration-ms="189" started-at="2014-11-27T18:03:04Z" finished-at="2014-11-27T18:03:04Z">
    <groups>
    </groups>
    <test name="Command line test 237f9320-8ae1-4f93-a261-8b4551d6a118" duration-ms="189" started-at="2014-11-27T18:03:04Z" finished-at="2014-11-27T18:03:04Z">
      <class name="org.artifactory.maven.MavenModelUtilsTest">
        <test-method status="PASS" signature="readMimeTypes()[pri:0, instance:org.artifactory.maven.MavenModelUtilsTest@3de5da76]" name="readMimeTypes" is-config="true" duration-ms="121" started-at="2014-11-27T20:03:04Z" finished-at="2014-11-27T20:03:04Z">
          <reporter-output>
          </reporter-output>
        </test-method> <!-- readMimeTypes -->
        <test-method status="PASS" signature="bindArtifactoryHome()[pri:0, instance:org.artifactory.maven.MavenModelUtilsTest@3de5da76]" name="bindArtifactoryHome" is-config="true" duration-ms="4" started-at="2014-11-27T20:03:04Z" finished-at="2014-11-27T20:03:04Z">
          <reporter-output>
          </reporter-output>
        </test-method> <!-- bindArtifactoryHome -->
        <test-method status="PASS" signature="buildSnapshotMavenMetadataWithM3Metadata()[pri:0, instance:org.artifactory.maven.MavenModelUtilsTest@3de5da76]" name="buildSnapshotMavenMetadataWithM3Metadata" duration-ms="18" started-at="2014-11-27T20:03:04Z" finished-at="2014-11-27T20:03:04Z">
          <reporter-output>
          </reporter-output>
        </test-method> <!-- buildSnapshotMavenMetadataWithM3Metadata -->
        <test-method status="PASS" signature="buildSnapshotMavenMetadataWithoutM3Metadata()[pri:0, instance:org.artifactory.maven.MavenModelUtilsTest@3de5da76]" name="buildSnapshotMavenMetadataWithoutM3Metadata" duration-ms="1" started-at="2014-11-27T20:03:04Z" finished-at="2014-11-27T20:03:04Z">
          <reporter-output>
          </reporter-output>
        </test-method> <!-- buildSnapshotMavenMetadataWithoutM3Metadata -->
        <test-method status="PASS" signature="bindArtifactoryHome()[pri:0, instance:org.artifactory.maven.MavenModelUtilsTest@3de5da76]" name="bindArtifactoryHome" is-config="true" duration-ms="0" started-at="2014-11-27T20:03:04Z" finished-at="2014-11-27T20:03:04Z">
          <reporter-output>
          </reporter-output>
        </test-method> <!-- bindArtifactoryHome -->
        <test-method status="PASS" signature="unbindArtifactoryHome()[pri:0, instance:org.artifactory.maven.MavenModelUtilsTest@3de5da76]" name="unbindArtifactoryHome" is-config="true" duration-ms="0" started-at="2014-11-27T20:03:04Z" finished-at="2014-11-27T20:03:04Z">
          <reporter-output>
          </reporter-output>
        </test-method> <!-- unbindArtifactoryHome -->
        <test-method status="PASS" signature="unbindArtifactoryHome()[pri:0, instance:org.artifactory.maven.MavenModelUtilsTest@3de5da76]" name="unbindArtifactoryHome" is-config="true" duration-ms="0" started-at="2014-11-27T20:03:04Z" finished-at="2014-11-27T20:03:04Z">
          <reporter-output>
          </reporter-output>
        </test-method> <!-- unbindArtifactoryHome -->
        <test-method status="PASS" signature="bindArtifactoryHome()[pri:0, instance:org.artifactory.maven.MavenModelUtilsTest@3de5da76]" name="bindArtifactoryHome" is-config="true" duration-ms="1" started-at="2014-11-27T20:03:04Z" finished-at="2014-11-27T20:03:04Z">
          <reporter-output>
          </reporter-output>
        </test-method> <!-- bindArtifactoryHome -->
        <test-method status="PASS" signature="gavStringToInfo()[pri:0, instance:org.artifactory.maven.MavenModelUtilsTest@3de5da76]" name="gavStringToInfo" duration-ms="2" started-at="2014-11-27T20:03:04Z" finished-at="2014-11-27T20:03:04Z">
          <reporter-output>
          </reporter-output>
        </test-method> <!-- gavStringToInfo -->
        <test-method status="PASS" signature="getArtifactInfoJar()[pri:0, instance:org.artifactory.maven.MavenModelUtilsTest@3de5da76]" name="getArtifactInfoJar" duration-ms="2" started-at="2014-11-27T20:03:04Z" finished-at="2014-11-27T20:03:04Z">
          <reporter-output>
          </reporter-output>
        </test-method> <!-- getArtifactInfoJar -->
        <test-method status="PASS" signature="unbindArtifactoryHome()[pri:0, instance:org.artifactory.maven.MavenModelUtilsTest@3de5da76]" name="unbindArtifactoryHome" is-config="true" duration-ms="0" started-at="2014-11-27T20:03:04Z" finished-at="2014-11-27T20:03:04Z">
          <reporter-output>
          </reporter-output>
        </test-method> <!-- unbindArtifactoryHome -->
        <test-method status="PASS" signature="bindArtifactoryHome()[pri:0, instance:org.artifactory.maven.MavenModelUtilsTest@3de5da76]" name="bindArtifactoryHome" is-config="true" duration-ms="0" started-at="2014-11-27T20:03:04Z" finished-at="2014-11-27T20:03:04Z">
          <reporter-output>
          </reporter-output>
        </test-method> <!-- bindArtifactoryHome -->
        <test-method status="PASS" signature="bindArtifactoryHome()[pri:0, instance:org.artifactory.maven.MavenModelUtilsTest@3de5da76]" name="bindArtifactoryHome" is-config="true" duration-ms="0" started-at="2014-11-27T20:03:04Z" finished-at="2014-11-27T20:03:04Z">
          <reporter-output>
          </reporter-output>
        </test-method> <!-- bindArtifactoryHome -->
        <test-method status="PASS" signature="unbindArtifactoryHome()[pri:0, instance:org.artifactory.maven.MavenModelUtilsTest@3de5da76]" name="unbindArtifactoryHome" is-config="true" duration-ms="0" started-at="2014-11-27T20:03:04Z" finished-at="2014-11-27T20:03:04Z">
          <reporter-output>
          </reporter-output>
        </test-method> <!-- unbindArtifactoryHome -->
        <test-method status="PASS" signature="getArtifactInfoPom()[pri:0, instance:org.artifactory.maven.MavenModelUtilsTest@3de5da76]" name="getArtifactInfoPom" duration-ms="21" started-at="2014-11-27T20:03:04Z" finished-at="2014-11-27T20:03:04Z">
          <reporter-output>
          </reporter-output>
        </test-method> <!-- getArtifactInfoPom -->
        <test-method status="PASS" signature="unbindArtifactoryHome()[pri:0, instance:org.artifactory.maven.MavenModelUtilsTest@3de5da76]" name="unbindArtifactoryHome" is-config="true" duration-ms="0" started-at="2014-11-27T20:03:04Z" finished-at="2014-11-27T20:03:04Z">
          <reporter-output>
          </reporter-output>
        </test-method> <!-- unbindArtifactoryHome -->
        <test-method status="PASS" signature="bindArtifactoryHome()[pri:0, instance:org.artifactory.maven.MavenModelUtilsTest@3de5da76]" name="bindArtifactoryHome" is-config="true" duration-ms="0" started-at="2014-11-27T20:03:04Z" finished-at="2014-11-27T20:03:04Z">
          <reporter-output>
          </reporter-output>
        </test-method> <!-- bindArtifactoryHome -->
        <test-method status="PASS" signature="inputStreamToMavenMetadata()[pri:0, instance:org.artifactory.maven.MavenModelUtilsTest@3de5da76]" name="inputStreamToMavenMetadata" duration-ms="3" started-at="2014-11-27T20:03:04Z" finished-at="2014-11-27T20:03:04Z">
          <reporter-output>
          </reporter-output>
        </test-method> <!-- inputStreamToMavenMetadata -->
        <test-method status="PASS" signature="unbindArtifactoryHome()[pri:0, instance:org.artifactory.maven.MavenModelUtilsTest@3de5da76]" name="unbindArtifactoryHome" is-config="true" duration-ms="1" started-at="2014-11-27T20:03:04Z" finished-at="2014-11-27T20:03:04Z">
          <reporter-output>
          </reporter-output>
        </test-method> <!-- unbindArtifactoryHome -->
        <test-method status="PASS" signature="bindArtifactoryHome()[pri:0, instance:org.artifactory.maven.MavenModelUtilsTest@3de5da76]" name="bindArtifactoryHome" is-config="true" duration-ms="0" started-at="2014-11-27T20:03:04Z" finished-at="2014-11-27T20:03:04Z">
          <reporter-output>
          </reporter-output>
        </test-method> <!-- bindArtifactoryHome -->
        <test-method status="PASS" signature="mavenMetadataToString()[pri:0, instance:org.artifactory.maven.MavenModelUtilsTest@3de5da76]" name="mavenMetadataToString" duration-ms="3" started-at="2014-11-27T20:03:04Z" finished-at="2014-11-27T20:03:04Z">
          <reporter-output>
          </reporter-output>
        </test-method> <!-- mavenMetadataToString -->
        <test-method status="PASS" signature="unbindArtifactoryHome()[pri:0, instance:org.artifactory.maven.MavenModelUtilsTest@3de5da76]" name="unbindArtifactoryHome" is-config="true" duration-ms="1" started-at="2014-11-27T20:03:04Z" finished-at="2014-11-27T20:03:04Z">
          <reporter-output>
          </reporter-output>
        </test-method> <!-- unbindArtifactoryHome -->
        <test-method status="PASS" signature="bindArtifactoryHome()[pri:0, instance:org.artifactory.maven.MavenModelUtilsTest@3de5da76]" name="bindArtifactoryHome" is-config="true" duration-ms="0" started-at="2014-11-27T20:03:04Z" finished-at="2014-11-27T20:03:04Z">
          <reporter-output>
          </reporter-output>
        </test-method> <!-- bindArtifactoryHome -->
        <test-method status="PASS" signature="mavenModelToArtifactInfo()[pri:0, instance:org.artifactory.maven.MavenModelUtilsTest@3de5da76]" name="mavenModelToArtifactInfo" duration-ms="0" started-at="2014-11-27T20:03:04Z" finished-at="2014-11-27T20:03:04Z">
          <reporter-output>
          </reporter-output>
        </test-method> <!-- mavenModelToArtifactInfo -->
        <test-method status="PASS" signature="mavenModelToArtifactInfoGroupIdInParent()[pri:0, instance:org.artifactory.maven.MavenModelUtilsTest@3de5da76]" name="mavenModelToArtifactInfoGroupIdInParent" duration-ms="0" started-at="2014-11-27T20:03:04Z" finished-at="2014-11-27T20:03:04Z">
          <reporter-output>
          </reporter-output>
        </test-method> <!-- mavenModelToArtifactInfoGroupIdInParent -->
        <test-method status="PASS" signature="bindArtifactoryHome()[pri:0, instance:org.artifactory.maven.MavenModelUtilsTest@3de5da76]" name="bindArtifactoryHome" is-config="true" duration-ms="0" started-at="2014-11-27T20:03:04Z" finished-at="2014-11-27T20:03:04Z">
          <reporter-output>
          </reporter-output>
        </test-method> <!-- bindArtifactoryHome -->
        <test-method status="PASS" signature="unbindArtifactoryHome()[pri:0, instance:org.artifactory.maven.MavenModelUtilsTest@3de5da76]" name="unbindArtifactoryHome" is-config="true" duration-ms="0" started-at="2014-11-27T20:03:04Z" finished-at="2014-11-27T20:03:04Z">
          <reporter-output>
          </reporter-output>
        </test-method> <!-- unbindArtifactoryHome -->
        <test-method status="PASS" signature="nonValidMetadataString()[pri:0, instance:org.artifactory.maven.MavenModelUtilsTest@3de5da76]" name="nonValidMetadataString" duration-ms="1" started-at="2014-11-27T20:03:04Z" finished-at="2014-11-27T20:03:04Z">
          <exception class="java.io.IOException">
            <message>
              <![CDATA[Failed to parse metadata: start tag unexpected character < (position: START_DOCUMENT seen <metadatablabla\n<... @2:2) ]]>
            </message>
            <full-stacktrace>
              <![CDATA[java.io.IOException: Failed to parse metadata: start tag unexpected character < (position: START_DOCUMENT seen <metadatablabla\n<... @2:2) 
	at org.artifactory.maven.MavenModelUtils.toMavenMetadata(MavenModelUtils.java:137)
	at org.artifactory.maven.MavenModelUtils.toMavenMetadata(MavenModelUtils.java:111)
	at org.artifactory.maven.MavenModelUtilsTest.nonValidMetadataString(MavenModelUtilsTest.java:114)
	at sun.reflect.NativeMethodAccessorImpl.invoke0(Native Method)
	at sun.reflect.NativeMethodAccessorImpl.invoke(NativeMethodAccessorImpl.java:57)
	at sun.reflect.DelegatingMethodAccessorImpl.invoke(DelegatingMethodAccessorImpl.java:43)
	at java.lang.reflect.Method.invoke(Method.java:606)
	at org.testng.internal.MethodInvocationHelper.invokeMethod(MethodInvocationHelper.java:84)
	at org.testng.internal.Invoker.invokeMethod(Invoker.java:714)
	at org.testng.internal.Invoker.invokeTestMethod(Invoker.java:901)
	at org.testng.internal.Invoker.invokeTestMethods(Invoker.java:1231)
	at org.testng.internal.TestMethodWorker.invokeTestMethods(TestMethodWorker.java:127)
	at org.testng.internal.TestMethodWorker.run(TestMethodWorker.java:111)
	at org.testng.TestRunner.privateRun(TestRunner.java:767)
	at org.testng.TestRunner.run(TestRunner.java:617)
	at org.testng.SuiteRunner.runTest(SuiteRunner.java:334)
	at org.testng.SuiteRunner.runSequentially(SuiteRunner.java:329)
	at org.testng.SuiteRunner.privateRun(SuiteRunner.java:291)
	at org.testng.SuiteRunner.run(SuiteRunner.java:240)
	at org.testng.SuiteRunnerWorker.runSuite(SuiteRunnerWorker.java:52)
	at org.testng.SuiteRunnerWorker.run(SuiteRunnerWorker.java:86)
	at org.testng.TestNG.runSuitesSequentially(TestNG.java:1224)
	at org.testng.TestNG.runSuitesLocally(TestNG.java:1149)
	at org.testng.TestNG.run(TestNG.java:1057)
	at org.apache.maven.surefire.testng.TestNGExecutor.run(TestNGExecutor.java:91)
	at org.apache.maven.surefire.testng.TestNGDirectoryTestSuite.executeMulti(TestNGDirectoryTestSuite.java:204)
	at org.apache.maven.surefire.testng.TestNGDirectoryTestSuite.execute(TestNGDirectoryTestSuite.java:107)
	at org.apache.maven.surefire.testng.TestNGProvider.invoke(TestNGProvider.java:113)
	at org.apache.maven.surefire.booter.ForkedBooter.invokeProviderInSameClassLoader(ForkedBooter.java:200)
	at org.apache.maven.surefire.booter.ForkedBooter.runSuitesInProcess(ForkedBooter.java:153)
	at org.apache.maven.surefire.booter.ForkedBooter.main(ForkedBooter.java:103)
]]>
            </full-stacktrace>
          </exception> <!-- java.io.IOException -->
          <reporter-output>
          </reporter-output>
        </test-method> <!-- nonValidMetadataString -->
        <test-method status="PASS" signature="unbindArtifactoryHome()[pri:0, instance:org.artifactory.maven.MavenModelUtilsTest@3de5da76]" name="unbindArtifactoryHome" is-config="true" duration-ms="0" started-at="2014-11-27T20:03:04Z" finished-at="2014-11-27T20:03:04Z">
          <reporter-output>
          </reporter-output>
        </test-method> <!-- unbindArtifactoryHome -->
        <test-method status="PASS" signature="bindArtifactoryHome()[pri:0, instance:org.artifactory.maven.MavenModelUtilsTest@3de5da76]" name="bindArtifactoryHome" is-config="true" duration-ms="0" started-at="2014-11-27T20:03:04Z" finished-at="2014-11-27T20:03:04Z">
          <reporter-output>
          </reporter-output>
        </test-method> <!-- bindArtifactoryHome -->
        <test-method status="PASS" signature="unbindArtifactoryHome()[pri:0, instance:org.artifactory.maven.MavenModelUtilsTest@3de5da76]" name="unbindArtifactoryHome" is-config="true" duration-ms="0" started-at="2014-11-27T20:03:04Z" finished-at="2014-11-27T20:03:04Z">
          <reporter-output>
          </reporter-output>
        </test-method> <!-- unbindArtifactoryHome -->
        <test-method status="PASS" signature="bindArtifactoryHome()[pri:0, instance:org.artifactory.maven.MavenModelUtilsTest@3de5da76]" name="bindArtifactoryHome" is-config="true" duration-ms="0" started-at="2014-11-27T20:03:04Z" finished-at="2014-11-27T20:03:04Z">
          <reporter-output>
          </reporter-output>
        </test-method> <!-- bindArtifactoryHome -->
        <test-method status="PASS" signature="readNewMaven3MetadataFormat()[pri:0, instance:org.artifactory.maven.MavenModelUtilsTest@3de5da76]" name="readNewMaven3MetadataFormat" duration-ms="1" started-at="2014-11-27T20:03:04Z" finished-at="2014-11-27T20:03:04Z">
          <reporter-output>
          </reporter-output>
        </test-method> <!-- readNewMaven3MetadataFormat -->
        <test-method status="PASS" signature="unbindArtifactoryHome()[pri:0, instance:org.artifactory.maven.MavenModelUtilsTest@3de5da76]" name="unbindArtifactoryHome" is-config="true" duration-ms="0" started-at="2014-11-27T20:03:04Z" finished-at="2014-11-27T20:03:04Z">
          <reporter-output>
          </reporter-output>
        </test-method> <!-- unbindArtifactoryHome -->
        <test-method status="PASS" signature="testToMaven1PathMd5()[pri:0, instance:org.artifactory.maven.MavenModelUtilsTest@3de5da76]" name="testToMaven1PathMd5" duration-ms="1" started-at="2014-11-27T20:03:04Z" finished-at="2014-11-27T20:03:04Z">
          <reporter-output>
          </reporter-output>
        </test-method> <!-- testToMaven1PathMd5 -->
        <test-method status="PASS" signature="testToMaven1Path()[pri:0, instance:org.artifactory.maven.MavenModelUtilsTest@3de5da76]" name="testToMaven1Path" duration-ms="0" started-at="2014-11-27T20:03:04Z" finished-at="2014-11-27T20:03:04Z">
          <reporter-output>
          </reporter-output>
        </test-method> <!-- testToMaven1Path -->
        <test-method status="PASS" signature="bindArtifactoryHome()[pri:0, instance:org.artifactory.maven.MavenModelUtilsTest@3de5da76]" name="bindArtifactoryHome" is-config="true" duration-ms="0" started-at="2014-11-27T20:03:04Z" finished-at="2014-11-27T20:03:04Z">
          <reporter-output>
          </reporter-output>
        </test-method> <!-- bindArtifactoryHome -->
        <test-method status="PASS" signature="unbindArtifactoryHome()[pri:0, instance:org.artifactory.maven.MavenModelUtilsTest@3de5da76]" name="unbindArtifactoryHome" is-config="true" duration-ms="0" started-at="2014-11-27T20:03:04Z" finished-at="2014-11-27T20:03:04Z">
          <reporter-output>
          </reporter-output>
        </test-method> <!-- unbindArtifactoryHome -->
        <test-method status="PASS" signature="bindArtifactoryHome()[pri:0, instance:org.artifactory.maven.MavenModelUtilsTest@3de5da76]" name="bindArtifactoryHome" is-config="true" duration-ms="0" started-at="2014-11-27T20:03:04Z" finished-at="2014-11-27T20:03:04Z">
          <reporter-output>
          </reporter-output>
        </test-method> <!-- bindArtifactoryHome -->
        <test-method status="PASS" signature="testToMaven1PathPom()[pri:0, instance:org.artifactory.maven.MavenModelUtilsTest@3de5da76]" name="testToMaven1PathPom" duration-ms="0" started-at="2014-11-27T20:03:04Z" finished-at="2014-11-27T20:03:04Z">
          <reporter-output>
          </reporter-output>
        </test-method> <!-- testToMaven1PathPom -->
        <test-method status="PASS" signature="bindArtifactoryHome()[pri:0, instance:org.artifactory.maven.MavenModelUtilsTest@3de5da76]" name="bindArtifactoryHome" is-config="true" duration-ms="0" started-at="2014-11-27T20:03:04Z" finished-at="2014-11-27T20:03:04Z">
          <reporter-output>
          </reporter-output>
        </test-method> <!-- bindArtifactoryHome -->
        <test-method status="PASS" signature="bindArtifactoryHome()[pri:0, instance:org.artifactory.maven.MavenModelUtilsTest@3de5da76]" name="bindArtifactoryHome" is-config="true" duration-ms="1" started-at="2014-11-27T20:03:04Z" finished-at="2014-11-27T20:03:04Z">
          <reporter-output>
          </reporter-output>
        </test-method> <!-- bindArtifactoryHome -->
        <test-method status="PASS" signature="unbindArtifactoryHome()[pri:0, instance:org.artifactory.maven.MavenModelUtilsTest@3de5da76]" name="unbindArtifactoryHome" is-config="true" duration-ms="0" started-at="2014-11-27T20:03:04Z" finished-at="2014-11-27T20:03:04Z">
          <reporter-output>
          </reporter-output>
        </test-method> <!-- unbindArtifactoryHome -->
        <test-method status="PASS" signature="unbindArtifactoryHome()[pri:0, instance:org.artifactory.maven.MavenModelUtilsTest@3de5da76]" name="unbindArtifactoryHome" is-config="true" duration-ms="0" started-at="2014-11-27T20:03:04Z" finished-at="2014-11-27T20:03:04Z">
          <reporter-output>
          </reporter-output>
        </test-method> <!-- unbindArtifactoryHome -->
        <test-method status="PASS" signature="bindArtifactoryHome()[pri:0, instance:org.artifactory.maven.MavenModelUtilsTest@3de5da76]" name="bindArtifactoryHome" is-config="true" duration-ms="1" started-at="2014-11-27T20:03:04Z" finished-at="2014-11-27T20:03:04Z">
          <reporter-output>
          </reporter-output>
        </test-method> <!-- bindArtifactoryHome -->
        <test-method status="PASS" signature="unbindArtifactoryHome()[pri:0, instance:org.artifactory.maven.MavenModelUtilsTest@3de5da76]" name="unbindArtifactoryHome" is-config="true" duration-ms="0" started-at="2014-11-27T20:03:04Z" finished-at="2014-11-27T20:03:04Z">
          <reporter-output>
          </reporter-output>
        </test-method> <!-- unbindArtifactoryHome -->
        <test-method status="PASS" signature="testToMaven1PathSha1()[pri:0, instance:org.artifactory.maven.MavenModelUtilsTest@3de5da76]" name="testToMaven1PathSha1" duration-ms="0" started-at="2014-11-27T20:03:04Z" finished-at="2014-11-27T20:03:04Z">
          <reporter-output>
          </reporter-output>
        </test-method> <!-- testToMaven1PathSha1 -->
        <test-method status="PASS" signature="validStringToMetadata()[pri:0, instance:org.artifactory.maven.MavenModelUtilsTest@3de5da76]" name="validStringToMetadata" duration-ms="0" started-at="2014-11-27T20:03:04Z" finished-at="2014-11-27T20:03:04Z">
          <reporter-output>
          </reporter-output>
        </test-method> <!-- validStringToMetadata -->
        <test-method status="PASS" signature="unbindArtifactoryHome()[pri:0, instance:org.artifactory.maven.MavenModelUtilsTest@3de5da76]" name="unbindArtifactoryHome" is-config="true" duration-ms="0" started-at="2014-11-27T20:03:04Z" finished-at="2014-11-27T20:03:04Z">
          <reporter-output>
          </reporter-output>
        </test-method> <!-- unbindArtifactoryHome -->
        <test-method status="PASS" signature="validStringToMetadataNoVersioning()[pri:0, instance:org.artifactory.maven.MavenModelUtilsTest@3de5da76]" name="validStringToMetadataNoVersioning" duration-ms="0" started-at="2014-11-27T20:03:04Z" finished-at="2014-11-27T20:03:04Z">
          <reporter-output>
          </reporter-output>
        </test-method> <!-- validStringToMetadataNoVersioning -->
        <test-method status="PASS" signature="bindArtifactoryHome()[pri:0, instance:org.artifactory.maven.MavenModelUtilsTest@3de5da76]" name="bindArtifactoryHome" is-config="true" duration-ms="0" started-at="2014-11-27T20:03:04Z" finished-at="2014-11-27T20:03:04Z">
          <reporter-output>
          </reporter-output>
        </test-method> <!-- bindArtifactoryHome -->
        <test-method status="PASS" signature="unbindArtifactoryHome()[pri:0, instance:org.artifactory.maven.MavenModelUtilsTest@3de5da76]" name="unbindArtifactoryHome" is-config="true" duration-ms="0" started-at="2014-11-27T20:03:04Z" finished-at="2014-11-27T20:03:04Z">
          <reporter-output>
          </reporter-output>
        </test-method> <!-- unbindArtifactoryHome -->
      </class> <!-- org.artifactory.maven.MavenModelUtilsTest -->
    </test> <!-- Command line test 237f9320-8ae1-4f93-a261-8b4551d6a118 -->
  </suite> <!-- org.artifactory.maven.MavenModelUtilsTest -->
  <suite name="org.artifactory.security.SecurityEntityListItemTest" duration-ms="0" started-at="2014-11-27T18:03:05Z" finished-at="2014-11-27T18:03:05Z">
    <groups>
    </groups>
    <test name="Command line test 97e0e2cf-be7f-4122-ae79-60baaa94e265" duration-ms="0" started-at="2014-11-27T18:03:05Z" finished-at="2014-11-27T18:03:05Z">
      <class name="org.artifactory.security.SecurityEntityListItemTest">
        <test-method status="PASS" signature="testSetters()[pri:0, instance:org.artifactory.security.SecurityEntityListItemTest@4fd654da]" name="testSetters" duration-ms="0" started-at="2014-11-27T20:03:05Z" finished-at="2014-11-27T20:03:05Z">
          <reporter-output>
          </reporter-output>
        </test-method> <!-- testSetters -->
        <test-method status="PASS" signature="testDefaultValues()[pri:0, instance:org.artifactory.security.SecurityEntityListItemTest@4fd654da]" name="testDefaultValues" duration-ms="0" started-at="2014-11-27T20:03:05Z" finished-at="2014-11-27T20:03:05Z">
          <reporter-output>
          </reporter-output>
        </test-method> <!-- testDefaultValues -->
      </class> <!-- org.artifactory.security.SecurityEntityListItemTest -->
    </test> <!-- Command line test 97e0e2cf-be7f-4122-ae79-60baaa94e265 -->
  </suite> <!-- org.artifactory.security.SecurityEntityListItemTest -->
  <suite name="org.artifactory.build.BuildInfoIOTest" duration-ms="269" started-at="2014-11-27T18:03:03Z" finished-at="2014-11-27T18:03:04Z">
    <groups>
    </groups>
    <test name="Command line test db445aea-1abb-499f-8a34-5b47cd252a1f" duration-ms="269" started-at="2014-11-27T18:03:03Z" finished-at="2014-11-27T18:03:04Z">
      <class name="org.artifactory.build.BuildInfoIOTest">
        <test-method status="PASS" signature="generateFromObject()[pri:0, instance:org.artifactory.build.BuildInfoIOTest@3d8b697e]" name="generateFromObject" duration-ms="269" started-at="2014-11-27T20:03:03Z" finished-at="2014-11-27T20:03:04Z">
          <reporter-output>
          </reporter-output>
        </test-method> <!-- generateFromObject -->
      </class> <!-- org.artifactory.build.BuildInfoIOTest -->
    </test> <!-- Command line test db445aea-1abb-499f-8a34-5b47cd252a1f -->
  </suite> <!-- org.artifactory.build.BuildInfoIOTest -->
  <suite name="org.artifactory.util.TimeUnitFormatTest" duration-ms="3" started-at="2014-11-27T18:03:05Z" finished-at="2014-11-27T18:03:05Z">
    <groups>
    </groups>
    <test name="Command line test 8573df6c-3861-427c-b6a4-955f5ae1b0e7" duration-ms="3" started-at="2014-11-27T18:03:05Z" finished-at="2014-11-27T18:03:05Z">
      <class name="org.artifactory.util.TimeUnitFormatTest">
        <test-method status="PASS" signature="stillNanos()[pri:0, instance:org.artifactory.util.TimeUnitFormatTest@fbc1982]" name="stillNanos" duration-ms="1" started-at="2014-11-27T20:03:05Z" finished-at="2014-11-27T20:03:05Z">
          <reporter-output>
          </reporter-output>
        </test-method> <!-- stillNanos -->
        <test-method status="PASS" signature="toMillis()[pri:0, instance:org.artifactory.util.TimeUnitFormatTest@fbc1982]" name="toMillis" duration-ms="1" started-at="2014-11-27T20:03:05Z" finished-at="2014-11-27T20:03:05Z">
          <reporter-output>
          </reporter-output>
        </test-method> <!-- toMillis -->
        <test-method status="PASS" signature="toSeconds()[pri:0, instance:org.artifactory.util.TimeUnitFormatTest@fbc1982]" name="toSeconds" duration-ms="0" started-at="2014-11-27T20:03:05Z" finished-at="2014-11-27T20:03:05Z">
          <reporter-output>
          </reporter-output>
        </test-method> <!-- toSeconds -->
        <test-method status="PASS" signature="toMinutes()[pri:0, instance:org.artifactory.util.TimeUnitFormatTest@fbc1982]" name="toMinutes" duration-ms="0" started-at="2014-11-27T20:03:05Z" finished-at="2014-11-27T20:03:05Z">
          <reporter-output>
          </reporter-output>
        </test-method> <!-- toMinutes -->
        <test-method status="PASS" signature="toSecondsWithMillisecondTimeUnit()[pri:0, instance:org.artifactory.util.TimeUnitFormatTest@fbc1982]" name="toSecondsWithMillisecondTimeUnit" duration-ms="0" started-at="2014-11-27T20:03:05Z" finished-at="2014-11-27T20:03:05Z">
          <reporter-output>
          </reporter-output>
        </test-method> <!-- toSecondsWithMillisecondTimeUnit -->
      </class> <!-- org.artifactory.util.TimeUnitFormatTest -->
    </test> <!-- Command line test 8573df6c-3861-427c-b6a4-955f5ae1b0e7 -->
  </suite> <!-- org.artifactory.util.TimeUnitFormatTest -->
  <suite name="org.artifactory.maven.MavenPomBuilderTest" duration-ms="1" started-at="2014-11-27T18:03:04Z" finished-at="2014-11-27T18:03:04Z">
    <groups>
    </groups>
    <test name="Command line test 8337d191-616f-4942-ba86-a3c957853da0" duration-ms="1" started-at="2014-11-27T18:03:04Z" finished-at="2014-11-27T18:03:04Z">
      <class name="org.artifactory.maven.MavenPomBuilderTest">
        <test-method status="PASS" signature="buildSimple()[pri:0, instance:org.artifactory.maven.MavenPomBuilderTest@64030c4]" name="buildSimple" duration-ms="0" started-at="2014-11-27T20:03:04Z" finished-at="2014-11-27T20:03:04Z">
          <reporter-output>
          </reporter-output>
        </test-method> <!-- buildSimple -->
      </class> <!-- org.artifactory.maven.MavenPomBuilderTest -->
    </test> <!-- Command line test 8337d191-616f-4942-ba86-a3c957853da0 -->
  </suite> <!-- org.artifactory.maven.MavenPomBuilderTest -->
  <suite name="org.artifactory.maven.MavenNamingTest" duration-ms="48" started-at="2014-11-27T18:03:04Z" finished-at="2014-11-27T18:03:04Z">
    <groups>
    </groups>
    <test name="Command line test 1bcc47f4-1f53-412e-a462-0d2bf624880f" duration-ms="48" started-at="2014-11-27T18:03:04Z" finished-at="2014-11-27T18:03:04Z">
      <class name="org.artifactory.maven.MavenNamingTest">
        <test-method status="PASS" signature="readMimeTypes()[pri:0, instance:org.artifactory.maven.MavenNamingTest@674b4735]" name="readMimeTypes" is-config="true" duration-ms="16" started-at="2014-11-27T20:03:04Z" finished-at="2014-11-27T20:03:04Z">
          <reporter-output>
          </reporter-output>
        </test-method> <!-- readMimeTypes -->
        <test-method status="PASS" signature="bindArtifactoryHome()[pri:0, instance:org.artifactory.maven.MavenNamingTest@674b4735]" name="bindArtifactoryHome" is-config="true" duration-ms="1" started-at="2014-11-27T20:03:04Z" finished-at="2014-11-27T20:03:04Z">
          <reporter-output>
          </reporter-output>
        </test-method> <!-- bindArtifactoryHome -->
        <test-method status="PASS" signature="unbindArtifactoryHome()[pri:0, instance:org.artifactory.maven.MavenNamingTest@674b4735]" name="unbindArtifactoryHome" is-config="true" duration-ms="1" started-at="2014-11-27T20:03:04Z" finished-at="2014-11-27T20:03:04Z">
          <reporter-output>
          </reporter-output>
        </test-method> <!-- unbindArtifactoryHome -->
        <test-method status="PASS" signature="artifactWithAlphaNumberArtifactId(java.lang.String)[pri:0, instance:org.artifactory.maven.MavenNamingTest@674b4735]" name="artifactWithAlphaNumberArtifactId" duration-ms="0" started-at="2014-11-27T20:03:04Z" data-provider="artifactWithAlphaNumberArtifactId" finished-at="2014-11-27T20:03:04Z">
          <params>
            <param index="0">
              <value>
                <![CDATA[artifactId1231]]>
              </value>
            </param>
          </params>
          <reporter-output>
          </reporter-output>
        </test-method> <!-- artifactWithAlphaNumberArtifactId -->
        <test-method status="PASS" signature="unbindArtifactoryHome()[pri:0, instance:org.artifactory.maven.MavenNamingTest@674b4735]" name="unbindArtifactoryHome" is-config="true" duration-ms="0" started-at="2014-11-27T20:03:04Z" finished-at="2014-11-27T20:03:04Z">
          <reporter-output>
          </reporter-output>
        </test-method> <!-- unbindArtifactoryHome -->
        <test-method status="PASS" signature="bindArtifactoryHome()[pri:0, instance:org.artifactory.maven.MavenNamingTest@674b4735]" name="bindArtifactoryHome" is-config="true" duration-ms="0" started-at="2014-11-27T20:03:04Z" finished-at="2014-11-27T20:03:04Z">
          <reporter-output>
          </reporter-output>
        </test-method> <!-- bindArtifactoryHome -->
        <test-method status="PASS" signature="bindArtifactoryHome()[pri:0, instance:org.artifactory.maven.MavenNamingTest@674b4735]" name="bindArtifactoryHome" is-config="true" duration-ms="0" started-at="2014-11-27T20:03:04Z" finished-at="2014-11-27T20:03:04Z">
          <reporter-output>
          </reporter-output>
        </test-method> <!-- bindArtifactoryHome -->
        <test-method status="PASS" signature="artifactWithAlphaNumberArtifactId(java.lang.String)[pri:0, instance:org.artifactory.maven.MavenNamingTest@674b4735]" name="artifactWithAlphaNumberArtifactId" duration-ms="0" started-at="2014-11-27T20:03:04Z" data-provider="artifactWithAlphaNumberArtifactId" finished-at="2014-11-27T20:03:04Z">
          <params>
            <param index="0">
              <value>
                <![CDATA[1213artifactId]]>
              </value>
            </param>
          </params>
          <reporter-output>
          </reporter-output>
        </test-method> <!-- artifactWithAlphaNumberArtifactId -->
        <test-method status="PASS" signature="artifactWithAlphaNumberArtifactId(java.lang.String)[pri:0, instance:org.artifactory.maven.MavenNamingTest@674b4735]" name="artifactWithAlphaNumberArtifactId" duration-ms="0" started-at="2014-11-27T20:03:04Z" data-provider="artifactWithAlphaNumberArtifactId" finished-at="2014-11-27T20:03:04Z">
          <params>
            <param index="0">
              <value>
                <![CDATA[1213artifactId1231]]>
              </value>
            </param>
          </params>
          <reporter-output>
          </reporter-output>
        </test-method> <!-- artifactWithAlphaNumberArtifactId -->
        <test-method status="PASS" signature="unbindArtifactoryHome()[pri:0, instance:org.artifactory.maven.MavenNamingTest@674b4735]" name="unbindArtifactoryHome" is-config="true" duration-ms="0" started-at="2014-11-27T20:03:04Z" finished-at="2014-11-27T20:03:04Z">
          <reporter-output>
          </reporter-output>
        </test-method> <!-- unbindArtifactoryHome -->
        <test-method status="PASS" signature="bindArtifactoryHome()[pri:0, instance:org.artifactory.maven.MavenNamingTest@674b4735]" name="bindArtifactoryHome" is-config="true" duration-ms="0" started-at="2014-11-27T20:03:04Z" finished-at="2014-11-27T20:03:04Z">
          <reporter-output>
          </reporter-output>
        </test-method> <!-- bindArtifactoryHome -->
        <test-method status="PASS" signature="artifactWithAlphaNumericClassifier(java.lang.String)[pri:0, instance:org.artifactory.maven.MavenNamingTest@674b4735]" name="artifactWithAlphaNumericClassifier" duration-ms="0" started-at="2014-11-27T20:03:04Z" data-provider="artifactWithAlphaNumericClassifier" finished-at="2014-11-27T20:03:04Z">
          <params>
            <param index="0">
              <value>
                <![CDATA[classifier123]]>
              </value>
            </param>
          </params>
          <reporter-output>
          </reporter-output>
        </test-method> <!-- artifactWithAlphaNumericClassifier -->
        <test-method status="PASS" signature="artifactWithAlphaNumericClassifier(java.lang.String)[pri:0, instance:org.artifactory.maven.MavenNamingTest@674b4735]" name="artifactWithAlphaNumericClassifier" duration-ms="0" started-at="2014-11-27T20:03:04Z" data-provider="artifactWithAlphaNumericClassifier" finished-at="2014-11-27T20:03:04Z">
          <params>
            <param index="0">
              <value>
                <![CDATA[123classifier]]>
              </value>
            </param>
          </params>
          <reporter-output>
          </reporter-output>
        </test-method> <!-- artifactWithAlphaNumericClassifier -->
        <test-method status="PASS" signature="unbindArtifactoryHome()[pri:0, instance:org.artifactory.maven.MavenNamingTest@674b4735]" name="unbindArtifactoryHome" is-config="true" duration-ms="0" started-at="2014-11-27T20:03:04Z" finished-at="2014-11-27T20:03:04Z">
          <reporter-output>
          </reporter-output>
        </test-method> <!-- unbindArtifactoryHome -->
        <test-method status="PASS" signature="unbindArtifactoryHome()[pri:0, instance:org.artifactory.maven.MavenNamingTest@674b4735]" name="unbindArtifactoryHome" is-config="true" duration-ms="0" started-at="2014-11-27T20:03:04Z" finished-at="2014-11-27T20:03:04Z">
          <reporter-output>
          </reporter-output>
        </test-method> <!-- unbindArtifactoryHome -->
        <test-method status="PASS" signature="bindArtifactoryHome()[pri:0, instance:org.artifactory.maven.MavenNamingTest@674b4735]" name="bindArtifactoryHome" is-config="true" duration-ms="0" started-at="2014-11-27T20:03:04Z" finished-at="2014-11-27T20:03:04Z">
          <reporter-output>
          </reporter-output>
        </test-method> <!-- bindArtifactoryHome -->
        <test-method status="PASS" signature="bindArtifactoryHome()[pri:0, instance:org.artifactory.maven.MavenNamingTest@674b4735]" name="bindArtifactoryHome" is-config="true" duration-ms="1" started-at="2014-11-27T20:03:04Z" finished-at="2014-11-27T20:03:04Z">
          <reporter-output>
          </reporter-output>
        </test-method> <!-- bindArtifactoryHome -->
        <test-method status="PASS" signature="unbindArtifactoryHome()[pri:0, instance:org.artifactory.maven.MavenNamingTest@674b4735]" name="unbindArtifactoryHome" is-config="true" duration-ms="0" started-at="2014-11-27T20:03:04Z" finished-at="2014-11-27T20:03:04Z">
          <reporter-output>
          </reporter-output>
        </test-method> <!-- unbindArtifactoryHome -->
        <test-method status="PASS" signature="bindArtifactoryHome()[pri:0, instance:org.artifactory.maven.MavenNamingTest@674b4735]" name="bindArtifactoryHome" is-config="true" duration-ms="0" started-at="2014-11-27T20:03:04Z" finished-at="2014-11-27T20:03:04Z">
          <reporter-output>
          </reporter-output>
        </test-method> <!-- bindArtifactoryHome -->
        <test-method status="PASS" signature="artifactWithAlphaNumericVersion(java.lang.String)[pri:0, instance:org.artifactory.maven.MavenNamingTest@674b4735]" name="artifactWithAlphaNumericVersion" duration-ms="0" started-at="2014-11-27T20:03:04Z" data-provider="artifactWithAlphaNumericVersion" finished-at="2014-11-27T20:03:04Z">
          <params>
            <param index="0">
              <value>
                <![CDATA[1.0alpha]]>
              </value>
            </param>
          </params>
          <reporter-output>
          </reporter-output>
        </test-method> <!-- artifactWithAlphaNumericVersion -->
        <test-method status="PASS" signature="artifactWithClassifier()[pri:0, instance:org.artifactory.maven.MavenNamingTest@674b4735]" name="artifactWithClassifier" duration-ms="0" started-at="2014-11-27T20:03:04Z" finished-at="2014-11-27T20:03:04Z">
          <reporter-output>
          </reporter-output>
        </test-method> <!-- artifactWithClassifier -->
        <test-method status="PASS" signature="bindArtifactoryHome()[pri:0, instance:org.artifactory.maven.MavenNamingTest@674b4735]" name="bindArtifactoryHome" is-config="true" duration-ms="0" started-at="2014-11-27T20:03:04Z" finished-at="2014-11-27T20:03:04Z">
          <reporter-output>
          </reporter-output>
        </test-method> <!-- bindArtifactoryHome -->
        <test-method status="PASS" signature="artifactWithLongExtension()[pri:0, instance:org.artifactory.maven.MavenNamingTest@674b4735]" name="artifactWithLongExtension" duration-ms="0" started-at="2014-11-27T20:03:04Z" finished-at="2014-11-27T20:03:04Z">
          <reporter-output>
          </reporter-output>
        </test-method> <!-- artifactWithLongExtension -->
        <test-method status="PASS" signature="unbindArtifactoryHome()[pri:0, instance:org.artifactory.maven.MavenNamingTest@674b4735]" name="unbindArtifactoryHome" is-config="true" duration-ms="0" started-at="2014-11-27T20:03:04Z" finished-at="2014-11-27T20:03:04Z">
          <reporter-output>
          </reporter-output>
        </test-method> <!-- unbindArtifactoryHome -->
        <test-method status="PASS" signature="unbindArtifactoryHome()[pri:0, instance:org.artifactory.maven.MavenNamingTest@674b4735]" name="unbindArtifactoryHome" is-config="true" duration-ms="0" started-at="2014-11-27T20:03:04Z" finished-at="2014-11-27T20:03:04Z">
          <reporter-output>
          </reporter-output>
        </test-method> <!-- unbindArtifactoryHome -->
        <test-method status="PASS" signature="artifactWithMultipleArtifactIds(java.lang.String)[pri:0, instance:org.artifactory.maven.MavenNamingTest@674b4735]" name="artifactWithMultipleArtifactIds" duration-ms="0" started-at="2014-11-27T20:03:04Z" data-provider="artifactWithMultipleArtifactIds" finished-at="2014-11-27T20:03:04Z">
          <params>
            <param index="0">
              <value>
                <![CDATA[artifactId-artifactId]]>
              </value>
            </param>
          </params>
          <reporter-output>
          </reporter-output>
        </test-method> <!-- artifactWithMultipleArtifactIds -->
        <test-method status="PASS" signature="bindArtifactoryHome()[pri:0, instance:org.artifactory.maven.MavenNamingTest@674b4735]" name="bindArtifactoryHome" is-config="true" duration-ms="0" started-at="2014-11-27T20:03:04Z" finished-at="2014-11-27T20:03:04Z">
          <reporter-output>
          </reporter-output>
        </test-method> <!-- bindArtifactoryHome -->
        <test-method status="PASS" signature="unbindArtifactoryHome()[pri:0, instance:org.artifactory.maven.MavenNamingTest@674b4735]" name="unbindArtifactoryHome" is-config="true" duration-ms="1" started-at="2014-11-27T20:03:04Z" finished-at="2014-11-27T20:03:04Z">
          <reporter-output>
          </reporter-output>
        </test-method> <!-- unbindArtifactoryHome -->
        <test-method status="PASS" signature="bindArtifactoryHome()[pri:0, instance:org.artifactory.maven.MavenNamingTest@674b4735]" name="bindArtifactoryHome" is-config="true" duration-ms="0" started-at="2014-11-27T20:03:04Z" finished-at="2014-11-27T20:03:04Z">
          <reporter-output>
          </reporter-output>
        </test-method> <!-- bindArtifactoryHome -->
        <test-method status="PASS" signature="artifactWithMultipleArtifactIds(java.lang.String)[pri:0, instance:org.artifactory.maven.MavenNamingTest@674b4735]" name="artifactWithMultipleArtifactIds" duration-ms="0" started-at="2014-11-27T20:03:04Z" data-provider="artifactWithMultipleArtifactIds" finished-at="2014-11-27T20:03:04Z">
          <params>
            <param index="0">
              <value>
                <![CDATA[artifactId2-artifactId]]>
              </value>
            </param>
          </params>
          <reporter-output>
          </reporter-output>
        </test-method> <!-- artifactWithMultipleArtifactIds -->
        <test-method status="PASS" signature="artifactWithMultipleArtifactIds(java.lang.String)[pri:0, instance:org.artifactory.maven.MavenNamingTest@674b4735]" name="artifactWithMultipleArtifactIds" duration-ms="1" started-at="2014-11-27T20:03:04Z" data-provider="artifactWithMultipleArtifactIds" finished-at="2014-11-27T20:03:04Z">
          <params>
            <param index="0">
              <value>
                <![CDATA[artifactId-artifactId2]]>
              </value>
            </param>
          </params>
          <reporter-output>
          </reporter-output>
        </test-method> <!-- artifactWithMultipleArtifactIds -->
        <test-method status="PASS" signature="bindArtifactoryHome()[pri:0, instance:org.artifactory.maven.MavenNamingTest@674b4735]" name="bindArtifactoryHome" is-config="true" duration-ms="0" started-at="2014-11-27T20:03:04Z" finished-at="2014-11-27T20:03:04Z">
          <reporter-output>
          </reporter-output>
        </test-method> <!-- bindArtifactoryHome -->
        <test-method status="PASS" signature="unbindArtifactoryHome()[pri:0, instance:org.artifactory.maven.MavenNamingTest@674b4735]" name="unbindArtifactoryHome" is-config="true" duration-ms="0" started-at="2014-11-27T20:03:04Z" finished-at="2014-11-27T20:03:04Z">
          <reporter-output>
          </reporter-output>
        </test-method> <!-- unbindArtifactoryHome -->
        <test-method status="PASS" signature="unbindArtifactoryHome()[pri:0, instance:org.artifactory.maven.MavenNamingTest@674b4735]" name="unbindArtifactoryHome" is-config="true" duration-ms="0" started-at="2014-11-27T20:03:04Z" finished-at="2014-11-27T20:03:04Z">
          <reporter-output>
          </reporter-output>
        </test-method> <!-- unbindArtifactoryHome -->
        <test-method status="PASS" signature="bindArtifactoryHome()[pri:0, instance:org.artifactory.maven.MavenNamingTest@674b4735]" name="bindArtifactoryHome" is-config="true" duration-ms="0" started-at="2014-11-27T20:03:04Z" finished-at="2014-11-27T20:03:04Z">
          <reporter-output>
          </reporter-output>
        </test-method> <!-- bindArtifactoryHome -->
        <test-method status="PASS" signature="artifactWithMultipleArtifactIds(java.lang.String)[pri:0, instance:org.artifactory.maven.MavenNamingTest@674b4735]" name="artifactWithMultipleArtifactIds" duration-ms="0" started-at="2014-11-27T20:03:04Z" data-provider="artifactWithMultipleArtifactIds" finished-at="2014-11-27T20:03:04Z">
          <params>
            <param index="0">
              <value>
                <![CDATA[artifactId2-artifactId2]]>
              </value>
            </param>
          </params>
          <reporter-output>
          </reporter-output>
        </test-method> <!-- artifactWithMultipleArtifactIds -->
        <test-method status="PASS" signature="unbindArtifactoryHome()[pri:0, instance:org.artifactory.maven.MavenNamingTest@674b4735]" name="unbindArtifactoryHome" is-config="true" duration-ms="1" started-at="2014-11-27T20:03:04Z" finished-at="2014-11-27T20:03:04Z">
          <reporter-output>
          </reporter-output>
        </test-method> <!-- unbindArtifactoryHome -->
        <test-method status="PASS" signature="bindArtifactoryHome()[pri:0, instance:org.artifactory.maven.MavenNamingTest@674b4735]" name="bindArtifactoryHome" is-config="true" duration-ms="1" started-at="2014-11-27T20:03:04Z" finished-at="2014-11-27T20:03:04Z">
          <reporter-output>
          </reporter-output>
        </test-method> <!-- bindArtifactoryHome -->
        <test-method status="PASS" signature="artifactWithMultipleArtifactIds(java.lang.String)[pri:0, instance:org.artifactory.maven.MavenNamingTest@674b4735]" name="artifactWithMultipleArtifactIds" duration-ms="0" started-at="2014-11-27T20:03:04Z" data-provider="artifactWithMultipleArtifactIds" finished-at="2014-11-27T20:03:04Z">
          <params>
            <param index="0">
              <value>
                <![CDATA[2artifactId-artifactId]]>
              </value>
            </param>
          </params>
          <reporter-output>
          </reporter-output>
        </test-method> <!-- artifactWithMultipleArtifactIds -->
        <test-method status="PASS" signature="unbindArtifactoryHome()[pri:0, instance:org.artifactory.maven.MavenNamingTest@674b4735]" name="unbindArtifactoryHome" is-config="true" duration-ms="0" started-at="2014-11-27T20:03:04Z" finished-at="2014-11-27T20:03:04Z">
          <reporter-output>
          </reporter-output>
        </test-method> <!-- unbindArtifactoryHome -->
        <test-method status="PASS" signature="bindArtifactoryHome()[pri:0, instance:org.artifactory.maven.MavenNamingTest@674b4735]" name="bindArtifactoryHome" is-config="true" duration-ms="0" started-at="2014-11-27T20:03:04Z" finished-at="2014-11-27T20:03:04Z">
          <reporter-output>
          </reporter-output>
        </test-method> <!-- bindArtifactoryHome -->
        <test-method status="PASS" signature="unbindArtifactoryHome()[pri:0, instance:org.artifactory.maven.MavenNamingTest@674b4735]" name="unbindArtifactoryHome" is-config="true" duration-ms="1" started-at="2014-11-27T20:03:04Z" finished-at="2014-11-27T20:03:04Z">
          <reporter-output>
          </reporter-output>
        </test-method> <!-- unbindArtifactoryHome -->
        <test-method status="PASS" signature="artifactWithNoClassifier()[pri:0, instance:org.artifactory.maven.MavenNamingTest@674b4735]" name="artifactWithNoClassifier" duration-ms="0" started-at="2014-11-27T20:03:04Z" finished-at="2014-11-27T20:03:04Z">
          <reporter-output>
          </reporter-output>
        </test-method> <!-- artifactWithNoClassifier -->
        <test-method status="PASS" signature="bindArtifactoryHome()[pri:0, instance:org.artifactory.maven.MavenNamingTest@674b4735]" name="bindArtifactoryHome" is-config="true" duration-ms="0" started-at="2014-11-27T20:03:04Z" finished-at="2014-11-27T20:03:04Z">
          <reporter-output>
          </reporter-output>
        </test-method> <!-- bindArtifactoryHome -->
        <test-method status="PASS" signature="artifactWithNumericArtifactId()[pri:0, instance:org.artifactory.maven.MavenNamingTest@674b4735]" name="artifactWithNumericArtifactId" duration-ms="0" started-at="2014-11-27T20:03:04Z" finished-at="2014-11-27T20:03:04Z">
          <reporter-output>
          </reporter-output>
        </test-method> <!-- artifactWithNumericArtifactId -->
        <test-method status="PASS" signature="unbindArtifactoryHome()[pri:0, instance:org.artifactory.maven.MavenNamingTest@674b4735]" name="unbindArtifactoryHome" is-config="true" duration-ms="0" started-at="2014-11-27T20:03:04Z" finished-at="2014-11-27T20:03:04Z">
          <reporter-output>
          </reporter-output>
        </test-method> <!-- unbindArtifactoryHome -->
        <test-method status="PASS" signature="unbindArtifactoryHome()[pri:0, instance:org.artifactory.maven.MavenNamingTest@674b4735]" name="unbindArtifactoryHome" is-config="true" duration-ms="0" started-at="2014-11-27T20:03:04Z" finished-at="2014-11-27T20:03:04Z">
          <reporter-output>
          </reporter-output>
        </test-method> <!-- unbindArtifactoryHome -->
        <test-method status="PASS" signature="artifactWithNumericClassifier()[pri:0, instance:org.artifactory.maven.MavenNamingTest@674b4735]" name="artifactWithNumericClassifier" duration-ms="0" started-at="2014-11-27T20:03:04Z" finished-at="2014-11-27T20:03:04Z">
          <reporter-output>
          </reporter-output>
        </test-method> <!-- artifactWithNumericClassifier -->
        <test-method status="PASS" signature="bindArtifactoryHome()[pri:0, instance:org.artifactory.maven.MavenNamingTest@674b4735]" name="bindArtifactoryHome" is-config="true" duration-ms="0" started-at="2014-11-27T20:03:04Z" finished-at="2014-11-27T20:03:04Z">
          <reporter-output>
          </reporter-output>
        </test-method> <!-- bindArtifactoryHome -->
        <test-method status="PASS" signature="artifactWithPath()[pri:0, instance:org.artifactory.maven.MavenNamingTest@674b4735]" name="artifactWithPath" duration-ms="0" started-at="2014-11-27T20:03:04Z" finished-at="2014-11-27T20:03:04Z">
          <reporter-output>
          </reporter-output>
        </test-method> <!-- artifactWithPath -->
        <test-method status="PASS" signature="unbindArtifactoryHome()[pri:0, instance:org.artifactory.maven.MavenNamingTest@674b4735]" name="unbindArtifactoryHome" is-config="true" duration-ms="0" started-at="2014-11-27T20:03:04Z" finished-at="2014-11-27T20:03:04Z">
          <reporter-output>
          </reporter-output>
        </test-method> <!-- unbindArtifactoryHome -->
        <test-method status="PASS" signature="bindArtifactoryHome()[pri:0, instance:org.artifactory.maven.MavenNamingTest@674b4735]" name="bindArtifactoryHome" is-config="true" duration-ms="0" started-at="2014-11-27T20:03:04Z" finished-at="2014-11-27T20:03:04Z">
          <reporter-output>
          </reporter-output>
        </test-method> <!-- bindArtifactoryHome -->
        <test-method status="PASS" signature="artifactWithShortExtension()[pri:0, instance:org.artifactory.maven.MavenNamingTest@674b4735]" name="artifactWithShortExtension" duration-ms="1" started-at="2014-11-27T20:03:04Z" finished-at="2014-11-27T20:03:04Z">
          <reporter-output>
          </reporter-output>
        </test-method> <!-- artifactWithShortExtension -->
        <test-method status="PASS" signature="bindArtifactoryHome()[pri:0, instance:org.artifactory.maven.MavenNamingTest@674b4735]" name="bindArtifactoryHome" is-config="true" duration-ms="0" started-at="2014-11-27T20:03:04Z" finished-at="2014-11-27T20:03:04Z">
          <reporter-output>
          </reporter-output>
        </test-method> <!-- bindArtifactoryHome -->
        <test-method status="PASS" signature="unbindArtifactoryHome()[pri:0, instance:org.artifactory.maven.MavenNamingTest@674b4735]" name="unbindArtifactoryHome" is-config="true" duration-ms="1" started-at="2014-11-27T20:03:04Z" finished-at="2014-11-27T20:03:04Z">
          <reporter-output>
          </reporter-output>
        </test-method> <!-- unbindArtifactoryHome -->
        <test-method status="PASS" signature="unbindArtifactoryHome()[pri:0, instance:org.artifactory.maven.MavenNamingTest@674b4735]" name="unbindArtifactoryHome" is-config="true" duration-ms="0" started-at="2014-11-27T20:03:04Z" finished-at="2014-11-27T20:03:04Z">
          <reporter-output>
          </reporter-output>
        </test-method> <!-- unbindArtifactoryHome -->
        <test-method status="PASS" signature="bindArtifactoryHome()[pri:0, instance:org.artifactory.maven.MavenNamingTest@674b4735]" name="bindArtifactoryHome" is-config="true" duration-ms="0" started-at="2014-11-27T20:03:04Z" finished-at="2014-11-27T20:03:04Z">
          <reporter-output>
          </reporter-output>
        </test-method> <!-- bindArtifactoryHome -->
        <test-method status="PASS" signature="getArtifactInfo()[pri:0, instance:org.artifactory.maven.MavenNamingTest@674b4735]" name="getArtifactInfo" duration-ms="0" started-at="2014-11-27T20:03:04Z" finished-at="2014-11-27T20:03:04Z">
          <reporter-output>
          </reporter-output>
        </test-method> <!-- getArtifactInfo -->
        <test-method status="PASS" signature="isMavenMetadataChecksum()[pri:0, instance:org.artifactory.maven.MavenNamingTest@674b4735]" name="isMavenMetadataChecksum" duration-ms="0" started-at="2014-11-27T20:03:04Z" finished-at="2014-11-27T20:03:04Z">
          <reporter-output>
          </reporter-output>
        </test-method> <!-- isMavenMetadataChecksum -->
        <test-method status="PASS" signature="bindArtifactoryHome()[pri:0, instance:org.artifactory.maven.MavenNamingTest@674b4735]" name="bindArtifactoryHome" is-config="true" duration-ms="0" started-at="2014-11-27T20:03:04Z" finished-at="2014-11-27T20:03:04Z">
          <reporter-output>
          </reporter-output>
        </test-method> <!-- bindArtifactoryHome -->
        <test-method status="PASS" signature="unbindArtifactoryHome()[pri:0, instance:org.artifactory.maven.MavenNamingTest@674b4735]" name="unbindArtifactoryHome" is-config="true" duration-ms="0" started-at="2014-11-27T20:03:04Z" finished-at="2014-11-27T20:03:04Z">
          <reporter-output>
          </reporter-output>
        </test-method> <!-- unbindArtifactoryHome -->
        <test-method status="PASS" signature="bindArtifactoryHome()[pri:0, instance:org.artifactory.maven.MavenNamingTest@674b4735]" name="bindArtifactoryHome" is-config="true" duration-ms="0" started-at="2014-11-27T20:03:04Z" finished-at="2014-11-27T20:03:04Z">
          <reporter-output>
          </reporter-output>
        </test-method> <!-- bindArtifactoryHome -->
        <test-method status="PASS" signature="bindArtifactoryHome()[pri:0, instance:org.artifactory.maven.MavenNamingTest@674b4735]" name="bindArtifactoryHome" is-config="true" duration-ms="0" started-at="2014-11-27T20:03:04Z" finished-at="2014-11-27T20:03:04Z">
          <reporter-output>
          </reporter-output>
        </test-method> <!-- bindArtifactoryHome -->
        <test-method status="PASS" signature="unbindArtifactoryHome()[pri:0, instance:org.artifactory.maven.MavenNamingTest@674b4735]" name="unbindArtifactoryHome" is-config="true" duration-ms="0" started-at="2014-11-27T20:03:04Z" finished-at="2014-11-27T20:03:04Z">
          <reporter-output>
          </reporter-output>
        </test-method> <!-- unbindArtifactoryHome -->
        <test-method status="PASS" signature="isMetadata()[pri:0, instance:org.artifactory.maven.MavenNamingTest@674b4735]" name="isMetadata" duration-ms="0" started-at="2014-11-27T20:03:04Z" finished-at="2014-11-27T20:03:04Z">
          <reporter-output>
          </reporter-output>
        </test-method> <!-- isMetadata -->
        <test-method status="PASS" signature="isNonUniqueSnapshotVersion()[pri:0, instance:org.artifactory.maven.MavenNamingTest@674b4735]" name="isNonUniqueSnapshotVersion" duration-ms="1" started-at="2014-11-27T20:03:04Z" finished-at="2014-11-27T20:03:04Z">
          <reporter-output>
          </reporter-output>
        </test-method> <!-- isNonUniqueSnapshotVersion -->
        <test-method status="PASS" signature="bindArtifactoryHome()[pri:0, instance:org.artifactory.maven.MavenNamingTest@674b4735]" name="bindArtifactoryHome" is-config="true" duration-ms="0" started-at="2014-11-27T20:03:04Z" finished-at="2014-11-27T20:03:04Z">
          <reporter-output>
          </reporter-output>
        </test-method> <!-- bindArtifactoryHome -->
        <test-method status="PASS" signature="isSnapshotMavenMetadata()[pri:0, instance:org.artifactory.maven.MavenNamingTest@674b4735]" name="isSnapshotMavenMetadata" duration-ms="0" started-at="2014-11-27T20:03:04Z" finished-at="2014-11-27T20:03:04Z">
          <reporter-output>
          </reporter-output>
        </test-method> <!-- isSnapshotMavenMetadata -->
        <test-method status="PASS" signature="unbindArtifactoryHome()[pri:0, instance:org.artifactory.maven.MavenNamingTest@674b4735]" name="unbindArtifactoryHome" is-config="true" duration-ms="1" started-at="2014-11-27T20:03:04Z" finished-at="2014-11-27T20:03:04Z">
          <reporter-output>
          </reporter-output>
        </test-method> <!-- unbindArtifactoryHome -->
        <test-method status="PASS" signature="unbindArtifactoryHome()[pri:0, instance:org.artifactory.maven.MavenNamingTest@674b4735]" name="unbindArtifactoryHome" is-config="true" duration-ms="0" started-at="2014-11-27T20:03:04Z" finished-at="2014-11-27T20:03:04Z">
          <reporter-output>
          </reporter-output>
        </test-method> <!-- unbindArtifactoryHome -->
        <test-method status="PASS" signature="isSnapshotVersion()[pri:0, instance:org.artifactory.maven.MavenNamingTest@674b4735]" name="isSnapshotVersion" duration-ms="0" started-at="2014-11-27T20:03:04Z" finished-at="2014-11-27T20:03:04Z">
          <reporter-output>
          </reporter-output>
        </test-method> <!-- isSnapshotVersion -->
        <test-method status="PASS" signature="unbindArtifactoryHome()[pri:0, instance:org.artifactory.maven.MavenNamingTest@674b4735]" name="unbindArtifactoryHome" is-config="true" duration-ms="0" started-at="2014-11-27T20:03:04Z" finished-at="2014-11-27T20:03:04Z">
          <reporter-output>
          </reporter-output>
        </test-method> <!-- unbindArtifactoryHome -->
        <test-method status="PASS" signature="bindArtifactoryHome()[pri:0, instance:org.artifactory.maven.MavenNamingTest@674b4735]" name="bindArtifactoryHome" is-config="true" duration-ms="0" started-at="2014-11-27T20:03:04Z" finished-at="2014-11-27T20:03:04Z">
          <reporter-output>
          </reporter-output>
        </test-method> <!-- bindArtifactoryHome -->
        <test-method status="PASS" signature="bindArtifactoryHome()[pri:0, instance:org.artifactory.maven.MavenNamingTest@674b4735]" name="bindArtifactoryHome" is-config="true" duration-ms="0" started-at="2014-11-27T20:03:04Z" finished-at="2014-11-27T20:03:04Z">
          <reporter-output>
          </reporter-output>
        </test-method> <!-- bindArtifactoryHome -->
        <test-method status="PASS" signature="testIsClientOrServerPom()[pri:0, instance:org.artifactory.maven.MavenNamingTest@674b4735]" name="testIsClientOrServerPom" duration-ms="1" started-at="2014-11-27T20:03:04Z" finished-at="2014-11-27T20:03:04Z">
          <reporter-output>
          </reporter-output>
        </test-method> <!-- testIsClientOrServerPom -->
        <test-method status="PASS" signature="pathWithCompositeFileExtension()[pri:0, instance:org.artifactory.maven.MavenNamingTest@674b4735]" name="pathWithCompositeFileExtension" duration-ms="0" started-at="2014-11-27T20:03:04Z" finished-at="2014-11-27T20:03:04Z">
          <reporter-output>
          </reporter-output>
        </test-method> <!-- pathWithCompositeFileExtension -->
        <test-method status="PASS" signature="bindArtifactoryHome()[pri:0, instance:org.artifactory.maven.MavenNamingTest@674b4735]" name="bindArtifactoryHome" is-config="true" duration-ms="0" started-at="2014-11-27T20:03:04Z" finished-at="2014-11-27T20:03:04Z">
          <reporter-output>
          </reporter-output>
        </test-method> <!-- bindArtifactoryHome -->
        <test-method status="PASS" signature="unbindArtifactoryHome()[pri:0, instance:org.artifactory.maven.MavenNamingTest@674b4735]" name="unbindArtifactoryHome" is-config="true" duration-ms="0" started-at="2014-11-27T20:03:04Z" finished-at="2014-11-27T20:03:04Z">
          <reporter-output>
          </reporter-output>
        </test-method> <!-- unbindArtifactoryHome -->
        <test-method status="PASS" signature="testIsNonUniqueSnapshotFilePath()[pri:0, instance:org.artifactory.maven.MavenNamingTest@674b4735]" name="testIsNonUniqueSnapshotFilePath" duration-ms="0" started-at="2014-11-27T20:03:04Z" finished-at="2014-11-27T20:03:04Z">
          <reporter-output>
          </reporter-output>
        </test-method> <!-- testIsNonUniqueSnapshotFilePath -->
        <test-method status="PASS" signature="bindArtifactoryHome()[pri:0, instance:org.artifactory.maven.MavenNamingTest@674b4735]" name="bindArtifactoryHome" is-config="true" duration-ms="0" started-at="2014-11-27T20:03:04Z" finished-at="2014-11-27T20:03:04Z">
          <reporter-output>
          </reporter-output>
        </test-method> <!-- bindArtifactoryHome -->
        <test-method status="PASS" signature="unbindArtifactoryHome()[pri:0, instance:org.artifactory.maven.MavenNamingTest@674b4735]" name="unbindArtifactoryHome" is-config="true" duration-ms="0" started-at="2014-11-27T20:03:04Z" finished-at="2014-11-27T20:03:04Z">
          <reporter-output>
          </reporter-output>
        </test-method> <!-- unbindArtifactoryHome -->
        <test-method status="PASS" signature="unbindArtifactoryHome()[pri:0, instance:org.artifactory.maven.MavenNamingTest@674b4735]" name="unbindArtifactoryHome" is-config="true" duration-ms="0" started-at="2014-11-27T20:03:04Z" finished-at="2014-11-27T20:03:04Z">
          <reporter-output>
          </reporter-output>
        </test-method> <!-- unbindArtifactoryHome -->
        <test-method status="PASS" signature="testIsVersionUniqueSnapshot()[pri:0, instance:org.artifactory.maven.MavenNamingTest@674b4735]" name="testIsVersionUniqueSnapshot" duration-ms="0" started-at="2014-11-27T20:03:04Z" finished-at="2014-11-27T20:03:04Z">
          <reporter-output>
          </reporter-output>
        </test-method> <!-- testIsVersionUniqueSnapshot -->
        <test-method status="PASS" signature="bindArtifactoryHome()[pri:0, instance:org.artifactory.maven.MavenNamingTest@674b4735]" name="bindArtifactoryHome" is-config="true" duration-ms="1" started-at="2014-11-27T20:03:04Z" finished-at="2014-11-27T20:03:04Z">
          <reporter-output>
          </reporter-output>
        </test-method> <!-- bindArtifactoryHome -->
        <test-method status="PASS" signature="bindArtifactoryHome()[pri:0, instance:org.artifactory.maven.MavenNamingTest@674b4735]" name="bindArtifactoryHome" is-config="true" duration-ms="0" started-at="2014-11-27T20:03:04Z" finished-at="2014-11-27T20:03:04Z">
          <reporter-output>
          </reporter-output>
        </test-method> <!-- bindArtifactoryHome -->
        <test-method status="PASS" signature="unbindArtifactoryHome()[pri:0, instance:org.artifactory.maven.MavenNamingTest@674b4735]" name="unbindArtifactoryHome" is-config="true" duration-ms="0" started-at="2014-11-27T20:03:04Z" finished-at="2014-11-27T20:03:04Z">
          <reporter-output>
          </reporter-output>
        </test-method> <!-- unbindArtifactoryHome -->
        <test-method status="PASS" signature="testIsVersionUniqueSnapshotFileName()[pri:0, instance:org.artifactory.maven.MavenNamingTest@674b4735]" name="testIsVersionUniqueSnapshotFileName" duration-ms="0" started-at="2014-11-27T20:03:04Z" finished-at="2014-11-27T20:03:04Z">
          <reporter-output>
          </reporter-output>
        </test-method> <!-- testIsVersionUniqueSnapshotFileName -->
        <test-method status="PASS" signature="unbindArtifactoryHome()[pri:0, instance:org.artifactory.maven.MavenNamingTest@674b4735]" name="unbindArtifactoryHome" is-config="true" duration-ms="0" started-at="2014-11-27T20:03:04Z" finished-at="2014-11-27T20:03:04Z">
          <reporter-output>
          </reporter-output>
        </test-method> <!-- unbindArtifactoryHome -->
        <test-method status="PASS" signature="testUniqueSnapshotVersionBuildNumber()[pri:0, instance:org.artifactory.maven.MavenNamingTest@674b4735]" name="testUniqueSnapshotVersionBuildNumber" duration-ms="0" started-at="2014-11-27T20:03:04Z" finished-at="2014-11-27T20:03:04Z">
          <reporter-output>
          </reporter-output>
        </test-method> <!-- testUniqueSnapshotVersionBuildNumber -->
        <test-method status="PASS" signature="unbindArtifactoryHome()[pri:0, instance:org.artifactory.maven.MavenNamingTest@674b4735]" name="unbindArtifactoryHome" is-config="true" duration-ms="0" started-at="2014-11-27T20:03:04Z" finished-at="2014-11-27T20:03:04Z">
          <reporter-output>
          </reporter-output>
        </test-method> <!-- unbindArtifactoryHome -->
        <test-method status="PASS" signature="bindArtifactoryHome()[pri:0, instance:org.artifactory.maven.MavenNamingTest@674b4735]" name="bindArtifactoryHome" is-config="true" duration-ms="1" started-at="2014-11-27T20:03:04Z" finished-at="2014-11-27T20:03:04Z">
          <reporter-output>
          </reporter-output>
        </test-method> <!-- bindArtifactoryHome -->
        <test-method status="PASS" signature="bindArtifactoryHome()[pri:0, instance:org.artifactory.maven.MavenNamingTest@674b4735]" name="bindArtifactoryHome" is-config="true" duration-ms="0" started-at="2014-11-27T20:03:04Z" finished-at="2014-11-27T20:03:04Z">
          <reporter-output>
          </reporter-output>
        </test-method> <!-- bindArtifactoryHome -->
        <test-method status="PASS" signature="bindArtifactoryHome()[pri:0, instance:org.artifactory.maven.MavenNamingTest@674b4735]" name="bindArtifactoryHome" is-config="true" duration-ms="0" started-at="2014-11-27T20:03:04Z" finished-at="2014-11-27T20:03:04Z">
          <reporter-output>
          </reporter-output>
        </test-method> <!-- bindArtifactoryHome -->
        <test-method status="PASS" signature="unbindArtifactoryHome()[pri:0, instance:org.artifactory.maven.MavenNamingTest@674b4735]" name="unbindArtifactoryHome" is-config="true" duration-ms="0" started-at="2014-11-27T20:03:04Z" finished-at="2014-11-27T20:03:04Z">
          <reporter-output>
          </reporter-output>
        </test-method> <!-- unbindArtifactoryHome -->
        <test-method status="PASS" signature="testUniqueVersionTimestamp()[pri:0, instance:org.artifactory.maven.MavenNamingTest@674b4735]" name="testUniqueVersionTimestamp" duration-ms="0" started-at="2014-11-27T20:03:04Z" finished-at="2014-11-27T20:03:04Z">
          <reporter-output>
          </reporter-output>
        </test-method> <!-- testUniqueVersionTimestamp -->
        <test-method status="PASS" signature="testUniqueVersionTimestampAndBuildNumber()[pri:0, instance:org.artifactory.maven.MavenNamingTest@674b4735]" name="testUniqueVersionTimestampAndBuildNumber" duration-ms="1" started-at="2014-11-27T20:03:04Z" finished-at="2014-11-27T20:03:04Z">
          <reporter-output>
          </reporter-output>
        </test-method> <!-- testUniqueVersionTimestampAndBuildNumber -->
        <test-method status="PASS" signature="unbindArtifactoryHome()[pri:0, instance:org.artifactory.maven.MavenNamingTest@674b4735]" name="unbindArtifactoryHome" is-config="true" duration-ms="0" started-at="2014-11-27T20:03:04Z" finished-at="2014-11-27T20:03:04Z">
          <reporter-output>
          </reporter-output>
        </test-method> <!-- unbindArtifactoryHome -->
        <test-method status="PASS" signature="uniqueSnapshotVersionBaseVersion()[pri:0, instance:org.artifactory.maven.MavenNamingTest@674b4735]" name="uniqueSnapshotVersionBaseVersion" duration-ms="0" started-at="2014-11-27T20:03:04Z" finished-at="2014-11-27T20:03:04Z">
          <reporter-output>
          </reporter-output>
        </test-method> <!-- uniqueSnapshotVersionBaseVersion -->
        <test-method status="PASS" signature="bindArtifactoryHome()[pri:0, instance:org.artifactory.maven.MavenNamingTest@674b4735]" name="bindArtifactoryHome" is-config="true" duration-ms="0" started-at="2014-11-27T20:03:04Z" finished-at="2014-11-27T20:03:04Z">
          <reporter-output>
          </reporter-output>
        </test-method> <!-- bindArtifactoryHome -->
        <test-method status="PASS" signature="unbindArtifactoryHome()[pri:0, instance:org.artifactory.maven.MavenNamingTest@674b4735]" name="unbindArtifactoryHome" is-config="true" duration-ms="0" started-at="2014-11-27T20:03:04Z" finished-at="2014-11-27T20:03:04Z">
          <reporter-output>
          </reporter-output>
        </test-method> <!-- unbindArtifactoryHome -->
      </class> <!-- org.artifactory.maven.MavenNamingTest -->
    </test> <!-- Command line test 1bcc47f4-1f53-412e-a462-0d2bf624880f -->
  </suite> <!-- org.artifactory.maven.MavenNamingTest -->
  <suite name="org.artifactory.util.PathValidatorTest" duration-ms="7" started-at="2014-11-27T18:03:05Z" finished-at="2014-11-27T18:03:05Z">
    <groups>
    </groups>
    <test name="Command line test 5b6f4fbb-0c7e-48c9-ac62-4c99fa2e8deb" duration-ms="7" started-at="2014-11-27T18:03:05Z" finished-at="2014-11-27T18:03:05Z">
      <class name="org.artifactory.util.PathValidatorTest">
        <test-method status="PASS" signature="illegalBackslash()[pri:0, instance:org.artifactory.util.PathValidatorTest@13a4bd3d]" name="illegalBackslash" duration-ms="1" started-at="2014-11-27T20:03:05Z" finished-at="2014-11-27T20:03:05Z">
          <exception class="java.nio.file.InvalidPathException">
            <message>
              <![CDATA[Invalid path. '\' is not a valid name character: back\slash.zors]]>
            </message>
            <full-stacktrace>
              <![CDATA[java.nio.file.InvalidPathException: Invalid path. '\' is not a valid name character: back\slash.zors
	at org.artifactory.util.PathValidator.validate(PathValidator.java:105)
	at org.artifactory.util.PathValidatorTest.illegalBackslash(PathValidatorTest.java:72)
	at sun.reflect.NativeMethodAccessorImpl.invoke0(Native Method)
	at sun.reflect.NativeMethodAccessorImpl.invoke(NativeMethodAccessorImpl.java:57)
	at sun.reflect.DelegatingMethodAccessorImpl.invoke(DelegatingMethodAccessorImpl.java:43)
	at java.lang.reflect.Method.invoke(Method.java:606)
	at org.testng.internal.MethodInvocationHelper.invokeMethod(MethodInvocationHelper.java:84)
	at org.testng.internal.Invoker.invokeMethod(Invoker.java:714)
	at org.testng.internal.Invoker.invokeTestMethod(Invoker.java:901)
	at org.testng.internal.Invoker.invokeTestMethods(Invoker.java:1231)
	at org.testng.internal.TestMethodWorker.invokeTestMethods(TestMethodWorker.java:127)
	at org.testng.internal.TestMethodWorker.run(TestMethodWorker.java:111)
	at org.testng.TestRunner.privateRun(TestRunner.java:767)
	at org.testng.TestRunner.run(TestRunner.java:617)
	at org.testng.SuiteRunner.runTest(SuiteRunner.java:334)
	at org.testng.SuiteRunner.runSequentially(SuiteRunner.java:329)
	at org.testng.SuiteRunner.privateRun(SuiteRunner.java:291)
	at org.testng.SuiteRunner.run(SuiteRunner.java:240)
	at org.testng.SuiteRunnerWorker.runSuite(SuiteRunnerWorker.java:52)
	at org.testng.SuiteRunnerWorker.run(SuiteRunnerWorker.java:86)
	at org.testng.TestNG.runSuitesSequentially(TestNG.java:1224)
	at org.testng.TestNG.runSuitesLocally(TestNG.java:1149)
	at org.testng.TestNG.run(TestNG.java:1057)
	at org.apache.maven.surefire.testng.TestNGExecutor.run(TestNGExecutor.java:91)
	at org.apache.maven.surefire.testng.TestNGDirectoryTestSuite.executeMulti(TestNGDirectoryTestSuite.java:204)
	at org.apache.maven.surefire.testng.TestNGDirectoryTestSuite.execute(TestNGDirectoryTestSuite.java:107)
	at org.apache.maven.surefire.testng.TestNGProvider.invoke(TestNGProvider.java:113)
	at org.apache.maven.surefire.booter.ForkedBooter.invokeProviderInSameClassLoader(ForkedBooter.java:200)
	at org.apache.maven.surefire.booter.ForkedBooter.runSuitesInProcess(ForkedBooter.java:153)
	at org.apache.maven.surefire.booter.ForkedBooter.main(ForkedBooter.java:103)
]]>
            </full-stacktrace>
          </exception> <!-- java.nio.file.InvalidPathException -->
          <reporter-output>
          </reporter-output>
        </test-method> <!-- illegalBackslash -->
        <test-method status="PASS" signature="illegalColon()[pri:0, instance:org.artifactory.util.PathValidatorTest@13a4bd3d]" name="illegalColon" duration-ms="0" started-at="2014-11-27T20:03:05Z" finished-at="2014-11-27T20:03:05Z">
          <exception class="java.nio.file.InvalidPathException">
            <message>
              <![CDATA[Invalid path. ':' is not a valid name character: c/olo:n/repo/path]]>
            </message>
            <full-stacktrace>
              <![CDATA[java.nio.file.InvalidPathException: Invalid path. ':' is not a valid name character: c/olo:n/repo/path
	at org.artifactory.util.PathValidator.validate(PathValidator.java:105)
	at org.artifactory.util.PathValidatorTest.illegalColon(PathValidatorTest.java:97)
	at sun.reflect.NativeMethodAccessorImpl.invoke0(Native Method)
	at sun.reflect.NativeMethodAccessorImpl.invoke(NativeMethodAccessorImpl.java:57)
	at sun.reflect.DelegatingMethodAccessorImpl.invoke(DelegatingMethodAccessorImpl.java:43)
	at java.lang.reflect.Method.invoke(Method.java:606)
	at org.testng.internal.MethodInvocationHelper.invokeMethod(MethodInvocationHelper.java:84)
	at org.testng.internal.Invoker.invokeMethod(Invoker.java:714)
	at org.testng.internal.Invoker.invokeTestMethod(Invoker.java:901)
	at org.testng.internal.Invoker.invokeTestMethods(Invoker.java:1231)
	at org.testng.internal.TestMethodWorker.invokeTestMethods(TestMethodWorker.java:127)
	at org.testng.internal.TestMethodWorker.run(TestMethodWorker.java:111)
	at org.testng.TestRunner.privateRun(TestRunner.java:767)
	at org.testng.TestRunner.run(TestRunner.java:617)
	at org.testng.SuiteRunner.runTest(SuiteRunner.java:334)
	at org.testng.SuiteRunner.runSequentially(SuiteRunner.java:329)
	at org.testng.SuiteRunner.privateRun(SuiteRunner.java:291)
	at org.testng.SuiteRunner.run(SuiteRunner.java:240)
	at org.testng.SuiteRunnerWorker.runSuite(SuiteRunnerWorker.java:52)
	at org.testng.SuiteRunnerWorker.run(SuiteRunnerWorker.java:86)
	at org.testng.TestNG.runSuitesSequentially(TestNG.java:1224)
	at org.testng.TestNG.runSuitesLocally(TestNG.java:1149)
	at org.testng.TestNG.run(TestNG.java:1057)
	at org.apache.maven.surefire.testng.TestNGExecutor.run(TestNGExecutor.java:91)
	at org.apache.maven.surefire.testng.TestNGDirectoryTestSuite.executeMulti(TestNGDirectoryTestSuite.java:204)
	at org.apache.maven.surefire.testng.TestNGDirectoryTestSuite.execute(TestNGDirectoryTestSuite.java:107)
	at org.apache.maven.surefire.testng.TestNGProvider.invoke(TestNGProvider.java:113)
	at org.apache.maven.surefire.booter.ForkedBooter.invokeProviderInSameClassLoader(ForkedBooter.java:200)
	at org.apache.maven.surefire.booter.ForkedBooter.runSuitesInProcess(ForkedBooter.java:153)
	at org.apache.maven.surefire.booter.ForkedBooter.main(ForkedBooter.java:103)
]]>
            </full-stacktrace>
          </exception> <!-- java.nio.file.InvalidPathException -->
          <reporter-output>
          </reporter-output>
        </test-method> <!-- illegalColon -->
        <test-method status="PASS" signature="illegalPipe()[pri:0, instance:org.artifactory.util.PathValidatorTest@13a4bd3d]" name="illegalPipe" duration-ms="0" started-at="2014-11-27T20:03:05Z" finished-at="2014-11-27T20:03:05Z">
          <exception class="java.nio.file.InvalidPathException">
            <message>
              <![CDATA[Invalid path. '|' is not a valid name character: sup|r|mario]]>
            </message>
            <full-stacktrace>
              <![CDATA[java.nio.file.InvalidPathException: Invalid path. '|' is not a valid name character: sup|r|mario
	at org.artifactory.util.PathValidator.validate(PathValidator.java:105)
	at org.artifactory.util.PathValidatorTest.illegalPipe(PathValidatorTest.java:87)
	at sun.reflect.NativeMethodAccessorImpl.invoke0(Native Method)
	at sun.reflect.NativeMethodAccessorImpl.invoke(NativeMethodAccessorImpl.java:57)
	at sun.reflect.DelegatingMethodAccessorImpl.invoke(DelegatingMethodAccessorImpl.java:43)
	at java.lang.reflect.Method.invoke(Method.java:606)
	at org.testng.internal.MethodInvocationHelper.invokeMethod(MethodInvocationHelper.java:84)
	at org.testng.internal.Invoker.invokeMethod(Invoker.java:714)
	at org.testng.internal.Invoker.invokeTestMethod(Invoker.java:901)
	at org.testng.internal.Invoker.invokeTestMethods(Invoker.java:1231)
	at org.testng.internal.TestMethodWorker.invokeTestMethods(TestMethodWorker.java:127)
	at org.testng.internal.TestMethodWorker.run(TestMethodWorker.java:111)
	at org.testng.TestRunner.privateRun(TestRunner.java:767)
	at org.testng.TestRunner.run(TestRunner.java:617)
	at org.testng.SuiteRunner.runTest(SuiteRunner.java:334)
	at org.testng.SuiteRunner.runSequentially(SuiteRunner.java:329)
	at org.testng.SuiteRunner.privateRun(SuiteRunner.java:291)
	at org.testng.SuiteRunner.run(SuiteRunner.java:240)
	at org.testng.SuiteRunnerWorker.runSuite(SuiteRunnerWorker.java:52)
	at org.testng.SuiteRunnerWorker.run(SuiteRunnerWorker.java:86)
	at org.testng.TestNG.runSuitesSequentially(TestNG.java:1224)
	at org.testng.TestNG.runSuitesLocally(TestNG.java:1149)
	at org.testng.TestNG.run(TestNG.java:1057)
	at org.apache.maven.surefire.testng.TestNGExecutor.run(TestNGExecutor.java:91)
	at org.apache.maven.surefire.testng.TestNGDirectoryTestSuite.executeMulti(TestNGDirectoryTestSuite.java:204)
	at org.apache.maven.surefire.testng.TestNGDirectoryTestSuite.execute(TestNGDirectoryTestSuite.java:107)
	at org.apache.maven.surefire.testng.TestNGProvider.invoke(TestNGProvider.java:113)
	at org.apache.maven.surefire.booter.ForkedBooter.invokeProviderInSameClassLoader(ForkedBooter.java:200)
	at org.apache.maven.surefire.booter.ForkedBooter.runSuitesInProcess(ForkedBooter.java:153)
	at org.apache.maven.surefire.booter.ForkedBooter.main(ForkedBooter.java:103)
]]>
            </full-stacktrace>
          </exception> <!-- java.nio.file.InvalidPathException -->
          <reporter-output>
          </reporter-output>
        </test-method> <!-- illegalPipe -->
        <test-method status="PASS" signature="illegalQuotationMark()[pri:0, instance:org.artifactory.util.PathValidatorTest@13a4bd3d]" name="illegalQuotationMark" duration-ms="0" started-at="2014-11-27T20:03:05Z" finished-at="2014-11-27T20:03:05Z">
          <exception class="java.nio.file.InvalidPathException">
            <message>
              <![CDATA[Invalid path. '"' is not a valid name character: make"believe.hello]]>
            </message>
            <full-stacktrace>
              <![CDATA[java.nio.file.InvalidPathException: Invalid path. '"' is not a valid name character: make"believe.hello
	at org.artifactory.util.PathValidator.validate(PathValidator.java:105)
	at org.artifactory.util.PathValidatorTest.illegalQuotationMark(PathValidatorTest.java:82)
	at sun.reflect.NativeMethodAccessorImpl.invoke0(Native Method)
	at sun.reflect.NativeMethodAccessorImpl.invoke(NativeMethodAccessorImpl.java:57)
	at sun.reflect.DelegatingMethodAccessorImpl.invoke(DelegatingMethodAccessorImpl.java:43)
	at java.lang.reflect.Method.invoke(Method.java:606)
	at org.testng.internal.MethodInvocationHelper.invokeMethod(MethodInvocationHelper.java:84)
	at org.testng.internal.Invoker.invokeMethod(Invoker.java:714)
	at org.testng.internal.Invoker.invokeTestMethod(Invoker.java:901)
	at org.testng.internal.Invoker.invokeTestMethods(Invoker.java:1231)
	at org.testng.internal.TestMethodWorker.invokeTestMethods(TestMethodWorker.java:127)
	at org.testng.internal.TestMethodWorker.run(TestMethodWorker.java:111)
	at org.testng.TestRunner.privateRun(TestRunner.java:767)
	at org.testng.TestRunner.run(TestRunner.java:617)
	at org.testng.SuiteRunner.runTest(SuiteRunner.java:334)
	at org.testng.SuiteRunner.runSequentially(SuiteRunner.java:329)
	at org.testng.SuiteRunner.privateRun(SuiteRunner.java:291)
	at org.testng.SuiteRunner.run(SuiteRunner.java:240)
	at org.testng.SuiteRunnerWorker.runSuite(SuiteRunnerWorker.java:52)
	at org.testng.SuiteRunnerWorker.run(SuiteRunnerWorker.java:86)
	at org.testng.TestNG.runSuitesSequentially(TestNG.java:1224)
	at org.testng.TestNG.runSuitesLocally(TestNG.java:1149)
	at org.testng.TestNG.run(TestNG.java:1057)
	at org.apache.maven.surefire.testng.TestNGExecutor.run(TestNGExecutor.java:91)
	at org.apache.maven.surefire.testng.TestNGDirectoryTestSuite.executeMulti(TestNGDirectoryTestSuite.java:204)
	at org.apache.maven.surefire.testng.TestNGDirectoryTestSuite.execute(TestNGDirectoryTestSuite.java:107)
	at org.apache.maven.surefire.testng.TestNGProvider.invoke(TestNGProvider.java:113)
	at org.apache.maven.surefire.booter.ForkedBooter.invokeProviderInSameClassLoader(ForkedBooter.java:200)
	at org.apache.maven.surefire.booter.ForkedBooter.runSuitesInProcess(ForkedBooter.java:153)
	at org.apache.maven.surefire.booter.ForkedBooter.main(ForkedBooter.java:103)
]]>
            </full-stacktrace>
          </exception> <!-- java.nio.file.InvalidPathException -->
          <reporter-output>
          </reporter-output>
        </test-method> <!-- illegalQuotationMark -->
        <test-method status="PASS" signature="invalidAllSpaces()[pri:0, instance:org.artifactory.util.PathValidatorTest@13a4bd3d]" name="invalidAllSpaces" duration-ms="0" started-at="2014-11-27T20:03:05Z" finished-at="2014-11-27T20:03:05Z">
          <exception class="java.nio.file.InvalidPathException">
            <message>
              <![CDATA[Path cannot be blank:        ]]>
            </message>
            <full-stacktrace>
              <![CDATA[java.nio.file.InvalidPathException: Path cannot be blank:        
	at org.artifactory.util.PathValidator.validate(PathValidator.java:51)
	at org.artifactory.util.PathValidatorTest.invalidAllSpaces(PathValidatorTest.java:57)
	at sun.reflect.NativeMethodAccessorImpl.invoke0(Native Method)
	at sun.reflect.NativeMethodAccessorImpl.invoke(NativeMethodAccessorImpl.java:57)
	at sun.reflect.DelegatingMethodAccessorImpl.invoke(DelegatingMethodAccessorImpl.java:43)
	at java.lang.reflect.Method.invoke(Method.java:606)
	at org.testng.internal.MethodInvocationHelper.invokeMethod(MethodInvocationHelper.java:84)
	at org.testng.internal.Invoker.invokeMethod(Invoker.java:714)
	at org.testng.internal.Invoker.invokeTestMethod(Invoker.java:901)
	at org.testng.internal.Invoker.invokeTestMethods(Invoker.java:1231)
	at org.testng.internal.TestMethodWorker.invokeTestMethods(TestMethodWorker.java:127)
	at org.testng.internal.TestMethodWorker.run(TestMethodWorker.java:111)
	at org.testng.TestRunner.privateRun(TestRunner.java:767)
	at org.testng.TestRunner.run(TestRunner.java:617)
	at org.testng.SuiteRunner.runTest(SuiteRunner.java:334)
	at org.testng.SuiteRunner.runSequentially(SuiteRunner.java:329)
	at org.testng.SuiteRunner.privateRun(SuiteRunner.java:291)
	at org.testng.SuiteRunner.run(SuiteRunner.java:240)
	at org.testng.SuiteRunnerWorker.runSuite(SuiteRunnerWorker.java:52)
	at org.testng.SuiteRunnerWorker.run(SuiteRunnerWorker.java:86)
	at org.testng.TestNG.runSuitesSequentially(TestNG.java:1224)
	at org.testng.TestNG.runSuitesLocally(TestNG.java:1149)
	at org.testng.TestNG.run(TestNG.java:1057)
	at org.apache.maven.surefire.testng.TestNGExecutor.run(TestNGExecutor.java:91)
	at org.apache.maven.surefire.testng.TestNGDirectoryTestSuite.executeMulti(TestNGDirectoryTestSuite.java:204)
	at org.apache.maven.surefire.testng.TestNGDirectoryTestSuite.execute(TestNGDirectoryTestSuite.java:107)
	at org.apache.maven.surefire.testng.TestNGProvider.invoke(TestNGProvider.java:113)
	at org.apache.maven.surefire.booter.ForkedBooter.invokeProviderInSameClassLoader(ForkedBooter.java:200)
	at org.apache.maven.surefire.booter.ForkedBooter.runSuitesInProcess(ForkedBooter.java:153)
	at org.apache.maven.surefire.booter.ForkedBooter.main(ForkedBooter.java:103)
]]>
            </full-stacktrace>
          </exception> <!-- java.nio.file.InvalidPathException -->
          <reporter-output>
          </reporter-output>
        </test-method> <!-- invalidAllSpaces -->
        <test-method status="PASS" signature="illegalStar()[pri:0, instance:org.artifactory.util.PathValidatorTest@13a4bd3d]" name="illegalStar" duration-ms="0" started-at="2014-11-27T20:03:05Z" finished-at="2014-11-27T20:03:05Z">
          <exception class="java.nio.file.InvalidPathException">
            <message>
              <![CDATA[Invalid path. '*' is not a valid name character: the/universe/has/lots/of/*]]>
            </message>
            <full-stacktrace>
              <![CDATA[java.nio.file.InvalidPathException: Invalid path. '*' is not a valid name character: the/universe/has/lots/of/*
	at org.artifactory.util.PathValidator.validate(PathValidator.java:105)
	at org.artifactory.util.PathValidatorTest.illegalStar(PathValidatorTest.java:92)
	at sun.reflect.NativeMethodAccessorImpl.invoke0(Native Method)
	at sun.reflect.NativeMethodAccessorImpl.invoke(NativeMethodAccessorImpl.java:57)
	at sun.reflect.DelegatingMethodAccessorImpl.invoke(DelegatingMethodAccessorImpl.java:43)
	at java.lang.reflect.Method.invoke(Method.java:606)
	at org.testng.internal.MethodInvocationHelper.invokeMethod(MethodInvocationHelper.java:84)
	at org.testng.internal.Invoker.invokeMethod(Invoker.java:714)
	at org.testng.internal.Invoker.invokeTestMethod(Invoker.java:901)
	at org.testng.internal.Invoker.invokeTestMethods(Invoker.java:1231)
	at org.testng.internal.TestMethodWorker.invokeTestMethods(TestMethodWorker.java:127)
	at org.testng.internal.TestMethodWorker.run(TestMethodWorker.java:111)
	at org.testng.TestRunner.privateRun(TestRunner.java:767)
	at org.testng.TestRunner.run(TestRunner.java:617)
	at org.testng.SuiteRunner.runTest(SuiteRunner.java:334)
	at org.testng.SuiteRunner.runSequentially(SuiteRunner.java:329)
	at org.testng.SuiteRunner.privateRun(SuiteRunner.java:291)
	at org.testng.SuiteRunner.run(SuiteRunner.java:240)
	at org.testng.SuiteRunnerWorker.runSuite(SuiteRunnerWorker.java:52)
	at org.testng.SuiteRunnerWorker.run(SuiteRunnerWorker.java:86)
	at org.testng.TestNG.runSuitesSequentially(TestNG.java:1224)
	at org.testng.TestNG.runSuitesLocally(TestNG.java:1149)
	at org.testng.TestNG.run(TestNG.java:1057)
	at org.apache.maven.surefire.testng.TestNGExecutor.run(TestNGExecutor.java:91)
	at org.apache.maven.surefire.testng.TestNGDirectoryTestSuite.executeMulti(TestNGDirectoryTestSuite.java:204)
	at org.apache.maven.surefire.testng.TestNGDirectoryTestSuite.execute(TestNGDirectoryTestSuite.java:107)
	at org.apache.maven.surefire.testng.TestNGProvider.invoke(TestNGProvider.java:113)
	at org.apache.maven.surefire.booter.ForkedBooter.invokeProviderInSameClassLoader(ForkedBooter.java:200)
	at org.apache.maven.surefire.booter.ForkedBooter.runSuitesInProcess(ForkedBooter.java:153)
	at org.apache.maven.surefire.booter.ForkedBooter.main(ForkedBooter.java:103)
]]>
            </full-stacktrace>
          </exception> <!-- java.nio.file.InvalidPathException -->
          <reporter-output>
          </reporter-output>
        </test-method> <!-- illegalStar -->
        <test-method status="PASS" signature="illegalQuestionMark()[pri:0, instance:org.artifactory.util.PathValidatorTest@13a4bd3d]" name="illegalQuestionMark" duration-ms="0" started-at="2014-11-27T20:03:05Z" finished-at="2014-11-27T20:03:05Z">
          <exception class="java.nio.file.InvalidPathException">
            <message>
              <![CDATA[Invalid path. '?' is not a valid name character: riddle/me_this?.tar]]>
            </message>
            <full-stacktrace>
              <![CDATA[java.nio.file.InvalidPathException: Invalid path. '?' is not a valid name character: riddle/me_this?.tar
	at org.artifactory.util.PathValidator.validate(PathValidator.java:105)
	at org.artifactory.util.PathValidatorTest.illegalQuestionMark(PathValidatorTest.java:77)
	at sun.reflect.NativeMethodAccessorImpl.invoke0(Native Method)
	at sun.reflect.NativeMethodAccessorImpl.invoke(NativeMethodAccessorImpl.java:57)
	at sun.reflect.DelegatingMethodAccessorImpl.invoke(DelegatingMethodAccessorImpl.java:43)
	at java.lang.reflect.Method.invoke(Method.java:606)
	at org.testng.internal.MethodInvocationHelper.invokeMethod(MethodInvocationHelper.java:84)
	at org.testng.internal.Invoker.invokeMethod(Invoker.java:714)
	at org.testng.internal.Invoker.invokeTestMethod(Invoker.java:901)
	at org.testng.internal.Invoker.invokeTestMethods(Invoker.java:1231)
	at org.testng.internal.TestMethodWorker.invokeTestMethods(TestMethodWorker.java:127)
	at org.testng.internal.TestMethodWorker.run(TestMethodWorker.java:111)
	at org.testng.TestRunner.privateRun(TestRunner.java:767)
	at org.testng.TestRunner.run(TestRunner.java:617)
	at org.testng.SuiteRunner.runTest(SuiteRunner.java:334)
	at org.testng.SuiteRunner.runSequentially(SuiteRunner.java:329)
	at org.testng.SuiteRunner.privateRun(SuiteRunner.java:291)
	at org.testng.SuiteRunner.run(SuiteRunner.java:240)
	at org.testng.SuiteRunnerWorker.runSuite(SuiteRunnerWorker.java:52)
	at org.testng.SuiteRunnerWorker.run(SuiteRunnerWorker.java:86)
	at org.testng.TestNG.runSuitesSequentially(TestNG.java:1224)
	at org.testng.TestNG.runSuitesLocally(TestNG.java:1149)
	at org.testng.TestNG.run(TestNG.java:1057)
	at org.apache.maven.surefire.testng.TestNGExecutor.run(TestNGExecutor.java:91)
	at org.apache.maven.surefire.testng.TestNGDirectoryTestSuite.executeMulti(TestNGDirectoryTestSuite.java:204)
	at org.apache.maven.surefire.testng.TestNGDirectoryTestSuite.execute(TestNGDirectoryTestSuite.java:107)
	at org.apache.maven.surefire.testng.TestNGProvider.invoke(TestNGProvider.java:113)
	at org.apache.maven.surefire.booter.ForkedBooter.invokeProviderInSameClassLoader(ForkedBooter.java:200)
	at org.apache.maven.surefire.booter.ForkedBooter.runSuitesInProcess(ForkedBooter.java:153)
	at org.apache.maven.surefire.booter.ForkedBooter.main(ForkedBooter.java:103)
]]>
            </full-stacktrace>
          </exception> <!-- java.nio.file.InvalidPathException -->
          <reporter-output>
          </reporter-output>
        </test-method> <!-- illegalQuestionMark -->
        <test-method status="PASS" signature="invalidDot()[pri:0, instance:org.artifactory.util.PathValidatorTest@13a4bd3d]" name="invalidDot" duration-ms="2" started-at="2014-11-27T20:03:05Z" finished-at="2014-11-27T20:03:05Z">
          <exception class="java.nio.file.InvalidPathException">
            <message>
              <![CDATA[Path element cannot end with a dot: blabla/.]]>
            </message>
            <full-stacktrace>
              <![CDATA[java.nio.file.InvalidPathException: Path element cannot end with a dot: blabla/.
	at org.artifactory.util.PathValidator.validate(PathValidator.java:72)
	at org.artifactory.util.PathValidatorTest.invalidDot(PathValidatorTest.java:47)
	at sun.reflect.NativeMethodAccessorImpl.invoke0(Native Method)
	at sun.reflect.NativeMethodAccessorImpl.invoke(NativeMethodAccessorImpl.java:57)
	at sun.reflect.DelegatingMethodAccessorImpl.invoke(DelegatingMethodAccessorImpl.java:43)
	at java.lang.reflect.Method.invoke(Method.java:606)
	at org.testng.internal.MethodInvocationHelper.invokeMethod(MethodInvocationHelper.java:84)
	at org.testng.internal.Invoker.invokeMethod(Invoker.java:714)
	at org.testng.internal.Invoker.invokeTestMethod(Invoker.java:901)
	at org.testng.internal.Invoker.invokeTestMethods(Invoker.java:1231)
	at org.testng.internal.TestMethodWorker.invokeTestMethods(TestMethodWorker.java:127)
	at org.testng.internal.TestMethodWorker.run(TestMethodWorker.java:111)
	at org.testng.TestRunner.privateRun(TestRunner.java:767)
	at org.testng.TestRunner.run(TestRunner.java:617)
	at org.testng.SuiteRunner.runTest(SuiteRunner.java:334)
	at org.testng.SuiteRunner.runSequentially(SuiteRunner.java:329)
	at org.testng.SuiteRunner.privateRun(SuiteRunner.java:291)
	at org.testng.SuiteRunner.run(SuiteRunner.java:240)
	at org.testng.SuiteRunnerWorker.runSuite(SuiteRunnerWorker.java:52)
	at org.testng.SuiteRunnerWorker.run(SuiteRunnerWorker.java:86)
	at org.testng.TestNG.runSuitesSequentially(TestNG.java:1224)
	at org.testng.TestNG.runSuitesLocally(TestNG.java:1149)
	at org.testng.TestNG.run(TestNG.java:1057)
	at org.apache.maven.surefire.testng.TestNGExecutor.run(TestNGExecutor.java:91)
	at org.apache.maven.surefire.testng.TestNGDirectoryTestSuite.executeMulti(TestNGDirectoryTestSuite.java:204)
	at org.apache.maven.surefire.testng.TestNGDirectoryTestSuite.execute(TestNGDirectoryTestSuite.java:107)
	at org.apache.maven.surefire.testng.TestNGProvider.invoke(TestNGProvider.java:113)
	at org.apache.maven.surefire.booter.ForkedBooter.invokeProviderInSameClassLoader(ForkedBooter.java:200)
	at org.apache.maven.surefire.booter.ForkedBooter.runSuitesInProcess(ForkedBooter.java:153)
	at org.apache.maven.surefire.booter.ForkedBooter.main(ForkedBooter.java:103)
]]>
            </full-stacktrace>
          </exception> <!-- java.nio.file.InvalidPathException -->
          <reporter-output>
          </reporter-output>
        </test-method> <!-- invalidDot -->
        <test-method status="PASS" signature="invalidDotDot()[pri:0, instance:org.artifactory.util.PathValidatorTest@13a4bd3d]" name="invalidDotDot" duration-ms="0" started-at="2014-11-27T20:03:05Z" finished-at="2014-11-27T20:03:05Z">
          <exception class="java.nio.file.InvalidPathException">
            <message>
              <![CDATA[Path element cannot end with a dot: dot/../dot/file.jar]]>
            </message>
            <full-stacktrace>
              <![CDATA[java.nio.file.InvalidPathException: Path element cannot end with a dot: dot/../dot/file.jar
	at org.artifactory.util.PathValidator.validate(PathValidator.java:72)
	at org.artifactory.util.PathValidatorTest.invalidDotDot(PathValidatorTest.java:52)
	at sun.reflect.NativeMethodAccessorImpl.invoke0(Native Method)
	at sun.reflect.NativeMethodAccessorImpl.invoke(NativeMethodAccessorImpl.java:57)
	at sun.reflect.DelegatingMethodAccessorImpl.invoke(DelegatingMethodAccessorImpl.java:43)
	at java.lang.reflect.Method.invoke(Method.java:606)
	at org.testng.internal.MethodInvocationHelper.invokeMethod(MethodInvocationHelper.java:84)
	at org.testng.internal.Invoker.invokeMethod(Invoker.java:714)
	at org.testng.internal.Invoker.invokeTestMethod(Invoker.java:901)
	at org.testng.internal.Invoker.invokeTestMethods(Invoker.java:1231)
	at org.testng.internal.TestMethodWorker.invokeTestMethods(TestMethodWorker.java:127)
	at org.testng.internal.TestMethodWorker.run(TestMethodWorker.java:111)
	at org.testng.TestRunner.privateRun(TestRunner.java:767)
	at org.testng.TestRunner.run(TestRunner.java:617)
	at org.testng.SuiteRunner.runTest(SuiteRunner.java:334)
	at org.testng.SuiteRunner.runSequentially(SuiteRunner.java:329)
	at org.testng.SuiteRunner.privateRun(SuiteRunner.java:291)
	at org.testng.SuiteRunner.run(SuiteRunner.java:240)
	at org.testng.SuiteRunnerWorker.runSuite(SuiteRunnerWorker.java:52)
	at org.testng.SuiteRunnerWorker.run(SuiteRunnerWorker.java:86)
	at org.testng.TestNG.runSuitesSequentially(TestNG.java:1224)
	at org.testng.TestNG.runSuitesLocally(TestNG.java:1149)
	at org.testng.TestNG.run(TestNG.java:1057)
	at org.apache.maven.surefire.testng.TestNGExecutor.run(TestNGExecutor.java:91)
	at org.apache.maven.surefire.testng.TestNGDirectoryTestSuite.executeMulti(TestNGDirectoryTestSuite.java:204)
	at org.apache.maven.surefire.testng.TestNGDirectoryTestSuite.execute(TestNGDirectoryTestSuite.java:107)
	at org.apache.maven.surefire.testng.TestNGProvider.invoke(TestNGProvider.java:113)
	at org.apache.maven.surefire.booter.ForkedBooter.invokeProviderInSameClassLoader(ForkedBooter.java:200)
	at org.apache.maven.surefire.booter.ForkedBooter.runSuitesInProcess(ForkedBooter.java:153)
	at org.apache.maven.surefire.booter.ForkedBooter.main(ForkedBooter.java:103)
]]>
            </full-stacktrace>
          </exception> <!-- java.nio.file.InvalidPathException -->
          <reporter-output>
          </reporter-output>
        </test-method> <!-- invalidDotDot -->
        <test-method status="PASS" signature="invalidSingleDot()[pri:0, instance:org.artifactory.util.PathValidatorTest@13a4bd3d]" name="invalidSingleDot" duration-ms="0" started-at="2014-11-27T20:03:05Z" finished-at="2014-11-27T20:03:05Z">
          <exception class="java.nio.file.InvalidPathException">
            <message>
              <![CDATA[Path element cannot end with a dot: .]]>
            </message>
            <full-stacktrace>
              <![CDATA[java.nio.file.InvalidPathException: Path element cannot end with a dot: .
	at org.artifactory.util.PathValidator.validate(PathValidator.java:72)
	at org.artifactory.util.PathValidatorTest.invalidSingleDot(PathValidatorTest.java:37)
	at sun.reflect.NativeMethodAccessorImpl.invoke0(Native Method)
	at sun.reflect.NativeMethodAccessorImpl.invoke(NativeMethodAccessorImpl.java:57)
	at sun.reflect.DelegatingMethodAccessorImpl.invoke(DelegatingMethodAccessorImpl.java:43)
	at java.lang.reflect.Method.invoke(Method.java:606)
	at org.testng.internal.MethodInvocationHelper.invokeMethod(MethodInvocationHelper.java:84)
	at org.testng.internal.Invoker.invokeMethod(Invoker.java:714)
	at org.testng.internal.Invoker.invokeTestMethod(Invoker.java:901)
	at org.testng.internal.Invoker.invokeTestMethods(Invoker.java:1231)
	at org.testng.internal.TestMethodWorker.invokeTestMethods(TestMethodWorker.java:127)
	at org.testng.internal.TestMethodWorker.run(TestMethodWorker.java:111)
	at org.testng.TestRunner.privateRun(TestRunner.java:767)
	at org.testng.TestRunner.run(TestRunner.java:617)
	at org.testng.SuiteRunner.runTest(SuiteRunner.java:334)
	at org.testng.SuiteRunner.runSequentially(SuiteRunner.java:329)
	at org.testng.SuiteRunner.privateRun(SuiteRunner.java:291)
	at org.testng.SuiteRunner.run(SuiteRunner.java:240)
	at org.testng.SuiteRunnerWorker.runSuite(SuiteRunnerWorker.java:52)
	at org.testng.SuiteRunnerWorker.run(SuiteRunnerWorker.java:86)
	at org.testng.TestNG.runSuitesSequentially(TestNG.java:1224)
	at org.testng.TestNG.runSuitesLocally(TestNG.java:1149)
	at org.testng.TestNG.run(TestNG.java:1057)
	at org.apache.maven.surefire.testng.TestNGExecutor.run(TestNGExecutor.java:91)
	at org.apache.maven.surefire.testng.TestNGDirectoryTestSuite.executeMulti(TestNGDirectoryTestSuite.java:204)
	at org.apache.maven.surefire.testng.TestNGDirectoryTestSuite.execute(TestNGDirectoryTestSuite.java:107)
	at org.apache.maven.surefire.testng.TestNGProvider.invoke(TestNGProvider.java:113)
	at org.apache.maven.surefire.booter.ForkedBooter.invokeProviderInSameClassLoader(ForkedBooter.java:200)
	at org.apache.maven.surefire.booter.ForkedBooter.runSuitesInProcess(ForkedBooter.java:153)
	at org.apache.maven.surefire.booter.ForkedBooter.main(ForkedBooter.java:103)
]]>
            </full-stacktrace>
          </exception> <!-- java.nio.file.InvalidPathException -->
          <reporter-output>
          </reporter-output>
        </test-method> <!-- invalidSingleDot -->
        <test-method status="PASS" signature="invalidSingleAmpersand()[pri:0, instance:org.artifactory.util.PathValidatorTest@13a4bd3d]" name="invalidSingleAmpersand" duration-ms="0" started-at="2014-11-27T20:03:05Z" finished-at="2014-11-27T20:03:05Z">
          <exception class="java.nio.file.InvalidPathException">
            <message>
              <![CDATA[Path cannot have single ampersand: &]]>
            </message>
            <full-stacktrace>
              <![CDATA[java.nio.file.InvalidPathException: Path cannot have single ampersand: &
	at org.artifactory.util.PathValidator.validate(PathValidator.java:74)
	at org.artifactory.util.PathValidatorTest.invalidSingleAmpersand(PathValidatorTest.java:27)
	at sun.reflect.NativeMethodAccessorImpl.invoke0(Native Method)
	at sun.reflect.NativeMethodAccessorImpl.invoke(NativeMethodAccessorImpl.java:57)
	at sun.reflect.DelegatingMethodAccessorImpl.invoke(DelegatingMethodAccessorImpl.java:43)
	at java.lang.reflect.Method.invoke(Method.java:606)
	at org.testng.internal.MethodInvocationHelper.invokeMethod(MethodInvocationHelper.java:84)
	at org.testng.internal.Invoker.invokeMethod(Invoker.java:714)
	at org.testng.internal.Invoker.invokeTestMethod(Invoker.java:901)
	at org.testng.internal.Invoker.invokeTestMethods(Invoker.java:1231)
	at org.testng.internal.TestMethodWorker.invokeTestMethods(TestMethodWorker.java:127)
	at org.testng.internal.TestMethodWorker.run(TestMethodWorker.java:111)
	at org.testng.TestRunner.privateRun(TestRunner.java:767)
	at org.testng.TestRunner.run(TestRunner.java:617)
	at org.testng.SuiteRunner.runTest(SuiteRunner.java:334)
	at org.testng.SuiteRunner.runSequentially(SuiteRunner.java:329)
	at org.testng.SuiteRunner.privateRun(SuiteRunner.java:291)
	at org.testng.SuiteRunner.run(SuiteRunner.java:240)
	at org.testng.SuiteRunnerWorker.runSuite(SuiteRunnerWorker.java:52)
	at org.testng.SuiteRunnerWorker.run(SuiteRunnerWorker.java:86)
	at org.testng.TestNG.runSuitesSequentially(TestNG.java:1224)
	at org.testng.TestNG.runSuitesLocally(TestNG.java:1149)
	at org.testng.TestNG.run(TestNG.java:1057)
	at org.apache.maven.surefire.testng.TestNGExecutor.run(TestNGExecutor.java:91)
	at org.apache.maven.surefire.testng.TestNGDirectoryTestSuite.executeMulti(TestNGDirectoryTestSuite.java:204)
	at org.apache.maven.surefire.testng.TestNGDirectoryTestSuite.execute(TestNGDirectoryTestSuite.java:107)
	at org.apache.maven.surefire.testng.TestNGProvider.invoke(TestNGProvider.java:113)
	at org.apache.maven.surefire.booter.ForkedBooter.invokeProviderInSameClassLoader(ForkedBooter.java:200)
	at org.apache.maven.surefire.booter.ForkedBooter.runSuitesInProcess(ForkedBooter.java:153)
	at org.apache.maven.surefire.booter.ForkedBooter.main(ForkedBooter.java:103)
]]>
            </full-stacktrace>
          </exception> <!-- java.nio.file.InvalidPathException -->
          <reporter-output>
          </reporter-output>
        </test-method> <!-- invalidSingleAmpersand -->
        <test-method status="PASS" signature="invalidSingleColon()[pri:0, instance:org.artifactory.util.PathValidatorTest@13a4bd3d]" name="invalidSingleColon" duration-ms="0" started-at="2014-11-27T20:03:05Z" finished-at="2014-11-27T20:03:05Z">
          <exception class="java.nio.file.InvalidPathException">
            <message>
              <![CDATA[Invalid path. ':' is not a valid name character: :]]>
            </message>
            <full-stacktrace>
              <![CDATA[java.nio.file.InvalidPathException: Invalid path. ':' is not a valid name character: :
	at org.artifactory.util.PathValidator.validate(PathValidator.java:105)
	at org.artifactory.util.PathValidatorTest.invalidSingleColon(PathValidatorTest.java:22)
	at sun.reflect.NativeMethodAccessorImpl.invoke0(Native Method)
	at sun.reflect.NativeMethodAccessorImpl.invoke(NativeMethodAccessorImpl.java:57)
	at sun.reflect.DelegatingMethodAccessorImpl.invoke(DelegatingMethodAccessorImpl.java:43)
	at java.lang.reflect.Method.invoke(Method.java:606)
	at org.testng.internal.MethodInvocationHelper.invokeMethod(MethodInvocationHelper.java:84)
	at org.testng.internal.Invoker.invokeMethod(Invoker.java:714)
	at org.testng.internal.Invoker.invokeTestMethod(Invoker.java:901)
	at org.testng.internal.Invoker.invokeTestMethods(Invoker.java:1231)
	at org.testng.internal.TestMethodWorker.invokeTestMethods(TestMethodWorker.java:127)
	at org.testng.internal.TestMethodWorker.run(TestMethodWorker.java:111)
	at org.testng.TestRunner.privateRun(TestRunner.java:767)
	at org.testng.TestRunner.run(TestRunner.java:617)
	at org.testng.SuiteRunner.runTest(SuiteRunner.java:334)
	at org.testng.SuiteRunner.runSequentially(SuiteRunner.java:329)
	at org.testng.SuiteRunner.privateRun(SuiteRunner.java:291)
	at org.testng.SuiteRunner.run(SuiteRunner.java:240)
	at org.testng.SuiteRunnerWorker.runSuite(SuiteRunnerWorker.java:52)
	at org.testng.SuiteRunnerWorker.run(SuiteRunnerWorker.java:86)
	at org.testng.TestNG.runSuitesSequentially(TestNG.java:1224)
	at org.testng.TestNG.runSuitesLocally(TestNG.java:1149)
	at org.testng.TestNG.run(TestNG.java:1057)
	at org.apache.maven.surefire.testng.TestNGExecutor.run(TestNGExecutor.java:91)
	at org.apache.maven.surefire.testng.TestNGDirectoryTestSuite.executeMulti(TestNGDirectoryTestSuite.java:204)
	at org.apache.maven.surefire.testng.TestNGDirectoryTestSuite.execute(TestNGDirectoryTestSuite.java:107)
	at org.apache.maven.surefire.testng.TestNGProvider.invoke(TestNGProvider.java:113)
	at org.apache.maven.surefire.booter.ForkedBooter.invokeProviderInSameClassLoader(ForkedBooter.java:200)
	at org.apache.maven.surefire.booter.ForkedBooter.runSuitesInProcess(ForkedBooter.java:153)
	at org.apache.maven.surefire.booter.ForkedBooter.main(ForkedBooter.java:103)
]]>
            </full-stacktrace>
          </exception> <!-- java.nio.file.InvalidPathException -->
          <reporter-output>
          </reporter-output>
        </test-method> <!-- invalidSingleColon -->
        <test-method status="PASS" signature="invalidSingleSlash()[pri:0, instance:org.artifactory.util.PathValidatorTest@13a4bd3d]" name="invalidSingleSlash" duration-ms="0" started-at="2014-11-27T20:03:05Z" finished-at="2014-11-27T20:03:05Z">
          <exception class="java.nio.file.InvalidPathException">
            <message>
              <![CDATA[Path cannot be blank: ]]>
            </message>
            <full-stacktrace>
              <![CDATA[java.nio.file.InvalidPathException: Path cannot be blank: 
	at org.artifactory.util.PathValidator.validate(PathValidator.java:51)
	at org.artifactory.util.PathValidatorTest.invalidSingleSlash(PathValidatorTest.java:17)
	at sun.reflect.NativeMethodAccessorImpl.invoke0(Native Method)
	at sun.reflect.NativeMethodAccessorImpl.invoke(NativeMethodAccessorImpl.java:57)
	at sun.reflect.DelegatingMethodAccessorImpl.invoke(DelegatingMethodAccessorImpl.java:43)
	at java.lang.reflect.Method.invoke(Method.java:606)
	at org.testng.internal.MethodInvocationHelper.invokeMethod(MethodInvocationHelper.java:84)
	at org.testng.internal.Invoker.invokeMethod(Invoker.java:714)
	at org.testng.internal.Invoker.invokeTestMethod(Invoker.java:901)
	at org.testng.internal.Invoker.invokeTestMethods(Invoker.java:1231)
	at org.testng.internal.TestMethodWorker.invokeTestMethods(TestMethodWorker.java:127)
	at org.testng.internal.TestMethodWorker.run(TestMethodWorker.java:111)
	at org.testng.TestRunner.privateRun(TestRunner.java:767)
	at org.testng.TestRunner.run(TestRunner.java:617)
	at org.testng.SuiteRunner.runTest(SuiteRunner.java:334)
	at org.testng.SuiteRunner.runSequentially(SuiteRunner.java:329)
	at org.testng.SuiteRunner.privateRun(SuiteRunner.java:291)
	at org.testng.SuiteRunner.run(SuiteRunner.java:240)
	at org.testng.SuiteRunnerWorker.runSuite(SuiteRunnerWorker.java:52)
	at org.testng.SuiteRunnerWorker.run(SuiteRunnerWorker.java:86)
	at org.testng.TestNG.runSuitesSequentially(TestNG.java:1224)
	at org.testng.TestNG.runSuitesLocally(TestNG.java:1149)
	at org.testng.TestNG.run(TestNG.java:1057)
	at org.apache.maven.surefire.testng.TestNGExecutor.run(TestNGExecutor.java:91)
	at org.apache.maven.surefire.testng.TestNGDirectoryTestSuite.executeMulti(TestNGDirectoryTestSuite.java:204)
	at org.apache.maven.surefire.testng.TestNGDirectoryTestSuite.execute(TestNGDirectoryTestSuite.java:107)
	at org.apache.maven.surefire.testng.TestNGProvider.invoke(TestNGProvider.java:113)
	at org.apache.maven.surefire.booter.ForkedBooter.invokeProviderInSameClassLoader(ForkedBooter.java:200)
	at org.apache.maven.surefire.booter.ForkedBooter.runSuitesInProcess(ForkedBooter.java:153)
	at org.apache.maven.surefire.booter.ForkedBooter.main(ForkedBooter.java:103)
]]>
            </full-stacktrace>
          </exception> <!-- java.nio.file.InvalidPathException -->
          <reporter-output>
          </reporter-output>
        </test-method> <!-- invalidSingleSlash -->
        <test-method status="PASS" signature="invalidSpaceAfterSlash()[pri:0, instance:org.artifactory.util.PathValidatorTest@13a4bd3d]" name="invalidSpaceAfterSlash" duration-ms="0" started-at="2014-11-27T20:03:05Z" finished-at="2014-11-27T20:03:05Z">
          <exception class="java.nio.file.InvalidPathException">
            <message>
              <![CDATA[Path cannot have a space after a slash: blabla/hello/      ]]>
            </message>
            <full-stacktrace>
              <![CDATA[java.nio.file.InvalidPathException: Path cannot have a space after a slash: blabla/hello/      
	at org.artifactory.util.PathValidator.validate(PathValidator.java:94)
	at org.artifactory.util.PathValidatorTest.invalidSpaceAfterSlash(PathValidatorTest.java:107)
	at sun.reflect.NativeMethodAccessorImpl.invoke0(Native Method)
	at sun.reflect.NativeMethodAccessorImpl.invoke(NativeMethodAccessorImpl.java:57)
	at sun.reflect.DelegatingMethodAccessorImpl.invoke(DelegatingMethodAccessorImpl.java:43)
	at java.lang.reflect.Method.invoke(Method.java:606)
	at org.testng.internal.MethodInvocationHelper.invokeMethod(MethodInvocationHelper.java:84)
	at org.testng.internal.Invoker.invokeMethod(Invoker.java:714)
	at org.testng.internal.Invoker.invokeTestMethod(Invoker.java:901)
	at org.testng.internal.Invoker.invokeTestMethods(Invoker.java:1231)
	at org.testng.internal.TestMethodWorker.invokeTestMethods(TestMethodWorker.java:127)
	at org.testng.internal.TestMethodWorker.run(TestMethodWorker.java:111)
	at org.testng.TestRunner.privateRun(TestRunner.java:767)
	at org.testng.TestRunner.run(TestRunner.java:617)
	at org.testng.SuiteRunner.runTest(SuiteRunner.java:334)
	at org.testng.SuiteRunner.runSequentially(SuiteRunner.java:329)
	at org.testng.SuiteRunner.privateRun(SuiteRunner.java:291)
	at org.testng.SuiteRunner.run(SuiteRunner.java:240)
	at org.testng.SuiteRunnerWorker.runSuite(SuiteRunnerWorker.java:52)
	at org.testng.SuiteRunnerWorker.run(SuiteRunnerWorker.java:86)
	at org.testng.TestNG.runSuitesSequentially(TestNG.java:1224)
	at org.testng.TestNG.runSuitesLocally(TestNG.java:1149)
	at org.testng.TestNG.run(TestNG.java:1057)
	at org.apache.maven.surefire.testng.TestNGExecutor.run(TestNGExecutor.java:91)
	at org.apache.maven.surefire.testng.TestNGDirectoryTestSuite.executeMulti(TestNGDirectoryTestSuite.java:204)
	at org.apache.maven.surefire.testng.TestNGDirectoryTestSuite.execute(TestNGDirectoryTestSuite.java:107)
	at org.apache.maven.surefire.testng.TestNGProvider.invoke(TestNGProvider.java:113)
	at org.apache.maven.surefire.booter.ForkedBooter.invokeProviderInSameClassLoader(ForkedBooter.java:200)
	at org.apache.maven.surefire.booter.ForkedBooter.runSuitesInProcess(ForkedBooter.java:153)
	at org.apache.maven.surefire.booter.ForkedBooter.main(ForkedBooter.java:103)
]]>
            </full-stacktrace>
          </exception> <!-- java.nio.file.InvalidPathException -->
          <reporter-output>
          </reporter-output>
        </test-method> <!-- invalidSpaceAfterSlash -->
        <test-method status="PASS" signature="invalidSpaceBeforeSlash()[pri:0, instance:org.artifactory.util.PathValidatorTest@13a4bd3d]" name="invalidSpaceBeforeSlash" duration-ms="0" started-at="2014-11-27T20:03:05Z" finished-at="2014-11-27T20:03:05Z">
          <exception class="java.nio.file.InvalidPathException">
            <message>
              <![CDATA[Path cannot have a slash after a space:  shsh/gaga /hdt]]>
            </message>
            <full-stacktrace>
              <![CDATA[java.nio.file.InvalidPathException: Path cannot have a slash after a space:  shsh/gaga /hdt
	at org.artifactory.util.PathValidator.validate(PathValidator.java:70)
	at org.artifactory.util.PathValidatorTest.invalidSpaceBeforeSlash(PathValidatorTest.java:102)
	at sun.reflect.NativeMethodAccessorImpl.invoke0(Native Method)
	at sun.reflect.NativeMethodAccessorImpl.invoke(NativeMethodAccessorImpl.java:57)
	at sun.reflect.DelegatingMethodAccessorImpl.invoke(DelegatingMethodAccessorImpl.java:43)
	at java.lang.reflect.Method.invoke(Method.java:606)
	at org.testng.internal.MethodInvocationHelper.invokeMethod(MethodInvocationHelper.java:84)
	at org.testng.internal.Invoker.invokeMethod(Invoker.java:714)
	at org.testng.internal.Invoker.invokeTestMethod(Invoker.java:901)
	at org.testng.internal.Invoker.invokeTestMethods(Invoker.java:1231)
	at org.testng.internal.TestMethodWorker.invokeTestMethods(TestMethodWorker.java:127)
	at org.testng.internal.TestMethodWorker.run(TestMethodWorker.java:111)
	at org.testng.TestRunner.privateRun(TestRunner.java:767)
	at org.testng.TestRunner.run(TestRunner.java:617)
	at org.testng.SuiteRunner.runTest(SuiteRunner.java:334)
	at org.testng.SuiteRunner.runSequentially(SuiteRunner.java:329)
	at org.testng.SuiteRunner.privateRun(SuiteRunner.java:291)
	at org.testng.SuiteRunner.run(SuiteRunner.java:240)
	at org.testng.SuiteRunnerWorker.runSuite(SuiteRunnerWorker.java:52)
	at org.testng.SuiteRunnerWorker.run(SuiteRunnerWorker.java:86)
	at org.testng.TestNG.runSuitesSequentially(TestNG.java:1224)
	at org.testng.TestNG.runSuitesLocally(TestNG.java:1149)
	at org.testng.TestNG.run(TestNG.java:1057)
	at org.apache.maven.surefire.testng.TestNGExecutor.run(TestNGExecutor.java:91)
	at org.apache.maven.surefire.testng.TestNGDirectoryTestSuite.executeMulti(TestNGDirectoryTestSuite.java:204)
	at org.apache.maven.surefire.testng.TestNGDirectoryTestSuite.execute(TestNGDirectoryTestSuite.java:107)
	at org.apache.maven.surefire.testng.TestNGProvider.invoke(TestNGProvider.java:113)
	at org.apache.maven.surefire.booter.ForkedBooter.invokeProviderInSameClassLoader(ForkedBooter.java:200)
	at org.apache.maven.surefire.booter.ForkedBooter.runSuitesInProcess(ForkedBooter.java:153)
	at org.apache.maven.surefire.booter.ForkedBooter.main(ForkedBooter.java:103)
]]>
            </full-stacktrace>
          </exception> <!-- java.nio.file.InvalidPathException -->
          <reporter-output>
          </reporter-output>
        </test-method> <!-- invalidSpaceBeforeSlash -->
        <test-method status="PASS" signature="invalidSingleTokenAmpersand()[pri:0, instance:org.artifactory.util.PathValidatorTest@13a4bd3d]" name="invalidSingleTokenAmpersand" duration-ms="0" started-at="2014-11-27T20:03:05Z" finished-at="2014-11-27T20:03:05Z">
          <exception class="java.nio.file.InvalidPathException">
            <message>
              <![CDATA[Path cannot have single ampersand: bbb/&]]>
            </message>
            <full-stacktrace>
              <![CDATA[java.nio.file.InvalidPathException: Path cannot have single ampersand: bbb/&
	at org.artifactory.util.PathValidator.validate(PathValidator.java:74)
	at org.artifactory.util.PathValidatorTest.invalidSingleTokenAmpersand(PathValidatorTest.java:32)
	at sun.reflect.NativeMethodAccessorImpl.invoke0(Native Method)
	at sun.reflect.NativeMethodAccessorImpl.invoke(NativeMethodAccessorImpl.java:57)
	at sun.reflect.DelegatingMethodAccessorImpl.invoke(DelegatingMethodAccessorImpl.java:43)
	at java.lang.reflect.Method.invoke(Method.java:606)
	at org.testng.internal.MethodInvocationHelper.invokeMethod(MethodInvocationHelper.java:84)
	at org.testng.internal.Invoker.invokeMethod(Invoker.java:714)
	at org.testng.internal.Invoker.invokeTestMethod(Invoker.java:901)
	at org.testng.internal.Invoker.invokeTestMethods(Invoker.java:1231)
	at org.testng.internal.TestMethodWorker.invokeTestMethods(TestMethodWorker.java:127)
	at org.testng.internal.TestMethodWorker.run(TestMethodWorker.java:111)
	at org.testng.TestRunner.privateRun(TestRunner.java:767)
	at org.testng.TestRunner.run(TestRunner.java:617)
	at org.testng.SuiteRunner.runTest(SuiteRunner.java:334)
	at org.testng.SuiteRunner.runSequentially(SuiteRunner.java:329)
	at org.testng.SuiteRunner.privateRun(SuiteRunner.java:291)
	at org.testng.SuiteRunner.run(SuiteRunner.java:240)
	at org.testng.SuiteRunnerWorker.runSuite(SuiteRunnerWorker.java:52)
	at org.testng.SuiteRunnerWorker.run(SuiteRunnerWorker.java:86)
	at org.testng.TestNG.runSuitesSequentially(TestNG.java:1224)
	at org.testng.TestNG.runSuitesLocally(TestNG.java:1149)
	at org.testng.TestNG.run(TestNG.java:1057)
	at org.apache.maven.surefire.testng.TestNGExecutor.run(TestNGExecutor.java:91)
	at org.apache.maven.surefire.testng.TestNGDirectoryTestSuite.executeMulti(TestNGDirectoryTestSuite.java:204)
	at org.apache.maven.surefire.testng.TestNGDirectoryTestSuite.execute(TestNGDirectoryTestSuite.java:107)
	at org.apache.maven.surefire.testng.TestNGProvider.invoke(TestNGProvider.java:113)
	at org.apache.maven.surefire.booter.ForkedBooter.invokeProviderInSameClassLoader(ForkedBooter.java:200)
	at org.apache.maven.surefire.booter.ForkedBooter.runSuitesInProcess(ForkedBooter.java:153)
	at org.apache.maven.surefire.booter.ForkedBooter.main(ForkedBooter.java:103)
]]>
            </full-stacktrace>
          </exception> <!-- java.nio.file.InvalidPathException -->
          <reporter-output>
          </reporter-output>
        </test-method> <!-- invalidSingleTokenAmpersand -->
        <test-method status="PASS" signature="invalidSingleDotDot()[pri:0, instance:org.artifactory.util.PathValidatorTest@13a4bd3d]" name="invalidSingleDotDot" duration-ms="0" started-at="2014-11-27T20:03:05Z" finished-at="2014-11-27T20:03:05Z">
          <exception class="java.nio.file.InvalidPathException">
            <message>
              <![CDATA[Path element cannot end with a dot: ..]]>
            </message>
            <full-stacktrace>
              <![CDATA[java.nio.file.InvalidPathException: Path element cannot end with a dot: ..
	at org.artifactory.util.PathValidator.validate(PathValidator.java:72)
	at org.artifactory.util.PathValidatorTest.invalidSingleDotDot(PathValidatorTest.java:42)
	at sun.reflect.NativeMethodAccessorImpl.invoke0(Native Method)
	at sun.reflect.NativeMethodAccessorImpl.invoke(NativeMethodAccessorImpl.java:57)
	at sun.reflect.DelegatingMethodAccessorImpl.invoke(DelegatingMethodAccessorImpl.java:43)
	at java.lang.reflect.Method.invoke(Method.java:606)
	at org.testng.internal.MethodInvocationHelper.invokeMethod(MethodInvocationHelper.java:84)
	at org.testng.internal.Invoker.invokeMethod(Invoker.java:714)
	at org.testng.internal.Invoker.invokeTestMethod(Invoker.java:901)
	at org.testng.internal.Invoker.invokeTestMethods(Invoker.java:1231)
	at org.testng.internal.TestMethodWorker.invokeTestMethods(TestMethodWorker.java:127)
	at org.testng.internal.TestMethodWorker.run(TestMethodWorker.java:111)
	at org.testng.TestRunner.privateRun(TestRunner.java:767)
	at org.testng.TestRunner.run(TestRunner.java:617)
	at org.testng.SuiteRunner.runTest(SuiteRunner.java:334)
	at org.testng.SuiteRunner.runSequentially(SuiteRunner.java:329)
	at org.testng.SuiteRunner.privateRun(SuiteRunner.java:291)
	at org.testng.SuiteRunner.run(SuiteRunner.java:240)
	at org.testng.SuiteRunnerWorker.runSuite(SuiteRunnerWorker.java:52)
	at org.testng.SuiteRunnerWorker.run(SuiteRunnerWorker.java:86)
	at org.testng.TestNG.runSuitesSequentially(TestNG.java:1224)
	at org.testng.TestNG.runSuitesLocally(TestNG.java:1149)
	at org.testng.TestNG.run(TestNG.java:1057)
	at org.apache.maven.surefire.testng.TestNGExecutor.run(TestNGExecutor.java:91)
	at org.apache.maven.surefire.testng.TestNGDirectoryTestSuite.executeMulti(TestNGDirectoryTestSuite.java:204)
	at org.apache.maven.surefire.testng.TestNGDirectoryTestSuite.execute(TestNGDirectoryTestSuite.java:107)
	at org.apache.maven.surefire.testng.TestNGProvider.invoke(TestNGProvider.java:113)
	at org.apache.maven.surefire.booter.ForkedBooter.invokeProviderInSameClassLoader(ForkedBooter.java:200)
	at org.apache.maven.surefire.booter.ForkedBooter.runSuitesInProcess(ForkedBooter.java:153)
	at org.apache.maven.surefire.booter.ForkedBooter.main(ForkedBooter.java:103)
]]>
            </full-stacktrace>
          </exception> <!-- java.nio.file.InvalidPathException -->
          <reporter-output>
          </reporter-output>
        </test-method> <!-- invalidSingleDotDot -->
        <test-method status="PASS" signature="validCarretRight()[pri:0, instance:org.artifactory.util.PathValidatorTest@13a4bd3d]" name="validCarretRight" duration-ms="0" started-at="2014-11-27T20:03:05Z" finished-at="2014-11-27T20:03:05Z">
          <reporter-output>
          </reporter-output>
        </test-method> <!-- validCarretRight -->
        <test-method status="PASS" signature="validCarretLeft()[pri:0, instance:org.artifactory.util.PathValidatorTest@13a4bd3d]" name="validCarretLeft" duration-ms="0" started-at="2014-11-27T20:03:05Z" finished-at="2014-11-27T20:03:05Z">
          <reporter-output>
          </reporter-output>
        </test-method> <!-- validCarretLeft -->
        <test-method status="PASS" signature="validPaths()[pri:0, instance:org.artifactory.util.PathValidatorTest@13a4bd3d]" name="validPaths" duration-ms="0" started-at="2014-11-27T20:03:05Z" finished-at="2014-11-27T20:03:05Z">
          <reporter-output>
          </reporter-output>
        </test-method> <!-- validPaths -->
      </class> <!-- org.artifactory.util.PathValidatorTest -->
    </test> <!-- Command line test 5b6f4fbb-0c7e-48c9-ac62-4c99fa2e8deb -->
  </suite> <!-- org.artifactory.util.PathValidatorTest -->
  <suite name="org.artifactory.addon.AddonTypeTest" duration-ms="18" started-at="2014-11-27T18:03:03Z" finished-at="2014-11-27T18:03:03Z">
    <groups>
    </groups>
    <test name="Command line test 6020d918-0c8f-4ea8-b256-c74cec0f0a23" duration-ms="18" started-at="2014-11-27T18:03:03Z" finished-at="2014-11-27T18:03:03Z">
      <class name="org.artifactory.addon.AddonTypeTest">
        <test-method status="PASS" signature="testAddonsDisplayOrdinal()[pri:0, instance:org.artifactory.addon.AddonTypeTest@1eebcf2d]" name="testAddonsDisplayOrdinal" duration-ms="9" started-at="2014-11-27T20:03:03Z" finished-at="2014-11-27T20:03:03Z">
          <reporter-output>
          </reporter-output>
        </test-method> <!-- testAddonsDisplayOrdinal -->
      </class> <!-- org.artifactory.addon.AddonTypeTest -->
    </test> <!-- Command line test 6020d918-0c8f-4ea8-b256-c74cec0f0a23 -->
  </suite> <!-- org.artifactory.addon.AddonTypeTest -->
  <suite name="org.artifactory.request.ArtifactoryResponseTest" duration-ms="6" started-at="2014-11-27T18:03:04Z" finished-at="2014-11-27T18:03:04Z">
    <groups>
    </groups>
    <test name="Command line test 931dcaa5-86f1-4973-90c8-8c2e11a32d9a" duration-ms="6" started-at="2014-11-27T18:03:04Z" finished-at="2014-11-27T18:03:04Z">
      <class name="org.artifactory.request.ArtifactoryResponseTest">
        <test-method status="PASS" signature="sendErroChangesState()[pri:0, instance:org.artifactory.request.ArtifactoryResponseTest@75551b28]" name="sendErroChangesState" duration-ms="6" started-at="2014-11-27T20:03:04Z" finished-at="2014-11-27T20:03:04Z">
          <reporter-output>
          </reporter-output>
        </test-method> <!-- sendErroChangesState -->
      </class> <!-- org.artifactory.request.ArtifactoryResponseTest -->
    </test> <!-- Command line test 931dcaa5-86f1-4973-90c8-8c2e11a32d9a -->
  </suite> <!-- org.artifactory.request.ArtifactoryResponseTest -->
  <suite name="org.artifactory.maven.MavenServiceImplTest" duration-ms="14" started-at="2014-11-27T18:03:04Z" finished-at="2014-11-27T18:03:04Z">
    <groups>
    </groups>
    <test name="Command line test 5fbe3c61-4c1f-4df9-867a-f4dfd0d78ec0" duration-ms="14" started-at="2014-11-27T18:03:04Z" finished-at="2014-11-27T18:03:04Z">
      <class name="org.artifactory.maven.MavenServiceImplTest">
        <test-method status="PASS" signature="generateMavenSettings()[pri:0, instance:org.artifactory.maven.MavenServiceImplTest@1435f58a]" name="generateMavenSettings" duration-ms="13" started-at="2014-11-27T20:03:04Z" finished-at="2014-11-27T20:03:04Z">
          <reporter-output>
          </reporter-output>
        </test-method> <!-- generateMavenSettings -->
      </class> <!-- org.artifactory.maven.MavenServiceImplTest -->
    </test> <!-- Command line test 5fbe3c61-4c1f-4df9-867a-f4dfd0d78ec0 -->
  </suite> <!-- org.artifactory.maven.MavenServiceImplTest -->
  <suite name="org.artifactory.repo.RepoDetailsTest" duration-ms="2" started-at="2014-11-27T18:03:04Z" finished-at="2014-11-27T18:03:04Z">
    <groups>
    </groups>
    <test name="Command line test 37633bba-f850-4f58-944e-1cea3c2e0ad4" duration-ms="2" started-at="2014-11-27T18:03:04Z" finished-at="2014-11-27T18:03:04Z">
      <class name="org.artifactory.repo.RepoDetailsTest">
        <test-method status="PASS" signature="testLocalOrVirtualConstructor()[pri:0, instance:org.artifactory.repo.RepoDetailsTest@6274bff8]" name="testLocalOrVirtualConstructor" duration-ms="1" started-at="2014-11-27T20:03:04Z" finished-at="2014-11-27T20:03:04Z">
          <reporter-output>
          </reporter-output>
        </test-method> <!-- testLocalOrVirtualConstructor -->
        <test-method status="PASS" signature="testDefaultConstructor()[pri:0, instance:org.artifactory.repo.RepoDetailsTest@6274bff8]" name="testDefaultConstructor" duration-ms="0" started-at="2014-11-27T20:03:04Z" finished-at="2014-11-27T20:03:04Z">
          <reporter-output>
          </reporter-output>
        </test-method> <!-- testDefaultConstructor -->
        <test-method status="PASS" signature="testSetters()[pri:0, instance:org.artifactory.repo.RepoDetailsTest@6274bff8]" name="testSetters" duration-ms="0" started-at="2014-11-27T20:03:04Z" finished-at="2014-11-27T20:03:04Z">
          <reporter-output>
          </reporter-output>
        </test-method> <!-- testSetters -->
        <test-method status="PASS" signature="testRemoteConstructor()[pri:0, instance:org.artifactory.repo.RepoDetailsTest@6274bff8]" name="testRemoteConstructor" duration-ms="0" started-at="2014-11-27T20:03:04Z" finished-at="2014-11-27T20:03:04Z">
          <reporter-output>
          </reporter-output>
        </test-method> <!-- testRemoteConstructor -->
      </class> <!-- org.artifactory.repo.RepoDetailsTest -->
    </test> <!-- Command line test 37633bba-f850-4f58-944e-1cea3c2e0ad4 -->
  </suite> <!-- org.artifactory.repo.RepoDetailsTest -->
  <suite name="org.artifactory.converters.ConvertersManagerTest" duration-ms="351" started-at="2014-11-27T18:03:04Z" finished-at="2014-11-27T18:03:04Z">
    <groups>
    </groups>
    <test name="Command line test a504f172-24de-4adb-aef7-c23328670e67" duration-ms="351" started-at="2014-11-27T18:03:04Z" finished-at="2014-11-27T18:03:04Z">
      <class name="org.artifactory.converters.ConvertersManagerTest">
        <test-method status="PASS" signature="convertAll301()[pri:0, instance:org.artifactory.converters.ConvertersManagerTest@bf36a7c]" name="convertAll301" duration-ms="226" started-at="2014-11-27T20:03:04Z" finished-at="2014-11-27T20:03:04Z">
          <reporter-output>
          </reporter-output>
        </test-method> <!-- convertAll301 -->
        <test-method status="PASS" signature="convertAll304()[pri:0, instance:org.artifactory.converters.ConvertersManagerTest@bf36a7c]" name="convertAll304" duration-ms="42" started-at="2014-11-27T20:03:04Z" finished-at="2014-11-27T20:03:04Z">
          <reporter-output>
          </reporter-output>
        </test-method> <!-- convertAll304 -->
        <test-method status="PASS" signature="convertAllCurrent()[pri:0, instance:org.artifactory.converters.ConvertersManagerTest@bf36a7c]" name="convertAllCurrent" duration-ms="11" started-at="2014-11-27T20:03:04Z" finished-at="2014-11-27T20:03:04Z">
          <reporter-output>
          </reporter-output>
        </test-method> <!-- convertAllCurrent -->
        <test-method status="PASS" signature="convertCurrentHomeCurrentDbOldCluster()[pri:0, instance:org.artifactory.converters.ConvertersManagerTest@bf36a7c]" name="convertCurrentHomeCurrentDbOldCluster" duration-ms="16" started-at="2014-11-27T20:03:04Z" finished-at="2014-11-27T20:03:04Z">
          <reporter-output>
          </reporter-output>
        </test-method> <!-- convertCurrentHomeCurrentDbOldCluster -->
        <test-method status="PASS" signature="convertCurrentHomeNoDbCurrentCluster()[pri:0, instance:org.artifactory.converters.ConvertersManagerTest@bf36a7c]" name="convertCurrentHomeNoDbCurrentCluster" duration-ms="8" started-at="2014-11-27T20:03:04Z" finished-at="2014-11-27T20:03:04Z">
          <reporter-output>
          </reporter-output>
        </test-method> <!-- convertCurrentHomeNoDbCurrentCluster -->
        <test-method status="PASS" signature="convertCurrentHomeOldDbCurrentCluster()[pri:0, instance:org.artifactory.converters.ConvertersManagerTest@bf36a7c]" name="convertCurrentHomeOldDbCurrentCluster" duration-ms="10" started-at="2014-11-27T20:03:04Z" finished-at="2014-11-27T20:03:04Z">
          <reporter-output>
          </reporter-output>
        </test-method> <!-- convertCurrentHomeOldDbCurrentCluster -->
        <test-method status="PASS" signature="convertNoVersions()[pri:0, instance:org.artifactory.converters.ConvertersManagerTest@bf36a7c]" name="convertNoVersions" duration-ms="7" started-at="2014-11-27T20:03:04Z" finished-at="2014-11-27T20:03:04Z">
          <reporter-output>
          </reporter-output>
        </test-method> <!-- convertNoVersions -->
        <test-method status="PASS" signature="convertOldHomeCurrentDbCurrentCluster()[pri:0, instance:org.artifactory.converters.ConvertersManagerTest@bf36a7c]" name="convertOldHomeCurrentDbCurrentCluster" duration-ms="28" started-at="2014-11-27T20:03:04Z" finished-at="2014-11-27T20:03:04Z">
          <reporter-output>
          </reporter-output>
        </test-method> <!-- convertOldHomeCurrentDbCurrentCluster -->
      </class> <!-- org.artifactory.converters.ConvertersManagerTest -->
    </test> <!-- Command line test a504f172-24de-4adb-aef7-c23328670e67 -->
  </suite> <!-- org.artifactory.converters.ConvertersManagerTest -->
  <suite name="org.artifactory.security.crypto.ArtifactoryBase58Test" duration-ms="2" started-at="2014-11-27T18:03:04Z" finished-at="2014-11-27T18:03:04Z">
    <groups>
    </groups>
    <test name="Command line test 0d3c575c-69e6-4856-be4d-c206c7bf0e41" duration-ms="2" started-at="2014-11-27T18:03:04Z" finished-at="2014-11-27T18:03:04Z">
      <class name="org.artifactory.security.crypto.ArtifactoryBase58Test">
        <test-method status="PASS" signature="base58EncodeDecode()[pri:0, instance:org.artifactory.security.crypto.ArtifactoryBase58Test@322c2f49]" name="base58EncodeDecode" duration-ms="1" started-at="2014-11-27T20:03:04Z" finished-at="2014-11-27T20:03:04Z">
          <reporter-output>
          </reporter-output>
        </test-method> <!-- base58EncodeDecode -->
        <test-method status="PASS" signature="pureBase58Decoding()[pri:0, instance:org.artifactory.security.crypto.ArtifactoryBase58Test@322c2f49]" name="pureBase58Decoding" duration-ms="1" started-at="2014-11-27T20:03:04Z" finished-at="2014-11-27T20:03:04Z">
          <reporter-output>
          </reporter-output>
        </test-method> <!-- pureBase58Decoding -->
        <test-method status="PASS" signature="pureBase58Encoding()[pri:0, instance:org.artifactory.security.crypto.ArtifactoryBase58Test@322c2f49]" name="pureBase58Encoding" duration-ms="0" started-at="2014-11-27T20:03:04Z" finished-at="2014-11-27T20:03:04Z">
          <reporter-output>
          </reporter-output>
        </test-method> <!-- pureBase58Encoding -->
      </class> <!-- org.artifactory.security.crypto.ArtifactoryBase58Test -->
    </test> <!-- Command line test 0d3c575c-69e6-4856-be4d-c206c7bf0e41 -->
  </suite> <!-- org.artifactory.security.crypto.ArtifactoryBase58Test -->
  <suite name="org.artifactory.security.CustomizedEncryptedPasswordPrefixTest" duration-ms="52" started-at="2014-11-27T18:03:05Z" finished-at="2014-11-27T18:03:05Z">
    <groups>
    </groups>
    <test name="Command line test baf754d6-9cfe-49da-9d47-c550c38dd2b2" duration-ms="52" started-at="2014-11-27T18:03:05Z" finished-at="2014-11-27T18:03:05Z">
      <class name="org.artifactory.security.CustomizedEncryptedPasswordPrefixTest">
        <test-method status="PASS" signature="readMimeTypes()[pri:0, instance:org.artifactory.security.CustomizedEncryptedPasswordPrefixTest@7b725d6d]" name="readMimeTypes" is-config="true" duration-ms="20" started-at="2014-11-27T20:03:05Z" finished-at="2014-11-27T20:03:05Z">
          <reporter-output>
          </reporter-output>
        </test-method> <!-- readMimeTypes -->
        <test-method status="PASS" signature="bindArtifactoryHome()[pri:0, instance:org.artifactory.security.CustomizedEncryptedPasswordPrefixTest@7b725d6d]" name="bindArtifactoryHome" is-config="true" duration-ms="1" started-at="2014-11-27T20:03:05Z" finished-at="2014-11-27T20:03:05Z">
          <reporter-output>
          </reporter-output>
        </test-method> <!-- bindArtifactoryHome -->
        <test-method status="PASS" signature="testCustomizedEncryptedPasswordPrefixSurroundingCharacters()[pri:0, instance:org.artifactory.security.CustomizedEncryptedPasswordPrefixTest@7b725d6d]" name="testCustomizedEncryptedPasswordPrefixSurroundingCharacters" duration-ms="21" started-at="2014-11-27T20:03:05Z" finished-at="2014-11-27T20:03:05Z">
          <reporter-output>
          </reporter-output>
        </test-method> <!-- testCustomizedEncryptedPasswordPrefixSurroundingCharacters -->
        <test-method status="PASS" signature="unbindArtifactoryHome()[pri:0, instance:org.artifactory.security.CustomizedEncryptedPasswordPrefixTest@7b725d6d]" name="unbindArtifactoryHome" is-config="true" duration-ms="0" started-at="2014-11-27T20:03:05Z" finished-at="2014-11-27T20:03:05Z">
          <reporter-output>
          </reporter-output>
        </test-method> <!-- unbindArtifactoryHome -->
        <test-method status="PASS" signature="testCustomizedEncryptedPasswordPrefixWithInvalidSurroundingCharacters()[pri:0, instance:org.artifactory.security.CustomizedEncryptedPasswordPrefixTest@7b725d6d]" name="testCustomizedEncryptedPasswordPrefixWithInvalidSurroundingCharacters" duration-ms="9" started-at="2014-11-27T20:03:05Z" finished-at="2014-11-27T20:03:05Z">
          <reporter-output>
          </reporter-output>
        </test-method> <!-- testCustomizedEncryptedPasswordPrefixWithInvalidSurroundingCharacters -->
        <test-method status="PASS" signature="bindArtifactoryHome()[pri:0, instance:org.artifactory.security.CustomizedEncryptedPasswordPrefixTest@7b725d6d]" name="bindArtifactoryHome" is-config="true" duration-ms="0" started-at="2014-11-27T20:03:05Z" finished-at="2014-11-27T20:03:05Z">
          <reporter-output>
          </reporter-output>
        </test-method> <!-- bindArtifactoryHome -->
        <test-method status="PASS" signature="unbindArtifactoryHome()[pri:0, instance:org.artifactory.security.CustomizedEncryptedPasswordPrefixTest@7b725d6d]" name="unbindArtifactoryHome" is-config="true" duration-ms="0" started-at="2014-11-27T20:03:05Z" finished-at="2014-11-27T20:03:05Z">
          <reporter-output>
          </reporter-output>
        </test-method> <!-- unbindArtifactoryHome -->
      </class> <!-- org.artifactory.security.CustomizedEncryptedPasswordPrefixTest -->
    </test> <!-- Command line test baf754d6-9cfe-49da-9d47-c550c38dd2b2 -->
  </suite> <!-- org.artifactory.security.CustomizedEncryptedPasswordPrefixTest -->
  <suite name="org.artifactory.storage.StorageUnitTest" duration-ms="4" started-at="2014-11-27T18:03:05Z" finished-at="2014-11-27T18:03:05Z">
    <groups>
    </groups>
    <test name="Command line test 03b0ac80-57d9-4b2e-9755-e29515c9507a" duration-ms="4" started-at="2014-11-27T18:03:05Z" finished-at="2014-11-27T18:03:05Z">
      <class name="org.artifactory.storage.StorageUnitTest">
        <test-method status="PASS" signature="bytesToReadableFormat()[pri:0, instance:org.artifactory.storage.StorageUnitTest@c87ff18]" name="bytesToReadableFormat" duration-ms="2" started-at="2014-11-27T20:03:05Z" finished-at="2014-11-27T20:03:05Z">
          <reporter-output>
          </reporter-output>
        </test-method> <!-- bytesToReadableFormat -->
        <test-method status="PASS" signature="convertBytesToGb()[pri:0, instance:org.artifactory.storage.StorageUnitTest@c87ff18]" name="convertBytesToGb" duration-ms="0" started-at="2014-11-27T20:03:05Z" finished-at="2014-11-27T20:03:05Z">
          <reporter-output>
          </reporter-output>
        </test-method> <!-- convertBytesToGb -->
        <test-method status="PASS" signature="convertBytesToMb()[pri:0, instance:org.artifactory.storage.StorageUnitTest@c87ff18]" name="convertBytesToMb" duration-ms="0" started-at="2014-11-27T20:03:05Z" finished-at="2014-11-27T20:03:05Z">
          <reporter-output>
          </reporter-output>
        </test-method> <!-- convertBytesToMb -->
        <test-method status="PASS" signature="revertMbToBytes()[pri:0, instance:org.artifactory.storage.StorageUnitTest@c87ff18]" name="revertMbToBytes" duration-ms="1" started-at="2014-11-27T20:03:05Z" finished-at="2014-11-27T20:03:05Z">
          <reporter-output>
          </reporter-output>
        </test-method> <!-- revertMbToBytes -->
        <test-method status="PASS" signature="readableFormatToBytes()[pri:0, instance:org.artifactory.storage.StorageUnitTest@c87ff18]" name="readableFormatToBytes" duration-ms="0" started-at="2014-11-27T20:03:05Z" finished-at="2014-11-27T20:03:05Z">
          <reporter-output>
          </reporter-output>
        </test-method> <!-- readableFormatToBytes -->
        <test-method status="PASS" signature="revertGbToBytes()[pri:0, instance:org.artifactory.storage.StorageUnitTest@c87ff18]" name="revertGbToBytes" duration-ms="0" started-at="2014-11-27T20:03:05Z" finished-at="2014-11-27T20:03:05Z">
          <reporter-output>
          </reporter-output>
        </test-method> <!-- revertGbToBytes -->
      </class> <!-- org.artifactory.storage.StorageUnitTest -->
    </test> <!-- Command line test 03b0ac80-57d9-4b2e-9755-e29515c9507a -->
  </suite> <!-- org.artifactory.storage.StorageUnitTest -->
  <suite name="org.artifactory.security.PermissionTargetConfigurationImplTest" duration-ms="1" started-at="2014-11-27T18:03:05Z" finished-at="2014-11-27T18:03:05Z">
    <groups>
    </groups>
    <test name="Command line test 5fe34cd6-0d98-49eb-ad91-f7c89d6075c2" duration-ms="1" started-at="2014-11-27T18:03:05Z" finished-at="2014-11-27T18:03:05Z">
      <class name="org.artifactory.security.PermissionTargetConfigurationImplTest">
        <test-method status="PASS" signature="testDefaultValues()[pri:0, instance:org.artifactory.security.PermissionTargetConfigurationImplTest@732348b3]" name="testDefaultValues" duration-ms="0" started-at="2014-11-27T20:03:05Z" finished-at="2014-11-27T20:03:05Z">
          <reporter-output>
          </reporter-output>
        </test-method> <!-- testDefaultValues -->
        <test-method status="PASS" signature="testSetters()[pri:0, instance:org.artifactory.security.PermissionTargetConfigurationImplTest@732348b3]" name="testSetters" duration-ms="0" started-at="2014-11-27T20:03:05Z" finished-at="2014-11-27T20:03:05Z">
          <reporter-output>
          </reporter-output>
        </test-method> <!-- testSetters -->
      </class> <!-- org.artifactory.security.PermissionTargetConfigurationImplTest -->
    </test> <!-- Command line test 5fe34cd6-0d98-49eb-ad91-f7c89d6075c2 -->
  </suite> <!-- org.artifactory.security.PermissionTargetConfigurationImplTest -->
  <suite name="org.artifactory.security.crypto.CryptoHelperTest" duration-ms="450" started-at="2014-11-27T18:03:04Z" finished-at="2014-11-27T18:03:05Z">
    <groups>
    </groups>
    <test name="Command line test 1ea0560b-4476-4e69-9374-a9a8d0bf3bee" duration-ms="450" started-at="2014-11-27T18:03:04Z" finished-at="2014-11-27T18:03:05Z">
      <class name="org.artifactory.security.crypto.CryptoHelperTest">
        <test-method status="PASS" signature="readMimeTypes()[pri:0, instance:org.artifactory.security.crypto.CryptoHelperTest@49dcf22a]" name="readMimeTypes" is-config="true" duration-ms="16" started-at="2014-11-27T20:03:04Z" finished-at="2014-11-27T20:03:04Z">
          <reporter-output>
          </reporter-output>
        </test-method> <!-- readMimeTypes -->
        <test-method status="PASS" signature="bindArtifactoryHome()[pri:0, instance:org.artifactory.security.crypto.CryptoHelperTest@49dcf22a]" name="bindArtifactoryHome" is-config="true" duration-ms="1" started-at="2014-11-27T20:03:04Z" finished-at="2014-11-27T20:03:04Z">
          <reporter-output>
          </reporter-output>
        </test-method> <!-- bindArtifactoryHome -->
        <test-method status="PASS" signature="availableAlgorithms()[pri:0, instance:org.artifactory.security.crypto.CryptoHelperTest@49dcf22a]" name="availableAlgorithms" duration-ms="46" started-at="2014-11-27T20:03:04Z" finished-at="2014-11-27T20:03:04Z">
          <reporter-output>
          </reporter-output>
        </test-method> <!-- availableAlgorithms -->
        <test-method status="PASS" signature="unbindArtifactoryHome()[pri:0, instance:org.artifactory.security.crypto.CryptoHelperTest@49dcf22a]" name="unbindArtifactoryHome" is-config="true" duration-ms="0" started-at="2014-11-27T20:03:04Z" finished-at="2014-11-27T20:03:04Z">
          <reporter-output>
          </reporter-output>
        </test-method> <!-- unbindArtifactoryHome -->
        <test-method status="PASS" signature="decryptOldBase64Format()[pri:0, instance:org.artifactory.security.crypto.CryptoHelperTest@49dcf22a]" name="decryptOldBase64Format" duration-ms="123" started-at="2014-11-27T20:03:04Z" finished-at="2014-11-27T20:03:05Z">
          <reporter-output>
          </reporter-output>
        </test-method> <!-- decryptOldBase64Format -->
        <test-method status="PASS" signature="bindArtifactoryHome()[pri:0, instance:org.artifactory.security.crypto.CryptoHelperTest@49dcf22a]" name="bindArtifactoryHome" is-config="true" duration-ms="0" started-at="2014-11-27T20:03:04Z" finished-at="2014-11-27T20:03:04Z">
          <reporter-output>
          </reporter-output>
        </test-method> <!-- bindArtifactoryHome -->
        <test-method status="PASS" signature="unbindArtifactoryHome()[pri:0, instance:org.artifactory.security.crypto.CryptoHelperTest@49dcf22a]" name="unbindArtifactoryHome" is-config="true" duration-ms="0" started-at="2014-11-27T20:03:05Z" finished-at="2014-11-27T20:03:05Z">
          <reporter-output>
          </reporter-output>
        </test-method> <!-- unbindArtifactoryHome -->
        <test-method status="PASS" signature="bindArtifactoryHome()[pri:0, instance:org.artifactory.security.crypto.CryptoHelperTest@49dcf22a]" name="bindArtifactoryHome" is-config="true" duration-ms="0" started-at="2014-11-27T20:03:05Z" finished-at="2014-11-27T20:03:05Z">
          <reporter-output>
          </reporter-output>
        </test-method> <!-- bindArtifactoryHome -->
        <test-method status="PASS" signature="encrypt()[pri:0, instance:org.artifactory.security.crypto.CryptoHelperTest@49dcf22a]" name="encrypt" duration-ms="99" started-at="2014-11-27T20:03:05Z" finished-at="2014-11-27T20:03:05Z">
          <reporter-output>
          </reporter-output>
        </test-method> <!-- encrypt -->
        <test-method status="PASS" signature="unbindArtifactoryHome()[pri:0, instance:org.artifactory.security.crypto.CryptoHelperTest@49dcf22a]" name="unbindArtifactoryHome" is-config="true" duration-ms="1" started-at="2014-11-27T20:03:05Z" finished-at="2014-11-27T20:03:05Z">
          <reporter-output>
          </reporter-output>
        </test-method> <!-- unbindArtifactoryHome -->
        <test-method status="PASS" signature="bindArtifactoryHome()[pri:0, instance:org.artifactory.security.crypto.CryptoHelperTest@49dcf22a]" name="bindArtifactoryHome" is-config="true" duration-ms="0" started-at="2014-11-27T20:03:05Z" finished-at="2014-11-27T20:03:05Z">
          <reporter-output>
          </reporter-output>
        </test-method> <!-- bindArtifactoryHome -->
        <test-method status="PASS" signature="encryptDecrypt()[pri:0, instance:org.artifactory.security.crypto.CryptoHelperTest@49dcf22a]" name="encryptDecrypt" duration-ms="23" started-at="2014-11-27T20:03:05Z" finished-at="2014-11-27T20:03:05Z">
          <reporter-output>
          </reporter-output>
        </test-method> <!-- encryptDecrypt -->
        <test-method status="PASS" signature="unbindArtifactoryHome()[pri:0, instance:org.artifactory.security.crypto.CryptoHelperTest@49dcf22a]" name="unbindArtifactoryHome" is-config="true" duration-ms="0" started-at="2014-11-27T20:03:05Z" finished-at="2014-11-27T20:03:05Z">
          <reporter-output>
          </reporter-output>
        </test-method> <!-- unbindArtifactoryHome -->
        <test-method status="PASS" signature="encryptDecryptMasterKey()[pri:0, instance:org.artifactory.security.crypto.CryptoHelperTest@49dcf22a]" name="encryptDecryptMasterKey" duration-ms="60" started-at="2014-11-27T20:03:05Z" finished-at="2014-11-27T20:03:05Z">
          <reporter-output>
          </reporter-output>
        </test-method> <!-- encryptDecryptMasterKey -->
        <test-method status="PASS" signature="bindArtifactoryHome()[pri:0, instance:org.artifactory.security.crypto.CryptoHelperTest@49dcf22a]" name="bindArtifactoryHome" is-config="true" duration-ms="0" started-at="2014-11-27T20:03:05Z" finished-at="2014-11-27T20:03:05Z">
          <reporter-output>
          </reporter-output>
        </test-method> <!-- bindArtifactoryHome -->
        <test-method status="PASS" signature="unbindArtifactoryHome()[pri:0, instance:org.artifactory.security.crypto.CryptoHelperTest@49dcf22a]" name="unbindArtifactoryHome" is-config="true" duration-ms="1" started-at="2014-11-27T20:03:05Z" finished-at="2014-11-27T20:03:05Z">
          <reporter-output>
          </reporter-output>
        </test-method> <!-- unbindArtifactoryHome -->
        <test-method status="PASS" signature="encryptDecryptSymmetric()[pri:0, instance:org.artifactory.security.crypto.CryptoHelperTest@49dcf22a]" name="encryptDecryptSymmetric" duration-ms="11" started-at="2014-11-27T20:03:05Z" finished-at="2014-11-27T20:03:05Z">
          <reporter-output>
          </reporter-output>
        </test-method> <!-- encryptDecryptSymmetric -->
        <test-method status="PASS" signature="bindArtifactoryHome()[pri:0, instance:org.artifactory.security.crypto.CryptoHelperTest@49dcf22a]" name="bindArtifactoryHome" is-config="true" duration-ms="0" started-at="2014-11-27T20:03:05Z" finished-at="2014-11-27T20:03:05Z">
          <reporter-output>
          </reporter-output>
        </test-method> <!-- bindArtifactoryHome -->
        <test-method status="PASS" signature="unbindArtifactoryHome()[pri:0, instance:org.artifactory.security.crypto.CryptoHelperTest@49dcf22a]" name="unbindArtifactoryHome" is-config="true" duration-ms="0" started-at="2014-11-27T20:03:05Z" finished-at="2014-11-27T20:03:05Z">
          <reporter-output>
          </reporter-output>
        </test-method> <!-- unbindArtifactoryHome -->
        <test-method status="PASS" signature="encryptSymmetric()[pri:0, instance:org.artifactory.security.crypto.CryptoHelperTest@49dcf22a]" name="encryptSymmetric" duration-ms="10" started-at="2014-11-27T20:03:05Z" finished-at="2014-11-27T20:03:05Z">
          <reporter-output>
          </reporter-output>
        </test-method> <!-- encryptSymmetric -->
        <test-method status="PASS" signature="bindArtifactoryHome()[pri:0, instance:org.artifactory.security.crypto.CryptoHelperTest@49dcf22a]" name="bindArtifactoryHome" is-config="true" duration-ms="0" started-at="2014-11-27T20:03:05Z" finished-at="2014-11-27T20:03:05Z">
          <reporter-output>
          </reporter-output>
        </test-method> <!-- bindArtifactoryHome -->
        <test-method status="PASS" signature="unbindArtifactoryHome()[pri:0, instance:org.artifactory.security.crypto.CryptoHelperTest@49dcf22a]" name="unbindArtifactoryHome" is-config="true" duration-ms="1" started-at="2014-11-27T20:03:05Z" finished-at="2014-11-27T20:03:05Z">
          <reporter-output>
          </reporter-output>
        </test-method> <!-- unbindArtifactoryHome -->
        <test-method status="PASS" signature="bindArtifactoryHome()[pri:0, instance:org.artifactory.security.crypto.CryptoHelperTest@49dcf22a]" name="bindArtifactoryHome" is-config="true" duration-ms="1" started-at="2014-11-27T20:03:05Z" finished-at="2014-11-27T20:03:05Z">
          <reporter-output>
          </reporter-output>
        </test-method> <!-- bindArtifactoryHome -->
        <test-method status="PASS" signature="unbindArtifactoryHome()[pri:0, instance:org.artifactory.security.crypto.CryptoHelperTest@49dcf22a]" name="unbindArtifactoryHome" is-config="true" duration-ms="0" started-at="2014-11-27T20:03:05Z" finished-at="2014-11-27T20:03:05Z">
          <reporter-output>
          </reporter-output>
        </test-method> <!-- unbindArtifactoryHome -->
        <test-method status="PASS" signature="escapeEncryptedPassword()[pri:0, instance:org.artifactory.security.crypto.CryptoHelperTest@49dcf22a]" name="escapeEncryptedPassword" duration-ms="0" started-at="2014-11-27T20:03:05Z" finished-at="2014-11-27T20:03:05Z">
          <reporter-output>
          </reporter-output>
        </test-method> <!-- escapeEncryptedPassword -->
        <test-method status="PASS" signature="bindArtifactoryHome()[pri:0, instance:org.artifactory.security.crypto.CryptoHelperTest@49dcf22a]" name="bindArtifactoryHome" is-config="true" duration-ms="0" started-at="2014-11-27T20:03:05Z" finished-at="2014-11-27T20:03:05Z">
          <reporter-output>
          </reporter-output>
        </test-method> <!-- bindArtifactoryHome -->
        <test-method status="PASS" signature="generateKeyPair()[pri:0, instance:org.artifactory.security.crypto.CryptoHelperTest@49dcf22a]" name="generateKeyPair" duration-ms="7" started-at="2014-11-27T20:03:05Z" finished-at="2014-11-27T20:03:05Z">
          <reporter-output>
          </reporter-output>
        </test-method> <!-- generateKeyPair -->
        <test-method status="PASS" signature="unbindArtifactoryHome()[pri:0, instance:org.artifactory.security.crypto.CryptoHelperTest@49dcf22a]" name="unbindArtifactoryHome" is-config="true" duration-ms="0" started-at="2014-11-27T20:03:05Z" finished-at="2014-11-27T20:03:05Z">
          <reporter-output>
          </reporter-output>
        </test-method> <!-- unbindArtifactoryHome -->
        <test-method status="PASS" signature="generateSecretKey()[pri:0, instance:org.artifactory.security.crypto.CryptoHelperTest@49dcf22a]" name="generateSecretKey" duration-ms="15" started-at="2014-11-27T20:03:05Z" finished-at="2014-11-27T20:03:05Z">
          <reporter-output>
          </reporter-output>
        </test-method> <!-- generateSecretKey -->
        <test-method status="PASS" signature="bindArtifactoryHome()[pri:0, instance:org.artifactory.security.crypto.CryptoHelperTest@49dcf22a]" name="bindArtifactoryHome" is-config="true" duration-ms="0" started-at="2014-11-27T20:03:05Z" finished-at="2014-11-27T20:03:05Z">
          <reporter-output>
          </reporter-output>
        </test-method> <!-- bindArtifactoryHome -->
        <test-method status="PASS" signature="isEncrypted()[pri:0, instance:org.artifactory.security.crypto.CryptoHelperTest@49dcf22a]" name="isEncrypted" duration-ms="0" started-at="2014-11-27T20:03:05Z" finished-at="2014-11-27T20:03:05Z">
          <reporter-output>
          </reporter-output>
        </test-method> <!-- isEncrypted -->
        <test-method status="PASS" signature="bindArtifactoryHome()[pri:0, instance:org.artifactory.security.crypto.CryptoHelperTest@49dcf22a]" name="bindArtifactoryHome" is-config="true" duration-ms="0" started-at="2014-11-27T20:03:05Z" finished-at="2014-11-27T20:03:05Z">
          <reporter-output>
          </reporter-output>
        </test-method> <!-- bindArtifactoryHome -->
        <test-method status="PASS" signature="unbindArtifactoryHome()[pri:0, instance:org.artifactory.security.crypto.CryptoHelperTest@49dcf22a]" name="unbindArtifactoryHome" is-config="true" duration-ms="0" started-at="2014-11-27T20:03:05Z" finished-at="2014-11-27T20:03:05Z">
          <reporter-output>
          </reporter-output>
        </test-method> <!-- unbindArtifactoryHome -->
        <test-method status="PASS" signature="unbindArtifactoryHome()[pri:0, instance:org.artifactory.security.crypto.CryptoHelperTest@49dcf22a]" name="unbindArtifactoryHome" is-config="true" duration-ms="0" started-at="2014-11-27T20:03:05Z" finished-at="2014-11-27T20:03:05Z">
          <reporter-output>
          </reporter-output>
        </test-method> <!-- unbindArtifactoryHome -->
        <test-method status="PASS" signature="bindArtifactoryHome()[pri:0, instance:org.artifactory.security.crypto.CryptoHelperTest@49dcf22a]" name="bindArtifactoryHome" is-config="true" duration-ms="0" started-at="2014-11-27T20:03:05Z" finished-at="2014-11-27T20:03:05Z">
          <reporter-output>
          </reporter-output>
        </test-method> <!-- bindArtifactoryHome -->
        <test-method status="PASS" signature="removeKeyFile()[pri:0, instance:org.artifactory.security.crypto.CryptoHelperTest@49dcf22a]" name="removeKeyFile" duration-ms="0" started-at="2014-11-27T20:03:05Z" finished-at="2014-11-27T20:03:05Z">
          <reporter-output>
          </reporter-output>
        </test-method> <!-- removeKeyFile -->
        <test-method status="PASS" signature="unbindArtifactoryHome()[pri:0, instance:org.artifactory.security.crypto.CryptoHelperTest@49dcf22a]" name="unbindArtifactoryHome" is-config="true" duration-ms="0" started-at="2014-11-27T20:03:05Z" finished-at="2014-11-27T20:03:05Z">
          <reporter-output>
          </reporter-output>
        </test-method> <!-- unbindArtifactoryHome -->
        <test-method status="PASS" signature="restoreKeysFromStringBase()[pri:0, instance:org.artifactory.security.crypto.CryptoHelperTest@49dcf22a]" name="restoreKeysFromStringBase" duration-ms="13" started-at="2014-11-27T20:03:05Z" finished-at="2014-11-27T20:03:05Z">
          <reporter-output>
          </reporter-output>
        </test-method> <!-- restoreKeysFromStringBase -->
        <test-method status="PASS" signature="bindArtifactoryHome()[pri:0, instance:org.artifactory.security.crypto.CryptoHelperTest@49dcf22a]" name="bindArtifactoryHome" is-config="true" duration-ms="0" started-at="2014-11-27T20:03:05Z" finished-at="2014-11-27T20:03:05Z">
          <reporter-output>
          </reporter-output>
        </test-method> <!-- bindArtifactoryHome -->
        <test-method status="PASS" signature="unbindArtifactoryHome()[pri:0, instance:org.artifactory.security.crypto.CryptoHelperTest@49dcf22a]" name="unbindArtifactoryHome" is-config="true" duration-ms="0" started-at="2014-11-27T20:03:05Z" finished-at="2014-11-27T20:03:05Z">
          <reporter-output>
          </reporter-output>
        </test-method> <!-- unbindArtifactoryHome -->
        <test-method status="PASS" signature="restorePrivateKey()[pri:0, instance:org.artifactory.security.crypto.CryptoHelperTest@49dcf22a]" name="restorePrivateKey" duration-ms="8" started-at="2014-11-27T20:03:05Z" finished-at="2014-11-27T20:03:05Z">
          <reporter-output>
          </reporter-output>
        </test-method> <!-- restorePrivateKey -->
        <test-method status="PASS" signature="bindArtifactoryHome()[pri:0, instance:org.artifactory.security.crypto.CryptoHelperTest@49dcf22a]" name="bindArtifactoryHome" is-config="true" duration-ms="0" started-at="2014-11-27T20:03:05Z" finished-at="2014-11-27T20:03:05Z">
          <reporter-output>
          </reporter-output>
        </test-method> <!-- bindArtifactoryHome -->
        <test-method status="PASS" signature="unbindArtifactoryHome()[pri:0, instance:org.artifactory.security.crypto.CryptoHelperTest@49dcf22a]" name="unbindArtifactoryHome" is-config="true" duration-ms="0" started-at="2014-11-27T20:03:05Z" finished-at="2014-11-27T20:03:05Z">
          <reporter-output>
          </reporter-output>
        </test-method> <!-- unbindArtifactoryHome -->
        <test-method status="PASS" signature="toBase64String()[pri:0, instance:org.artifactory.security.crypto.CryptoHelperTest@49dcf22a]" name="toBase64String" duration-ms="8" started-at="2014-11-27T20:03:05Z" finished-at="2014-11-27T20:03:05Z">
          <reporter-output>
          </reporter-output>
        </test-method> <!-- toBase64String -->
        <test-method status="PASS" signature="bindArtifactoryHome()[pri:0, instance:org.artifactory.security.crypto.CryptoHelperTest@49dcf22a]" name="bindArtifactoryHome" is-config="true" duration-ms="0" started-at="2014-11-27T20:03:05Z" finished-at="2014-11-27T20:03:05Z">
          <reporter-output>
          </reporter-output>
        </test-method> <!-- bindArtifactoryHome -->
        <test-method status="PASS" signature="unbindArtifactoryHome()[pri:0, instance:org.artifactory.security.crypto.CryptoHelperTest@49dcf22a]" name="unbindArtifactoryHome" is-config="true" duration-ms="1" started-at="2014-11-27T20:03:05Z" finished-at="2014-11-27T20:03:05Z">
          <reporter-output>
          </reporter-output>
        </test-method> <!-- unbindArtifactoryHome -->
      </class> <!-- org.artifactory.security.crypto.CryptoHelperTest -->
    </test> <!-- Command line test 1ea0560b-4476-4e69-9374-a9a8d0bf3bee -->
  </suite> <!-- org.artifactory.security.crypto.CryptoHelperTest -->
  <suite name="org.artifactory.security.PrincipalConfigurationImplTest" duration-ms="0" started-at="2014-11-27T18:03:05Z" finished-at="2014-11-27T18:03:05Z">
    <groups>
    </groups>
    <test name="Command line test c6736cf0-e72b-42f1-92c4-ccbe14d6735f" duration-ms="0" started-at="2014-11-27T18:03:05Z" finished-at="2014-11-27T18:03:05Z">
      <class name="org.artifactory.security.PrincipalConfigurationImplTest">
        <test-method status="PASS" signature="testDefaultValues()[pri:0, instance:org.artifactory.security.PrincipalConfigurationImplTest@5b02484e]" name="testDefaultValues" duration-ms="0" started-at="2014-11-27T20:03:05Z" finished-at="2014-11-27T20:03:05Z">
          <reporter-output>
          </reporter-output>
        </test-method> <!-- testDefaultValues -->
        <test-method status="PASS" signature="testSetters()[pri:0, instance:org.artifactory.security.PrincipalConfigurationImplTest@5b02484e]" name="testSetters" duration-ms="0" started-at="2014-11-27T20:03:05Z" finished-at="2014-11-27T20:03:05Z">
          <reporter-output>
          </reporter-output>
        </test-method> <!-- testSetters -->
      </class> <!-- org.artifactory.security.PrincipalConfigurationImplTest -->
    </test> <!-- Command line test c6736cf0-e72b-42f1-92c4-ccbe14d6735f -->
  </suite> <!-- org.artifactory.security.PrincipalConfigurationImplTest -->
  <suite name="org.artifactory.security.GroupConfigurationImplTest" duration-ms="1" started-at="2014-11-27T18:03:05Z" finished-at="2014-11-27T18:03:05Z">
    <groups>
    </groups>
    <test name="Command line test 1e3a285d-c5d7-423a-8fb2-fac9305b1e77" duration-ms="1" started-at="2014-11-27T18:03:05Z" finished-at="2014-11-27T18:03:05Z">
      <class name="org.artifactory.security.GroupConfigurationImplTest">
        <test-method status="PASS" signature="testSetters()[pri:0, instance:org.artifactory.security.GroupConfigurationImplTest@7f410293]" name="testSetters" duration-ms="0" started-at="2014-11-27T20:03:05Z" finished-at="2014-11-27T20:03:05Z">
          <reporter-output>
          </reporter-output>
        </test-method> <!-- testSetters -->
        <test-method status="PASS" signature="testDefaultConstructor()[pri:0, instance:org.artifactory.security.GroupConfigurationImplTest@7f410293]" name="testDefaultConstructor" duration-ms="0" started-at="2014-11-27T20:03:05Z" finished-at="2014-11-27T20:03:05Z">
          <reporter-output>
          </reporter-output>
        </test-method> <!-- testDefaultConstructor -->
      </class> <!-- org.artifactory.security.GroupConfigurationImplTest -->
    </test> <!-- Command line test 1e3a285d-c5d7-423a-8fb2-fac9305b1e77 -->
  </suite> <!-- org.artifactory.security.GroupConfigurationImplTest -->
  <suite name="org.artifactory.repo.RepoDetailsTypeTest" duration-ms="0" started-at="2014-11-27T18:03:04Z" finished-at="2014-11-27T18:03:04Z">
    <groups>
    </groups>
    <test name="Command line test 796390a4-d700-4ce9-ae12-f93cb9f87182" duration-ms="0" started-at="2014-11-27T18:03:04Z" finished-at="2014-11-27T18:03:04Z">
      <class name="org.artifactory.repo.RepoDetailsTypeTest">
        <test-method status="PASS" signature="testDisplayName()[pri:0, instance:org.artifactory.repo.RepoDetailsTypeTest@697748ae]" name="testDisplayName" duration-ms="0" started-at="2014-11-27T20:03:04Z" finished-at="2014-11-27T20:03:04Z">
          <reporter-output>
          </reporter-output>
        </test-method> <!-- testDisplayName -->
      </class> <!-- org.artifactory.repo.RepoDetailsTypeTest -->
    </test> <!-- Command line test 796390a4-d700-4ce9-ae12-f93cb9f87182 -->
  </suite> <!-- org.artifactory.repo.RepoDetailsTypeTest -->
  <suite name="org.artifactory.util.NumberFormatterTest" duration-ms="2" started-at="2014-11-27T18:03:05Z" finished-at="2014-11-27T18:03:05Z">
    <groups>
    </groups>
    <test name="Command line test d0662f3d-ec7f-46ce-92b2-68c7afdb9dc4" duration-ms="2" started-at="2014-11-27T18:03:05Z" finished-at="2014-11-27T18:03:05Z">
      <class name="org.artifactory.util.NumberFormatterTest">
        <test-method status="PASS" signature="formatLong()[pri:0, instance:org.artifactory.util.NumberFormatterTest@e4d7781]" name="formatLong" duration-ms="1" started-at="2014-11-27T20:03:05Z" finished-at="2014-11-27T20:03:05Z">
          <reporter-output>
          </reporter-output>
        </test-method> <!-- formatLong -->
        <test-method status="PASS" signature="formatPercentage()[pri:0, instance:org.artifactory.util.NumberFormatterTest@e4d7781]" name="formatPercentage" duration-ms="1" started-at="2014-11-27T20:03:05Z" finished-at="2014-11-27T20:03:05Z">
          <reporter-output>
          </reporter-output>
        </test-method> <!-- formatPercentage -->
      </class> <!-- org.artifactory.util.NumberFormatterTest -->
    </test> <!-- Command line test d0662f3d-ec7f-46ce-92b2-68c7afdb9dc4 -->
  </suite> <!-- org.artifactory.util.NumberFormatterTest -->
  <suite name="org.artifactory.util.ZipUtilsTest" duration-ms="80" started-at="2014-11-27T18:03:05Z" finished-at="2014-11-27T18:03:05Z">
    <groups>
    </groups>
    <test name="Command line test 9df2c948-b94e-41d1-b924-0a2e1350a533" duration-ms="80" started-at="2014-11-27T18:03:05Z" finished-at="2014-11-27T18:03:05Z">
      <class name="org.artifactory.util.ZipUtilsTest">
        <test-method status="PASS" signature="readMimeTypes()[pri:0, instance:org.artifactory.util.ZipUtilsTest@417f69df]" name="readMimeTypes" is-config="true" duration-ms="14" started-at="2014-11-27T20:03:05Z" finished-at="2014-11-27T20:03:05Z">
          <reporter-output>
          </reporter-output>
        </test-method> <!-- readMimeTypes -->
        <test-method status="PASS" signature="setup()[pri:0, instance:org.artifactory.util.ZipUtilsTest@417f69df]" name="setup" is-config="true" duration-ms="1" started-at="2014-11-27T20:03:05Z" finished-at="2014-11-27T20:03:05Z">
          <reporter-output>
          </reporter-output>
        </test-method> <!-- setup -->
        <test-method status="PASS" signature="bindArtifactoryHome()[pri:0, instance:org.artifactory.util.ZipUtilsTest@417f69df]" name="bindArtifactoryHome" is-config="true" duration-ms="1" started-at="2014-11-27T20:03:05Z" finished-at="2014-11-27T20:03:05Z">
          <reporter-output>
          </reporter-output>
        </test-method> <!-- bindArtifactoryHome -->
        <test-method status="PASS" signature="openStream()[pri:0, instance:org.artifactory.util.ZipUtilsTest@417f69df]" name="openStream" is-config="true" duration-ms="0" started-at="2014-11-27T20:03:05Z" finished-at="2014-11-27T20:03:05Z">
          <reporter-output>
          </reporter-output>
        </test-method> <!-- openStream -->
        <test-method status="PASS" signature="locateExistingEntry()[pri:0, instance:org.artifactory.util.ZipUtilsTest@417f69df]" name="locateExistingEntry" duration-ms="6" started-at="2014-11-27T20:03:05Z" finished-at="2014-11-27T20:03:05Z">
          <reporter-output>
          </reporter-output>
        </test-method> <!-- locateExistingEntry -->
        <test-method status="PASS" signature="closeStream()[pri:0, instance:org.artifactory.util.ZipUtilsTest@417f69df]" name="closeStream" is-config="true" duration-ms="0" started-at="2014-11-27T20:03:05Z" finished-at="2014-11-27T20:03:05Z">
          <reporter-output>
          </reporter-output>
        </test-method> <!-- closeStream -->
        <test-method status="PASS" signature="unbindArtifactoryHome()[pri:0, instance:org.artifactory.util.ZipUtilsTest@417f69df]" name="unbindArtifactoryHome" is-config="true" duration-ms="0" started-at="2014-11-27T20:03:05Z" finished-at="2014-11-27T20:03:05Z">
          <reporter-output>
          </reporter-output>
        </test-method> <!-- unbindArtifactoryHome -->
        <test-method status="PASS" signature="locateMissingEntry()[pri:0, instance:org.artifactory.util.ZipUtilsTest@417f69df]" name="locateMissingEntry" duration-ms="0" started-at="2014-11-27T20:03:05Z" finished-at="2014-11-27T20:03:05Z">
          <reporter-output>
          </reporter-output>
        </test-method> <!-- locateMissingEntry -->
        <test-method status="PASS" signature="openStream()[pri:0, instance:org.artifactory.util.ZipUtilsTest@417f69df]" name="openStream" is-config="true" duration-ms="0" started-at="2014-11-27T20:03:05Z" finished-at="2014-11-27T20:03:05Z">
          <reporter-output>
          </reporter-output>
        </test-method> <!-- openStream -->
        <test-method status="PASS" signature="openStream()[pri:0, instance:org.artifactory.util.ZipUtilsTest@417f69df]" name="openStream" is-config="true" duration-ms="1" started-at="2014-11-27T20:03:05Z" finished-at="2014-11-27T20:03:05Z">
          <reporter-output>
          </reporter-output>
        </test-method> <!-- openStream -->
        <test-method status="PASS" signature="bindArtifactoryHome()[pri:0, instance:org.artifactory.util.ZipUtilsTest@417f69df]" name="bindArtifactoryHome" is-config="true" duration-ms="0" started-at="2014-11-27T20:03:05Z" finished-at="2014-11-27T20:03:05Z">
          <reporter-output>
          </reporter-output>
        </test-method> <!-- bindArtifactoryHome -->
        <test-method status="PASS" signature="bindArtifactoryHome()[pri:0, instance:org.artifactory.util.ZipUtilsTest@417f69df]" name="bindArtifactoryHome" is-config="true" duration-ms="0" started-at="2014-11-27T20:03:05Z" finished-at="2014-11-27T20:03:05Z">
          <reporter-output>
          </reporter-output>
        </test-method> <!-- bindArtifactoryHome -->
        <test-method status="PASS" signature="unbindArtifactoryHome()[pri:0, instance:org.artifactory.util.ZipUtilsTest@417f69df]" name="unbindArtifactoryHome" is-config="true" duration-ms="0" started-at="2014-11-27T20:03:05Z" finished-at="2014-11-27T20:03:05Z">
          <reporter-output>
          </reporter-output>
        </test-method> <!-- unbindArtifactoryHome -->
        <test-method status="PASS" signature="closeStream()[pri:0, instance:org.artifactory.util.ZipUtilsTest@417f69df]" name="closeStream" is-config="true" duration-ms="0" started-at="2014-11-27T20:03:05Z" finished-at="2014-11-27T20:03:05Z">
          <reporter-output>
          </reporter-output>
        </test-method> <!-- closeStream -->
        <test-method status="PASS" signature="testExtractTarFile()[pri:0, instance:org.artifactory.util.ZipUtilsTest@417f69df]" name="testExtractTarFile" duration-ms="22" started-at="2014-11-27T20:03:05Z" finished-at="2014-11-27T20:03:05Z">
          <reporter-output>
          </reporter-output>
        </test-method> <!-- testExtractTarFile -->
        <test-method status="PASS" signature="closeStream()[pri:0, instance:org.artifactory.util.ZipUtilsTest@417f69df]" name="closeStream" is-config="true" duration-ms="0" started-at="2014-11-27T20:03:05Z" finished-at="2014-11-27T20:03:05Z">
          <reporter-output>
          </reporter-output>
        </test-method> <!-- closeStream -->
        <test-method status="PASS" signature="unbindArtifactoryHome()[pri:0, instance:org.artifactory.util.ZipUtilsTest@417f69df]" name="unbindArtifactoryHome" is-config="true" duration-ms="1" started-at="2014-11-27T20:03:05Z" finished-at="2014-11-27T20:03:05Z">
          <reporter-output>
          </reporter-output>
        </test-method> <!-- unbindArtifactoryHome -->
        <test-method status="PASS" signature="bindArtifactoryHome()[pri:0, instance:org.artifactory.util.ZipUtilsTest@417f69df]" name="bindArtifactoryHome" is-config="true" duration-ms="0" started-at="2014-11-27T20:03:05Z" finished-at="2014-11-27T20:03:05Z">
          <reporter-output>
          </reporter-output>
        </test-method> <!-- bindArtifactoryHome -->
        <test-method status="PASS" signature="openStream()[pri:0, instance:org.artifactory.util.ZipUtilsTest@417f69df]" name="openStream" is-config="true" duration-ms="0" started-at="2014-11-27T20:03:05Z" finished-at="2014-11-27T20:03:05Z">
          <reporter-output>
          </reporter-output>
        </test-method> <!-- openStream -->
        <test-method status="PASS" signature="testExtractTarGzFile()[pri:0, instance:org.artifactory.util.ZipUtilsTest@417f69df]" name="testExtractTarGzFile" duration-ms="4" started-at="2014-11-27T20:03:05Z" finished-at="2014-11-27T20:03:05Z">
          <reporter-output>
          </reporter-output>
        </test-method> <!-- testExtractTarGzFile -->
        <test-method status="PASS" signature="closeStream()[pri:0, instance:org.artifactory.util.ZipUtilsTest@417f69df]" name="closeStream" is-config="true" duration-ms="0" started-at="2014-11-27T20:03:05Z" finished-at="2014-11-27T20:03:05Z">
          <reporter-output>
          </reporter-output>
        </test-method> <!-- closeStream -->
        <test-method status="PASS" signature="unbindArtifactoryHome()[pri:0, instance:org.artifactory.util.ZipUtilsTest@417f69df]" name="unbindArtifactoryHome" is-config="true" duration-ms="0" started-at="2014-11-27T20:03:05Z" finished-at="2014-11-27T20:03:05Z">
          <reporter-output>
          </reporter-output>
        </test-method> <!-- unbindArtifactoryHome -->
        <test-method status="PASS" signature="openStream()[pri:0, instance:org.artifactory.util.ZipUtilsTest@417f69df]" name="openStream" is-config="true" duration-ms="0" started-at="2014-11-27T20:03:05Z" finished-at="2014-11-27T20:03:05Z">
          <reporter-output>
          </reporter-output>
        </test-method> <!-- openStream -->
        <test-method status="PASS" signature="testExtractTgzFile()[pri:0, instance:org.artifactory.util.ZipUtilsTest@417f69df]" name="testExtractTgzFile" duration-ms="2" started-at="2014-11-27T20:03:05Z" finished-at="2014-11-27T20:03:05Z">
          <reporter-output>
          </reporter-output>
        </test-method> <!-- testExtractTgzFile -->
        <test-method status="PASS" signature="bindArtifactoryHome()[pri:0, instance:org.artifactory.util.ZipUtilsTest@417f69df]" name="bindArtifactoryHome" is-config="true" duration-ms="0" started-at="2014-11-27T20:03:05Z" finished-at="2014-11-27T20:03:05Z">
          <reporter-output>
          </reporter-output>
        </test-method> <!-- bindArtifactoryHome -->
        <test-method status="PASS" signature="openStream()[pri:0, instance:org.artifactory.util.ZipUtilsTest@417f69df]" name="openStream" is-config="true" duration-ms="0" started-at="2014-11-27T20:03:05Z" finished-at="2014-11-27T20:03:05Z">
          <reporter-output>
          </reporter-output>
        </test-method> <!-- openStream -->
        <test-method status="PASS" signature="closeStream()[pri:0, instance:org.artifactory.util.ZipUtilsTest@417f69df]" name="closeStream" is-config="true" duration-ms="0" started-at="2014-11-27T20:03:05Z" finished-at="2014-11-27T20:03:05Z">
          <reporter-output>
          </reporter-output>
        </test-method> <!-- closeStream -->
        <test-method status="PASS" signature="unbindArtifactoryHome()[pri:0, instance:org.artifactory.util.ZipUtilsTest@417f69df]" name="unbindArtifactoryHome" is-config="true" duration-ms="0" started-at="2014-11-27T20:03:05Z" finished-at="2014-11-27T20:03:05Z">
          <reporter-output>
          </reporter-output>
        </test-method> <!-- unbindArtifactoryHome -->
        <test-method status="PASS" signature="bindArtifactoryHome()[pri:0, instance:org.artifactory.util.ZipUtilsTest@417f69df]" name="bindArtifactoryHome" is-config="true" duration-ms="0" started-at="2014-11-27T20:03:05Z" finished-at="2014-11-27T20:03:05Z">
          <reporter-output>
          </reporter-output>
        </test-method> <!-- bindArtifactoryHome -->
        <test-method status="PASS" signature="testExtractZipFile()[pri:0, instance:org.artifactory.util.ZipUtilsTest@417f69df]" name="testExtractZipFile" duration-ms="22" started-at="2014-11-27T20:03:05Z" finished-at="2014-11-27T20:03:05Z">
          <reporter-output>
          </reporter-output>
        </test-method> <!-- testExtractZipFile -->
        <test-method status="PASS" signature="unbindArtifactoryHome()[pri:0, instance:org.artifactory.util.ZipUtilsTest@417f69df]" name="unbindArtifactoryHome" is-config="true" duration-ms="1" started-at="2014-11-27T20:03:05Z" finished-at="2014-11-27T20:03:05Z">
          <reporter-output>
          </reporter-output>
        </test-method> <!-- unbindArtifactoryHome -->
        <test-method status="PASS" signature="closeStream()[pri:0, instance:org.artifactory.util.ZipUtilsTest@417f69df]" name="closeStream" is-config="true" duration-ms="0" started-at="2014-11-27T20:03:05Z" finished-at="2014-11-27T20:03:05Z">
          <reporter-output>
          </reporter-output>
        </test-method> <!-- closeStream -->
        <test-method status="PASS" signature="openStream()[pri:0, instance:org.artifactory.util.ZipUtilsTest@417f69df]" name="openStream" is-config="true" duration-ms="0" started-at="2014-11-27T20:03:05Z" finished-at="2014-11-27T20:03:05Z">
          <reporter-output>
          </reporter-output>
        </test-method> <!-- openStream -->
        <test-method status="PASS" signature="bindArtifactoryHome()[pri:0, instance:org.artifactory.util.ZipUtilsTest@417f69df]" name="bindArtifactoryHome" is-config="true" duration-ms="0" started-at="2014-11-27T20:03:05Z" finished-at="2014-11-27T20:03:05Z">
          <reporter-output>
          </reporter-output>
        </test-method> <!-- bindArtifactoryHome -->
        <test-method status="PASS" signature="testUnsupportedArchive()[pri:0, instance:org.artifactory.util.ZipUtilsTest@417f69df]" name="testUnsupportedArchive" duration-ms="2" started-at="2014-11-27T20:03:05Z" finished-at="2014-11-27T20:03:05Z">
          <exception class="java.lang.IllegalArgumentException">
            <message>
              <![CDATA[Unsupported archive extension: 'ar']]>
            </message>
            <full-stacktrace>
              <![CDATA[java.lang.IllegalArgumentException: Unsupported archive extension: 'ar'
	at org.artifactory.util.ZipUtils.verifySupportedExtension(ZipUtils.java:213)
	at org.artifactory.util.ZipUtils.createArchiveInputStream(ZipUtils.java:172)
	at org.artifactory.util.ZipUtils.extractFiles(ZipUtils.java:150)
	at org.artifactory.util.ZipUtils.extract(ZipUtils.java:93)
	at org.artifactory.util.ZipUtilsTest.extract(ZipUtilsTest.java:110)
	at org.artifactory.util.ZipUtilsTest.testUnsupportedArchive(ZipUtilsTest.java:103)
	at sun.reflect.NativeMethodAccessorImpl.invoke0(Native Method)
	at sun.reflect.NativeMethodAccessorImpl.invoke(NativeMethodAccessorImpl.java:57)
	at sun.reflect.DelegatingMethodAccessorImpl.invoke(DelegatingMethodAccessorImpl.java:43)
	at java.lang.reflect.Method.invoke(Method.java:606)
	at org.testng.internal.MethodInvocationHelper.invokeMethod(MethodInvocationHelper.java:84)
	at org.testng.internal.Invoker.invokeMethod(Invoker.java:714)
	at org.testng.internal.Invoker.invokeTestMethod(Invoker.java:901)
	at org.testng.internal.Invoker.invokeTestMethods(Invoker.java:1231)
	at org.testng.internal.TestMethodWorker.invokeTestMethods(TestMethodWorker.java:127)
	at org.testng.internal.TestMethodWorker.run(TestMethodWorker.java:111)
	at org.testng.TestRunner.privateRun(TestRunner.java:767)
	at org.testng.TestRunner.run(TestRunner.java:617)
	at org.testng.SuiteRunner.runTest(SuiteRunner.java:334)
	at org.testng.SuiteRunner.runSequentially(SuiteRunner.java:329)
	at org.testng.SuiteRunner.privateRun(SuiteRunner.java:291)
	at org.testng.SuiteRunner.run(SuiteRunner.java:240)
	at org.testng.SuiteRunnerWorker.runSuite(SuiteRunnerWorker.java:52)
	at org.testng.SuiteRunnerWorker.run(SuiteRunnerWorker.java:86)
	at org.testng.TestNG.runSuitesSequentially(TestNG.java:1224)
	at org.testng.TestNG.runSuitesLocally(TestNG.java:1149)
	at org.testng.TestNG.run(TestNG.java:1057)
	at org.apache.maven.surefire.testng.TestNGExecutor.run(TestNGExecutor.java:91)
	at org.apache.maven.surefire.testng.TestNGDirectoryTestSuite.executeMulti(TestNGDirectoryTestSuite.java:204)
	at org.apache.maven.surefire.testng.TestNGDirectoryTestSuite.execute(TestNGDirectoryTestSuite.java:107)
	at org.apache.maven.surefire.testng.TestNGProvider.invoke(TestNGProvider.java:113)
	at org.apache.maven.surefire.booter.ForkedBooter.invokeProviderInSameClassLoader(ForkedBooter.java:200)
	at org.apache.maven.surefire.booter.ForkedBooter.runSuitesInProcess(ForkedBooter.java:153)
	at org.apache.maven.surefire.booter.ForkedBooter.main(ForkedBooter.java:103)
]]>
            </full-stacktrace>
          </exception> <!-- java.lang.IllegalArgumentException -->
          <reporter-output>
          </reporter-output>
        </test-method> <!-- testUnsupportedArchive -->
        <test-method status="PASS" signature="unbindArtifactoryHome()[pri:0, instance:org.artifactory.util.ZipUtilsTest@417f69df]" name="unbindArtifactoryHome" is-config="true" duration-ms="0" started-at="2014-11-27T20:03:05Z" finished-at="2014-11-27T20:03:05Z">
          <reporter-output>
          </reporter-output>
        </test-method> <!-- unbindArtifactoryHome -->
        <test-method status="PASS" signature="closeStream()[pri:0, instance:org.artifactory.util.ZipUtilsTest@417f69df]" name="closeStream" is-config="true" duration-ms="0" started-at="2014-11-27T20:03:05Z" finished-at="2014-11-27T20:03:05Z">
          <reporter-output>
          </reporter-output>
        </test-method> <!-- closeStream -->
      </class> <!-- org.artifactory.util.ZipUtilsTest -->
    </test> <!-- Command line test 9df2c948-b94e-41d1-b924-0a2e1350a533 -->
  </suite> <!-- org.artifactory.util.ZipUtilsTest -->
</testng-results>
