<html>
<head>
<title>TestNG:  FileServiceSpecialCharsTest</title>
<link href="../testng.css" rel="stylesheet" type="text/css" />
<link href="../my-testng.css" rel="stylesheet" type="text/css" />

<style type="text/css">
.log { display: none;} 
.stack-trace { display: none;} 
</style>
<script type="text/javascript">
<!--
function flip(e) {
  current = e.style.display;
  if (current == 'block') {
    e.style.display = 'none';
    return 0;
  }
  else {
    e.style.display = 'block';
    return 1;
  }
}

function toggleBox(szDivId, elem, msg1, msg2)
{
  var res = -1;  if (document.getElementById) {
    res = flip(document.getElementById(szDivId));
  }
  else if (document.all) {
    // this is the way old msie versions work
    res = flip(document.all[szDivId]);
  }
  if(elem) {
    if(res == 0) elem.innerHTML = msg1; else elem.innerHTML = msg2;
  }

}

function toggleAllBoxes() {
  if (document.getElementsByTagName) {
    d = document.getElementsByTagName('div');
    for (i = 0; i < d.length; i++) {
      if (d[i].className == 'log') {
        flip(d[i]);
      }
    }
  }
}

// -->
</script>

</head>
<body>
<h2 align='center'>FileServiceSpecialCharsTest</h2><table border='1' align="center">
<tr>
<td>Tests passed/Failed/Skipped:</td><td>19/0/0</td>
</tr><tr>
<td>Started on:</td><td>Thu Nov 27 20:03:47 IST 2014</td>
</tr>
<tr><td>Total time:</td><td>0 seconds (76 ms)</td>
</tr><tr>
<td>Included groups:</td><td></td>
</tr><tr>
<td>Excluded groups:</td><td></td>
</tr>
</table><p/>
<small><i>(Hover the method name to see the test class name)</i></small><p/>
<table width='100%' border='1' class='invocation-passed'>
<tr><td colspan='4' align='center'><b>PASSED TESTS</b></td></tr>
<tr><td><b>Test method</b></td>
<td width="30%"><b>Exception</b></td>
<td width="10%"><b>Time (seconds)</b></td>
<td><b>Instance</b></td>
</tr>
<tr>
<td title='org.artifactory.storage.db.fs.itest.service.FileServiceSpecialCharsTest.createFileValidChars()'><b>createFileValidChars</b><br>Test class: org.artifactory.storage.db.fs.itest.service.FileServiceSpecialCharsTest</td>
<td></td>
<td>0</td>
<td>org.artifactory.storage.db.fs.itest.service.FileServiceSpecialCharsTest@45690882</td></tr>
<tr>
<td title='org.artifactory.storage.db.fs.itest.service.FileServiceSpecialCharsTest.createFolderValidChars()'><b>createFolderValidChars</b><br>Test class: org.artifactory.storage.db.fs.itest.service.FileServiceSpecialCharsTest</td>
<td></td>
<td>0</td>
<td>org.artifactory.storage.db.fs.itest.service.FileServiceSpecialCharsTest@45690882</td></tr>
<tr>
<td title='org.artifactory.storage.db.fs.itest.service.FileServiceSpecialCharsTest.illegalColon()'><b>illegalColon</b><br>Test class: org.artifactory.storage.db.fs.itest.service.FileServiceSpecialCharsTest</td>
<td><div><pre>java.nio.file.InvalidPathException: Invalid path. &apos;:&apos; is not a valid name character: repo1/jaxen/jaxen/1.1.:1/jaxen-1.1.1.pom
	at org.artifactory.util.PathValidator.validate(PathValidator.java:105)
	at org.artifactory.storage.db.fs.service.FileServiceImpl.createFile(FileServiceImpl.java:136)
	at org.artifactory.storage.db.fs.itest.service.FileServiceSpecialCharsTest.createFile(FileServiceSpecialCharsTest.java:187)
	at org.artifactory.storage.db.fs.itest.service.FileServiceSpecialCharsTest.illegalColon(FileServiceSpecialCharsTest.java:156)
	at org.springframework.test.context.testng.AbstractTestNGSpringContextTests.run(AbstractTestNGSpringContextTests.java:172)
... Removed 32 stack frames</pre></div><a href='#' onClick='toggleBox("stack-trace1340254419", this, "Click to show all stack frames", "Click to hide stack frames")'>Click to show all stack frames</a>
<div class='stack-trace' id='stack-trace1340254419'><pre>java.nio.file.InvalidPathException: Invalid path. &apos;:&apos; is not a valid name character: repo1/jaxen/jaxen/1.1.:1/jaxen-1.1.1.pom
	at org.artifactory.util.PathValidator.validate(PathValidator.java:105)
	at org.artifactory.storage.db.fs.service.FileServiceImpl.createFile(FileServiceImpl.java:136)
	at org.artifactory.storage.db.fs.itest.service.FileServiceSpecialCharsTest.createFile(FileServiceSpecialCharsTest.java:187)
	at org.artifactory.storage.db.fs.itest.service.FileServiceSpecialCharsTest.illegalColon(FileServiceSpecialCharsTest.java:156)
	at sun.reflect.NativeMethodAccessorImpl.invoke0(Native Method)
	at sun.reflect.NativeMethodAccessorImpl.invoke(NativeMethodAccessorImpl.java:57)
	at sun.reflect.DelegatingMethodAccessorImpl.invoke(DelegatingMethodAccessorImpl.java:43)
	at java.lang.reflect.Method.invoke(Method.java:606)
	at org.testng.internal.MethodInvocationHelper.invokeMethod(MethodInvocationHelper.java:84)
	at org.testng.internal.MethodInvocationHelper$1.runTestMethod(MethodInvocationHelper.java:200)
	at org.springframework.test.context.testng.AbstractTestNGSpringContextTests.run(AbstractTestNGSpringContextTests.java:172)
	at sun.reflect.GeneratedMethodAccessor74.invoke(Unknown Source)
	at sun.reflect.DelegatingMethodAccessorImpl.invoke(DelegatingMethodAccessorImpl.java:43)
	at java.lang.reflect.Method.invoke(Method.java:606)
	at org.testng.internal.MethodInvocationHelper.invokeHookable(MethodInvocationHelper.java:212)
	at org.testng.internal.Invoker.invokeMethod(Invoker.java:707)
	at org.testng.internal.Invoker.invokeTestMethod(Invoker.java:901)
	at org.testng.internal.Invoker.invokeTestMethods(Invoker.java:1231)
	at org.testng.internal.TestMethodWorker.invokeTestMethods(TestMethodWorker.java:127)
	at org.testng.internal.TestMethodWorker.run(TestMethodWorker.java:111)
	at org.testng.TestRunner.privateRun(TestRunner.java:767)
	at org.testng.TestRunner.run(TestRunner.java:617)
	at org.testng.SuiteRunner.runTest(SuiteRunner.java:334)
	at org.testng.SuiteRunner.runSequentially(SuiteRunner.java:329)
	at org.testng.SuiteRunner.privateRun(SuiteRunner.java:291)
	at org.testng.SuiteRunner.run(SuiteRunner.java:240)
	at org.testng.SuiteRunnerWorker.runSuite(SuiteRunnerWorker.java:52)
	at org.testng.SuiteRunnerWorker.run(SuiteRunnerWorker.java:86)
	at org.testng.TestNG.runSuitesSequentially(TestNG.java:1224)
	at org.testng.TestNG.runSuitesLocally(TestNG.java:1149)
	at org.testng.TestNG.run(TestNG.java:1057)
	at org.apache.maven.surefire.testng.TestNGExecutor.run(TestNGExecutor.java:217)
	at org.apache.maven.surefire.testng.TestNGXmlTestSuite.execute(TestNGXmlTestSuite.java:84)
	at org.apache.maven.surefire.testng.TestNGProvider.invoke(TestNGProvider.java:92)
	at org.apache.maven.surefire.booter.ForkedBooter.invokeProviderInSameClassLoader(ForkedBooter.java:200)
	at org.apache.maven.surefire.booter.ForkedBooter.runSuitesInProcess(ForkedBooter.java:153)
	at org.apache.maven.surefire.booter.ForkedBooter.main(ForkedBooter.java:103)
</pre></div></td>
<td>0</td>
<td>org.artifactory.storage.db.fs.itest.service.FileServiceSpecialCharsTest@45690882</td></tr>
<tr>
<td title='org.artifactory.storage.db.fs.itest.service.FileServiceSpecialCharsTest.illegalPipe()'><b>illegalPipe</b><br>Test class: org.artifactory.storage.db.fs.itest.service.FileServiceSpecialCharsTest</td>
<td><div><pre>java.nio.file.InvalidPathException: Invalid path. &apos;|&apos; is not a valid name character: repo1/bbb/ccc|cccc/df.jar
	at org.artifactory.util.PathValidator.validate(PathValidator.java:105)
	at org.artifactory.storage.db.fs.service.FileServiceImpl.createFile(FileServiceImpl.java:136)
	at org.artifactory.storage.db.fs.itest.service.FileServiceSpecialCharsTest.createFile(FileServiceSpecialCharsTest.java:187)
	at org.artifactory.storage.db.fs.itest.service.FileServiceSpecialCharsTest.illegalPipe(FileServiceSpecialCharsTest.java:144)
	at org.springframework.test.context.testng.AbstractTestNGSpringContextTests.run(AbstractTestNGSpringContextTests.java:172)
... Removed 32 stack frames</pre></div><a href='#' onClick='toggleBox("stack-trace1657050098", this, "Click to show all stack frames", "Click to hide stack frames")'>Click to show all stack frames</a>
<div class='stack-trace' id='stack-trace1657050098'><pre>java.nio.file.InvalidPathException: Invalid path. &apos;|&apos; is not a valid name character: repo1/bbb/ccc|cccc/df.jar
	at org.artifactory.util.PathValidator.validate(PathValidator.java:105)
	at org.artifactory.storage.db.fs.service.FileServiceImpl.createFile(FileServiceImpl.java:136)
	at org.artifactory.storage.db.fs.itest.service.FileServiceSpecialCharsTest.createFile(FileServiceSpecialCharsTest.java:187)
	at org.artifactory.storage.db.fs.itest.service.FileServiceSpecialCharsTest.illegalPipe(FileServiceSpecialCharsTest.java:144)
	at sun.reflect.NativeMethodAccessorImpl.invoke0(Native Method)
	at sun.reflect.NativeMethodAccessorImpl.invoke(NativeMethodAccessorImpl.java:57)
	at sun.reflect.DelegatingMethodAccessorImpl.invoke(DelegatingMethodAccessorImpl.java:43)
	at java.lang.reflect.Method.invoke(Method.java:606)
	at org.testng.internal.MethodInvocationHelper.invokeMethod(MethodInvocationHelper.java:84)
	at org.testng.internal.MethodInvocationHelper$1.runTestMethod(MethodInvocationHelper.java:200)
	at org.springframework.test.context.testng.AbstractTestNGSpringContextTests.run(AbstractTestNGSpringContextTests.java:172)
	at sun.reflect.GeneratedMethodAccessor74.invoke(Unknown Source)
	at sun.reflect.DelegatingMethodAccessorImpl.invoke(DelegatingMethodAccessorImpl.java:43)
	at java.lang.reflect.Method.invoke(Method.java:606)
	at org.testng.internal.MethodInvocationHelper.invokeHookable(MethodInvocationHelper.java:212)
	at org.testng.internal.Invoker.invokeMethod(Invoker.java:707)
	at org.testng.internal.Invoker.invokeTestMethod(Invoker.java:901)
	at org.testng.internal.Invoker.invokeTestMethods(Invoker.java:1231)
	at org.testng.internal.TestMethodWorker.invokeTestMethods(TestMethodWorker.java:127)
	at org.testng.internal.TestMethodWorker.run(TestMethodWorker.java:111)
	at org.testng.TestRunner.privateRun(TestRunner.java:767)
	at org.testng.TestRunner.run(TestRunner.java:617)
	at org.testng.SuiteRunner.runTest(SuiteRunner.java:334)
	at org.testng.SuiteRunner.runSequentially(SuiteRunner.java:329)
	at org.testng.SuiteRunner.privateRun(SuiteRunner.java:291)
	at org.testng.SuiteRunner.run(SuiteRunner.java:240)
	at org.testng.SuiteRunnerWorker.runSuite(SuiteRunnerWorker.java:52)
	at org.testng.SuiteRunnerWorker.run(SuiteRunnerWorker.java:86)
	at org.testng.TestNG.runSuitesSequentially(TestNG.java:1224)
	at org.testng.TestNG.runSuitesLocally(TestNG.java:1149)
	at org.testng.TestNG.run(TestNG.java:1057)
	at org.apache.maven.surefire.testng.TestNGExecutor.run(TestNGExecutor.java:217)
	at org.apache.maven.surefire.testng.TestNGXmlTestSuite.execute(TestNGXmlTestSuite.java:84)
	at org.apache.maven.surefire.testng.TestNGProvider.invoke(TestNGProvider.java:92)
	at org.apache.maven.surefire.booter.ForkedBooter.invokeProviderInSameClassLoader(ForkedBooter.java:200)
	at org.apache.maven.surefire.booter.ForkedBooter.runSuitesInProcess(ForkedBooter.java:153)
	at org.apache.maven.surefire.booter.ForkedBooter.main(ForkedBooter.java:103)
</pre></div></td>
<td>0</td>
<td>org.artifactory.storage.db.fs.itest.service.FileServiceSpecialCharsTest@45690882</td></tr>
<tr>
<td title='org.artifactory.storage.db.fs.itest.service.FileServiceSpecialCharsTest.illegalQuestionMark()'><b>illegalQuestionMark</b><br>Test class: org.artifactory.storage.db.fs.itest.service.FileServiceSpecialCharsTest</td>
<td><div><pre>java.nio.file.InvalidPathException: Invalid path. &apos;?&apos; is not a valid name character: repo1/edu/ucar/ne?tcdf/4.2-min
	at org.artifactory.util.PathValidator.validate(PathValidator.java:105)
	at org.artifactory.storage.db.fs.service.FileServiceImpl.createFile(FileServiceImpl.java:136)
	at org.artifactory.storage.db.fs.itest.service.FileServiceSpecialCharsTest.createFile(FileServiceSpecialCharsTest.java:187)
	at org.artifactory.storage.db.fs.itest.service.FileServiceSpecialCharsTest.illegalQuestionMark(FileServiceSpecialCharsTest.java:132)
	at org.springframework.test.context.testng.AbstractTestNGSpringContextTests.run(AbstractTestNGSpringContextTests.java:172)
... Removed 32 stack frames</pre></div><a href='#' onClick='toggleBox("stack-trace1951174917", this, "Click to show all stack frames", "Click to hide stack frames")'>Click to show all stack frames</a>
<div class='stack-trace' id='stack-trace1951174917'><pre>java.nio.file.InvalidPathException: Invalid path. &apos;?&apos; is not a valid name character: repo1/edu/ucar/ne?tcdf/4.2-min
	at org.artifactory.util.PathValidator.validate(PathValidator.java:105)
	at org.artifactory.storage.db.fs.service.FileServiceImpl.createFile(FileServiceImpl.java:136)
	at org.artifactory.storage.db.fs.itest.service.FileServiceSpecialCharsTest.createFile(FileServiceSpecialCharsTest.java:187)
	at org.artifactory.storage.db.fs.itest.service.FileServiceSpecialCharsTest.illegalQuestionMark(FileServiceSpecialCharsTest.java:132)
	at sun.reflect.NativeMethodAccessorImpl.invoke0(Native Method)
	at sun.reflect.NativeMethodAccessorImpl.invoke(NativeMethodAccessorImpl.java:57)
	at sun.reflect.DelegatingMethodAccessorImpl.invoke(DelegatingMethodAccessorImpl.java:43)
	at java.lang.reflect.Method.invoke(Method.java:606)
	at org.testng.internal.MethodInvocationHelper.invokeMethod(MethodInvocationHelper.java:84)
	at org.testng.internal.MethodInvocationHelper$1.runTestMethod(MethodInvocationHelper.java:200)
	at org.springframework.test.context.testng.AbstractTestNGSpringContextTests.run(AbstractTestNGSpringContextTests.java:172)
	at sun.reflect.GeneratedMethodAccessor74.invoke(Unknown Source)
	at sun.reflect.DelegatingMethodAccessorImpl.invoke(DelegatingMethodAccessorImpl.java:43)
	at java.lang.reflect.Method.invoke(Method.java:606)
	at org.testng.internal.MethodInvocationHelper.invokeHookable(MethodInvocationHelper.java:212)
	at org.testng.internal.Invoker.invokeMethod(Invoker.java:707)
	at org.testng.internal.Invoker.invokeTestMethod(Invoker.java:901)
	at org.testng.internal.Invoker.invokeTestMethods(Invoker.java:1231)
	at org.testng.internal.TestMethodWorker.invokeTestMethods(TestMethodWorker.java:127)
	at org.testng.internal.TestMethodWorker.run(TestMethodWorker.java:111)
	at org.testng.TestRunner.privateRun(TestRunner.java:767)
	at org.testng.TestRunner.run(TestRunner.java:617)
	at org.testng.SuiteRunner.runTest(SuiteRunner.java:334)
	at org.testng.SuiteRunner.runSequentially(SuiteRunner.java:329)
	at org.testng.SuiteRunner.privateRun(SuiteRunner.java:291)
	at org.testng.SuiteRunner.run(SuiteRunner.java:240)
	at org.testng.SuiteRunnerWorker.runSuite(SuiteRunnerWorker.java:52)
	at org.testng.SuiteRunnerWorker.run(SuiteRunnerWorker.java:86)
	at org.testng.TestNG.runSuitesSequentially(TestNG.java:1224)
	at org.testng.TestNG.runSuitesLocally(TestNG.java:1149)
	at org.testng.TestNG.run(TestNG.java:1057)
	at org.apache.maven.surefire.testng.TestNGExecutor.run(TestNGExecutor.java:217)
	at org.apache.maven.surefire.testng.TestNGXmlTestSuite.execute(TestNGXmlTestSuite.java:84)
	at org.apache.maven.surefire.testng.TestNGProvider.invoke(TestNGProvider.java:92)
	at org.apache.maven.surefire.booter.ForkedBooter.invokeProviderInSameClassLoader(ForkedBooter.java:200)
	at org.apache.maven.surefire.booter.ForkedBooter.runSuitesInProcess(ForkedBooter.java:153)
	at org.apache.maven.surefire.booter.ForkedBooter.main(ForkedBooter.java:103)
</pre></div></td>
<td>0</td>
<td>org.artifactory.storage.db.fs.itest.service.FileServiceSpecialCharsTest@45690882</td></tr>
<tr>
<td title='org.artifactory.storage.db.fs.itest.service.FileServiceSpecialCharsTest.illegalQuotationMark()'><b>illegalQuotationMark</b><br>Test class: org.artifactory.storage.db.fs.itest.service.FileServiceSpecialCharsTest</td>
<td><div><pre>java.nio.file.InvalidPathException: Invalid path. &apos;&quot;&apos; is not a valid name character: repo1/vxcvxv&quot;
	at org.artifactory.util.PathValidator.validate(PathValidator.java:105)
	at org.artifactory.storage.db.fs.service.FileServiceImpl.createFile(FileServiceImpl.java:136)
	at org.artifactory.storage.db.fs.itest.service.FileServiceSpecialCharsTest.createFile(FileServiceSpecialCharsTest.java:187)
	at org.artifactory.storage.db.fs.itest.service.FileServiceSpecialCharsTest.illegalQuotationMark(FileServiceSpecialCharsTest.java:138)
	at org.springframework.test.context.testng.AbstractTestNGSpringContextTests.run(AbstractTestNGSpringContextTests.java:172)
... Removed 32 stack frames</pre></div><a href='#' onClick='toggleBox("stack-trace295486923", this, "Click to show all stack frames", "Click to hide stack frames")'>Click to show all stack frames</a>
<div class='stack-trace' id='stack-trace295486923'><pre>java.nio.file.InvalidPathException: Invalid path. &apos;&quot;&apos; is not a valid name character: repo1/vxcvxv&quot;
	at org.artifactory.util.PathValidator.validate(PathValidator.java:105)
	at org.artifactory.storage.db.fs.service.FileServiceImpl.createFile(FileServiceImpl.java:136)
	at org.artifactory.storage.db.fs.itest.service.FileServiceSpecialCharsTest.createFile(FileServiceSpecialCharsTest.java:187)
	at org.artifactory.storage.db.fs.itest.service.FileServiceSpecialCharsTest.illegalQuotationMark(FileServiceSpecialCharsTest.java:138)
	at sun.reflect.NativeMethodAccessorImpl.invoke0(Native Method)
	at sun.reflect.NativeMethodAccessorImpl.invoke(NativeMethodAccessorImpl.java:57)
	at sun.reflect.DelegatingMethodAccessorImpl.invoke(DelegatingMethodAccessorImpl.java:43)
	at java.lang.reflect.Method.invoke(Method.java:606)
	at org.testng.internal.MethodInvocationHelper.invokeMethod(MethodInvocationHelper.java:84)
	at org.testng.internal.MethodInvocationHelper$1.runTestMethod(MethodInvocationHelper.java:200)
	at org.springframework.test.context.testng.AbstractTestNGSpringContextTests.run(AbstractTestNGSpringContextTests.java:172)
	at sun.reflect.GeneratedMethodAccessor74.invoke(Unknown Source)
	at sun.reflect.DelegatingMethodAccessorImpl.invoke(DelegatingMethodAccessorImpl.java:43)
	at java.lang.reflect.Method.invoke(Method.java:606)
	at org.testng.internal.MethodInvocationHelper.invokeHookable(MethodInvocationHelper.java:212)
	at org.testng.internal.Invoker.invokeMethod(Invoker.java:707)
	at org.testng.internal.Invoker.invokeTestMethod(Invoker.java:901)
	at org.testng.internal.Invoker.invokeTestMethods(Invoker.java:1231)
	at org.testng.internal.TestMethodWorker.invokeTestMethods(TestMethodWorker.java:127)
	at org.testng.internal.TestMethodWorker.run(TestMethodWorker.java:111)
	at org.testng.TestRunner.privateRun(TestRunner.java:767)
	at org.testng.TestRunner.run(TestRunner.java:617)
	at org.testng.SuiteRunner.runTest(SuiteRunner.java:334)
	at org.testng.SuiteRunner.runSequentially(SuiteRunner.java:329)
	at org.testng.SuiteRunner.privateRun(SuiteRunner.java:291)
	at org.testng.SuiteRunner.run(SuiteRunner.java:240)
	at org.testng.SuiteRunnerWorker.runSuite(SuiteRunnerWorker.java:52)
	at org.testng.SuiteRunnerWorker.run(SuiteRunnerWorker.java:86)
	at org.testng.TestNG.runSuitesSequentially(TestNG.java:1224)
	at org.testng.TestNG.runSuitesLocally(TestNG.java:1149)
	at org.testng.TestNG.run(TestNG.java:1057)
	at org.apache.maven.surefire.testng.TestNGExecutor.run(TestNGExecutor.java:217)
	at org.apache.maven.surefire.testng.TestNGXmlTestSuite.execute(TestNGXmlTestSuite.java:84)
	at org.apache.maven.surefire.testng.TestNGProvider.invoke(TestNGProvider.java:92)
	at org.apache.maven.surefire.booter.ForkedBooter.invokeProviderInSameClassLoader(ForkedBooter.java:200)
	at org.apache.maven.surefire.booter.ForkedBooter.runSuitesInProcess(ForkedBooter.java:153)
	at org.apache.maven.surefire.booter.ForkedBooter.main(ForkedBooter.java:103)
</pre></div></td>
<td>0</td>
<td>org.artifactory.storage.db.fs.itest.service.FileServiceSpecialCharsTest@45690882</td></tr>
<tr>
<td title='org.artifactory.storage.db.fs.itest.service.FileServiceSpecialCharsTest.illegalStar()'><b>illegalStar</b><br>Test class: org.artifactory.storage.db.fs.itest.service.FileServiceSpecialCharsTest</td>
<td><div><pre>java.nio.file.InvalidPathException: Invalid path. &apos;*&apos; is not a valid name character: repo1/ddd**ddd
	at org.artifactory.util.PathValidator.validate(PathValidator.java:105)
	at org.artifactory.storage.db.fs.service.FileServiceImpl.createFile(FileServiceImpl.java:136)
	at org.artifactory.storage.db.fs.itest.service.FileServiceSpecialCharsTest.createFile(FileServiceSpecialCharsTest.java:187)
	at org.artifactory.storage.db.fs.itest.service.FileServiceSpecialCharsTest.illegalStar(FileServiceSpecialCharsTest.java:150)
	at org.springframework.test.context.testng.AbstractTestNGSpringContextTests.run(AbstractTestNGSpringContextTests.java:172)
... Removed 32 stack frames</pre></div><a href='#' onClick='toggleBox("stack-trace1908972116", this, "Click to show all stack frames", "Click to hide stack frames")'>Click to show all stack frames</a>
<div class='stack-trace' id='stack-trace1908972116'><pre>java.nio.file.InvalidPathException: Invalid path. &apos;*&apos; is not a valid name character: repo1/ddd**ddd
	at org.artifactory.util.PathValidator.validate(PathValidator.java:105)
	at org.artifactory.storage.db.fs.service.FileServiceImpl.createFile(FileServiceImpl.java:136)
	at org.artifactory.storage.db.fs.itest.service.FileServiceSpecialCharsTest.createFile(FileServiceSpecialCharsTest.java:187)
	at org.artifactory.storage.db.fs.itest.service.FileServiceSpecialCharsTest.illegalStar(FileServiceSpecialCharsTest.java:150)
	at sun.reflect.NativeMethodAccessorImpl.invoke0(Native Method)
	at sun.reflect.NativeMethodAccessorImpl.invoke(NativeMethodAccessorImpl.java:57)
	at sun.reflect.DelegatingMethodAccessorImpl.invoke(DelegatingMethodAccessorImpl.java:43)
	at java.lang.reflect.Method.invoke(Method.java:606)
	at org.testng.internal.MethodInvocationHelper.invokeMethod(MethodInvocationHelper.java:84)
	at org.testng.internal.MethodInvocationHelper$1.runTestMethod(MethodInvocationHelper.java:200)
	at org.springframework.test.context.testng.AbstractTestNGSpringContextTests.run(AbstractTestNGSpringContextTests.java:172)
	at sun.reflect.GeneratedMethodAccessor74.invoke(Unknown Source)
	at sun.reflect.DelegatingMethodAccessorImpl.invoke(DelegatingMethodAccessorImpl.java:43)
	at java.lang.reflect.Method.invoke(Method.java:606)
	at org.testng.internal.MethodInvocationHelper.invokeHookable(MethodInvocationHelper.java:212)
	at org.testng.internal.Invoker.invokeMethod(Invoker.java:707)
	at org.testng.internal.Invoker.invokeTestMethod(Invoker.java:901)
	at org.testng.internal.Invoker.invokeTestMethods(Invoker.java:1231)
	at org.testng.internal.TestMethodWorker.invokeTestMethods(TestMethodWorker.java:127)
	at org.testng.internal.TestMethodWorker.run(TestMethodWorker.java:111)
	at org.testng.TestRunner.privateRun(TestRunner.java:767)
	at org.testng.TestRunner.run(TestRunner.java:617)
	at org.testng.SuiteRunner.runTest(SuiteRunner.java:334)
	at org.testng.SuiteRunner.runSequentially(SuiteRunner.java:329)
	at org.testng.SuiteRunner.privateRun(SuiteRunner.java:291)
	at org.testng.SuiteRunner.run(SuiteRunner.java:240)
	at org.testng.SuiteRunnerWorker.runSuite(SuiteRunnerWorker.java:52)
	at org.testng.SuiteRunnerWorker.run(SuiteRunnerWorker.java:86)
	at org.testng.TestNG.runSuitesSequentially(TestNG.java:1224)
	at org.testng.TestNG.runSuitesLocally(TestNG.java:1149)
	at org.testng.TestNG.run(TestNG.java:1057)
	at org.apache.maven.surefire.testng.TestNGExecutor.run(TestNGExecutor.java:217)
	at org.apache.maven.surefire.testng.TestNGXmlTestSuite.execute(TestNGXmlTestSuite.java:84)
	at org.apache.maven.surefire.testng.TestNGProvider.invoke(TestNGProvider.java:92)
	at org.apache.maven.surefire.booter.ForkedBooter.invokeProviderInSameClassLoader(ForkedBooter.java:200)
	at org.apache.maven.surefire.booter.ForkedBooter.runSuitesInProcess(ForkedBooter.java:153)
	at org.apache.maven.surefire.booter.ForkedBooter.main(ForkedBooter.java:103)
</pre></div></td>
<td>0</td>
<td>org.artifactory.storage.db.fs.itest.service.FileServiceSpecialCharsTest@45690882</td></tr>
<tr>
<td title='org.artifactory.storage.db.fs.itest.service.FileServiceSpecialCharsTest.invalidAllSpaces()'><b>invalidAllSpaces</b><br>Test class: org.artifactory.storage.db.fs.itest.service.FileServiceSpecialCharsTest</td>
<td></td>
<td>0</td>
<td>org.artifactory.storage.db.fs.itest.service.FileServiceSpecialCharsTest@45690882</td></tr>
<tr>
<td title='org.artifactory.storage.db.fs.itest.service.FileServiceSpecialCharsTest.invalidDot()'><b>invalidDot</b><br>Test class: org.artifactory.storage.db.fs.itest.service.FileServiceSpecialCharsTest</td>
<td><div><pre>java.nio.file.InvalidPathException: Path element cannot end with a dot: repo1/org/antlr/./3.4/antlr-master-3.4
	at org.artifactory.util.PathValidator.validate(PathValidator.java:72)
	at org.artifactory.storage.db.fs.service.FileServiceImpl.createFile(FileServiceImpl.java:136)
	at org.artifactory.storage.db.fs.itest.service.FileServiceSpecialCharsTest.createFile(FileServiceSpecialCharsTest.java:187)
	at org.artifactory.storage.db.fs.itest.service.FileServiceSpecialCharsTest.invalidDot(FileServiceSpecialCharsTest.java:108)
	at org.springframework.test.context.testng.AbstractTestNGSpringContextTests.run(AbstractTestNGSpringContextTests.java:172)
... Removed 32 stack frames</pre></div><a href='#' onClick='toggleBox("stack-trace757858040", this, "Click to show all stack frames", "Click to hide stack frames")'>Click to show all stack frames</a>
<div class='stack-trace' id='stack-trace757858040'><pre>java.nio.file.InvalidPathException: Path element cannot end with a dot: repo1/org/antlr/./3.4/antlr-master-3.4
	at org.artifactory.util.PathValidator.validate(PathValidator.java:72)
	at org.artifactory.storage.db.fs.service.FileServiceImpl.createFile(FileServiceImpl.java:136)
	at org.artifactory.storage.db.fs.itest.service.FileServiceSpecialCharsTest.createFile(FileServiceSpecialCharsTest.java:187)
	at org.artifactory.storage.db.fs.itest.service.FileServiceSpecialCharsTest.invalidDot(FileServiceSpecialCharsTest.java:108)
	at sun.reflect.NativeMethodAccessorImpl.invoke0(Native Method)
	at sun.reflect.NativeMethodAccessorImpl.invoke(NativeMethodAccessorImpl.java:57)
	at sun.reflect.DelegatingMethodAccessorImpl.invoke(DelegatingMethodAccessorImpl.java:43)
	at java.lang.reflect.Method.invoke(Method.java:606)
	at org.testng.internal.MethodInvocationHelper.invokeMethod(MethodInvocationHelper.java:84)
	at org.testng.internal.MethodInvocationHelper$1.runTestMethod(MethodInvocationHelper.java:200)
	at org.springframework.test.context.testng.AbstractTestNGSpringContextTests.run(AbstractTestNGSpringContextTests.java:172)
	at sun.reflect.GeneratedMethodAccessor74.invoke(Unknown Source)
	at sun.reflect.DelegatingMethodAccessorImpl.invoke(DelegatingMethodAccessorImpl.java:43)
	at java.lang.reflect.Method.invoke(Method.java:606)
	at org.testng.internal.MethodInvocationHelper.invokeHookable(MethodInvocationHelper.java:212)
	at org.testng.internal.Invoker.invokeMethod(Invoker.java:707)
	at org.testng.internal.Invoker.invokeTestMethod(Invoker.java:901)
	at org.testng.internal.Invoker.invokeTestMethods(Invoker.java:1231)
	at org.testng.internal.TestMethodWorker.invokeTestMethods(TestMethodWorker.java:127)
	at org.testng.internal.TestMethodWorker.run(TestMethodWorker.java:111)
	at org.testng.TestRunner.privateRun(TestRunner.java:767)
	at org.testng.TestRunner.run(TestRunner.java:617)
	at org.testng.SuiteRunner.runTest(SuiteRunner.java:334)
	at org.testng.SuiteRunner.runSequentially(SuiteRunner.java:329)
	at org.testng.SuiteRunner.privateRun(SuiteRunner.java:291)
	at org.testng.SuiteRunner.run(SuiteRunner.java:240)
	at org.testng.SuiteRunnerWorker.runSuite(SuiteRunnerWorker.java:52)
	at org.testng.SuiteRunnerWorker.run(SuiteRunnerWorker.java:86)
	at org.testng.TestNG.runSuitesSequentially(TestNG.java:1224)
	at org.testng.TestNG.runSuitesLocally(TestNG.java:1149)
	at org.testng.TestNG.run(TestNG.java:1057)
	at org.apache.maven.surefire.testng.TestNGExecutor.run(TestNGExecutor.java:217)
	at org.apache.maven.surefire.testng.TestNGXmlTestSuite.execute(TestNGXmlTestSuite.java:84)
	at org.apache.maven.surefire.testng.TestNGProvider.invoke(TestNGProvider.java:92)
	at org.apache.maven.surefire.booter.ForkedBooter.invokeProviderInSameClassLoader(ForkedBooter.java:200)
	at org.apache.maven.surefire.booter.ForkedBooter.runSuitesInProcess(ForkedBooter.java:153)
	at org.apache.maven.surefire.booter.ForkedBooter.main(ForkedBooter.java:103)
</pre></div></td>
<td>0</td>
<td>org.artifactory.storage.db.fs.itest.service.FileServiceSpecialCharsTest@45690882</td></tr>
<tr>
<td title='org.artifactory.storage.db.fs.itest.service.FileServiceSpecialCharsTest.invalidDotDot()'><b>invalidDotDot</b><br>Test class: org.artifactory.storage.db.fs.itest.service.FileServiceSpecialCharsTest</td>
<td><div><pre>java.nio.file.InvalidPathException: Path element cannot end with a dot: repo1/javacvs/javacvs/../javacvs-atlassian-20080407.jar.sha1
	at org.artifactory.util.PathValidator.validate(PathValidator.java:72)
	at org.artifactory.storage.db.fs.service.FileServiceImpl.createFile(FileServiceImpl.java:136)
	at org.artifactory.storage.db.fs.itest.service.FileServiceSpecialCharsTest.createFile(FileServiceSpecialCharsTest.java:187)
	at org.artifactory.storage.db.fs.itest.service.FileServiceSpecialCharsTest.invalidDotDot(FileServiceSpecialCharsTest.java:114)
	at org.springframework.test.context.testng.AbstractTestNGSpringContextTests.run(AbstractTestNGSpringContextTests.java:172)
... Removed 32 stack frames</pre></div><a href='#' onClick='toggleBox("stack-trace1367652180", this, "Click to show all stack frames", "Click to hide stack frames")'>Click to show all stack frames</a>
<div class='stack-trace' id='stack-trace1367652180'><pre>java.nio.file.InvalidPathException: Path element cannot end with a dot: repo1/javacvs/javacvs/../javacvs-atlassian-20080407.jar.sha1
	at org.artifactory.util.PathValidator.validate(PathValidator.java:72)
	at org.artifactory.storage.db.fs.service.FileServiceImpl.createFile(FileServiceImpl.java:136)
	at org.artifactory.storage.db.fs.itest.service.FileServiceSpecialCharsTest.createFile(FileServiceSpecialCharsTest.java:187)
	at org.artifactory.storage.db.fs.itest.service.FileServiceSpecialCharsTest.invalidDotDot(FileServiceSpecialCharsTest.java:114)
	at sun.reflect.NativeMethodAccessorImpl.invoke0(Native Method)
	at sun.reflect.NativeMethodAccessorImpl.invoke(NativeMethodAccessorImpl.java:57)
	at sun.reflect.DelegatingMethodAccessorImpl.invoke(DelegatingMethodAccessorImpl.java:43)
	at java.lang.reflect.Method.invoke(Method.java:606)
	at org.testng.internal.MethodInvocationHelper.invokeMethod(MethodInvocationHelper.java:84)
	at org.testng.internal.MethodInvocationHelper$1.runTestMethod(MethodInvocationHelper.java:200)
	at org.springframework.test.context.testng.AbstractTestNGSpringContextTests.run(AbstractTestNGSpringContextTests.java:172)
	at sun.reflect.GeneratedMethodAccessor74.invoke(Unknown Source)
	at sun.reflect.DelegatingMethodAccessorImpl.invoke(DelegatingMethodAccessorImpl.java:43)
	at java.lang.reflect.Method.invoke(Method.java:606)
	at org.testng.internal.MethodInvocationHelper.invokeHookable(MethodInvocationHelper.java:212)
	at org.testng.internal.Invoker.invokeMethod(Invoker.java:707)
	at org.testng.internal.Invoker.invokeTestMethod(Invoker.java:901)
	at org.testng.internal.Invoker.invokeTestMethods(Invoker.java:1231)
	at org.testng.internal.TestMethodWorker.invokeTestMethods(TestMethodWorker.java:127)
	at org.testng.internal.TestMethodWorker.run(TestMethodWorker.java:111)
	at org.testng.TestRunner.privateRun(TestRunner.java:767)
	at org.testng.TestRunner.run(TestRunner.java:617)
	at org.testng.SuiteRunner.runTest(SuiteRunner.java:334)
	at org.testng.SuiteRunner.runSequentially(SuiteRunner.java:329)
	at org.testng.SuiteRunner.privateRun(SuiteRunner.java:291)
	at org.testng.SuiteRunner.run(SuiteRunner.java:240)
	at org.testng.SuiteRunnerWorker.runSuite(SuiteRunnerWorker.java:52)
	at org.testng.SuiteRunnerWorker.run(SuiteRunnerWorker.java:86)
	at org.testng.TestNG.runSuitesSequentially(TestNG.java:1224)
	at org.testng.TestNG.runSuitesLocally(TestNG.java:1149)
	at org.testng.TestNG.run(TestNG.java:1057)
	at org.apache.maven.surefire.testng.TestNGExecutor.run(TestNGExecutor.java:217)
	at org.apache.maven.surefire.testng.TestNGXmlTestSuite.execute(TestNGXmlTestSuite.java:84)
	at org.apache.maven.surefire.testng.TestNGProvider.invoke(TestNGProvider.java:92)
	at org.apache.maven.surefire.booter.ForkedBooter.invokeProviderInSameClassLoader(ForkedBooter.java:200)
	at org.apache.maven.surefire.booter.ForkedBooter.runSuitesInProcess(ForkedBooter.java:153)
	at org.apache.maven.surefire.booter.ForkedBooter.main(ForkedBooter.java:103)
</pre></div></td>
<td>0</td>
<td>org.artifactory.storage.db.fs.itest.service.FileServiceSpecialCharsTest@45690882</td></tr>
<tr>
<td title='org.artifactory.storage.db.fs.itest.service.FileServiceSpecialCharsTest.invalidSingleAmpersand()'><b>invalidSingleAmpersand</b><br>Test class: org.artifactory.storage.db.fs.itest.service.FileServiceSpecialCharsTest</td>
<td><div><pre>java.nio.file.InvalidPathException: Path cannot have single ampersand: repo1/&amp;
	at org.artifactory.util.PathValidator.validate(PathValidator.java:74)
	at org.artifactory.storage.db.fs.service.FileServiceImpl.createFile(FileServiceImpl.java:136)
	at org.artifactory.storage.db.fs.itest.service.FileServiceSpecialCharsTest.createFile(FileServiceSpecialCharsTest.java:187)
	at org.artifactory.storage.db.fs.itest.service.FileServiceSpecialCharsTest.invalidSingleAmpersand(FileServiceSpecialCharsTest.java:90)
	at org.springframework.test.context.testng.AbstractTestNGSpringContextTests.run(AbstractTestNGSpringContextTests.java:172)
... Removed 32 stack frames</pre></div><a href='#' onClick='toggleBox("stack-trace1982138783", this, "Click to show all stack frames", "Click to hide stack frames")'>Click to show all stack frames</a>
<div class='stack-trace' id='stack-trace1982138783'><pre>java.nio.file.InvalidPathException: Path cannot have single ampersand: repo1/&amp;
	at org.artifactory.util.PathValidator.validate(PathValidator.java:74)
	at org.artifactory.storage.db.fs.service.FileServiceImpl.createFile(FileServiceImpl.java:136)
	at org.artifactory.storage.db.fs.itest.service.FileServiceSpecialCharsTest.createFile(FileServiceSpecialCharsTest.java:187)
	at org.artifactory.storage.db.fs.itest.service.FileServiceSpecialCharsTest.invalidSingleAmpersand(FileServiceSpecialCharsTest.java:90)
	at sun.reflect.NativeMethodAccessorImpl.invoke0(Native Method)
	at sun.reflect.NativeMethodAccessorImpl.invoke(NativeMethodAccessorImpl.java:57)
	at sun.reflect.DelegatingMethodAccessorImpl.invoke(DelegatingMethodAccessorImpl.java:43)
	at java.lang.reflect.Method.invoke(Method.java:606)
	at org.testng.internal.MethodInvocationHelper.invokeMethod(MethodInvocationHelper.java:84)
	at org.testng.internal.MethodInvocationHelper$1.runTestMethod(MethodInvocationHelper.java:200)
	at org.springframework.test.context.testng.AbstractTestNGSpringContextTests.run(AbstractTestNGSpringContextTests.java:172)
	at sun.reflect.GeneratedMethodAccessor74.invoke(Unknown Source)
	at sun.reflect.DelegatingMethodAccessorImpl.invoke(DelegatingMethodAccessorImpl.java:43)
	at java.lang.reflect.Method.invoke(Method.java:606)
	at org.testng.internal.MethodInvocationHelper.invokeHookable(MethodInvocationHelper.java:212)
	at org.testng.internal.Invoker.invokeMethod(Invoker.java:707)
	at org.testng.internal.Invoker.invokeTestMethod(Invoker.java:901)
	at org.testng.internal.Invoker.invokeTestMethods(Invoker.java:1231)
	at org.testng.internal.TestMethodWorker.invokeTestMethods(TestMethodWorker.java:127)
	at org.testng.internal.TestMethodWorker.run(TestMethodWorker.java:111)
	at org.testng.TestRunner.privateRun(TestRunner.java:767)
	at org.testng.TestRunner.run(TestRunner.java:617)
	at org.testng.SuiteRunner.runTest(SuiteRunner.java:334)
	at org.testng.SuiteRunner.runSequentially(SuiteRunner.java:329)
	at org.testng.SuiteRunner.privateRun(SuiteRunner.java:291)
	at org.testng.SuiteRunner.run(SuiteRunner.java:240)
	at org.testng.SuiteRunnerWorker.runSuite(SuiteRunnerWorker.java:52)
	at org.testng.SuiteRunnerWorker.run(SuiteRunnerWorker.java:86)
	at org.testng.TestNG.runSuitesSequentially(TestNG.java:1224)
	at org.testng.TestNG.runSuitesLocally(TestNG.java:1149)
	at org.testng.TestNG.run(TestNG.java:1057)
	at org.apache.maven.surefire.testng.TestNGExecutor.run(TestNGExecutor.java:217)
	at org.apache.maven.surefire.testng.TestNGXmlTestSuite.execute(TestNGXmlTestSuite.java:84)
	at org.apache.maven.surefire.testng.TestNGProvider.invoke(TestNGProvider.java:92)
	at org.apache.maven.surefire.booter.ForkedBooter.invokeProviderInSameClassLoader(ForkedBooter.java:200)
	at org.apache.maven.surefire.booter.ForkedBooter.runSuitesInProcess(ForkedBooter.java:153)
	at org.apache.maven.surefire.booter.ForkedBooter.main(ForkedBooter.java:103)
</pre></div></td>
<td>0</td>
<td>org.artifactory.storage.db.fs.itest.service.FileServiceSpecialCharsTest@45690882</td></tr>
<tr>
<td title='org.artifactory.storage.db.fs.itest.service.FileServiceSpecialCharsTest.invalidSingleColon()'><b>invalidSingleColon</b><br>Test class: org.artifactory.storage.db.fs.itest.service.FileServiceSpecialCharsTest</td>
<td><div><pre>java.nio.file.InvalidPathException: Invalid path. &apos;:&apos; is not a valid name character: repo1/:
	at org.artifactory.util.PathValidator.validate(PathValidator.java:105)
	at org.artifactory.storage.db.fs.service.FileServiceImpl.createFile(FileServiceImpl.java:136)
	at org.artifactory.storage.db.fs.itest.service.FileServiceSpecialCharsTest.createFile(FileServiceSpecialCharsTest.java:187)
	at org.artifactory.storage.db.fs.itest.service.FileServiceSpecialCharsTest.invalidSingleColon(FileServiceSpecialCharsTest.java:84)
	at org.springframework.test.context.testng.AbstractTestNGSpringContextTests.run(AbstractTestNGSpringContextTests.java:172)
... Removed 32 stack frames</pre></div><a href='#' onClick='toggleBox("stack-trace708849126", this, "Click to show all stack frames", "Click to hide stack frames")'>Click to show all stack frames</a>
<div class='stack-trace' id='stack-trace708849126'><pre>java.nio.file.InvalidPathException: Invalid path. &apos;:&apos; is not a valid name character: repo1/:
	at org.artifactory.util.PathValidator.validate(PathValidator.java:105)
	at org.artifactory.storage.db.fs.service.FileServiceImpl.createFile(FileServiceImpl.java:136)
	at org.artifactory.storage.db.fs.itest.service.FileServiceSpecialCharsTest.createFile(FileServiceSpecialCharsTest.java:187)
	at org.artifactory.storage.db.fs.itest.service.FileServiceSpecialCharsTest.invalidSingleColon(FileServiceSpecialCharsTest.java:84)
	at sun.reflect.NativeMethodAccessorImpl.invoke0(Native Method)
	at sun.reflect.NativeMethodAccessorImpl.invoke(NativeMethodAccessorImpl.java:57)
	at sun.reflect.DelegatingMethodAccessorImpl.invoke(DelegatingMethodAccessorImpl.java:43)
	at java.lang.reflect.Method.invoke(Method.java:606)
	at org.testng.internal.MethodInvocationHelper.invokeMethod(MethodInvocationHelper.java:84)
	at org.testng.internal.MethodInvocationHelper$1.runTestMethod(MethodInvocationHelper.java:200)
	at org.springframework.test.context.testng.AbstractTestNGSpringContextTests.run(AbstractTestNGSpringContextTests.java:172)
	at sun.reflect.GeneratedMethodAccessor74.invoke(Unknown Source)
	at sun.reflect.DelegatingMethodAccessorImpl.invoke(DelegatingMethodAccessorImpl.java:43)
	at java.lang.reflect.Method.invoke(Method.java:606)
	at org.testng.internal.MethodInvocationHelper.invokeHookable(MethodInvocationHelper.java:212)
	at org.testng.internal.Invoker.invokeMethod(Invoker.java:707)
	at org.testng.internal.Invoker.invokeTestMethod(Invoker.java:901)
	at org.testng.internal.Invoker.invokeTestMethods(Invoker.java:1231)
	at org.testng.internal.TestMethodWorker.invokeTestMethods(TestMethodWorker.java:127)
	at org.testng.internal.TestMethodWorker.run(TestMethodWorker.java:111)
	at org.testng.TestRunner.privateRun(TestRunner.java:767)
	at org.testng.TestRunner.run(TestRunner.java:617)
	at org.testng.SuiteRunner.runTest(SuiteRunner.java:334)
	at org.testng.SuiteRunner.runSequentially(SuiteRunner.java:329)
	at org.testng.SuiteRunner.privateRun(SuiteRunner.java:291)
	at org.testng.SuiteRunner.run(SuiteRunner.java:240)
	at org.testng.SuiteRunnerWorker.runSuite(SuiteRunnerWorker.java:52)
	at org.testng.SuiteRunnerWorker.run(SuiteRunnerWorker.java:86)
	at org.testng.TestNG.runSuitesSequentially(TestNG.java:1224)
	at org.testng.TestNG.runSuitesLocally(TestNG.java:1149)
	at org.testng.TestNG.run(TestNG.java:1057)
	at org.apache.maven.surefire.testng.TestNGExecutor.run(TestNGExecutor.java:217)
	at org.apache.maven.surefire.testng.TestNGXmlTestSuite.execute(TestNGXmlTestSuite.java:84)
	at org.apache.maven.surefire.testng.TestNGProvider.invoke(TestNGProvider.java:92)
	at org.apache.maven.surefire.booter.ForkedBooter.invokeProviderInSameClassLoader(ForkedBooter.java:200)
	at org.apache.maven.surefire.booter.ForkedBooter.runSuitesInProcess(ForkedBooter.java:153)
	at org.apache.maven.surefire.booter.ForkedBooter.main(ForkedBooter.java:103)
</pre></div></td>
<td>0</td>
<td>org.artifactory.storage.db.fs.itest.service.FileServiceSpecialCharsTest@45690882</td></tr>
<tr>
<td title='org.artifactory.storage.db.fs.itest.service.FileServiceSpecialCharsTest.invalidSingleDot()'><b>invalidSingleDot</b><br>Test class: org.artifactory.storage.db.fs.itest.service.FileServiceSpecialCharsTest</td>
<td><div><pre>java.nio.file.InvalidPathException: Path element cannot end with a dot: repo1/.
	at org.artifactory.util.PathValidator.validate(PathValidator.java:72)
	at org.artifactory.storage.db.fs.service.FileServiceImpl.createFile(FileServiceImpl.java:136)
	at org.artifactory.storage.db.fs.itest.service.FileServiceSpecialCharsTest.createFile(FileServiceSpecialCharsTest.java:187)
	at org.artifactory.storage.db.fs.itest.service.FileServiceSpecialCharsTest.invalidSingleDot(FileServiceSpecialCharsTest.java:96)
	at org.springframework.test.context.testng.AbstractTestNGSpringContextTests.run(AbstractTestNGSpringContextTests.java:172)
... Removed 32 stack frames</pre></div><a href='#' onClick='toggleBox("stack-trace186066399", this, "Click to show all stack frames", "Click to hide stack frames")'>Click to show all stack frames</a>
<div class='stack-trace' id='stack-trace186066399'><pre>java.nio.file.InvalidPathException: Path element cannot end with a dot: repo1/.
	at org.artifactory.util.PathValidator.validate(PathValidator.java:72)
	at org.artifactory.storage.db.fs.service.FileServiceImpl.createFile(FileServiceImpl.java:136)
	at org.artifactory.storage.db.fs.itest.service.FileServiceSpecialCharsTest.createFile(FileServiceSpecialCharsTest.java:187)
	at org.artifactory.storage.db.fs.itest.service.FileServiceSpecialCharsTest.invalidSingleDot(FileServiceSpecialCharsTest.java:96)
	at sun.reflect.NativeMethodAccessorImpl.invoke0(Native Method)
	at sun.reflect.NativeMethodAccessorImpl.invoke(NativeMethodAccessorImpl.java:57)
	at sun.reflect.DelegatingMethodAccessorImpl.invoke(DelegatingMethodAccessorImpl.java:43)
	at java.lang.reflect.Method.invoke(Method.java:606)
	at org.testng.internal.MethodInvocationHelper.invokeMethod(MethodInvocationHelper.java:84)
	at org.testng.internal.MethodInvocationHelper$1.runTestMethod(MethodInvocationHelper.java:200)
	at org.springframework.test.context.testng.AbstractTestNGSpringContextTests.run(AbstractTestNGSpringContextTests.java:172)
	at sun.reflect.GeneratedMethodAccessor74.invoke(Unknown Source)
	at sun.reflect.DelegatingMethodAccessorImpl.invoke(DelegatingMethodAccessorImpl.java:43)
	at java.lang.reflect.Method.invoke(Method.java:606)
	at org.testng.internal.MethodInvocationHelper.invokeHookable(MethodInvocationHelper.java:212)
	at org.testng.internal.Invoker.invokeMethod(Invoker.java:707)
	at org.testng.internal.Invoker.invokeTestMethod(Invoker.java:901)
	at org.testng.internal.Invoker.invokeTestMethods(Invoker.java:1231)
	at org.testng.internal.TestMethodWorker.invokeTestMethods(TestMethodWorker.java:127)
	at org.testng.internal.TestMethodWorker.run(TestMethodWorker.java:111)
	at org.testng.TestRunner.privateRun(TestRunner.java:767)
	at org.testng.TestRunner.run(TestRunner.java:617)
	at org.testng.SuiteRunner.runTest(SuiteRunner.java:334)
	at org.testng.SuiteRunner.runSequentially(SuiteRunner.java:329)
	at org.testng.SuiteRunner.privateRun(SuiteRunner.java:291)
	at org.testng.SuiteRunner.run(SuiteRunner.java:240)
	at org.testng.SuiteRunnerWorker.runSuite(SuiteRunnerWorker.java:52)
	at org.testng.SuiteRunnerWorker.run(SuiteRunnerWorker.java:86)
	at org.testng.TestNG.runSuitesSequentially(TestNG.java:1224)
	at org.testng.TestNG.runSuitesLocally(TestNG.java:1149)
	at org.testng.TestNG.run(TestNG.java:1057)
	at org.apache.maven.surefire.testng.TestNGExecutor.run(TestNGExecutor.java:217)
	at org.apache.maven.surefire.testng.TestNGXmlTestSuite.execute(TestNGXmlTestSuite.java:84)
	at org.apache.maven.surefire.testng.TestNGProvider.invoke(TestNGProvider.java:92)
	at org.apache.maven.surefire.booter.ForkedBooter.invokeProviderInSameClassLoader(ForkedBooter.java:200)
	at org.apache.maven.surefire.booter.ForkedBooter.runSuitesInProcess(ForkedBooter.java:153)
	at org.apache.maven.surefire.booter.ForkedBooter.main(ForkedBooter.java:103)
</pre></div></td>
<td>0</td>
<td>org.artifactory.storage.db.fs.itest.service.FileServiceSpecialCharsTest@45690882</td></tr>
<tr>
<td title='org.artifactory.storage.db.fs.itest.service.FileServiceSpecialCharsTest.invalidSingleDotDot()'><b>invalidSingleDotDot</b><br>Test class: org.artifactory.storage.db.fs.itest.service.FileServiceSpecialCharsTest</td>
<td><div><pre>java.nio.file.InvalidPathException: Path element cannot end with a dot: repo1/..
	at org.artifactory.util.PathValidator.validate(PathValidator.java:72)
	at org.artifactory.storage.db.fs.service.FileServiceImpl.createFile(FileServiceImpl.java:136)
	at org.artifactory.storage.db.fs.itest.service.FileServiceSpecialCharsTest.createFile(FileServiceSpecialCharsTest.java:187)
	at org.artifactory.storage.db.fs.itest.service.FileServiceSpecialCharsTest.invalidSingleDotDot(FileServiceSpecialCharsTest.java:102)
	at org.springframework.test.context.testng.AbstractTestNGSpringContextTests.run(AbstractTestNGSpringContextTests.java:172)
... Removed 32 stack frames</pre></div><a href='#' onClick='toggleBox("stack-trace711604022", this, "Click to show all stack frames", "Click to hide stack frames")'>Click to show all stack frames</a>
<div class='stack-trace' id='stack-trace711604022'><pre>java.nio.file.InvalidPathException: Path element cannot end with a dot: repo1/..
	at org.artifactory.util.PathValidator.validate(PathValidator.java:72)
	at org.artifactory.storage.db.fs.service.FileServiceImpl.createFile(FileServiceImpl.java:136)
	at org.artifactory.storage.db.fs.itest.service.FileServiceSpecialCharsTest.createFile(FileServiceSpecialCharsTest.java:187)
	at org.artifactory.storage.db.fs.itest.service.FileServiceSpecialCharsTest.invalidSingleDotDot(FileServiceSpecialCharsTest.java:102)
	at sun.reflect.NativeMethodAccessorImpl.invoke0(Native Method)
	at sun.reflect.NativeMethodAccessorImpl.invoke(NativeMethodAccessorImpl.java:57)
	at sun.reflect.DelegatingMethodAccessorImpl.invoke(DelegatingMethodAccessorImpl.java:43)
	at java.lang.reflect.Method.invoke(Method.java:606)
	at org.testng.internal.MethodInvocationHelper.invokeMethod(MethodInvocationHelper.java:84)
	at org.testng.internal.MethodInvocationHelper$1.runTestMethod(MethodInvocationHelper.java:200)
	at org.springframework.test.context.testng.AbstractTestNGSpringContextTests.run(AbstractTestNGSpringContextTests.java:172)
	at sun.reflect.GeneratedMethodAccessor74.invoke(Unknown Source)
	at sun.reflect.DelegatingMethodAccessorImpl.invoke(DelegatingMethodAccessorImpl.java:43)
	at java.lang.reflect.Method.invoke(Method.java:606)
	at org.testng.internal.MethodInvocationHelper.invokeHookable(MethodInvocationHelper.java:212)
	at org.testng.internal.Invoker.invokeMethod(Invoker.java:707)
	at org.testng.internal.Invoker.invokeTestMethod(Invoker.java:901)
	at org.testng.internal.Invoker.invokeTestMethods(Invoker.java:1231)
	at org.testng.internal.TestMethodWorker.invokeTestMethods(TestMethodWorker.java:127)
	at org.testng.internal.TestMethodWorker.run(TestMethodWorker.java:111)
	at org.testng.TestRunner.privateRun(TestRunner.java:767)
	at org.testng.TestRunner.run(TestRunner.java:617)
	at org.testng.SuiteRunner.runTest(SuiteRunner.java:334)
	at org.testng.SuiteRunner.runSequentially(SuiteRunner.java:329)
	at org.testng.SuiteRunner.privateRun(SuiteRunner.java:291)
	at org.testng.SuiteRunner.run(SuiteRunner.java:240)
	at org.testng.SuiteRunnerWorker.runSuite(SuiteRunnerWorker.java:52)
	at org.testng.SuiteRunnerWorker.run(SuiteRunnerWorker.java:86)
	at org.testng.TestNG.runSuitesSequentially(TestNG.java:1224)
	at org.testng.TestNG.runSuitesLocally(TestNG.java:1149)
	at org.testng.TestNG.run(TestNG.java:1057)
	at org.apache.maven.surefire.testng.TestNGExecutor.run(TestNGExecutor.java:217)
	at org.apache.maven.surefire.testng.TestNGXmlTestSuite.execute(TestNGXmlTestSuite.java:84)
	at org.apache.maven.surefire.testng.TestNGProvider.invoke(TestNGProvider.java:92)
	at org.apache.maven.surefire.booter.ForkedBooter.invokeProviderInSameClassLoader(ForkedBooter.java:200)
	at org.apache.maven.surefire.booter.ForkedBooter.runSuitesInProcess(ForkedBooter.java:153)
	at org.apache.maven.surefire.booter.ForkedBooter.main(ForkedBooter.java:103)
</pre></div></td>
<td>0</td>
<td>org.artifactory.storage.db.fs.itest.service.FileServiceSpecialCharsTest@45690882</td></tr>
<tr>
<td title='org.artifactory.storage.db.fs.itest.service.FileServiceSpecialCharsTest.invalidSpaceAfterSlash()'><b>invalidSpaceAfterSlash</b><br>Test class: org.artifactory.storage.db.fs.itest.service.FileServiceSpecialCharsTest</td>
<td><div><pre>java.nio.file.InvalidPathException: Path cannot have a space after a slash: repo1/vvc/cccx/sdsd/ cvcv/
	at org.artifactory.util.PathValidator.validate(PathValidator.java:94)
	at org.artifactory.storage.db.fs.service.FileServiceImpl.createFile(FileServiceImpl.java:136)
	at org.artifactory.storage.db.fs.itest.service.FileServiceSpecialCharsTest.createFile(FileServiceSpecialCharsTest.java:187)
	at org.artifactory.storage.db.fs.itest.service.FileServiceSpecialCharsTest.invalidSpaceAfterSlash(FileServiceSpecialCharsTest.java:168)
	at org.springframework.test.context.testng.AbstractTestNGSpringContextTests.run(AbstractTestNGSpringContextTests.java:172)
... Removed 32 stack frames</pre></div><a href='#' onClick='toggleBox("stack-trace239819682", this, "Click to show all stack frames", "Click to hide stack frames")'>Click to show all stack frames</a>
<div class='stack-trace' id='stack-trace239819682'><pre>java.nio.file.InvalidPathException: Path cannot have a space after a slash: repo1/vvc/cccx/sdsd/ cvcv/
	at org.artifactory.util.PathValidator.validate(PathValidator.java:94)
	at org.artifactory.storage.db.fs.service.FileServiceImpl.createFile(FileServiceImpl.java:136)
	at org.artifactory.storage.db.fs.itest.service.FileServiceSpecialCharsTest.createFile(FileServiceSpecialCharsTest.java:187)
	at org.artifactory.storage.db.fs.itest.service.FileServiceSpecialCharsTest.invalidSpaceAfterSlash(FileServiceSpecialCharsTest.java:168)
	at sun.reflect.NativeMethodAccessorImpl.invoke0(Native Method)
	at sun.reflect.NativeMethodAccessorImpl.invoke(NativeMethodAccessorImpl.java:57)
	at sun.reflect.DelegatingMethodAccessorImpl.invoke(DelegatingMethodAccessorImpl.java:43)
	at java.lang.reflect.Method.invoke(Method.java:606)
	at org.testng.internal.MethodInvocationHelper.invokeMethod(MethodInvocationHelper.java:84)
	at org.testng.internal.MethodInvocationHelper$1.runTestMethod(MethodInvocationHelper.java:200)
	at org.springframework.test.context.testng.AbstractTestNGSpringContextTests.run(AbstractTestNGSpringContextTests.java:172)
	at sun.reflect.GeneratedMethodAccessor74.invoke(Unknown Source)
	at sun.reflect.DelegatingMethodAccessorImpl.invoke(DelegatingMethodAccessorImpl.java:43)
	at java.lang.reflect.Method.invoke(Method.java:606)
	at org.testng.internal.MethodInvocationHelper.invokeHookable(MethodInvocationHelper.java:212)
	at org.testng.internal.Invoker.invokeMethod(Invoker.java:707)
	at org.testng.internal.Invoker.invokeTestMethod(Invoker.java:901)
	at org.testng.internal.Invoker.invokeTestMethods(Invoker.java:1231)
	at org.testng.internal.TestMethodWorker.invokeTestMethods(TestMethodWorker.java:127)
	at org.testng.internal.TestMethodWorker.run(TestMethodWorker.java:111)
	at org.testng.TestRunner.privateRun(TestRunner.java:767)
	at org.testng.TestRunner.run(TestRunner.java:617)
	at org.testng.SuiteRunner.runTest(SuiteRunner.java:334)
	at org.testng.SuiteRunner.runSequentially(SuiteRunner.java:329)
	at org.testng.SuiteRunner.privateRun(SuiteRunner.java:291)
	at org.testng.SuiteRunner.run(SuiteRunner.java:240)
	at org.testng.SuiteRunnerWorker.runSuite(SuiteRunnerWorker.java:52)
	at org.testng.SuiteRunnerWorker.run(SuiteRunnerWorker.java:86)
	at org.testng.TestNG.runSuitesSequentially(TestNG.java:1224)
	at org.testng.TestNG.runSuitesLocally(TestNG.java:1149)
	at org.testng.TestNG.run(TestNG.java:1057)
	at org.apache.maven.surefire.testng.TestNGExecutor.run(TestNGExecutor.java:217)
	at org.apache.maven.surefire.testng.TestNGXmlTestSuite.execute(TestNGXmlTestSuite.java:84)
	at org.apache.maven.surefire.testng.TestNGProvider.invoke(TestNGProvider.java:92)
	at org.apache.maven.surefire.booter.ForkedBooter.invokeProviderInSameClassLoader(ForkedBooter.java:200)
	at org.apache.maven.surefire.booter.ForkedBooter.runSuitesInProcess(ForkedBooter.java:153)
	at org.apache.maven.surefire.booter.ForkedBooter.main(ForkedBooter.java:103)
</pre></div></td>
<td>0</td>
<td>org.artifactory.storage.db.fs.itest.service.FileServiceSpecialCharsTest@45690882</td></tr>
<tr>
<td title='org.artifactory.storage.db.fs.itest.service.FileServiceSpecialCharsTest.invalidSpaceBeforeSlash()'><b>invalidSpaceBeforeSlash</b><br>Test class: org.artifactory.storage.db.fs.itest.service.FileServiceSpecialCharsTest</td>
<td><div><pre>java.nio.file.InvalidPathException: Path cannot have a slash after a space: repo1/sdfsdfsdf  /sdgfdfg.sdfd
	at org.artifactory.util.PathValidator.validate(PathValidator.java:70)
	at org.artifactory.storage.db.fs.service.FileServiceImpl.createFile(FileServiceImpl.java:136)
	at org.artifactory.storage.db.fs.itest.service.FileServiceSpecialCharsTest.createFile(FileServiceSpecialCharsTest.java:187)
	at org.artifactory.storage.db.fs.itest.service.FileServiceSpecialCharsTest.invalidSpaceBeforeSlash(FileServiceSpecialCharsTest.java:162)
	at org.springframework.test.context.testng.AbstractTestNGSpringContextTests.run(AbstractTestNGSpringContextTests.java:172)
... Removed 32 stack frames</pre></div><a href='#' onClick='toggleBox("stack-trace1933530080", this, "Click to show all stack frames", "Click to hide stack frames")'>Click to show all stack frames</a>
<div class='stack-trace' id='stack-trace1933530080'><pre>java.nio.file.InvalidPathException: Path cannot have a slash after a space: repo1/sdfsdfsdf  /sdgfdfg.sdfd
	at org.artifactory.util.PathValidator.validate(PathValidator.java:70)
	at org.artifactory.storage.db.fs.service.FileServiceImpl.createFile(FileServiceImpl.java:136)
	at org.artifactory.storage.db.fs.itest.service.FileServiceSpecialCharsTest.createFile(FileServiceSpecialCharsTest.java:187)
	at org.artifactory.storage.db.fs.itest.service.FileServiceSpecialCharsTest.invalidSpaceBeforeSlash(FileServiceSpecialCharsTest.java:162)
	at sun.reflect.NativeMethodAccessorImpl.invoke0(Native Method)
	at sun.reflect.NativeMethodAccessorImpl.invoke(NativeMethodAccessorImpl.java:57)
	at sun.reflect.DelegatingMethodAccessorImpl.invoke(DelegatingMethodAccessorImpl.java:43)
	at java.lang.reflect.Method.invoke(Method.java:606)
	at org.testng.internal.MethodInvocationHelper.invokeMethod(MethodInvocationHelper.java:84)
	at org.testng.internal.MethodInvocationHelper$1.runTestMethod(MethodInvocationHelper.java:200)
	at org.springframework.test.context.testng.AbstractTestNGSpringContextTests.run(AbstractTestNGSpringContextTests.java:172)
	at sun.reflect.GeneratedMethodAccessor74.invoke(Unknown Source)
	at sun.reflect.DelegatingMethodAccessorImpl.invoke(DelegatingMethodAccessorImpl.java:43)
	at java.lang.reflect.Method.invoke(Method.java:606)
	at org.testng.internal.MethodInvocationHelper.invokeHookable(MethodInvocationHelper.java:212)
	at org.testng.internal.Invoker.invokeMethod(Invoker.java:707)
	at org.testng.internal.Invoker.invokeTestMethod(Invoker.java:901)
	at org.testng.internal.Invoker.invokeTestMethods(Invoker.java:1231)
	at org.testng.internal.TestMethodWorker.invokeTestMethods(TestMethodWorker.java:127)
	at org.testng.internal.TestMethodWorker.run(TestMethodWorker.java:111)
	at org.testng.TestRunner.privateRun(TestRunner.java:767)
	at org.testng.TestRunner.run(TestRunner.java:617)
	at org.testng.SuiteRunner.runTest(SuiteRunner.java:334)
	at org.testng.SuiteRunner.runSequentially(SuiteRunner.java:329)
	at org.testng.SuiteRunner.privateRun(SuiteRunner.java:291)
	at org.testng.SuiteRunner.run(SuiteRunner.java:240)
	at org.testng.SuiteRunnerWorker.runSuite(SuiteRunnerWorker.java:52)
	at org.testng.SuiteRunnerWorker.run(SuiteRunnerWorker.java:86)
	at org.testng.TestNG.runSuitesSequentially(TestNG.java:1224)
	at org.testng.TestNG.runSuitesLocally(TestNG.java:1149)
	at org.testng.TestNG.run(TestNG.java:1057)
	at org.apache.maven.surefire.testng.TestNGExecutor.run(TestNGExecutor.java:217)
	at org.apache.maven.surefire.testng.TestNGXmlTestSuite.execute(TestNGXmlTestSuite.java:84)
	at org.apache.maven.surefire.testng.TestNGProvider.invoke(TestNGProvider.java:92)
	at org.apache.maven.surefire.booter.ForkedBooter.invokeProviderInSameClassLoader(ForkedBooter.java:200)
	at org.apache.maven.surefire.booter.ForkedBooter.runSuitesInProcess(ForkedBooter.java:153)
	at org.apache.maven.surefire.booter.ForkedBooter.main(ForkedBooter.java:103)
</pre></div></td>
<td>0</td>
<td>org.artifactory.storage.db.fs.itest.service.FileServiceSpecialCharsTest@45690882</td></tr>
<tr>
<td title='org.artifactory.storage.db.fs.itest.service.FileServiceSpecialCharsTest.rootRepo()'><b>rootRepo</b><br>Test class: org.artifactory.storage.db.fs.itest.service.FileServiceSpecialCharsTest</td>
<td></td>
<td>0</td>
<td>org.artifactory.storage.db.fs.itest.service.FileServiceSpecialCharsTest@45690882</td></tr>
<tr>
<td title='org.artifactory.storage.db.fs.itest.service.FileServiceSpecialCharsTest.validCarretLeft()'><b>validCarretLeft</b><br>Test class: org.artifactory.storage.db.fs.itest.service.FileServiceSpecialCharsTest</td>
<td></td>
<td>0</td>
<td>org.artifactory.storage.db.fs.itest.service.FileServiceSpecialCharsTest@45690882</td></tr>
<tr>
<td title='org.artifactory.storage.db.fs.itest.service.FileServiceSpecialCharsTest.validCarretRight()'><b>validCarretRight</b><br>Test class: org.artifactory.storage.db.fs.itest.service.FileServiceSpecialCharsTest</td>
<td></td>
<td>0</td>
<td>org.artifactory.storage.db.fs.itest.service.FileServiceSpecialCharsTest@45690882</td></tr>
</table><p>
</body>
</html>