<?xml version="1.0" encoding="UTF-8"?>
<testng-results skipped="0" failed="0" total="59" passed="59">
  <reporter-output>
  </reporter-output>
  <suite name="org.artifactory.webapp.wicket.util.DescriptionExtractorTest" duration-ms="274" started-at="2014-11-27T18:04:13Z" finished-at="2014-11-27T18:04:14Z">
    <groups>
    </groups>
    <test name="Command line test ed9fdda5-61b7-4eac-951f-fe3b038f6659" duration-ms="274" started-at="2014-11-27T18:04:13Z" finished-at="2014-11-27T18:04:14Z">
      <class name="org.artifactory.webapp.wicket.util.DescriptionExtractorTest">
        <test-method status="PASS" signature="setup()[pri:0, instance:org.artifactory.webapp.wicket.util.DescriptionExtractorTest@fc61093]" name="setup" is-config="true" duration-ms="53" started-at="2014-11-27T20:04:13Z" finished-at="2014-11-27T20:04:13Z">
          <reporter-output>
          </reporter-output>
        </test-method> <!-- setup -->
        <test-method status="PASS" signature="inheritedProperty()[pri:0, instance:org.artifactory.webapp.wicket.util.DescriptionExtractorTest@fc61093]" name="inheritedProperty" duration-ms="121" started-at="2014-11-27T20:04:13Z" finished-at="2014-11-27T20:04:14Z">
          <reporter-output>
          </reporter-output>
        </test-method> <!-- inheritedProperty -->
        <test-method status="PASS" signature="nestedProperty()[pri:0, instance:org.artifactory.webapp.wicket.util.DescriptionExtractorTest@fc61093]" name="nestedProperty" duration-ms="22" started-at="2014-11-27T20:04:14Z" finished-at="2014-11-27T20:04:14Z">
          <reporter-output>
          </reporter-output>
        </test-method> <!-- nestedProperty -->
        <test-method status="PASS" signature="noSuchProperty()[pri:0, instance:org.artifactory.webapp.wicket.util.DescriptionExtractorTest@fc61093]" name="noSuchProperty" duration-ms="1" started-at="2014-11-27T20:04:14Z" finished-at="2014-11-27T20:04:14Z">
          <exception class="java.lang.IllegalArgumentException">
            <message>
              <![CDATA[Property field 'momo' not found!]]>
            </message>
            <full-stacktrace>
              <![CDATA[java.lang.IllegalArgumentException: Property field 'momo' not found!
	at org.artifactory.webapp.wicket.util.DescriptionExtractor.getField(DescriptionExtractor.java:103)
	at org.artifactory.webapp.wicket.util.DescriptionExtractor.getDescription(DescriptionExtractor.java:88)
	at org.artifactory.webapp.wicket.util.DescriptionExtractorTest.noSuchProperty(DescriptionExtractorTest.java:52)
	at sun.reflect.NativeMethodAccessorImpl.invoke0(Native Method)
	at sun.reflect.NativeMethodAccessorImpl.invoke(NativeMethodAccessorImpl.java:57)
	at sun.reflect.DelegatingMethodAccessorImpl.invoke(DelegatingMethodAccessorImpl.java:43)
	at java.lang.reflect.Method.invoke(Method.java:606)
	at org.testng.internal.MethodInvocationHelper.invokeMethod(MethodInvocationHelper.java:84)
	at org.testng.internal.Invoker.invokeMethod(Invoker.java:714)
	at org.testng.internal.Invoker.invokeTestMethod(Invoker.java:901)
	at org.testng.internal.Invoker.invokeTestMethods(Invoker.java:1231)
	at org.testng.internal.TestMethodWorker.invokeTestMethods(TestMethodWorker.java:127)
	at org.testng.internal.TestMethodWorker.run(TestMethodWorker.java:111)
	at org.testng.TestRunner.privateRun(TestRunner.java:767)
	at org.testng.TestRunner.run(TestRunner.java:617)
	at org.testng.SuiteRunner.runTest(SuiteRunner.java:334)
	at org.testng.SuiteRunner.runSequentially(SuiteRunner.java:329)
	at org.testng.SuiteRunner.privateRun(SuiteRunner.java:291)
	at org.testng.SuiteRunner.run(SuiteRunner.java:240)
	at org.testng.SuiteRunnerWorker.runSuite(SuiteRunnerWorker.java:52)
	at org.testng.SuiteRunnerWorker.run(SuiteRunnerWorker.java:86)
	at org.testng.TestNG.runSuitesSequentially(TestNG.java:1224)
	at org.testng.TestNG.runSuitesLocally(TestNG.java:1149)
	at org.testng.TestNG.run(TestNG.java:1057)
	at org.apache.maven.surefire.testng.TestNGExecutor.run(TestNGExecutor.java:91)
	at org.apache.maven.surefire.testng.TestNGDirectoryTestSuite.executeMulti(TestNGDirectoryTestSuite.java:204)
	at org.apache.maven.surefire.testng.TestNGDirectoryTestSuite.execute(TestNGDirectoryTestSuite.java:107)
	at org.apache.maven.surefire.testng.TestNGProvider.invoke(TestNGProvider.java:113)
	at org.apache.maven.surefire.booter.ForkedBooter.invokeProviderInSameClassLoader(ForkedBooter.java:200)
	at org.apache.maven.surefire.booter.ForkedBooter.runSuitesInProcess(ForkedBooter.java:153)
	at org.apache.maven.surefire.booter.ForkedBooter.main(ForkedBooter.java:103)
Caused by: org.apache.wicket.WicketRuntimeException: No get method defined for class: class org.artifactory.descriptor.index.IndexerDescriptor expression: momo
	at org.apache.wicket.util.lang.PropertyResolver.getGetAndSetter(PropertyResolver.java:499)
	at org.apache.wicket.util.lang.PropertyResolver.getObjectAndGetSetter(PropertyResolver.java:341)
	at org.apache.wicket.util.lang.PropertyResolver.getObjectAndGetSetter(PropertyResolver.java:244)
	at org.apache.wicket.util.lang.PropertyResolver.getPropertyField(PropertyResolver.java:189)
	at org.artifactory.webapp.wicket.util.DescriptionExtractor.getField(DescriptionExtractor.java:101)
	... 30 more
]]>
            </full-stacktrace>
          </exception> <!-- java.lang.IllegalArgumentException -->
          <reporter-output>
          </reporter-output>
        </test-method> <!-- noSuchProperty -->
        <test-method status="PASS" signature="propertyWithElementWrapper()[pri:0, instance:org.artifactory.webapp.wicket.util.DescriptionExtractorTest@fc61093]" name="propertyWithElementWrapper" duration-ms="33" started-at="2014-11-27T20:04:14Z" finished-at="2014-11-27T20:04:14Z">
          <reporter-output>
          </reporter-output>
        </test-method> <!-- propertyWithElementWrapper -->
        <test-method status="PASS" signature="propertyWithoutDescription()[pri:0, instance:org.artifactory.webapp.wicket.util.DescriptionExtractorTest@fc61093]" name="propertyWithoutDescription" duration-ms="15" started-at="2014-11-27T20:04:14Z" finished-at="2014-11-27T20:04:14Z">
          <reporter-output>
          </reporter-output>
        </test-method> <!-- propertyWithoutDescription -->
        <test-method status="PASS" signature="simpleProperty()[pri:0, instance:org.artifactory.webapp.wicket.util.DescriptionExtractorTest@fc61093]" name="simpleProperty" duration-ms="13" started-at="2014-11-27T20:04:14Z" finished-at="2014-11-27T20:04:14Z">
          <reporter-output>
          </reporter-output>
        </test-method> <!-- simpleProperty -->
        <test-method status="PASS" signature="simplePropertyDescriptionWithinCData()[pri:0, instance:org.artifactory.webapp.wicket.util.DescriptionExtractorTest@fc61093]" name="simplePropertyDescriptionWithinCData" duration-ms="13" started-at="2014-11-27T20:04:14Z" finished-at="2014-11-27T20:04:14Z">
          <reporter-output>
          </reporter-output>
        </test-method> <!-- simplePropertyDescriptionWithinCData -->
        <test-method status="PASS" signature="xmlTypeFromClass()[pri:0, instance:org.artifactory.webapp.wicket.util.DescriptionExtractorTest@fc61093]" name="xmlTypeFromClass" duration-ms="1" started-at="2014-11-27T20:04:14Z" finished-at="2014-11-27T20:04:14Z">
          <reporter-output>
          </reporter-output>
        </test-method> <!-- xmlTypeFromClass -->
      </class> <!-- org.artifactory.webapp.wicket.util.DescriptionExtractorTest -->
    </test> <!-- Command line test ed9fdda5-61b7-4eac-951f-fe3b038f6659 -->
  </suite> <!-- org.artifactory.webapp.wicket.util.DescriptionExtractorTest -->
  <suite name="org.artifactory.webapp.wicket.page.browse.treebrowser.tabs.general.dependency.DependencyDeclarationProviderTypeTest" duration-ms="3" started-at="2014-11-27T18:04:13Z" finished-at="2014-11-27T18:04:13Z">
    <groups>
    </groups>
    <test name="Command line test 62270429-55c9-4249-b91a-d56e722dc0fb" duration-ms="3" started-at="2014-11-27T18:04:13Z" finished-at="2014-11-27T18:04:13Z">
      <class name="org.artifactory.webapp.wicket.page.browse.treebrowser.tabs.general.dependency.DependencyDeclarationProviderTypeTest">
        <test-method status="PASS" signature="testDefaultValues()[pri:0, instance:org.artifactory.webapp.wicket.page.browse.treebrowser.tabs.general.dependency.DependencyDeclarationProviderTypeTest@6cbd9138]" name="testDefaultValues" duration-ms="2" started-at="2014-11-27T20:04:13Z" finished-at="2014-11-27T20:04:13Z">
          <reporter-output>
          </reporter-output>
        </test-method> <!-- testDefaultValues -->
      </class> <!-- org.artifactory.webapp.wicket.page.browse.treebrowser.tabs.general.dependency.DependencyDeclarationProviderTypeTest -->
    </test> <!-- Command line test 62270429-55c9-4249-b91a-d56e722dc0fb -->
  </suite> <!-- org.artifactory.webapp.wicket.page.browse.treebrowser.tabs.general.dependency.DependencyDeclarationProviderTypeTest -->
  <suite name="org.artifactory.webapp.wicket.util.CssClassTest" duration-ms="203" started-at="2014-11-27T18:04:13Z" finished-at="2014-11-27T18:04:13Z">
    <groups>
    </groups>
    <test name="Command line test aa59dc0e-ba6c-4b77-9603-6d5e2708cd41" duration-ms="203" started-at="2014-11-27T18:04:13Z" finished-at="2014-11-27T18:04:13Z">
      <class name="org.artifactory.webapp.wicket.util.CssClassTest">
        <test-method status="PASS" signature="readMimeTypes()[pri:0, instance:org.artifactory.webapp.wicket.util.CssClassTest@f1a0fad]" name="readMimeTypes" is-config="true" duration-ms="191" started-at="2014-11-27T20:04:13Z" finished-at="2014-11-27T20:04:13Z">
          <reporter-output>
          </reporter-output>
        </test-method> <!-- readMimeTypes -->
        <test-method status="PASS" signature="bindArtifactoryHome()[pri:0, instance:org.artifactory.webapp.wicket.util.CssClassTest@f1a0fad]" name="bindArtifactoryHome" is-config="true" duration-ms="2" started-at="2014-11-27T20:04:13Z" finished-at="2014-11-27T20:04:13Z">
          <reporter-output>
          </reporter-output>
        </test-method> <!-- bindArtifactoryHome -->
        <test-method status="PASS" signature="genericCss()[pri:0, instance:org.artifactory.webapp.wicket.util.CssClassTest@f1a0fad]" name="genericCss" duration-ms="6" started-at="2014-11-27T20:04:13Z" finished-at="2014-11-27T20:04:13Z">
          <reporter-output>
          </reporter-output>
        </test-method> <!-- genericCss -->
        <test-method status="PASS" signature="bindArtifactoryHome()[pri:0, instance:org.artifactory.webapp.wicket.util.CssClassTest@f1a0fad]" name="bindArtifactoryHome" is-config="true" duration-ms="1" started-at="2014-11-27T20:04:13Z" finished-at="2014-11-27T20:04:13Z">
          <reporter-output>
          </reporter-output>
        </test-method> <!-- bindArtifactoryHome -->
        <test-method status="PASS" signature="unbindArtifactoryHome()[pri:0, instance:org.artifactory.webapp.wicket.util.CssClassTest@f1a0fad]" name="unbindArtifactoryHome" is-config="true" duration-ms="0" started-at="2014-11-27T20:04:13Z" finished-at="2014-11-27T20:04:13Z">
          <reporter-output>
          </reporter-output>
        </test-method> <!-- unbindArtifactoryHome -->
        <test-method status="PASS" signature="jarCss()[pri:0, instance:org.artifactory.webapp.wicket.util.CssClassTest@f1a0fad]" name="jarCss" duration-ms="0" started-at="2014-11-27T20:04:13Z" finished-at="2014-11-27T20:04:13Z">
          <reporter-output>
          </reporter-output>
        </test-method> <!-- jarCss -->
        <test-method status="PASS" signature="bindArtifactoryHome()[pri:0, instance:org.artifactory.webapp.wicket.util.CssClassTest@f1a0fad]" name="bindArtifactoryHome" is-config="true" duration-ms="0" started-at="2014-11-27T20:04:13Z" finished-at="2014-11-27T20:04:13Z">
          <reporter-output>
          </reporter-output>
        </test-method> <!-- bindArtifactoryHome -->
        <test-method status="PASS" signature="unbindArtifactoryHome()[pri:0, instance:org.artifactory.webapp.wicket.util.CssClassTest@f1a0fad]" name="unbindArtifactoryHome" is-config="true" duration-ms="0" started-at="2014-11-27T20:04:13Z" finished-at="2014-11-27T20:04:13Z">
          <reporter-output>
          </reporter-output>
        </test-method> <!-- unbindArtifactoryHome -->
        <test-method status="PASS" signature="unbindArtifactoryHome()[pri:0, instance:org.artifactory.webapp.wicket.util.CssClassTest@f1a0fad]" name="unbindArtifactoryHome" is-config="true" duration-ms="0" started-at="2014-11-27T20:04:13Z" finished-at="2014-11-27T20:04:13Z">
          <reporter-output>
          </reporter-output>
        </test-method> <!-- unbindArtifactoryHome -->
        <test-method status="PASS" signature="genericCss2()[pri:0, instance:org.artifactory.webapp.wicket.util.CssClassTest@f1a0fad]" name="genericCss2" duration-ms="0" started-at="2014-11-27T20:04:13Z" finished-at="2014-11-27T20:04:13Z">
          <reporter-output>
          </reporter-output>
        </test-method> <!-- genericCss2 -->
        <test-method status="PASS" signature="unbindArtifactoryHome()[pri:0, instance:org.artifactory.webapp.wicket.util.CssClassTest@f1a0fad]" name="unbindArtifactoryHome" is-config="true" duration-ms="0" started-at="2014-11-27T20:04:13Z" finished-at="2014-11-27T20:04:13Z">
          <reporter-output>
          </reporter-output>
        </test-method> <!-- unbindArtifactoryHome -->
        <test-method status="PASS" signature="bindArtifactoryHome()[pri:0, instance:org.artifactory.webapp.wicket.util.CssClassTest@f1a0fad]" name="bindArtifactoryHome" is-config="true" duration-ms="0" started-at="2014-11-27T20:04:13Z" finished-at="2014-11-27T20:04:13Z">
          <reporter-output>
          </reporter-output>
        </test-method> <!-- bindArtifactoryHome -->
        <test-method status="PASS" signature="pomCss()[pri:0, instance:org.artifactory.webapp.wicket.util.CssClassTest@f1a0fad]" name="pomCss" duration-ms="0" started-at="2014-11-27T20:04:13Z" finished-at="2014-11-27T20:04:13Z">
          <reporter-output>
          </reporter-output>
        </test-method> <!-- pomCss -->
        <test-method status="PASS" signature="parentCss()[pri:0, instance:org.artifactory.webapp.wicket.util.CssClassTest@f1a0fad]" name="parentCss" duration-ms="0" started-at="2014-11-27T20:04:13Z" finished-at="2014-11-27T20:04:13Z">
          <reporter-output>
          </reporter-output>
        </test-method> <!-- parentCss -->
        <test-method status="PASS" signature="unbindArtifactoryHome()[pri:0, instance:org.artifactory.webapp.wicket.util.CssClassTest@f1a0fad]" name="unbindArtifactoryHome" is-config="true" duration-ms="0" started-at="2014-11-27T20:04:13Z" finished-at="2014-11-27T20:04:13Z">
          <reporter-output>
          </reporter-output>
        </test-method> <!-- unbindArtifactoryHome -->
        <test-method status="PASS" signature="bindArtifactoryHome()[pri:0, instance:org.artifactory.webapp.wicket.util.CssClassTest@f1a0fad]" name="bindArtifactoryHome" is-config="true" duration-ms="0" started-at="2014-11-27T20:04:13Z" finished-at="2014-11-27T20:04:13Z">
          <reporter-output>
          </reporter-output>
        </test-method> <!-- bindArtifactoryHome -->
        <test-method status="PASS" signature="rarCss()[pri:0, instance:org.artifactory.webapp.wicket.util.CssClassTest@f1a0fad]" name="rarCss" duration-ms="0" started-at="2014-11-27T20:04:13Z" finished-at="2014-11-27T20:04:13Z">
          <reporter-output>
          </reporter-output>
        </test-method> <!-- rarCss -->
        <test-method status="PASS" signature="unbindArtifactoryHome()[pri:0, instance:org.artifactory.webapp.wicket.util.CssClassTest@f1a0fad]" name="unbindArtifactoryHome" is-config="true" duration-ms="0" started-at="2014-11-27T20:04:13Z" finished-at="2014-11-27T20:04:13Z">
          <reporter-output>
          </reporter-output>
        </test-method> <!-- unbindArtifactoryHome -->
        <test-method status="PASS" signature="bindArtifactoryHome()[pri:0, instance:org.artifactory.webapp.wicket.util.CssClassTest@f1a0fad]" name="bindArtifactoryHome" is-config="true" duration-ms="0" started-at="2014-11-27T20:04:13Z" finished-at="2014-11-27T20:04:13Z">
          <reporter-output>
          </reporter-output>
        </test-method> <!-- bindArtifactoryHome -->
        <test-method status="PASS" signature="unbindArtifactoryHome()[pri:0, instance:org.artifactory.webapp.wicket.util.CssClassTest@f1a0fad]" name="unbindArtifactoryHome" is-config="true" duration-ms="0" started-at="2014-11-27T20:04:13Z" finished-at="2014-11-27T20:04:13Z">
          <reporter-output>
          </reporter-output>
        </test-method> <!-- unbindArtifactoryHome -->
        <test-method status="PASS" signature="zipAsDocCss()[pri:0, instance:org.artifactory.webapp.wicket.util.CssClassTest@f1a0fad]" name="zipAsDocCss" duration-ms="0" started-at="2014-11-27T20:04:13Z" finished-at="2014-11-27T20:04:13Z">
          <reporter-output>
          </reporter-output>
        </test-method> <!-- zipAsDocCss -->
        <test-method status="PASS" signature="bindArtifactoryHome()[pri:0, instance:org.artifactory.webapp.wicket.util.CssClassTest@f1a0fad]" name="bindArtifactoryHome" is-config="true" duration-ms="0" started-at="2014-11-27T20:04:13Z" finished-at="2014-11-27T20:04:13Z">
          <reporter-output>
          </reporter-output>
        </test-method> <!-- bindArtifactoryHome -->
      </class> <!-- org.artifactory.webapp.wicket.util.CssClassTest -->
    </test> <!-- Command line test aa59dc0e-ba6c-4b77-9603-6d5e2708cd41 -->
  </suite> <!-- org.artifactory.webapp.wicket.util.CssClassTest -->
  <suite name="org.artifactory.webapp.wicket.page.browse.treebrowser.tabs.general.dependency.BaseDependencyDeclarationProviderTest" duration-ms="0" started-at="2014-11-27T18:04:13Z" finished-at="2014-11-27T18:04:13Z">
    <groups>
    </groups>
    <test name="Command line test 8d6b573a-0b14-45e3-b3da-f84e7ff4562a" duration-ms="0" started-at="2014-11-27T18:04:13Z" finished-at="2014-11-27T18:04:13Z">
    </test> <!-- Command line test 8d6b573a-0b14-45e3-b3da-f84e7ff4562a -->
  </suite> <!-- org.artifactory.webapp.wicket.page.browse.treebrowser.tabs.general.dependency.BaseDependencyDeclarationProviderTest -->
  <suite name="org.artifactory.webapp.wicket.page.browse.treebrowser.tabs.general.dependency.IvyDependencyDeclarationProviderTest" duration-ms="9" started-at="2014-11-27T18:04:13Z" finished-at="2014-11-27T18:04:13Z">
    <groups>
    </groups>
    <test name="Command line test c6f59fbf-0632-4e27-83fd-f6e76a122685" duration-ms="9" started-at="2014-11-27T18:04:13Z" finished-at="2014-11-27T18:04:13Z">
      <class name="org.artifactory.webapp.wicket.page.browse.treebrowser.tabs.general.dependency.IvyDependencyDeclarationProviderTest">
        <test-method status="PASS" signature="testGetDependencyDeclarationWithAllParams()[pri:0, instance:org.artifactory.webapp.wicket.page.browse.treebrowser.tabs.general.dependency.IvyDependencyDeclarationProviderTest@5ca72da1]" name="testGetDependencyDeclarationWithAllParams" duration-ms="2" started-at="2014-11-27T20:04:13Z" finished-at="2014-11-27T20:04:13Z">
          <reporter-output>
          </reporter-output>
        </test-method> <!-- testGetDependencyDeclarationWithAllParams -->
        <test-method status="PASS" signature="testGetDependencyDeclarationWithArtifactRevision()[pri:0, instance:org.artifactory.webapp.wicket.page.browse.treebrowser.tabs.general.dependency.IvyDependencyDeclarationProviderTest@5ca72da1]" name="testGetDependencyDeclarationWithArtifactRevision" duration-ms="1" started-at="2014-11-27T20:04:13Z" finished-at="2014-11-27T20:04:13Z">
          <reporter-output>
          </reporter-output>
        </test-method> <!-- testGetDependencyDeclarationWithArtifactRevision -->
        <test-method status="PASS" signature="testGetDependencyDeclarationWithArtifactRevisionAndClassifier()[pri:0, instance:org.artifactory.webapp.wicket.page.browse.treebrowser.tabs.general.dependency.IvyDependencyDeclarationProviderTest@5ca72da1]" name="testGetDependencyDeclarationWithArtifactRevisionAndClassifier" duration-ms="1" started-at="2014-11-27T20:04:13Z" finished-at="2014-11-27T20:04:13Z">
          <reporter-output>
          </reporter-output>
        </test-method> <!-- testGetDependencyDeclarationWithArtifactRevisionAndClassifier -->
        <test-method status="PASS" signature="testGetDependencyDeclarationWithArtifactRevisionAndExt()[pri:0, instance:org.artifactory.webapp.wicket.page.browse.treebrowser.tabs.general.dependency.IvyDependencyDeclarationProviderTest@5ca72da1]" name="testGetDependencyDeclarationWithArtifactRevisionAndExt" duration-ms="1" started-at="2014-11-27T20:04:13Z" finished-at="2014-11-27T20:04:13Z">
          <reporter-output>
          </reporter-output>
        </test-method> <!-- testGetDependencyDeclarationWithArtifactRevisionAndExt -->
        <test-method status="PASS" signature="testGetDependencyDeclarationWithClassifier()[pri:0, instance:org.artifactory.webapp.wicket.page.browse.treebrowser.tabs.general.dependency.IvyDependencyDeclarationProviderTest@5ca72da1]" name="testGetDependencyDeclarationWithClassifier" duration-ms="1" started-at="2014-11-27T20:04:13Z" finished-at="2014-11-27T20:04:13Z">
          <reporter-output>
          </reporter-output>
        </test-method> <!-- testGetDependencyDeclarationWithClassifier -->
        <test-method status="PASS" signature="testGetDependencyDeclarationWithClassifierAndExt()[pri:0, instance:org.artifactory.webapp.wicket.page.browse.treebrowser.tabs.general.dependency.IvyDependencyDeclarationProviderTest@5ca72da1]" name="testGetDependencyDeclarationWithClassifierAndExt" duration-ms="1" started-at="2014-11-27T20:04:13Z" finished-at="2014-11-27T20:04:13Z">
          <reporter-output>
          </reporter-output>
        </test-method> <!-- testGetDependencyDeclarationWithClassifierAndExt -->
        <test-method status="PASS" signature="testGetDependencyDeclarationWithExt()[pri:0, instance:org.artifactory.webapp.wicket.page.browse.treebrowser.tabs.general.dependency.IvyDependencyDeclarationProviderTest@5ca72da1]" name="testGetDependencyDeclarationWithExt" duration-ms="1" started-at="2014-11-27T20:04:13Z" finished-at="2014-11-27T20:04:13Z">
          <reporter-output>
          </reporter-output>
        </test-method> <!-- testGetDependencyDeclarationWithExt -->
        <test-method status="PASS" signature="testGetDependencyDeclarationWithMinimalParams()[pri:0, instance:org.artifactory.webapp.wicket.page.browse.treebrowser.tabs.general.dependency.IvyDependencyDeclarationProviderTest@5ca72da1]" name="testGetDependencyDeclarationWithMinimalParams" duration-ms="1" started-at="2014-11-27T20:04:13Z" finished-at="2014-11-27T20:04:13Z">
          <reporter-output>
          </reporter-output>
        </test-method> <!-- testGetDependencyDeclarationWithMinimalParams -->
        <test-method status="PASS" signature="testGetSyntaxType()[pri:0, instance:org.artifactory.webapp.wicket.page.browse.treebrowser.tabs.general.dependency.IvyDependencyDeclarationProviderTest@5ca72da1]" name="testGetSyntaxType" duration-ms="0" started-at="2014-11-27T20:04:13Z" finished-at="2014-11-27T20:04:13Z">
          <reporter-output>
          </reporter-output>
        </test-method> <!-- testGetSyntaxType -->
      </class> <!-- org.artifactory.webapp.wicket.page.browse.treebrowser.tabs.general.dependency.IvyDependencyDeclarationProviderTest -->
    </test> <!-- Command line test c6f59fbf-0632-4e27-83fd-f6e76a122685 -->
  </suite> <!-- org.artifactory.webapp.wicket.page.browse.treebrowser.tabs.general.dependency.IvyDependencyDeclarationProviderTest -->
  <suite name="org.artifactory.webapp.wicket.util.validation.UriValidatorTest" duration-ms="14" started-at="2014-11-27T18:04:14Z" finished-at="2014-11-27T18:04:14Z">
    <groups>
    </groups>
    <test name="Command line test 396d70f0-8097-425e-ad62-b2e7d1d4756b" duration-ms="14" started-at="2014-11-27T18:04:14Z" finished-at="2014-11-27T18:04:14Z">
      <class name="org.artifactory.webapp.wicket.util.validation.UriValidatorTest">
        <test-method status="PASS" signature="setUp()[pri:0, instance:org.artifactory.webapp.wicket.util.validation.UriValidatorTest@71ec7e25]" name="setUp" is-config="true" duration-ms="2" started-at="2014-11-27T20:04:14Z" finished-at="2014-11-27T20:04:14Z">
          <reporter-output>
          </reporter-output>
        </test-method> <!-- setUp -->
        <test-method status="PASS" signature="httpHostname()[pri:0, instance:org.artifactory.webapp.wicket.util.validation.UriValidatorTest@71ec7e25]" name="httpHostname" duration-ms="8" started-at="2014-11-27T20:04:14Z" finished-at="2014-11-27T20:04:14Z">
          <reporter-output>
          </reporter-output>
        </test-method> <!-- httpHostname -->
        <test-method status="PASS" signature="setUp()[pri:0, instance:org.artifactory.webapp.wicket.util.validation.UriValidatorTest@71ec7e25]" name="setUp" is-config="true" duration-ms="0" started-at="2014-11-27T20:04:14Z" finished-at="2014-11-27T20:04:14Z">
          <reporter-output>
          </reporter-output>
        </test-method> <!-- setUp -->
        <test-method status="PASS" signature="httpHostnameWithUnderscore()[pri:0, instance:org.artifactory.webapp.wicket.util.validation.UriValidatorTest@71ec7e25]" name="httpHostnameWithUnderscore" duration-ms="1" started-at="2014-11-27T20:04:14Z" finished-at="2014-11-27T20:04:14Z">
          <reporter-output>
          </reporter-output>
        </test-method> <!-- httpHostnameWithUnderscore -->
        <test-method status="PASS" signature="setUp()[pri:0, instance:org.artifactory.webapp.wicket.util.validation.UriValidatorTest@71ec7e25]" name="setUp" is-config="true" duration-ms="0" started-at="2014-11-27T20:04:14Z" finished-at="2014-11-27T20:04:14Z">
          <reporter-output>
          </reporter-output>
        </test-method> <!-- setUp -->
        <test-method status="PASS" signature="httpIp()[pri:0, instance:org.artifactory.webapp.wicket.util.validation.UriValidatorTest@71ec7e25]" name="httpIp" duration-ms="0" started-at="2014-11-27T20:04:14Z" finished-at="2014-11-27T20:04:14Z">
          <reporter-output>
          </reporter-output>
        </test-method> <!-- httpIp -->
        <test-method status="PASS" signature="invalidHostname()[pri:0, instance:org.artifactory.webapp.wicket.util.validation.UriValidatorTest@71ec7e25]" name="invalidHostname" duration-ms="1" started-at="2014-11-27T20:04:14Z" finished-at="2014-11-27T20:04:14Z">
          <reporter-output>
          </reporter-output>
        </test-method> <!-- invalidHostname -->
        <test-method status="PASS" signature="setUp()[pri:0, instance:org.artifactory.webapp.wicket.util.validation.UriValidatorTest@71ec7e25]" name="setUp" is-config="true" duration-ms="0" started-at="2014-11-27T20:04:14Z" finished-at="2014-11-27T20:04:14Z">
          <reporter-output>
          </reporter-output>
        </test-method> <!-- setUp -->
        <test-method status="PASS" signature="setUp()[pri:0, instance:org.artifactory.webapp.wicket.util.validation.UriValidatorTest@71ec7e25]" name="setUp" is-config="true" duration-ms="0" started-at="2014-11-27T20:04:14Z" finished-at="2014-11-27T20:04:14Z">
          <reporter-output>
          </reporter-output>
        </test-method> <!-- setUp -->
        <test-method status="PASS" signature="invalidSchema()[pri:0, instance:org.artifactory.webapp.wicket.util.validation.UriValidatorTest@71ec7e25]" name="invalidSchema" duration-ms="1" started-at="2014-11-27T20:04:14Z" finished-at="2014-11-27T20:04:14Z">
          <reporter-output>
          </reporter-output>
        </test-method> <!-- invalidSchema -->
      </class> <!-- org.artifactory.webapp.wicket.util.validation.UriValidatorTest -->
    </test> <!-- Command line test 396d70f0-8097-425e-ad62-b2e7d1d4756b -->
  </suite> <!-- org.artifactory.webapp.wicket.util.validation.UriValidatorTest -->
  <suite name="org.artifactory.addon.wicket.WicketAddonsImplTest" duration-ms="85" started-at="2014-11-27T18:04:12Z" finished-at="2014-11-27T18:04:12Z">
    <groups>
    </groups>
    <test name="Command line test d27ae4c6-8b46-4010-8d73-dff856eadbbf" duration-ms="85" started-at="2014-11-27T18:04:12Z" finished-at="2014-11-27T18:04:12Z">
      <class name="org.artifactory.addon.wicket.WicketAddonsImplTest">
        <test-method status="PASS" signature="setUp()[pri:0, instance:org.artifactory.addon.wicket.WicketAddonsImplTest@1d11b33f]" name="setUp" is-config="true" duration-ms="60" started-at="2014-11-27T20:04:12Z" finished-at="2014-11-27T20:04:12Z">
          <reporter-output>
          </reporter-output>
        </test-method> <!-- setUp -->
        <test-method status="PASS" signature="reset()[pri:0, instance:org.artifactory.addon.wicket.WicketAddonsImplTest@1d11b33f]" name="reset" is-config="true" duration-ms="0" started-at="2014-11-27T20:04:12Z" finished-at="2014-11-27T20:04:12Z">
          <reporter-output>
          </reporter-output>
        </test-method> <!-- reset -->
        <test-method status="PASS" signature="testValidateLicenseTargetISame()[pri:0, instance:org.artifactory.addon.wicket.WicketAddonsImplTest@1d11b33f]" name="testValidateLicenseTargetISame" duration-ms="6" started-at="2014-11-27T20:04:12Z" finished-at="2014-11-27T20:04:12Z">
          <exception class="java.lang.IllegalArgumentException">
            <message>
              <![CDATA[Replication between same-license servers is not supported.]]>
            </message>
            <full-stacktrace>
              <![CDATA[java.lang.IllegalArgumentException: Replication between same-license servers is not supported.
	at org.artifactory.addon.wicket.WicketAddonsImpl.validateTargetHasDifferentLicenseKeyHash(WicketAddonsImpl.java:908)
	at org.artifactory.addon.wicket.WicketAddonsImplTest.testValidateLicenseTargetISame(WicketAddonsImplTest.java:97)
	at sun.reflect.NativeMethodAccessorImpl.invoke0(Native Method)
	at sun.reflect.NativeMethodAccessorImpl.invoke(NativeMethodAccessorImpl.java:57)
	at sun.reflect.DelegatingMethodAccessorImpl.invoke(DelegatingMethodAccessorImpl.java:43)
	at java.lang.reflect.Method.invoke(Method.java:606)
	at org.testng.internal.MethodInvocationHelper.invokeMethod(MethodInvocationHelper.java:84)
	at org.testng.internal.Invoker.invokeMethod(Invoker.java:714)
	at org.testng.internal.Invoker.invokeTestMethod(Invoker.java:901)
	at org.testng.internal.Invoker.invokeTestMethods(Invoker.java:1231)
	at org.testng.internal.TestMethodWorker.invokeTestMethods(TestMethodWorker.java:127)
	at org.testng.internal.TestMethodWorker.run(TestMethodWorker.java:111)
	at org.testng.TestRunner.privateRun(TestRunner.java:767)
	at org.testng.TestRunner.run(TestRunner.java:617)
	at org.testng.SuiteRunner.runTest(SuiteRunner.java:334)
	at org.testng.SuiteRunner.runSequentially(SuiteRunner.java:329)
	at org.testng.SuiteRunner.privateRun(SuiteRunner.java:291)
	at org.testng.SuiteRunner.run(SuiteRunner.java:240)
	at org.testng.SuiteRunnerWorker.runSuite(SuiteRunnerWorker.java:52)
	at org.testng.SuiteRunnerWorker.run(SuiteRunnerWorker.java:86)
	at org.testng.TestNG.runSuitesSequentially(TestNG.java:1224)
	at org.testng.TestNG.runSuitesLocally(TestNG.java:1149)
	at org.testng.TestNG.run(TestNG.java:1057)
	at org.apache.maven.surefire.testng.TestNGExecutor.run(TestNGExecutor.java:91)
	at org.apache.maven.surefire.testng.TestNGDirectoryTestSuite.executeMulti(TestNGDirectoryTestSuite.java:204)
	at org.apache.maven.surefire.testng.TestNGDirectoryTestSuite.execute(TestNGDirectoryTestSuite.java:107)
	at org.apache.maven.surefire.testng.TestNGProvider.invoke(TestNGProvider.java:113)
	at org.apache.maven.surefire.booter.ForkedBooter.invokeProviderInSameClassLoader(ForkedBooter.java:200)
	at org.apache.maven.surefire.booter.ForkedBooter.runSuitesInProcess(ForkedBooter.java:153)
	at org.apache.maven.surefire.booter.ForkedBooter.main(ForkedBooter.java:103)
]]>
            </full-stacktrace>
          </exception> <!-- java.lang.IllegalArgumentException -->
          <reporter-output>
          </reporter-output>
        </test-method> <!-- testValidateLicenseTargetISame -->
        <test-method status="PASS" signature="reset()[pri:0, instance:org.artifactory.addon.wicket.WicketAddonsImplTest@1d11b33f]" name="reset" is-config="true" duration-ms="0" started-at="2014-11-27T20:04:12Z" finished-at="2014-11-27T20:04:12Z">
          <reporter-output>
          </reporter-output>
        </test-method> <!-- reset -->
        <test-method status="PASS" signature="testValidateLicenseTargetIsTrial()[pri:0, instance:org.artifactory.addon.wicket.WicketAddonsImplTest@1d11b33f]" name="testValidateLicenseTargetIsTrial" duration-ms="1" started-at="2014-11-27T20:04:12Z" finished-at="2014-11-27T20:04:12Z">
          <reporter-output>
          </reporter-output>
        </test-method> <!-- testValidateLicenseTargetIsTrial -->
        <test-method status="PASS" signature="reset()[pri:0, instance:org.artifactory.addon.wicket.WicketAddonsImplTest@1d11b33f]" name="reset" is-config="true" duration-ms="0" started-at="2014-11-27T20:04:12Z" finished-at="2014-11-27T20:04:12Z">
          <reporter-output>
          </reporter-output>
        </test-method> <!-- reset -->
        <test-method status="PASS" signature="testValidateLicenseTargetIsnullOSS()[pri:0, instance:org.artifactory.addon.wicket.WicketAddonsImplTest@1d11b33f]" name="testValidateLicenseTargetIsnullOSS" duration-ms="0" started-at="2014-11-27T20:04:12Z" finished-at="2014-11-27T20:04:12Z">
          <exception class="java.lang.IllegalArgumentException">
            <message>
              <![CDATA[Replication between an open-source Artifactory instance is not supported.]]>
            </message>
            <full-stacktrace>
              <![CDATA[java.lang.IllegalArgumentException: Replication between an open-source Artifactory instance is not supported.
	at org.artifactory.addon.wicket.WicketAddonsImpl.validateTargetHasDifferentLicenseKeyHash(WicketAddonsImpl.java:900)
	at org.artifactory.addon.wicket.WicketAddonsImplTest.testValidateLicenseTargetIsnullOSS(WicketAddonsImplTest.java:76)
	at sun.reflect.NativeMethodAccessorImpl.invoke0(Native Method)
	at sun.reflect.NativeMethodAccessorImpl.invoke(NativeMethodAccessorImpl.java:57)
	at sun.reflect.DelegatingMethodAccessorImpl.invoke(DelegatingMethodAccessorImpl.java:43)
	at java.lang.reflect.Method.invoke(Method.java:606)
	at org.testng.internal.MethodInvocationHelper.invokeMethod(MethodInvocationHelper.java:84)
	at org.testng.internal.Invoker.invokeMethod(Invoker.java:714)
	at org.testng.internal.Invoker.invokeTestMethod(Invoker.java:901)
	at org.testng.internal.Invoker.invokeTestMethods(Invoker.java:1231)
	at org.testng.internal.TestMethodWorker.invokeTestMethods(TestMethodWorker.java:127)
	at org.testng.internal.TestMethodWorker.run(TestMethodWorker.java:111)
	at org.testng.TestRunner.privateRun(TestRunner.java:767)
	at org.testng.TestRunner.run(TestRunner.java:617)
	at org.testng.SuiteRunner.runTest(SuiteRunner.java:334)
	at org.testng.SuiteRunner.runSequentially(SuiteRunner.java:329)
	at org.testng.SuiteRunner.privateRun(SuiteRunner.java:291)
	at org.testng.SuiteRunner.run(SuiteRunner.java:240)
	at org.testng.SuiteRunnerWorker.runSuite(SuiteRunnerWorker.java:52)
	at org.testng.SuiteRunnerWorker.run(SuiteRunnerWorker.java:86)
	at org.testng.TestNG.runSuitesSequentially(TestNG.java:1224)
	at org.testng.TestNG.runSuitesLocally(TestNG.java:1149)
	at org.testng.TestNG.run(TestNG.java:1057)
	at org.apache.maven.surefire.testng.TestNGExecutor.run(TestNGExecutor.java:91)
	at org.apache.maven.surefire.testng.TestNGDirectoryTestSuite.executeMulti(TestNGDirectoryTestSuite.java:204)
	at org.apache.maven.surefire.testng.TestNGDirectoryTestSuite.execute(TestNGDirectoryTestSuite.java:107)
	at org.apache.maven.surefire.testng.TestNGProvider.invoke(TestNGProvider.java:113)
	at org.apache.maven.surefire.booter.ForkedBooter.invokeProviderInSameClassLoader(ForkedBooter.java:200)
	at org.apache.maven.surefire.booter.ForkedBooter.runSuitesInProcess(ForkedBooter.java:153)
	at org.apache.maven.surefire.booter.ForkedBooter.main(ForkedBooter.java:103)
]]>
            </full-stacktrace>
          </exception> <!-- java.lang.IllegalArgumentException -->
          <reporter-output>
          </reporter-output>
        </test-method> <!-- testValidateLicenseTargetIsnullOSS -->
        <test-method status="PASS" signature="testValidateLicenseTargetIsnullPro()[pri:0, instance:org.artifactory.addon.wicket.WicketAddonsImplTest@1d11b33f]" name="testValidateLicenseTargetIsnullPro" duration-ms="5" started-at="2014-11-27T20:04:12Z" finished-at="2014-11-27T20:04:12Z">
          <exception class="java.lang.IllegalArgumentException">
            <message>
              <![CDATA[Could not retrieve license key from remote target, user must have deploy permissions.]]>
            </message>
            <full-stacktrace>
              <![CDATA[java.lang.IllegalArgumentException: Could not retrieve license key from remote target, user must have deploy permissions.
	at org.artifactory.addon.wicket.WicketAddonsImpl.validateTargetHasDifferentLicenseKeyHash(WicketAddonsImpl.java:904)
	at org.artifactory.addon.wicket.WicketAddonsImplTest.testValidateLicenseTargetIsnullPro(WicketAddonsImplTest.java:86)
	at sun.reflect.NativeMethodAccessorImpl.invoke0(Native Method)
	at sun.reflect.NativeMethodAccessorImpl.invoke(NativeMethodAccessorImpl.java:57)
	at sun.reflect.DelegatingMethodAccessorImpl.invoke(DelegatingMethodAccessorImpl.java:43)
	at java.lang.reflect.Method.invoke(Method.java:606)
	at org.testng.internal.MethodInvocationHelper.invokeMethod(MethodInvocationHelper.java:84)
	at org.testng.internal.Invoker.invokeMethod(Invoker.java:714)
	at org.testng.internal.Invoker.invokeTestMethod(Invoker.java:901)
	at org.testng.internal.Invoker.invokeTestMethods(Invoker.java:1231)
	at org.testng.internal.TestMethodWorker.invokeTestMethods(TestMethodWorker.java:127)
	at org.testng.internal.TestMethodWorker.run(TestMethodWorker.java:111)
	at org.testng.TestRunner.privateRun(TestRunner.java:767)
	at org.testng.TestRunner.run(TestRunner.java:617)
	at org.testng.SuiteRunner.runTest(SuiteRunner.java:334)
	at org.testng.SuiteRunner.runSequentially(SuiteRunner.java:329)
	at org.testng.SuiteRunner.privateRun(SuiteRunner.java:291)
	at org.testng.SuiteRunner.run(SuiteRunner.java:240)
	at org.testng.SuiteRunnerWorker.runSuite(SuiteRunnerWorker.java:52)
	at org.testng.SuiteRunnerWorker.run(SuiteRunnerWorker.java:86)
	at org.testng.TestNG.runSuitesSequentially(TestNG.java:1224)
	at org.testng.TestNG.runSuitesLocally(TestNG.java:1149)
	at org.testng.TestNG.run(TestNG.java:1057)
	at org.apache.maven.surefire.testng.TestNGExecutor.run(TestNGExecutor.java:91)
	at org.apache.maven.surefire.testng.TestNGDirectoryTestSuite.executeMulti(TestNGDirectoryTestSuite.java:204)
	at org.apache.maven.surefire.testng.TestNGDirectoryTestSuite.execute(TestNGDirectoryTestSuite.java:107)
	at org.apache.maven.surefire.testng.TestNGProvider.invoke(TestNGProvider.java:113)
	at org.apache.maven.surefire.booter.ForkedBooter.invokeProviderInSameClassLoader(ForkedBooter.java:200)
	at org.apache.maven.surefire.booter.ForkedBooter.runSuitesInProcess(ForkedBooter.java:153)
	at org.apache.maven.surefire.booter.ForkedBooter.main(ForkedBooter.java:103)
]]>
            </full-stacktrace>
          </exception> <!-- java.lang.IllegalArgumentException -->
          <reporter-output>
          </reporter-output>
        </test-method> <!-- testValidateLicenseTargetIsnullPro -->
        <test-method status="PASS" signature="reset()[pri:0, instance:org.artifactory.addon.wicket.WicketAddonsImplTest@1d11b33f]" name="reset" is-config="true" duration-ms="0" started-at="2014-11-27T20:04:12Z" finished-at="2014-11-27T20:04:12Z">
          <reporter-output>
          </reporter-output>
        </test-method> <!-- reset -->
        <test-method status="PASS" signature="tearDown()[pri:0, instance:org.artifactory.addon.wicket.WicketAddonsImplTest@1d11b33f]" name="tearDown" is-config="true" duration-ms="0" started-at="2014-11-27T20:04:12Z" finished-at="2014-11-27T20:04:12Z">
          <reporter-output>
          </reporter-output>
        </test-method> <!-- tearDown -->
      </class> <!-- org.artifactory.addon.wicket.WicketAddonsImplTest -->
    </test> <!-- Command line test d27ae4c6-8b46-4010-8d73-dff856eadbbf -->
  </suite> <!-- org.artifactory.addon.wicket.WicketAddonsImplTest -->
  <suite name="org.artifactory.webapp.wicket.page.admin.AbstractWicketTest" duration-ms="0" started-at="2014-11-27T18:04:12Z" finished-at="2014-11-27T18:04:12Z">
    <groups>
    </groups>
    <test name="Command line test 1f39c5e7-f81a-401d-a524-2d5ae1f9bd37" duration-ms="0" started-at="2014-11-27T18:04:12Z" finished-at="2014-11-27T18:04:12Z">
    </test> <!-- Command line test 1f39c5e7-f81a-401d-a524-2d5ae1f9bd37 -->
  </suite> <!-- org.artifactory.webapp.wicket.page.admin.AbstractWicketTest -->
  <suite name="org.artifactory.webapp.wicket.util.CronUtilsTest" duration-ms="20" started-at="2014-11-27T18:04:13Z" finished-at="2014-11-27T18:04:13Z">
    <groups>
    </groups>
    <test name="Command line test 09632ff2-636a-4d83-a835-eaf2e8e6f23a" duration-ms="20" started-at="2014-11-27T18:04:13Z" finished-at="2014-11-27T18:04:13Z">
      <class name="org.artifactory.webapp.wicket.util.CronUtilsTest">
        <test-method status="PASS" signature="emptyExpression()[pri:0, instance:org.artifactory.webapp.wicket.util.CronUtilsTest@57d94c7b]" name="emptyExpression" duration-ms="15" started-at="2014-11-27T20:04:13Z" finished-at="2014-11-27T20:04:13Z">
          <reporter-output>
          </reporter-output>
        </test-method> <!-- emptyExpression -->
        <test-method status="PASS" signature="illegalExpression()[pri:0, instance:org.artifactory.webapp.wicket.util.CronUtilsTest@57d94c7b]" name="illegalExpression" duration-ms="0" started-at="2014-11-27T20:04:13Z" finished-at="2014-11-27T20:04:13Z">
          <reporter-output>
          </reporter-output>
        </test-method> <!-- illegalExpression -->
        <test-method status="PASS" signature="nextRun()[pri:0, instance:org.artifactory.webapp.wicket.util.CronUtilsTest@57d94c7b]" name="nextRun" duration-ms="2" started-at="2014-11-27T20:04:13Z" finished-at="2014-11-27T20:04:13Z">
          <reporter-output>
          </reporter-output>
        </test-method> <!-- nextRun -->
        <test-method status="PASS" signature="validExpression()[pri:0, instance:org.artifactory.webapp.wicket.util.CronUtilsTest@57d94c7b]" name="validExpression" duration-ms="1" started-at="2014-11-27T20:04:13Z" finished-at="2014-11-27T20:04:13Z">
          <reporter-output>
          </reporter-output>
        </test-method> <!-- validExpression -->
        <test-method status="PASS" signature="nullExpression()[pri:0, instance:org.artifactory.webapp.wicket.util.CronUtilsTest@57d94c7b]" name="nullExpression" duration-ms="0" started-at="2014-11-27T20:04:13Z" finished-at="2014-11-27T20:04:13Z">
          <exception class="java.lang.IllegalArgumentException">
            <message>
              <![CDATA[cronExpression cannot be null]]>
            </message>
            <full-stacktrace>
              <![CDATA[java.lang.IllegalArgumentException: cronExpression cannot be null
	at org.quartz.CronExpression.<init>(CronExpression.java:250)
	at org.quartz.CronExpression.isValidExpression(CronExpression.java:369)
	at org.artifactory.webapp.wicket.util.CronUtils.isValid(CronUtils.java:50)
	at org.artifactory.webapp.wicket.util.CronUtilsTest.nullExpression(CronUtilsTest.java:51)
	at sun.reflect.NativeMethodAccessorImpl.invoke0(Native Method)
	at sun.reflect.NativeMethodAccessorImpl.invoke(NativeMethodAccessorImpl.java:57)
	at sun.reflect.DelegatingMethodAccessorImpl.invoke(DelegatingMethodAccessorImpl.java:43)
	at java.lang.reflect.Method.invoke(Method.java:606)
	at org.testng.internal.MethodInvocationHelper.invokeMethod(MethodInvocationHelper.java:84)
	at org.testng.internal.Invoker.invokeMethod(Invoker.java:714)
	at org.testng.internal.Invoker.invokeTestMethod(Invoker.java:901)
	at org.testng.internal.Invoker.invokeTestMethods(Invoker.java:1231)
	at org.testng.internal.TestMethodWorker.invokeTestMethods(TestMethodWorker.java:127)
	at org.testng.internal.TestMethodWorker.run(TestMethodWorker.java:111)
	at org.testng.TestRunner.privateRun(TestRunner.java:767)
	at org.testng.TestRunner.run(TestRunner.java:617)
	at org.testng.SuiteRunner.runTest(SuiteRunner.java:334)
	at org.testng.SuiteRunner.runSequentially(SuiteRunner.java:329)
	at org.testng.SuiteRunner.privateRun(SuiteRunner.java:291)
	at org.testng.SuiteRunner.run(SuiteRunner.java:240)
	at org.testng.SuiteRunnerWorker.runSuite(SuiteRunnerWorker.java:52)
	at org.testng.SuiteRunnerWorker.run(SuiteRunnerWorker.java:86)
	at org.testng.TestNG.runSuitesSequentially(TestNG.java:1224)
	at org.testng.TestNG.runSuitesLocally(TestNG.java:1149)
	at org.testng.TestNG.run(TestNG.java:1057)
	at org.apache.maven.surefire.testng.TestNGExecutor.run(TestNGExecutor.java:91)
	at org.apache.maven.surefire.testng.TestNGDirectoryTestSuite.executeMulti(TestNGDirectoryTestSuite.java:204)
	at org.apache.maven.surefire.testng.TestNGDirectoryTestSuite.execute(TestNGDirectoryTestSuite.java:107)
	at org.apache.maven.surefire.testng.TestNGProvider.invoke(TestNGProvider.java:113)
	at org.apache.maven.surefire.booter.ForkedBooter.invokeProviderInSameClassLoader(ForkedBooter.java:200)
	at org.apache.maven.surefire.booter.ForkedBooter.runSuitesInProcess(ForkedBooter.java:153)
	at org.apache.maven.surefire.booter.ForkedBooter.main(ForkedBooter.java:103)
]]>
            </full-stacktrace>
          </exception> <!-- java.lang.IllegalArgumentException -->
          <reporter-output>
          </reporter-output>
        </test-method> <!-- nullExpression -->
      </class> <!-- org.artifactory.webapp.wicket.util.CronUtilsTest -->
    </test> <!-- Command line test 09632ff2-636a-4d83-a835-eaf2e8e6f23a -->
  </suite> <!-- org.artifactory.webapp.wicket.util.CronUtilsTest -->
  <suite name="org.artifactory.webapp.wicket.page.admin.LoginPageTest" duration-ms="1188" started-at="2014-11-27T18:04:12Z" finished-at="2014-11-27T18:04:13Z">
    <groups>
    </groups>
    <test name="Command line test ccb99323-8f9b-4b9b-ab8c-efe8def34df7" duration-ms="1188" started-at="2014-11-27T18:04:12Z" finished-at="2014-11-27T18:04:13Z">
      <class name="org.artifactory.webapp.wicket.page.admin.LoginPageTest">
        <test-method status="PASS" signature="setUp()[pri:0, instance:org.artifactory.webapp.wicket.page.admin.LoginPageTest@78b8f5f5]" name="setUp" is-config="true" duration-ms="645" started-at="2014-11-27T20:04:12Z" finished-at="2014-11-27T20:04:13Z">
          <reporter-output>
          </reporter-output>
        </test-method> <!-- setUp -->
        <test-method status="PASS" signature="formSubmitWithCSRFToken()[pri:0, instance:org.artifactory.webapp.wicket.page.admin.LoginPageTest@78b8f5f5]" name="formSubmitWithCSRFToken" duration-ms="542" started-at="2014-11-27T20:04:13Z" finished-at="2014-11-27T20:04:13Z">
          <reporter-output>
          </reporter-output>
        </test-method> <!-- formSubmitWithCSRFToken -->
      </class> <!-- org.artifactory.webapp.wicket.page.admin.LoginPageTest -->
    </test> <!-- Command line test ccb99323-8f9b-4b9b-ab8c-efe8def34df7 -->
  </suite> <!-- org.artifactory.webapp.wicket.page.admin.LoginPageTest -->
  <suite name="org.artifactory.webapp.wicket.page.browse.treebrowser.tabs.general.dependency.MavenDependencyDeclarationProviderTest" duration-ms="6" started-at="2014-11-27T18:04:13Z" finished-at="2014-11-27T18:04:13Z">
    <groups>
    </groups>
    <test name="Command line test 01b8773b-e9b3-4504-b923-c8b9b1a110e7" duration-ms="6" started-at="2014-11-27T18:04:13Z" finished-at="2014-11-27T18:04:13Z">
      <class name="org.artifactory.webapp.wicket.page.browse.treebrowser.tabs.general.dependency.MavenDependencyDeclarationProviderTest">
        <test-method status="PASS" signature="testGetDependencyDeclarationWithAllParams()[pri:0, instance:org.artifactory.webapp.wicket.page.browse.treebrowser.tabs.general.dependency.MavenDependencyDeclarationProviderTest@74650bb9]" name="testGetDependencyDeclarationWithAllParams" duration-ms="1" started-at="2014-11-27T20:04:13Z" finished-at="2014-11-27T20:04:13Z">
          <reporter-output>
          </reporter-output>
        </test-method> <!-- testGetDependencyDeclarationWithAllParams -->
        <test-method status="PASS" signature="testGetDependencyDeclarationWithArtifactRevision()[pri:0, instance:org.artifactory.webapp.wicket.page.browse.treebrowser.tabs.general.dependency.MavenDependencyDeclarationProviderTest@74650bb9]" name="testGetDependencyDeclarationWithArtifactRevision" duration-ms="1" started-at="2014-11-27T20:04:13Z" finished-at="2014-11-27T20:04:13Z">
          <reporter-output>
          </reporter-output>
        </test-method> <!-- testGetDependencyDeclarationWithArtifactRevision -->
        <test-method status="PASS" signature="testGetDependencyDeclarationWithArtifactRevisionAndClassifier()[pri:0, instance:org.artifactory.webapp.wicket.page.browse.treebrowser.tabs.general.dependency.MavenDependencyDeclarationProviderTest@74650bb9]" name="testGetDependencyDeclarationWithArtifactRevisionAndClassifier" duration-ms="1" started-at="2014-11-27T20:04:13Z" finished-at="2014-11-27T20:04:13Z">
          <reporter-output>
          </reporter-output>
        </test-method> <!-- testGetDependencyDeclarationWithArtifactRevisionAndClassifier -->
        <test-method status="PASS" signature="testGetDependencyDeclarationWithClassifier()[pri:0, instance:org.artifactory.webapp.wicket.page.browse.treebrowser.tabs.general.dependency.MavenDependencyDeclarationProviderTest@74650bb9]" name="testGetDependencyDeclarationWithClassifier" duration-ms="1" started-at="2014-11-27T20:04:13Z" finished-at="2014-11-27T20:04:13Z">
          <reporter-output>
          </reporter-output>
        </test-method> <!-- testGetDependencyDeclarationWithClassifier -->
        <test-method status="PASS" signature="testGetDependencyDeclarationWithArtifactRevisionAndExt()[pri:0, instance:org.artifactory.webapp.wicket.page.browse.treebrowser.tabs.general.dependency.MavenDependencyDeclarationProviderTest@74650bb9]" name="testGetDependencyDeclarationWithArtifactRevisionAndExt" duration-ms="0" started-at="2014-11-27T20:04:13Z" finished-at="2014-11-27T20:04:13Z">
          <reporter-output>
          </reporter-output>
        </test-method> <!-- testGetDependencyDeclarationWithArtifactRevisionAndExt -->
        <test-method status="PASS" signature="testGetDependencyDeclarationWithClassifierAndExt()[pri:0, instance:org.artifactory.webapp.wicket.page.browse.treebrowser.tabs.general.dependency.MavenDependencyDeclarationProviderTest@74650bb9]" name="testGetDependencyDeclarationWithClassifierAndExt" duration-ms="1" started-at="2014-11-27T20:04:13Z" finished-at="2014-11-27T20:04:13Z">
          <reporter-output>
          </reporter-output>
        </test-method> <!-- testGetDependencyDeclarationWithClassifierAndExt -->
        <test-method status="PASS" signature="testGetDependencyDeclarationWithMinimalParams()[pri:0, instance:org.artifactory.webapp.wicket.page.browse.treebrowser.tabs.general.dependency.MavenDependencyDeclarationProviderTest@74650bb9]" name="testGetDependencyDeclarationWithMinimalParams" duration-ms="1" started-at="2014-11-27T20:04:13Z" finished-at="2014-11-27T20:04:13Z">
          <reporter-output>
          </reporter-output>
        </test-method> <!-- testGetDependencyDeclarationWithMinimalParams -->
        <test-method status="PASS" signature="testGetDependencyDeclarationWithExt()[pri:0, instance:org.artifactory.webapp.wicket.page.browse.treebrowser.tabs.general.dependency.MavenDependencyDeclarationProviderTest@74650bb9]" name="testGetDependencyDeclarationWithExt" duration-ms="0" started-at="2014-11-27T20:04:13Z" finished-at="2014-11-27T20:04:13Z">
          <reporter-output>
          </reporter-output>
        </test-method> <!-- testGetDependencyDeclarationWithExt -->
        <test-method status="PASS" signature="testGetSyntaxType()[pri:0, instance:org.artifactory.webapp.wicket.page.browse.treebrowser.tabs.general.dependency.MavenDependencyDeclarationProviderTest@74650bb9]" name="testGetSyntaxType" duration-ms="0" started-at="2014-11-27T20:04:13Z" finished-at="2014-11-27T20:04:13Z">
          <reporter-output>
          </reporter-output>
        </test-method> <!-- testGetSyntaxType -->
      </class> <!-- org.artifactory.webapp.wicket.page.browse.treebrowser.tabs.general.dependency.MavenDependencyDeclarationProviderTest -->
    </test> <!-- Command line test 01b8773b-e9b3-4504-b923-c8b9b1a110e7 -->
  </suite> <!-- org.artifactory.webapp.wicket.page.browse.treebrowser.tabs.general.dependency.MavenDependencyDeclarationProviderTest -->
  <suite name="org.artifactory.webapp.wicket.page.browse.treebrowser.tabs.general.dependency.GradleDependencyDeclarationProviderTest" duration-ms="14" started-at="2014-11-27T18:04:13Z" finished-at="2014-11-27T18:04:13Z">
    <groups>
    </groups>
    <test name="Command line test 738d6f07-7617-4074-94c8-b10b4e431988" duration-ms="14" started-at="2014-11-27T18:04:13Z" finished-at="2014-11-27T18:04:13Z">
      <class name="org.artifactory.webapp.wicket.page.browse.treebrowser.tabs.general.dependency.GradleDependencyDeclarationProviderTest">
        <test-method status="PASS" signature="testGetDependencyDeclarationWithAllParams()[pri:0, instance:org.artifactory.webapp.wicket.page.browse.treebrowser.tabs.general.dependency.GradleDependencyDeclarationProviderTest@17144a84]" name="testGetDependencyDeclarationWithAllParams" duration-ms="4" started-at="2014-11-27T20:04:13Z" finished-at="2014-11-27T20:04:13Z">
          <reporter-output>
          </reporter-output>
        </test-method> <!-- testGetDependencyDeclarationWithAllParams -->
        <test-method status="PASS" signature="testGetDependencyDeclarationWithArtifactRevision()[pri:0, instance:org.artifactory.webapp.wicket.page.browse.treebrowser.tabs.general.dependency.GradleDependencyDeclarationProviderTest@17144a84]" name="testGetDependencyDeclarationWithArtifactRevision" duration-ms="0" started-at="2014-11-27T20:04:13Z" finished-at="2014-11-27T20:04:13Z">
          <reporter-output>
          </reporter-output>
        </test-method> <!-- testGetDependencyDeclarationWithArtifactRevision -->
        <test-method status="PASS" signature="testGetDependencyDeclarationWithArtifactRevisionAndClassifier()[pri:0, instance:org.artifactory.webapp.wicket.page.browse.treebrowser.tabs.general.dependency.GradleDependencyDeclarationProviderTest@17144a84]" name="testGetDependencyDeclarationWithArtifactRevisionAndClassifier" duration-ms="0" started-at="2014-11-27T20:04:13Z" finished-at="2014-11-27T20:04:13Z">
          <reporter-output>
          </reporter-output>
        </test-method> <!-- testGetDependencyDeclarationWithArtifactRevisionAndClassifier -->
        <test-method status="PASS" signature="testGetDependencyDeclarationWithArtifactRevisionAndExt()[pri:0, instance:org.artifactory.webapp.wicket.page.browse.treebrowser.tabs.general.dependency.GradleDependencyDeclarationProviderTest@17144a84]" name="testGetDependencyDeclarationWithArtifactRevisionAndExt" duration-ms="1" started-at="2014-11-27T20:04:13Z" finished-at="2014-11-27T20:04:13Z">
          <reporter-output>
          </reporter-output>
        </test-method> <!-- testGetDependencyDeclarationWithArtifactRevisionAndExt -->
        <test-method status="PASS" signature="testGetDependencyDeclarationWithClassifier()[pri:0, instance:org.artifactory.webapp.wicket.page.browse.treebrowser.tabs.general.dependency.GradleDependencyDeclarationProviderTest@17144a84]" name="testGetDependencyDeclarationWithClassifier" duration-ms="1" started-at="2014-11-27T20:04:13Z" finished-at="2014-11-27T20:04:13Z">
          <reporter-output>
          </reporter-output>
        </test-method> <!-- testGetDependencyDeclarationWithClassifier -->
        <test-method status="PASS" signature="testGetDependencyDeclarationWithClassifierAndExt()[pri:0, instance:org.artifactory.webapp.wicket.page.browse.treebrowser.tabs.general.dependency.GradleDependencyDeclarationProviderTest@17144a84]" name="testGetDependencyDeclarationWithClassifierAndExt" duration-ms="1" started-at="2014-11-27T20:04:13Z" finished-at="2014-11-27T20:04:13Z">
          <reporter-output>
          </reporter-output>
        </test-method> <!-- testGetDependencyDeclarationWithClassifierAndExt -->
        <test-method status="PASS" signature="testGetDependencyDeclarationWithExt()[pri:0, instance:org.artifactory.webapp.wicket.page.browse.treebrowser.tabs.general.dependency.GradleDependencyDeclarationProviderTest@17144a84]" name="testGetDependencyDeclarationWithExt" duration-ms="1" started-at="2014-11-27T20:04:13Z" finished-at="2014-11-27T20:04:13Z">
          <reporter-output>
          </reporter-output>
        </test-method> <!-- testGetDependencyDeclarationWithExt -->
        <test-method status="PASS" signature="testGetSyntaxType()[pri:0, instance:org.artifactory.webapp.wicket.page.browse.treebrowser.tabs.general.dependency.GradleDependencyDeclarationProviderTest@17144a84]" name="testGetSyntaxType" duration-ms="2" started-at="2014-11-27T20:04:13Z" finished-at="2014-11-27T20:04:13Z">
          <reporter-output>
          </reporter-output>
        </test-method> <!-- testGetSyntaxType -->
        <test-method status="PASS" signature="testGetDependencyDeclarationWithMinimalParams()[pri:0, instance:org.artifactory.webapp.wicket.page.browse.treebrowser.tabs.general.dependency.GradleDependencyDeclarationProviderTest@17144a84]" name="testGetDependencyDeclarationWithMinimalParams" duration-ms="0" started-at="2014-11-27T20:04:13Z" finished-at="2014-11-27T20:04:13Z">
          <reporter-output>
          </reporter-output>
        </test-method> <!-- testGetDependencyDeclarationWithMinimalParams -->
      </class> <!-- org.artifactory.webapp.wicket.page.browse.treebrowser.tabs.general.dependency.GradleDependencyDeclarationProviderTest -->
    </test> <!-- Command line test 738d6f07-7617-4074-94c8-b10b4e431988 -->
  </suite> <!-- org.artifactory.webapp.wicket.page.browse.treebrowser.tabs.general.dependency.GradleDependencyDeclarationProviderTest -->
  <suite name="org.artifactory.webapp.servlet.AccessFilterTest" duration-ms="324" started-at="2014-11-27T18:04:12Z" finished-at="2014-11-27T18:04:12Z">
    <groups>
    </groups>
    <test name="Command line test d385f2dd-6d12-406d-8644-aae4ffb50e88" duration-ms="324" started-at="2014-11-27T18:04:12Z" finished-at="2014-11-27T18:04:12Z">
      <class name="org.artifactory.webapp.servlet.AccessFilterTest">
        <test-method status="PASS" signature="testAuthenticationChallenge()[pri:0, instance:org.artifactory.webapp.servlet.AccessFilterTest@1648a4ad]" name="testAuthenticationChallenge" duration-ms="324" started-at="2014-11-27T20:04:12Z" finished-at="2014-11-27T20:04:12Z">
          <reporter-output>
          </reporter-output>
        </test-method> <!-- testAuthenticationChallenge -->
      </class> <!-- org.artifactory.webapp.servlet.AccessFilterTest -->
    </test> <!-- Command line test d385f2dd-6d12-406d-8644-aae4ffb50e88 -->
  </suite> <!-- org.artifactory.webapp.servlet.AccessFilterTest -->
</testng-results>
