<html>
<head>
<title>TestNG:  Command line test 0477c021-11cb-4542-8ee8-9477f3af9a3f</title>
<link href="../testng.css" rel="stylesheet" type="text/css" />
<link href="../my-testng.css" rel="stylesheet" type="text/css" />

<style type="text/css">
.log { display: none;} 
.stack-trace { display: none;} 
</style>
<script type="text/javascript">
<!--
function flip(e) {
  current = e.style.display;
  if (current == 'block') {
    e.style.display = 'none';
    return 0;
  }
  else {
    e.style.display = 'block';
    return 1;
  }
}

function toggleBox(szDivId, elem, msg1, msg2)
{
  var res = -1;  if (document.getElementById) {
    res = flip(document.getElementById(szDivId));
  }
  else if (document.all) {
    // this is the way old msie versions work
    res = flip(document.all[szDivId]);
  }
  if(elem) {
    if(res == 0) elem.innerHTML = msg1; else elem.innerHTML = msg2;
  }

}

function toggleAllBoxes() {
  if (document.getElementsByTagName) {
    d = document.getElementsByTagName('div');
    for (i = 0; i < d.length; i++) {
      if (d[i].className == 'log') {
        flip(d[i]);
      }
    }
  }
}

// -->
</script>

</head>
<body>
<h2 align='center'>Command line test 0477c021-11cb-4542-8ee8-9477f3af9a3f</h2><table border='1' align="center">
<tr>
<td>Tests passed/Failed/Skipped:</td><td>9/0/0</td>
</tr><tr>
<td>Started on:</td><td>Thu Nov 27 20:03:00 IST 2014</td>
</tr>
<tr><td>Total time:</td><td>0 seconds (4 ms)</td>
</tr><tr>
<td>Included groups:</td><td></td>
</tr><tr>
<td>Excluded groups:</td><td></td>
</tr>
</table><p/>
<small><i>(Hover the method name to see the test class name)</i></small><p/>
<table width='100%' border='1' class='invocation-passed'>
<tr><td colspan='4' align='center'><b>PASSED TESTS</b></td></tr>
<tr><td><b>Test method</b></td>
<td width="30%"><b>Exception</b></td>
<td width="10%"><b>Time (seconds)</b></td>
<td><b>Instance</b></td>
</tr>
<tr>
<td title='org.artifactory.api.module.ModuleInfoUtilsTest.constructArtifactPathWithInvalidModuleInfo()'><b>constructArtifactPathWithInvalidModuleInfo</b><br>Test class: org.artifactory.api.module.ModuleInfoUtilsTest</td>
<td><div><pre>java.lang.IllegalArgumentException: Unable to construct a path from an invalid module info object.
	at org.artifactory.api.module.ModuleInfoUtils.constructItemPath(ModuleInfoUtils.java:113)
	at org.artifactory.api.module.ModuleInfoUtils.constructArtifactPath(ModuleInfoUtils.java:51)
	at org.artifactory.api.module.ModuleInfoUtils.constructArtifactPath(ModuleInfoUtils.java:46)
	at org.artifactory.api.module.ModuleInfoUtilsTest.constructArtifactPathWithInvalidModuleInfo(ModuleInfoUtilsTest.java:40)
... Removed 28 stack frames</pre></div><a href='#' onClick='toggleBox("stack-trace1445513208", this, "Click to show all stack frames", "Click to hide stack frames")'>Click to show all stack frames</a>
<div class='stack-trace' id='stack-trace1445513208'><pre>java.lang.IllegalArgumentException: Unable to construct a path from an invalid module info object.
	at org.artifactory.api.module.ModuleInfoUtils.constructItemPath(ModuleInfoUtils.java:113)
	at org.artifactory.api.module.ModuleInfoUtils.constructArtifactPath(ModuleInfoUtils.java:51)
	at org.artifactory.api.module.ModuleInfoUtils.constructArtifactPath(ModuleInfoUtils.java:46)
	at org.artifactory.api.module.ModuleInfoUtilsTest.constructArtifactPathWithInvalidModuleInfo(ModuleInfoUtilsTest.java:40)
	at sun.reflect.NativeMethodAccessorImpl.invoke0(Native Method)
	at sun.reflect.NativeMethodAccessorImpl.invoke(NativeMethodAccessorImpl.java:57)
	at sun.reflect.DelegatingMethodAccessorImpl.invoke(DelegatingMethodAccessorImpl.java:43)
	at java.lang.reflect.Method.invoke(Method.java:606)
	at org.testng.internal.MethodInvocationHelper.invokeMethod(MethodInvocationHelper.java:84)
	at org.testng.internal.Invoker.invokeMethod(Invoker.java:714)
	at org.testng.internal.Invoker.invokeTestMethod(Invoker.java:901)
	at org.testng.internal.Invoker.invokeTestMethods(Invoker.java:1231)
	at org.testng.internal.TestMethodWorker.invokeTestMethods(TestMethodWorker.java:127)
	at org.testng.internal.TestMethodWorker.run(TestMethodWorker.java:111)
	at org.testng.TestRunner.privateRun(TestRunner.java:767)
	at org.testng.TestRunner.run(TestRunner.java:617)
	at org.testng.SuiteRunner.runTest(SuiteRunner.java:334)
	at org.testng.SuiteRunner.runSequentially(SuiteRunner.java:329)
	at org.testng.SuiteRunner.privateRun(SuiteRunner.java:291)
	at org.testng.SuiteRunner.run(SuiteRunner.java:240)
	at org.testng.SuiteRunnerWorker.runSuite(SuiteRunnerWorker.java:52)
	at org.testng.SuiteRunnerWorker.run(SuiteRunnerWorker.java:86)
	at org.testng.TestNG.runSuitesSequentially(TestNG.java:1224)
	at org.testng.TestNG.runSuitesLocally(TestNG.java:1149)
	at org.testng.TestNG.run(TestNG.java:1057)
	at org.apache.maven.surefire.testng.TestNGExecutor.run(TestNGExecutor.java:91)
	at org.apache.maven.surefire.testng.TestNGDirectoryTestSuite.executeMulti(TestNGDirectoryTestSuite.java:204)
	at org.apache.maven.surefire.testng.TestNGDirectoryTestSuite.execute(TestNGDirectoryTestSuite.java:107)
	at org.apache.maven.surefire.testng.TestNGProvider.invoke(TestNGProvider.java:113)
	at org.apache.maven.surefire.booter.ForkedBooter.invokeProviderInSameClassLoader(ForkedBooter.java:200)
	at org.apache.maven.surefire.booter.ForkedBooter.runSuitesInProcess(ForkedBooter.java:153)
	at org.apache.maven.surefire.booter.ForkedBooter.main(ForkedBooter.java:103)
</pre></div></td>
<td>0</td>
<td>org.artifactory.api.module.ModuleInfoUtilsTest@72f08d6f</td></tr>
<tr>
<td title='org.artifactory.api.module.ModuleInfoUtilsTest.constructArtifactPathWithNullModuleInfo()'><b>constructArtifactPathWithNullModuleInfo</b><br>Test class: org.artifactory.api.module.ModuleInfoUtilsTest</td>
<td><div><pre>java.lang.IllegalArgumentException: Unable to construct a path from a null module info object.
	at org.artifactory.api.module.ModuleInfoUtils.constructItemPath(ModuleInfoUtils.java:110)
	at org.artifactory.api.module.ModuleInfoUtils.constructArtifactPath(ModuleInfoUtils.java:51)
	at org.artifactory.api.module.ModuleInfoUtils.constructArtifactPath(ModuleInfoUtils.java:46)
	at org.artifactory.api.module.ModuleInfoUtilsTest.constructArtifactPathWithNullModuleInfo(ModuleInfoUtilsTest.java:34)
... Removed 28 stack frames</pre></div><a href='#' onClick='toggleBox("stack-trace257988345", this, "Click to show all stack frames", "Click to hide stack frames")'>Click to show all stack frames</a>
<div class='stack-trace' id='stack-trace257988345'><pre>java.lang.IllegalArgumentException: Unable to construct a path from a null module info object.
	at org.artifactory.api.module.ModuleInfoUtils.constructItemPath(ModuleInfoUtils.java:110)
	at org.artifactory.api.module.ModuleInfoUtils.constructArtifactPath(ModuleInfoUtils.java:51)
	at org.artifactory.api.module.ModuleInfoUtils.constructArtifactPath(ModuleInfoUtils.java:46)
	at org.artifactory.api.module.ModuleInfoUtilsTest.constructArtifactPathWithNullModuleInfo(ModuleInfoUtilsTest.java:34)
	at sun.reflect.NativeMethodAccessorImpl.invoke0(Native Method)
	at sun.reflect.NativeMethodAccessorImpl.invoke(NativeMethodAccessorImpl.java:57)
	at sun.reflect.DelegatingMethodAccessorImpl.invoke(DelegatingMethodAccessorImpl.java:43)
	at java.lang.reflect.Method.invoke(Method.java:606)
	at org.testng.internal.MethodInvocationHelper.invokeMethod(MethodInvocationHelper.java:84)
	at org.testng.internal.Invoker.invokeMethod(Invoker.java:714)
	at org.testng.internal.Invoker.invokeTestMethod(Invoker.java:901)
	at org.testng.internal.Invoker.invokeTestMethods(Invoker.java:1231)
	at org.testng.internal.TestMethodWorker.invokeTestMethods(TestMethodWorker.java:127)
	at org.testng.internal.TestMethodWorker.run(TestMethodWorker.java:111)
	at org.testng.TestRunner.privateRun(TestRunner.java:767)
	at org.testng.TestRunner.run(TestRunner.java:617)
	at org.testng.SuiteRunner.runTest(SuiteRunner.java:334)
	at org.testng.SuiteRunner.runSequentially(SuiteRunner.java:329)
	at org.testng.SuiteRunner.privateRun(SuiteRunner.java:291)
	at org.testng.SuiteRunner.run(SuiteRunner.java:240)
	at org.testng.SuiteRunnerWorker.runSuite(SuiteRunnerWorker.java:52)
	at org.testng.SuiteRunnerWorker.run(SuiteRunnerWorker.java:86)
	at org.testng.TestNG.runSuitesSequentially(TestNG.java:1224)
	at org.testng.TestNG.runSuitesLocally(TestNG.java:1149)
	at org.testng.TestNG.run(TestNG.java:1057)
	at org.apache.maven.surefire.testng.TestNGExecutor.run(TestNGExecutor.java:91)
	at org.apache.maven.surefire.testng.TestNGDirectoryTestSuite.executeMulti(TestNGDirectoryTestSuite.java:204)
	at org.apache.maven.surefire.testng.TestNGDirectoryTestSuite.execute(TestNGDirectoryTestSuite.java:107)
	at org.apache.maven.surefire.testng.TestNGProvider.invoke(TestNGProvider.java:113)
	at org.apache.maven.surefire.booter.ForkedBooter.invokeProviderInSameClassLoader(ForkedBooter.java:200)
	at org.apache.maven.surefire.booter.ForkedBooter.runSuitesInProcess(ForkedBooter.java:153)
	at org.apache.maven.surefire.booter.ForkedBooter.main(ForkedBooter.java:103)
</pre></div></td>
<td>0</td>
<td>org.artifactory.api.module.ModuleInfoUtilsTest@72f08d6f</td></tr>
<tr>
<td title='org.artifactory.api.module.ModuleInfoUtilsTest.constructArtifactPathWithNullRepoLayout()'><b>constructArtifactPathWithNullRepoLayout</b><br>Test class: org.artifactory.api.module.ModuleInfoUtilsTest</td>
<td><div><pre>java.lang.IllegalArgumentException: Unable to construct a path from a null repository layout.
	at org.artifactory.api.module.ModuleInfoUtils.constructItemPath(ModuleInfoUtils.java:116)
	at org.artifactory.api.module.ModuleInfoUtils.constructArtifactPath(ModuleInfoUtils.java:51)
	at org.artifactory.api.module.ModuleInfoUtils.constructArtifactPath(ModuleInfoUtils.java:46)
	at org.artifactory.api.module.ModuleInfoUtilsTest.constructArtifactPathWithNullRepoLayout(ModuleInfoUtilsTest.java:46)
... Removed 28 stack frames</pre></div><a href='#' onClick='toggleBox("stack-trace240631122", this, "Click to show all stack frames", "Click to hide stack frames")'>Click to show all stack frames</a>
<div class='stack-trace' id='stack-trace240631122'><pre>java.lang.IllegalArgumentException: Unable to construct a path from a null repository layout.
	at org.artifactory.api.module.ModuleInfoUtils.constructItemPath(ModuleInfoUtils.java:116)
	at org.artifactory.api.module.ModuleInfoUtils.constructArtifactPath(ModuleInfoUtils.java:51)
	at org.artifactory.api.module.ModuleInfoUtils.constructArtifactPath(ModuleInfoUtils.java:46)
	at org.artifactory.api.module.ModuleInfoUtilsTest.constructArtifactPathWithNullRepoLayout(ModuleInfoUtilsTest.java:46)
	at sun.reflect.NativeMethodAccessorImpl.invoke0(Native Method)
	at sun.reflect.NativeMethodAccessorImpl.invoke(NativeMethodAccessorImpl.java:57)
	at sun.reflect.DelegatingMethodAccessorImpl.invoke(DelegatingMethodAccessorImpl.java:43)
	at java.lang.reflect.Method.invoke(Method.java:606)
	at org.testng.internal.MethodInvocationHelper.invokeMethod(MethodInvocationHelper.java:84)
	at org.testng.internal.Invoker.invokeMethod(Invoker.java:714)
	at org.testng.internal.Invoker.invokeTestMethod(Invoker.java:901)
	at org.testng.internal.Invoker.invokeTestMethods(Invoker.java:1231)
	at org.testng.internal.TestMethodWorker.invokeTestMethods(TestMethodWorker.java:127)
	at org.testng.internal.TestMethodWorker.run(TestMethodWorker.java:111)
	at org.testng.TestRunner.privateRun(TestRunner.java:767)
	at org.testng.TestRunner.run(TestRunner.java:617)
	at org.testng.SuiteRunner.runTest(SuiteRunner.java:334)
	at org.testng.SuiteRunner.runSequentially(SuiteRunner.java:329)
	at org.testng.SuiteRunner.privateRun(SuiteRunner.java:291)
	at org.testng.SuiteRunner.run(SuiteRunner.java:240)
	at org.testng.SuiteRunnerWorker.runSuite(SuiteRunnerWorker.java:52)
	at org.testng.SuiteRunnerWorker.run(SuiteRunnerWorker.java:86)
	at org.testng.TestNG.runSuitesSequentially(TestNG.java:1224)
	at org.testng.TestNG.runSuitesLocally(TestNG.java:1149)
	at org.testng.TestNG.run(TestNG.java:1057)
	at org.apache.maven.surefire.testng.TestNGExecutor.run(TestNGExecutor.java:91)
	at org.apache.maven.surefire.testng.TestNGDirectoryTestSuite.executeMulti(TestNGDirectoryTestSuite.java:204)
	at org.apache.maven.surefire.testng.TestNGDirectoryTestSuite.execute(TestNGDirectoryTestSuite.java:107)
	at org.apache.maven.surefire.testng.TestNGProvider.invoke(TestNGProvider.java:113)
	at org.apache.maven.surefire.booter.ForkedBooter.invokeProviderInSameClassLoader(ForkedBooter.java:200)
	at org.apache.maven.surefire.booter.ForkedBooter.runSuitesInProcess(ForkedBooter.java:153)
	at org.apache.maven.surefire.booter.ForkedBooter.main(ForkedBooter.java:103)
</pre></div></td>
<td>0</td>
<td>org.artifactory.api.module.ModuleInfoUtilsTest@72f08d6f</td></tr>
<tr>
<td title='org.artifactory.api.module.ModuleInfoUtilsTest.moduleInfoFromArtifactPathWithBlankItemPath()'><b>moduleInfoFromArtifactPathWithBlankItemPath</b><br>Test class: org.artifactory.api.module.ModuleInfoUtilsTest</td>
<td><div><pre>java.lang.IllegalArgumentException: Cannot construct a module info object from a blank item path.
	at org.artifactory.api.module.ModuleInfoUtils.moduleInfoFromItemPath(ModuleInfoUtils.java:316)
	at org.artifactory.api.module.ModuleInfoUtils.moduleInfoFromArtifactPath(ModuleInfoUtils.java:69)
	at org.artifactory.api.module.ModuleInfoUtilsTest.moduleInfoFromArtifactPathWithBlankItemPath(ModuleInfoUtilsTest.java:65)
... Removed 28 stack frames</pre></div><a href='#' onClick='toggleBox("stack-trace575560153", this, "Click to show all stack frames", "Click to hide stack frames")'>Click to show all stack frames</a>
<div class='stack-trace' id='stack-trace575560153'><pre>java.lang.IllegalArgumentException: Cannot construct a module info object from a blank item path.
	at org.artifactory.api.module.ModuleInfoUtils.moduleInfoFromItemPath(ModuleInfoUtils.java:316)
	at org.artifactory.api.module.ModuleInfoUtils.moduleInfoFromArtifactPath(ModuleInfoUtils.java:69)
	at org.artifactory.api.module.ModuleInfoUtilsTest.moduleInfoFromArtifactPathWithBlankItemPath(ModuleInfoUtilsTest.java:65)
	at sun.reflect.NativeMethodAccessorImpl.invoke0(Native Method)
	at sun.reflect.NativeMethodAccessorImpl.invoke(NativeMethodAccessorImpl.java:57)
	at sun.reflect.DelegatingMethodAccessorImpl.invoke(DelegatingMethodAccessorImpl.java:43)
	at java.lang.reflect.Method.invoke(Method.java:606)
	at org.testng.internal.MethodInvocationHelper.invokeMethod(MethodInvocationHelper.java:84)
	at org.testng.internal.Invoker.invokeMethod(Invoker.java:714)
	at org.testng.internal.Invoker.invokeTestMethod(Invoker.java:901)
	at org.testng.internal.Invoker.invokeTestMethods(Invoker.java:1231)
	at org.testng.internal.TestMethodWorker.invokeTestMethods(TestMethodWorker.java:127)
	at org.testng.internal.TestMethodWorker.run(TestMethodWorker.java:111)
	at org.testng.TestRunner.privateRun(TestRunner.java:767)
	at org.testng.TestRunner.run(TestRunner.java:617)
	at org.testng.SuiteRunner.runTest(SuiteRunner.java:334)
	at org.testng.SuiteRunner.runSequentially(SuiteRunner.java:329)
	at org.testng.SuiteRunner.privateRun(SuiteRunner.java:291)
	at org.testng.SuiteRunner.run(SuiteRunner.java:240)
	at org.testng.SuiteRunnerWorker.runSuite(SuiteRunnerWorker.java:52)
	at org.testng.SuiteRunnerWorker.run(SuiteRunnerWorker.java:86)
	at org.testng.TestNG.runSuitesSequentially(TestNG.java:1224)
	at org.testng.TestNG.runSuitesLocally(TestNG.java:1149)
	at org.testng.TestNG.run(TestNG.java:1057)
	at org.apache.maven.surefire.testng.TestNGExecutor.run(TestNGExecutor.java:91)
	at org.apache.maven.surefire.testng.TestNGDirectoryTestSuite.executeMulti(TestNGDirectoryTestSuite.java:204)
	at org.apache.maven.surefire.testng.TestNGDirectoryTestSuite.execute(TestNGDirectoryTestSuite.java:107)
	at org.apache.maven.surefire.testng.TestNGProvider.invoke(TestNGProvider.java:113)
	at org.apache.maven.surefire.booter.ForkedBooter.invokeProviderInSameClassLoader(ForkedBooter.java:200)
	at org.apache.maven.surefire.booter.ForkedBooter.runSuitesInProcess(ForkedBooter.java:153)
	at org.apache.maven.surefire.booter.ForkedBooter.main(ForkedBooter.java:103)
</pre></div></td>
<td>0</td>
<td>org.artifactory.api.module.ModuleInfoUtilsTest@72f08d6f</td></tr>
<tr>
<td title='org.artifactory.api.module.ModuleInfoUtilsTest.moduleInfoFromArtifactPathWithNullArtifactPath()'><b>moduleInfoFromArtifactPathWithNullArtifactPath</b><br>Test class: org.artifactory.api.module.ModuleInfoUtilsTest</td>
<td><div><pre>java.lang.IllegalArgumentException: Cannot construct a module info object from a blank item path.
	at org.artifactory.api.module.ModuleInfoUtils.moduleInfoFromItemPath(ModuleInfoUtils.java:316)
	at org.artifactory.api.module.ModuleInfoUtils.moduleInfoFromArtifactPath(ModuleInfoUtils.java:69)
	at org.artifactory.api.module.ModuleInfoUtilsTest.moduleInfoFromArtifactPathWithNullArtifactPath(ModuleInfoUtilsTest.java:53)
... Removed 28 stack frames</pre></div><a href='#' onClick='toggleBox("stack-trace1173145383", this, "Click to show all stack frames", "Click to hide stack frames")'>Click to show all stack frames</a>
<div class='stack-trace' id='stack-trace1173145383'><pre>java.lang.IllegalArgumentException: Cannot construct a module info object from a blank item path.
	at org.artifactory.api.module.ModuleInfoUtils.moduleInfoFromItemPath(ModuleInfoUtils.java:316)
	at org.artifactory.api.module.ModuleInfoUtils.moduleInfoFromArtifactPath(ModuleInfoUtils.java:69)
	at org.artifactory.api.module.ModuleInfoUtilsTest.moduleInfoFromArtifactPathWithNullArtifactPath(ModuleInfoUtilsTest.java:53)
	at sun.reflect.NativeMethodAccessorImpl.invoke0(Native Method)
	at sun.reflect.NativeMethodAccessorImpl.invoke(NativeMethodAccessorImpl.java:57)
	at sun.reflect.DelegatingMethodAccessorImpl.invoke(DelegatingMethodAccessorImpl.java:43)
	at java.lang.reflect.Method.invoke(Method.java:606)
	at org.testng.internal.MethodInvocationHelper.invokeMethod(MethodInvocationHelper.java:84)
	at org.testng.internal.Invoker.invokeMethod(Invoker.java:714)
	at org.testng.internal.Invoker.invokeTestMethod(Invoker.java:901)
	at org.testng.internal.Invoker.invokeTestMethods(Invoker.java:1231)
	at org.testng.internal.TestMethodWorker.invokeTestMethods(TestMethodWorker.java:127)
	at org.testng.internal.TestMethodWorker.run(TestMethodWorker.java:111)
	at org.testng.TestRunner.privateRun(TestRunner.java:767)
	at org.testng.TestRunner.run(TestRunner.java:617)
	at org.testng.SuiteRunner.runTest(SuiteRunner.java:334)
	at org.testng.SuiteRunner.runSequentially(SuiteRunner.java:329)
	at org.testng.SuiteRunner.privateRun(SuiteRunner.java:291)
	at org.testng.SuiteRunner.run(SuiteRunner.java:240)
	at org.testng.SuiteRunnerWorker.runSuite(SuiteRunnerWorker.java:52)
	at org.testng.SuiteRunnerWorker.run(SuiteRunnerWorker.java:86)
	at org.testng.TestNG.runSuitesSequentially(TestNG.java:1224)
	at org.testng.TestNG.runSuitesLocally(TestNG.java:1149)
	at org.testng.TestNG.run(TestNG.java:1057)
	at org.apache.maven.surefire.testng.TestNGExecutor.run(TestNGExecutor.java:91)
	at org.apache.maven.surefire.testng.TestNGDirectoryTestSuite.executeMulti(TestNGDirectoryTestSuite.java:204)
	at org.apache.maven.surefire.testng.TestNGDirectoryTestSuite.execute(TestNGDirectoryTestSuite.java:107)
	at org.apache.maven.surefire.testng.TestNGProvider.invoke(TestNGProvider.java:113)
	at org.apache.maven.surefire.booter.ForkedBooter.invokeProviderInSameClassLoader(ForkedBooter.java:200)
	at org.apache.maven.surefire.booter.ForkedBooter.runSuitesInProcess(ForkedBooter.java:153)
	at org.apache.maven.surefire.booter.ForkedBooter.main(ForkedBooter.java:103)
</pre></div></td>
<td>0</td>
<td>org.artifactory.api.module.ModuleInfoUtilsTest@72f08d6f</td></tr>
<tr>
<td title='org.artifactory.api.module.ModuleInfoUtilsTest.moduleInfoFromArtifactPathWithNullRepoLayout()'><b>moduleInfoFromArtifactPathWithNullRepoLayout</b><br>Test class: org.artifactory.api.module.ModuleInfoUtilsTest</td>
<td><div><pre>java.lang.IllegalArgumentException: Cannot construct a module info object from a null repository layout.
	at org.artifactory.api.module.ModuleInfoUtils.moduleInfoFromItemPath(ModuleInfoUtils.java:319)
	at org.artifactory.api.module.ModuleInfoUtils.moduleInfoFromArtifactPath(ModuleInfoUtils.java:69)
	at org.artifactory.api.module.ModuleInfoUtilsTest.moduleInfoFromArtifactPathWithNullRepoLayout(ModuleInfoUtilsTest.java:77)
... Removed 28 stack frames</pre></div><a href='#' onClick='toggleBox("stack-trace1007088974", this, "Click to show all stack frames", "Click to hide stack frames")'>Click to show all stack frames</a>
<div class='stack-trace' id='stack-trace1007088974'><pre>java.lang.IllegalArgumentException: Cannot construct a module info object from a null repository layout.
	at org.artifactory.api.module.ModuleInfoUtils.moduleInfoFromItemPath(ModuleInfoUtils.java:319)
	at org.artifactory.api.module.ModuleInfoUtils.moduleInfoFromArtifactPath(ModuleInfoUtils.java:69)
	at org.artifactory.api.module.ModuleInfoUtilsTest.moduleInfoFromArtifactPathWithNullRepoLayout(ModuleInfoUtilsTest.java:77)
	at sun.reflect.NativeMethodAccessorImpl.invoke0(Native Method)
	at sun.reflect.NativeMethodAccessorImpl.invoke(NativeMethodAccessorImpl.java:57)
	at sun.reflect.DelegatingMethodAccessorImpl.invoke(DelegatingMethodAccessorImpl.java:43)
	at java.lang.reflect.Method.invoke(Method.java:606)
	at org.testng.internal.MethodInvocationHelper.invokeMethod(MethodInvocationHelper.java:84)
	at org.testng.internal.Invoker.invokeMethod(Invoker.java:714)
	at org.testng.internal.Invoker.invokeTestMethod(Invoker.java:901)
	at org.testng.internal.Invoker.invokeTestMethods(Invoker.java:1231)
	at org.testng.internal.TestMethodWorker.invokeTestMethods(TestMethodWorker.java:127)
	at org.testng.internal.TestMethodWorker.run(TestMethodWorker.java:111)
	at org.testng.TestRunner.privateRun(TestRunner.java:767)
	at org.testng.TestRunner.run(TestRunner.java:617)
	at org.testng.SuiteRunner.runTest(SuiteRunner.java:334)
	at org.testng.SuiteRunner.runSequentially(SuiteRunner.java:329)
	at org.testng.SuiteRunner.privateRun(SuiteRunner.java:291)
	at org.testng.SuiteRunner.run(SuiteRunner.java:240)
	at org.testng.SuiteRunnerWorker.runSuite(SuiteRunnerWorker.java:52)
	at org.testng.SuiteRunnerWorker.run(SuiteRunnerWorker.java:86)
	at org.testng.TestNG.runSuitesSequentially(TestNG.java:1224)
	at org.testng.TestNG.runSuitesLocally(TestNG.java:1149)
	at org.testng.TestNG.run(TestNG.java:1057)
	at org.apache.maven.surefire.testng.TestNGExecutor.run(TestNGExecutor.java:91)
	at org.apache.maven.surefire.testng.TestNGDirectoryTestSuite.executeMulti(TestNGDirectoryTestSuite.java:204)
	at org.apache.maven.surefire.testng.TestNGDirectoryTestSuite.execute(TestNGDirectoryTestSuite.java:107)
	at org.apache.maven.surefire.testng.TestNGProvider.invoke(TestNGProvider.java:113)
	at org.apache.maven.surefire.booter.ForkedBooter.invokeProviderInSameClassLoader(ForkedBooter.java:200)
	at org.apache.maven.surefire.booter.ForkedBooter.runSuitesInProcess(ForkedBooter.java:153)
	at org.apache.maven.surefire.booter.ForkedBooter.main(ForkedBooter.java:103)
</pre></div></td>
<td>0</td>
<td>org.artifactory.api.module.ModuleInfoUtilsTest@72f08d6f</td></tr>
<tr>
<td title='org.artifactory.api.module.ModuleInfoUtilsTest.moduleInfoFromDescriptorPathWithBlankItemPath()'><b>moduleInfoFromDescriptorPathWithBlankItemPath</b><br>Test class: org.artifactory.api.module.ModuleInfoUtilsTest</td>
<td><div><pre>java.lang.IllegalArgumentException: Cannot construct a module info object from a blank item path.
	at org.artifactory.api.module.ModuleInfoUtils.moduleInfoFromItemPath(ModuleInfoUtils.java:316)
	at org.artifactory.api.module.ModuleInfoUtils.moduleInfoFromDescriptorPath(ModuleInfoUtils.java:99)
	at org.artifactory.api.module.ModuleInfoUtilsTest.moduleInfoFromDescriptorPathWithBlankItemPath(ModuleInfoUtilsTest.java:71)
... Removed 28 stack frames</pre></div><a href='#' onClick='toggleBox("stack-trace1825764011", this, "Click to show all stack frames", "Click to hide stack frames")'>Click to show all stack frames</a>
<div class='stack-trace' id='stack-trace1825764011'><pre>java.lang.IllegalArgumentException: Cannot construct a module info object from a blank item path.
	at org.artifactory.api.module.ModuleInfoUtils.moduleInfoFromItemPath(ModuleInfoUtils.java:316)
	at org.artifactory.api.module.ModuleInfoUtils.moduleInfoFromDescriptorPath(ModuleInfoUtils.java:99)
	at org.artifactory.api.module.ModuleInfoUtilsTest.moduleInfoFromDescriptorPathWithBlankItemPath(ModuleInfoUtilsTest.java:71)
	at sun.reflect.NativeMethodAccessorImpl.invoke0(Native Method)
	at sun.reflect.NativeMethodAccessorImpl.invoke(NativeMethodAccessorImpl.java:57)
	at sun.reflect.DelegatingMethodAccessorImpl.invoke(DelegatingMethodAccessorImpl.java:43)
	at java.lang.reflect.Method.invoke(Method.java:606)
	at org.testng.internal.MethodInvocationHelper.invokeMethod(MethodInvocationHelper.java:84)
	at org.testng.internal.Invoker.invokeMethod(Invoker.java:714)
	at org.testng.internal.Invoker.invokeTestMethod(Invoker.java:901)
	at org.testng.internal.Invoker.invokeTestMethods(Invoker.java:1231)
	at org.testng.internal.TestMethodWorker.invokeTestMethods(TestMethodWorker.java:127)
	at org.testng.internal.TestMethodWorker.run(TestMethodWorker.java:111)
	at org.testng.TestRunner.privateRun(TestRunner.java:767)
	at org.testng.TestRunner.run(TestRunner.java:617)
	at org.testng.SuiteRunner.runTest(SuiteRunner.java:334)
	at org.testng.SuiteRunner.runSequentially(SuiteRunner.java:329)
	at org.testng.SuiteRunner.privateRun(SuiteRunner.java:291)
	at org.testng.SuiteRunner.run(SuiteRunner.java:240)
	at org.testng.SuiteRunnerWorker.runSuite(SuiteRunnerWorker.java:52)
	at org.testng.SuiteRunnerWorker.run(SuiteRunnerWorker.java:86)
	at org.testng.TestNG.runSuitesSequentially(TestNG.java:1224)
	at org.testng.TestNG.runSuitesLocally(TestNG.java:1149)
	at org.testng.TestNG.run(TestNG.java:1057)
	at org.apache.maven.surefire.testng.TestNGExecutor.run(TestNGExecutor.java:91)
	at org.apache.maven.surefire.testng.TestNGDirectoryTestSuite.executeMulti(TestNGDirectoryTestSuite.java:204)
	at org.apache.maven.surefire.testng.TestNGDirectoryTestSuite.execute(TestNGDirectoryTestSuite.java:107)
	at org.apache.maven.surefire.testng.TestNGProvider.invoke(TestNGProvider.java:113)
	at org.apache.maven.surefire.booter.ForkedBooter.invokeProviderInSameClassLoader(ForkedBooter.java:200)
	at org.apache.maven.surefire.booter.ForkedBooter.runSuitesInProcess(ForkedBooter.java:153)
	at org.apache.maven.surefire.booter.ForkedBooter.main(ForkedBooter.java:103)
</pre></div></td>
<td>0</td>
<td>org.artifactory.api.module.ModuleInfoUtilsTest@72f08d6f</td></tr>
<tr>
<td title='org.artifactory.api.module.ModuleInfoUtilsTest.moduleInfoFromDescriptorPathWithNullArtifactPath()'><b>moduleInfoFromDescriptorPathWithNullArtifactPath</b><br>Test class: org.artifactory.api.module.ModuleInfoUtilsTest</td>
<td><div><pre>java.lang.IllegalArgumentException: Cannot construct a module info object from a blank item path.
	at org.artifactory.api.module.ModuleInfoUtils.moduleInfoFromItemPath(ModuleInfoUtils.java:316)
	at org.artifactory.api.module.ModuleInfoUtils.moduleInfoFromDescriptorPath(ModuleInfoUtils.java:99)
	at org.artifactory.api.module.ModuleInfoUtilsTest.moduleInfoFromDescriptorPathWithNullArtifactPath(ModuleInfoUtilsTest.java:59)
... Removed 28 stack frames</pre></div><a href='#' onClick='toggleBox("stack-trace221900894", this, "Click to show all stack frames", "Click to hide stack frames")'>Click to show all stack frames</a>
<div class='stack-trace' id='stack-trace221900894'><pre>java.lang.IllegalArgumentException: Cannot construct a module info object from a blank item path.
	at org.artifactory.api.module.ModuleInfoUtils.moduleInfoFromItemPath(ModuleInfoUtils.java:316)
	at org.artifactory.api.module.ModuleInfoUtils.moduleInfoFromDescriptorPath(ModuleInfoUtils.java:99)
	at org.artifactory.api.module.ModuleInfoUtilsTest.moduleInfoFromDescriptorPathWithNullArtifactPath(ModuleInfoUtilsTest.java:59)
	at sun.reflect.NativeMethodAccessorImpl.invoke0(Native Method)
	at sun.reflect.NativeMethodAccessorImpl.invoke(NativeMethodAccessorImpl.java:57)
	at sun.reflect.DelegatingMethodAccessorImpl.invoke(DelegatingMethodAccessorImpl.java:43)
	at java.lang.reflect.Method.invoke(Method.java:606)
	at org.testng.internal.MethodInvocationHelper.invokeMethod(MethodInvocationHelper.java:84)
	at org.testng.internal.Invoker.invokeMethod(Invoker.java:714)
	at org.testng.internal.Invoker.invokeTestMethod(Invoker.java:901)
	at org.testng.internal.Invoker.invokeTestMethods(Invoker.java:1231)
	at org.testng.internal.TestMethodWorker.invokeTestMethods(TestMethodWorker.java:127)
	at org.testng.internal.TestMethodWorker.run(TestMethodWorker.java:111)
	at org.testng.TestRunner.privateRun(TestRunner.java:767)
	at org.testng.TestRunner.run(TestRunner.java:617)
	at org.testng.SuiteRunner.runTest(SuiteRunner.java:334)
	at org.testng.SuiteRunner.runSequentially(SuiteRunner.java:329)
	at org.testng.SuiteRunner.privateRun(SuiteRunner.java:291)
	at org.testng.SuiteRunner.run(SuiteRunner.java:240)
	at org.testng.SuiteRunnerWorker.runSuite(SuiteRunnerWorker.java:52)
	at org.testng.SuiteRunnerWorker.run(SuiteRunnerWorker.java:86)
	at org.testng.TestNG.runSuitesSequentially(TestNG.java:1224)
	at org.testng.TestNG.runSuitesLocally(TestNG.java:1149)
	at org.testng.TestNG.run(TestNG.java:1057)
	at org.apache.maven.surefire.testng.TestNGExecutor.run(TestNGExecutor.java:91)
	at org.apache.maven.surefire.testng.TestNGDirectoryTestSuite.executeMulti(TestNGDirectoryTestSuite.java:204)
	at org.apache.maven.surefire.testng.TestNGDirectoryTestSuite.execute(TestNGDirectoryTestSuite.java:107)
	at org.apache.maven.surefire.testng.TestNGProvider.invoke(TestNGProvider.java:113)
	at org.apache.maven.surefire.booter.ForkedBooter.invokeProviderInSameClassLoader(ForkedBooter.java:200)
	at org.apache.maven.surefire.booter.ForkedBooter.runSuitesInProcess(ForkedBooter.java:153)
	at org.apache.maven.surefire.booter.ForkedBooter.main(ForkedBooter.java:103)
</pre></div></td>
<td>0</td>
<td>org.artifactory.api.module.ModuleInfoUtilsTest@72f08d6f</td></tr>
<tr>
<td title='org.artifactory.api.module.ModuleInfoUtilsTest.moduleInfoFromDescriptorPathWithNullRepoLayout()'><b>moduleInfoFromDescriptorPathWithNullRepoLayout</b><br>Test class: org.artifactory.api.module.ModuleInfoUtilsTest</td>
<td><div><pre>java.lang.IllegalArgumentException: Cannot construct a module info object from a null repository layout.
	at org.artifactory.api.module.ModuleInfoUtils.moduleInfoFromItemPath(ModuleInfoUtils.java:319)
	at org.artifactory.api.module.ModuleInfoUtils.moduleInfoFromDescriptorPath(ModuleInfoUtils.java:99)
	at org.artifactory.api.module.ModuleInfoUtilsTest.moduleInfoFromDescriptorPathWithNullRepoLayout(ModuleInfoUtilsTest.java:83)
... Removed 28 stack frames</pre></div><a href='#' onClick='toggleBox("stack-trace1456714266", this, "Click to show all stack frames", "Click to hide stack frames")'>Click to show all stack frames</a>
<div class='stack-trace' id='stack-trace1456714266'><pre>java.lang.IllegalArgumentException: Cannot construct a module info object from a null repository layout.
	at org.artifactory.api.module.ModuleInfoUtils.moduleInfoFromItemPath(ModuleInfoUtils.java:319)
	at org.artifactory.api.module.ModuleInfoUtils.moduleInfoFromDescriptorPath(ModuleInfoUtils.java:99)
	at org.artifactory.api.module.ModuleInfoUtilsTest.moduleInfoFromDescriptorPathWithNullRepoLayout(ModuleInfoUtilsTest.java:83)
	at sun.reflect.NativeMethodAccessorImpl.invoke0(Native Method)
	at sun.reflect.NativeMethodAccessorImpl.invoke(NativeMethodAccessorImpl.java:57)
	at sun.reflect.DelegatingMethodAccessorImpl.invoke(DelegatingMethodAccessorImpl.java:43)
	at java.lang.reflect.Method.invoke(Method.java:606)
	at org.testng.internal.MethodInvocationHelper.invokeMethod(MethodInvocationHelper.java:84)
	at org.testng.internal.Invoker.invokeMethod(Invoker.java:714)
	at org.testng.internal.Invoker.invokeTestMethod(Invoker.java:901)
	at org.testng.internal.Invoker.invokeTestMethods(Invoker.java:1231)
	at org.testng.internal.TestMethodWorker.invokeTestMethods(TestMethodWorker.java:127)
	at org.testng.internal.TestMethodWorker.run(TestMethodWorker.java:111)
	at org.testng.TestRunner.privateRun(TestRunner.java:767)
	at org.testng.TestRunner.run(TestRunner.java:617)
	at org.testng.SuiteRunner.runTest(SuiteRunner.java:334)
	at org.testng.SuiteRunner.runSequentially(SuiteRunner.java:329)
	at org.testng.SuiteRunner.privateRun(SuiteRunner.java:291)
	at org.testng.SuiteRunner.run(SuiteRunner.java:240)
	at org.testng.SuiteRunnerWorker.runSuite(SuiteRunnerWorker.java:52)
	at org.testng.SuiteRunnerWorker.run(SuiteRunnerWorker.java:86)
	at org.testng.TestNG.runSuitesSequentially(TestNG.java:1224)
	at org.testng.TestNG.runSuitesLocally(TestNG.java:1149)
	at org.testng.TestNG.run(TestNG.java:1057)
	at org.apache.maven.surefire.testng.TestNGExecutor.run(TestNGExecutor.java:91)
	at org.apache.maven.surefire.testng.TestNGDirectoryTestSuite.executeMulti(TestNGDirectoryTestSuite.java:204)
	at org.apache.maven.surefire.testng.TestNGDirectoryTestSuite.execute(TestNGDirectoryTestSuite.java:107)
	at org.apache.maven.surefire.testng.TestNGProvider.invoke(TestNGProvider.java:113)
	at org.apache.maven.surefire.booter.ForkedBooter.invokeProviderInSameClassLoader(ForkedBooter.java:200)
	at org.apache.maven.surefire.booter.ForkedBooter.runSuitesInProcess(ForkedBooter.java:153)
	at org.apache.maven.surefire.booter.ForkedBooter.main(ForkedBooter.java:103)
</pre></div></td>
<td>0</td>
<td>org.artifactory.api.module.ModuleInfoUtilsTest@72f08d6f</td></tr>
</table><p>
</body>
</html>