<html>
<head>
<title>TestNG:  Command line test</title>
<link href="../testng.css" rel="stylesheet" type="text/css" />
<link href="../my-testng.css" rel="stylesheet" type="text/css" />

<style type="text/css">
.log { display: none;} 
.stack-trace { display: none;} 
</style>
<script type="text/javascript">
<!--
function flip(e) {
  current = e.style.display;
  if (current == 'block') {
    e.style.display = 'none';
    return 0;
  }
  else {
    e.style.display = 'block';
    return 1;
  }
}

function toggleBox(szDivId, elem, msg1, msg2)
{
  var res = -1;  if (document.getElementById) {
    res = flip(document.getElementById(szDivId));
  }
  else if (document.all) {
    // this is the way old msie versions work
    res = flip(document.all[szDivId]);
  }
  if(elem) {
    if(res == 0) elem.innerHTML = msg1; else elem.innerHTML = msg2;
  }

}

function toggleAllBoxes() {
  if (document.getElementsByTagName) {
    d = document.getElementsByTagName('div');
    for (i = 0; i < d.length; i++) {
      if (d[i].className == 'log') {
        flip(d[i]);
      }
    }
  }
}

// -->
</script>

</head>
<body>
<h2 align='center'>Command line test</h2><table border='1' align="center">
<tr>
<td>Tests passed/Failed/Skipped:</td><td>226/0/0</td>
</tr><tr>
<td>Started on:</td><td>Mon May 13 13:13:10 GMT 2013</td>
</tr>
<tr><td>Total time:</td><td>14 seconds (14862 ms)</td>
</tr><tr>
<td>Included groups:</td><td></td>
</tr><tr>
<td>Excluded groups:</td><td></td>
</tr>
</table><p/>
<small><i>(Hover the method name to see the test class name)</i></small><p/>
<table width='100%' border='1' class='invocation-passed'>
<tr><td colspan='4' align='center'><b>PASSED TESTS</b></td></tr>
<tr><td><b>Test method</b></td>
<td width="30%"><b>Exception</b></td>
<td width="10%"><b>Time (seconds)</b></td>
<td><b>Instance</b></td>
</tr>
<tr>
<td title='org.artifactory.security.SecurityServiceImplTest.adminRolePermissions()'><b>adminRolePermissions</b><br>Test class: org.artifactory.security.SecurityServiceImplTest</td>
<td></td>
<td>0</td>
<td>org.artifactory.security.SecurityServiceImplTest@22784c30</td></tr>
<tr>
<td title='org.artifactory.maven.versioning.MavenVersionComparatorTest.alphaBetaMilestoneRcGaVersions()'><b>alphaBetaMilestoneRcGaVersions</b><br>Test class: org.artifactory.maven.versioning.MavenVersionComparatorTest</td>
<td></td>
<td>0</td>
<td>org.artifactory.maven.versioning.MavenVersionComparatorTest@797ff11f</td></tr>
<tr>
<td title='org.artifactory.repo.snapshot.NonUniqueSnapshotVersionAdapterTest.alreadyNonUniqueArtifact()'><b>alreadyNonUniqueArtifact</b><br>Test class: org.artifactory.repo.snapshot.NonUniqueSnapshotVersionAdapterTest</td>
<td></td>
<td>0</td>
<td>org.artifactory.repo.snapshot.NonUniqueSnapshotVersionAdapterTest@671a4c51</td></tr>
<tr>
<td title='org.artifactory.repo.snapshot.NonUniqueSnapshotVersionAdapterTest.alreadyNonUniqueChecksumArtifact()'><b>alreadyNonUniqueChecksumArtifact</b><br>Test class: org.artifactory.repo.snapshot.NonUniqueSnapshotVersionAdapterTest</td>
<td></td>
<td>0</td>
<td>org.artifactory.repo.snapshot.NonUniqueSnapshotVersionAdapterTest@671a4c51</td></tr>
<tr>
<td title='org.artifactory.repo.snapshot.UniqueSnapshotVersionAdapterTest.alreadyUniqueArtifact()'><b>alreadyUniqueArtifact</b><br>Test class: org.artifactory.repo.snapshot.UniqueSnapshotVersionAdapterTest</td>
<td></td>
<td>0</td>
<td>org.artifactory.repo.snapshot.UniqueSnapshotVersionAdapterTest@7c182454</td></tr>
<tr>
<td title='org.artifactory.repo.snapshot.UniqueSnapshotVersionAdapterTest.alreadyUniqueArtifactWithClassifier()'><b>alreadyUniqueArtifactWithClassifier</b><br>Test class: org.artifactory.repo.snapshot.UniqueSnapshotVersionAdapterTest</td>
<td></td>
<td>0</td>
<td>org.artifactory.repo.snapshot.UniqueSnapshotVersionAdapterTest@7c182454</td></tr>
<tr>
<td title='org.artifactory.repo.snapshot.UniqueSnapshotVersionAdapterTest.alreadyUniqueChecksumArtifact()'><b>alreadyUniqueChecksumArtifact</b><br>Test class: org.artifactory.repo.snapshot.UniqueSnapshotVersionAdapterTest</td>
<td></td>
<td>0</td>
<td>org.artifactory.repo.snapshot.UniqueSnapshotVersionAdapterTest@7c182454</td></tr>
<tr>
<td title='org.artifactory.repo.db.DbRepoBaseTest.anonAccessDisabledAndNoReadPermissions()'><b>anonAccessDisabledAndNoReadPermissions</b><br>Test class: org.artifactory.repo.db.DbRepoBaseTest</td>
<td></td>
<td>0</td>
<td>org.artifactory.repo.db.DbRepoBaseTest@26efd6cf</td></tr>
<tr>
<td title='org.artifactory.repo.db.DbRepoBaseTest.anonAccessEnabledAndNoReadPermissions()'><b>anonAccessEnabledAndNoReadPermissions</b><br>Test class: org.artifactory.repo.db.DbRepoBaseTest</td>
<td></td>
<td>0</td>
<td>org.artifactory.repo.db.DbRepoBaseTest@26efd6cf</td></tr>
<tr>
<td title='org.artifactory.repo.snapshot.NonUniqueSnapshotVersionAdapterTest.artifactWithNoMavenStructure()'><b>artifactWithNoMavenStructure</b><br>Test class: org.artifactory.repo.snapshot.NonUniqueSnapshotVersionAdapterTest</td>
<td></td>
<td>0</td>
<td>org.artifactory.repo.snapshot.NonUniqueSnapshotVersionAdapterTest@671a4c51</td></tr>
<tr>
<td title='org.artifactory.repo.snapshot.UniqueSnapshotVersionAdapterTest.artifactWithNoMavenStructure()'><b>artifactWithNoMavenStructure</b><br>Test class: org.artifactory.repo.snapshot.UniqueSnapshotVersionAdapterTest</td>
<td></td>
<td>0</td>
<td>org.artifactory.repo.snapshot.UniqueSnapshotVersionAdapterTest@7c182454</td></tr>
<tr>
<td title='org.artifactory.repo.snapshot.NonUniqueSnapshotVersionAdapterTest.artifactWithReleaseVersion()'><b>artifactWithReleaseVersion</b><br>Test class: org.artifactory.repo.snapshot.NonUniqueSnapshotVersionAdapterTest</td>
<td></td>
<td>0</td>
<td>org.artifactory.repo.snapshot.NonUniqueSnapshotVersionAdapterTest@671a4c51</td></tr>
<tr>
<td title='org.artifactory.repo.snapshot.UniqueSnapshotVersionAdapterTest.artifactWithReleaseVersion()'><b>artifactWithReleaseVersion</b><br>Test class: org.artifactory.repo.snapshot.UniqueSnapshotVersionAdapterTest</td>
<td></td>
<td>0</td>
<td>org.artifactory.repo.snapshot.UniqueSnapshotVersionAdapterTest@7c182454</td></tr>
<tr>
<td title='org.artifactory.io.checksum.ChecksumsTest.calculateAllKnownChecksums()'><b>calculateAllKnownChecksums</b><br>Test class: org.artifactory.io.checksum.ChecksumsTest</td>
<td></td>
<td>0</td>
<td>org.artifactory.io.checksum.ChecksumsTest@17431022</td></tr>
<tr>
<td title='org.artifactory.io.checksum.ChecksumsTest.calculateMd5()'><b>calculateMd5</b><br>Test class: org.artifactory.io.checksum.ChecksumsTest</td>
<td></td>
<td>0</td>
<td>org.artifactory.io.checksum.ChecksumsTest@17431022</td></tr>
<tr>
<td title='org.artifactory.io.checksum.ChecksumsTest.calculateSha1()'><b>calculateSha1</b><br>Test class: org.artifactory.io.checksum.ChecksumsTest</td>
<td></td>
<td>0</td>
<td>org.artifactory.io.checksum.ChecksumsTest@17431022</td></tr>
<tr>
<td title='org.artifactory.io.checksum.ChecksumsTest.calculateSha1AndMd5()'><b>calculateSha1AndMd5</b><br>Test class: org.artifactory.io.checksum.ChecksumsTest</td>
<td></td>
<td>0</td>
<td>org.artifactory.io.checksum.ChecksumsTest@17431022</td></tr>
<tr>
<td title='org.artifactory.io.checksum.policy.LocalRepoChecksumPolicyTest.checksumOfMetadata()'><b>checksumOfMetadata</b><br>Test class: org.artifactory.io.checksum.policy.LocalRepoChecksumPolicyTest</td>
<td></td>
<td>0</td>
<td>org.artifactory.io.checksum.policy.LocalRepoChecksumPolicyTest@54a8e52d</td></tr>
<tr>
<td title='org.artifactory.io.checksum.policy.LocalRepoChecksumPolicyTest.checksumOfSnapshotMetadata()'><b>checksumOfSnapshotMetadata</b><br>Test class: org.artifactory.io.checksum.policy.LocalRepoChecksumPolicyTest</td>
<td></td>
<td>0</td>
<td>org.artifactory.io.checksum.policy.LocalRepoChecksumPolicyTest@54a8e52d</td></tr>
<tr>
<td title='org.artifactory.resource.ChecksumResourceTest.checksumResource()'><b>checksumResource</b><br>Test class: org.artifactory.resource.ChecksumResourceTest</td>
<td></td>
<td>0</td>
<td>org.artifactory.resource.ChecksumResourceTest@180eedc3</td></tr>
<tr>
<td title='org.artifactory.io.checksum.policy.LocalRepoChecksumPolicyTest.checksumTypeNotFound()'><b>checksumTypeNotFound</b><br>Test class: org.artifactory.io.checksum.policy.LocalRepoChecksumPolicyTest</td>
<td></td>
<td>0</td>
<td>org.artifactory.io.checksum.policy.LocalRepoChecksumPolicyTest@54a8e52d</td></tr>
<tr>
<td title='org.artifactory.io.checksum.policy.LocalRepoChecksumPolicyTest.checksumValueNotFound()'><b>checksumValueNotFound</b><br>Test class: org.artifactory.io.checksum.policy.LocalRepoChecksumPolicyTest</td>
<td></td>
<td>0</td>
<td>org.artifactory.io.checksum.policy.LocalRepoChecksumPolicyTest@54a8e52d</td></tr>
<tr>
<td title='org.artifactory.io.checksum.policy.ChecksumPolicyFailTest.checksumsDoesNotMatch()'><b>checksumsDoesNotMatch</b><br>Test class: org.artifactory.io.checksum.policy.ChecksumPolicyFailTest</td>
<td></td>
<td>0</td>
<td>org.artifactory.io.checksum.policy.ChecksumPolicyFailTest@7979b071</td></tr>
<tr>
<td title='org.artifactory.io.checksum.policy.ChecksumPolicyGenerateIfAbsentTest.checksumsDoesNotMatch()'><b>checksumsDoesNotMatch</b><br>Test class: org.artifactory.io.checksum.policy.ChecksumPolicyGenerateIfAbsentTest</td>
<td></td>
<td>0</td>
<td>org.artifactory.io.checksum.policy.ChecksumPolicyGenerateIfAbsentTest@3047a6d1</td></tr>
<tr>
<td title='org.artifactory.io.checksum.policy.ChecksumPolicyIgnoreAndGenerateTest.checksumsDoesNotMatch()'><b>checksumsDoesNotMatch</b><br>Test class: org.artifactory.io.checksum.policy.ChecksumPolicyIgnoreAndGenerateTest</td>
<td></td>
<td>0</td>
<td>org.artifactory.io.checksum.policy.ChecksumPolicyIgnoreAndGenerateTest@bf939d2</td></tr>
<tr>
<td title='org.artifactory.io.checksum.policy.ChecksumPolicyPassThruTest.checksumsDoesNotMatch()'><b>checksumsDoesNotMatch</b><br>Test class: org.artifactory.io.checksum.policy.ChecksumPolicyPassThruTest</td>
<td></td>
<td>0</td>
<td>org.artifactory.io.checksum.policy.ChecksumPolicyPassThruTest@71a61bb7</td></tr>
<tr>
<td title='org.artifactory.io.checksum.policy.ChecksumPolicyFailTest.checksumsMatch()'><b>checksumsMatch</b><br>Test class: org.artifactory.io.checksum.policy.ChecksumPolicyFailTest</td>
<td></td>
<td>0</td>
<td>org.artifactory.io.checksum.policy.ChecksumPolicyFailTest@7979b071</td></tr>
<tr>
<td title='org.artifactory.io.checksum.policy.ChecksumPolicyGenerateIfAbsentTest.checksumsMatch()'><b>checksumsMatch</b><br>Test class: org.artifactory.io.checksum.policy.ChecksumPolicyGenerateIfAbsentTest</td>
<td></td>
<td>0</td>
<td>org.artifactory.io.checksum.policy.ChecksumPolicyGenerateIfAbsentTest@3047a6d1</td></tr>
<tr>
<td title='org.artifactory.io.checksum.policy.ChecksumPolicyIgnoreAndGenerateTest.checksumsMatch()'><b>checksumsMatch</b><br>Test class: org.artifactory.io.checksum.policy.ChecksumPolicyIgnoreAndGenerateTest</td>
<td></td>
<td>0</td>
<td>org.artifactory.io.checksum.policy.ChecksumPolicyIgnoreAndGenerateTest@bf939d2</td></tr>
<tr>
<td title='org.artifactory.io.checksum.policy.ChecksumPolicyPassThruTest.checksumsMatch()'><b>checksumsMatch</b><br>Test class: org.artifactory.io.checksum.policy.ChecksumPolicyPassThruTest</td>
<td></td>
<td>0</td>
<td>org.artifactory.io.checksum.policy.ChecksumPolicyPassThruTest@71a61bb7</td></tr>
<tr>
<td title='org.artifactory.repo.virtual.interceptor.PomTransformerTest.cleanWithDiscardActiveReference()'><b>cleanWithDiscardActiveReference</b><br>Test class: org.artifactory.repo.virtual.interceptor.PomTransformerTest</td>
<td></td>
<td>0</td>
<td>org.artifactory.repo.virtual.interceptor.PomTransformerTest@4be0ae98</td></tr>
<tr>
<td title='org.artifactory.repo.virtual.interceptor.PomTransformerTest.cleanWithDiscardAnyReference()'><b>cleanWithDiscardAnyReference</b><br>Test class: org.artifactory.repo.virtual.interceptor.PomTransformerTest</td>
<td></td>
<td>0</td>
<td>org.artifactory.repo.virtual.interceptor.PomTransformerTest@4be0ae98</td></tr>
<tr>
<td title='org.artifactory.repo.virtual.interceptor.PomTransformerTest.cleanWithNothingPolicy()'><b>cleanWithNothingPolicy</b><br>Test class: org.artifactory.repo.virtual.interceptor.PomTransformerTest</td>
<td></td>
<td>0</td>
<td>org.artifactory.repo.virtual.interceptor.PomTransformerTest@4be0ae98</td></tr>
<tr>
<td title='org.artifactory.io.checksum.policy.LocalRepoChecksumPolicyTest.clientPolicyType()'><b>clientPolicyType</b><br>Test class: org.artifactory.io.checksum.policy.LocalRepoChecksumPolicyTest</td>
<td></td>
<td>0</td>
<td>org.artifactory.io.checksum.policy.LocalRepoChecksumPolicyTest@54a8e52d</td></tr>
<tr>
<td title='org.artifactory.maven.versioning.CreationDateMavenMetadataVersionComparatorTest.compare()'><b>compare</b><br>Test class: org.artifactory.maven.versioning.CreationDateMavenMetadataVersionComparatorTest</td>
<td></td>
<td>0</td>
<td>org.artifactory.maven.versioning.CreationDateMavenMetadataVersionComparatorTest@44e69580</td></tr>
<tr>
<td title='org.artifactory.maven.versioning.MavenMetadataVersionComparatorTest.compare1And2()'><b>compare1And2</b><br>Test class: org.artifactory.maven.versioning.MavenMetadataVersionComparatorTest</td>
<td></td>
<td>0</td>
<td>org.artifactory.maven.versioning.MavenMetadataVersionComparatorTest@14f94672</td></tr>
<tr>
<td title='org.artifactory.maven.versioning.MavenMetadataVersionComparatorTest.compareComplicatedJetty()'><b>compareComplicatedJetty</b><br>Test class: org.artifactory.maven.versioning.MavenMetadataVersionComparatorTest</td>
<td></td>
<td>0</td>
<td>org.artifactory.maven.versioning.MavenMetadataVersionComparatorTest@14f94672</td></tr>
<tr>
<td title='org.artifactory.repo.remote.browse.S3RepositoryBrowserTest.detectRootLocal()'><b>detectRootLocal</b><br>Test class: org.artifactory.repo.remote.browse.S3RepositoryBrowserTest</td>
<td></td>
<td>0</td>
<td>org.artifactory.repo.remote.browse.S3RepositoryBrowserTest@23172697</td></tr>
<tr>
<td title='org.artifactory.util.PathMatcherTest.excludesTakesPrecedenceOverIncludes()'><b>excludesTakesPrecedenceOverIncludes</b><br>Test class: org.artifactory.util.PathMatcherTest</td>
<td></td>
<td>0</td>
<td>org.artifactory.util.PathMatcherTest@55cc9339</td></tr>
<tr>
<td title='org.artifactory.security.SecurityServiceImplTest.getAllPermissionTargetsForAdminUser()'><b>getAllPermissionTargetsForAdminUser</b><br>Test class: org.artifactory.security.SecurityServiceImplTest</td>
<td></td>
<td>0</td>
<td>org.artifactory.security.SecurityServiceImplTest@22784c30</td></tr>
<tr>
<td title='org.artifactory.security.SecurityServiceImplTest.getAllPermissionTargetsForUserWithNoPermission()'><b>getAllPermissionTargetsForUserWithNoPermission</b><br>Test class: org.artifactory.security.SecurityServiceImplTest</td>
<td></td>
<td>0</td>
<td>org.artifactory.security.SecurityServiceImplTest@22784c30</td></tr>
<tr>
<td title='org.artifactory.security.SecurityServiceImplTest.getDeployPermissionTargetsForUserWithDeployPermission()'><b>getDeployPermissionTargetsForUserWithDeployPermission</b><br>Test class: org.artifactory.security.SecurityServiceImplTest</td>
<td></td>
<td>0</td>
<td>org.artifactory.security.SecurityServiceImplTest@22784c30</td></tr>
<tr>
<td title='org.artifactory.util.PathMatcherTest.globalExcludes()'><b>globalExcludes</b><br>Test class: org.artifactory.util.PathMatcherTest</td>
<td></td>
<td>0</td>
<td>org.artifactory.util.PathMatcherTest@55cc9339</td></tr>
<tr>
<td title='org.artifactory.security.ArtifactorySidTest.groupAndUserNotEquals()'><b>groupAndUserNotEquals</b><br>Test class: org.artifactory.security.ArtifactorySidTest</td>
<td></td>
<td>0</td>
<td>org.artifactory.security.ArtifactorySidTest@7c1ba98b</td></tr>
<tr>
<td title='org.artifactory.security.SecurityServiceImplTest.groupPermissions()'><b>groupPermissions</b><br>Test class: org.artifactory.security.SecurityServiceImplTest</td>
<td></td>
<td>0</td>
<td>org.artifactory.security.SecurityServiceImplTest@22784c30</td></tr>
<tr>
<td title='org.artifactory.security.ArtifactorySidTest.groupSidCreation()'><b>groupSidCreation</b><br>Test class: org.artifactory.security.ArtifactorySidTest</td>
<td></td>
<td>0</td>
<td>org.artifactory.security.ArtifactorySidTest@7c1ba98b</td></tr>
<tr>
<td title='org.artifactory.security.ArtifactorySidTest.groupSidsEquals()'><b>groupSidsEquals</b><br>Test class: org.artifactory.security.ArtifactorySidTest</td>
<td></td>
<td>0</td>
<td>org.artifactory.security.ArtifactorySidTest@7c1ba98b</td></tr>
<tr>
<td title='org.artifactory.security.SecurityServiceImplTest.hasPermissionForGroupInfo()'><b>hasPermissionForGroupInfo</b><br>Test class: org.artifactory.security.SecurityServiceImplTest</td>
<td></td>
<td>0</td>
<td>org.artifactory.security.SecurityServiceImplTest@22784c30</td></tr>
<tr>
<td title='org.artifactory.security.SecurityServiceImplTest.hasPermissionPassingUserInfo()'><b>hasPermissionPassingUserInfo</b><br>Test class: org.artifactory.security.SecurityServiceImplTest</td>
<td></td>
<td>0</td>
<td>org.artifactory.security.SecurityServiceImplTest@22784c30</td></tr>
<tr>
<td title='org.artifactory.security.SecurityServiceImplTest.hasPermissionWithSpecificTarget()'><b>hasPermissionWithSpecificTarget</b><br>Test class: org.artifactory.security.SecurityServiceImplTest</td>
<td></td>
<td>0</td>
<td>org.artifactory.security.SecurityServiceImplTest@22784c30</td></tr>
<tr>
<td title='org.artifactory.config.CentralConfigServiceImplTest.idRefsUseTheSameObject()'><b>idRefsUseTheSameObject</b><br>Test class: org.artifactory.config.CentralConfigServiceImplTest</td>
<td></td>
<td>0</td>
<td>org.artifactory.config.CentralConfigServiceImplTest@20913236</td></tr>
<tr>
<td title='org.artifactory.security.SecurityServiceImplTest.isAdminOnAdminUser()'><b>isAdminOnAdminUser</b><br>Test class: org.artifactory.security.SecurityServiceImplTest</td>
<td></td>
<td>0</td>
<td>org.artifactory.security.SecurityServiceImplTest@22784c30</td></tr>
<tr>
<td title='org.artifactory.security.SecurityServiceImplTest.isAdminOnSimpleUser()'><b>isAdminOnSimpleUser</b><br>Test class: org.artifactory.security.SecurityServiceImplTest</td>
<td></td>
<td>0</td>
<td>org.artifactory.security.SecurityServiceImplTest@22784c30</td></tr>
<tr>
<td title='org.artifactory.repo.remote.browse.HtmlRepositoryBrowserTest.listAll()'><b>listAll</b><br>Test class: org.artifactory.repo.remote.browse.HtmlRepositoryBrowserTest</td>
<td></td>
<td>0</td>
<td>org.artifactory.repo.remote.browse.HtmlRepositoryBrowserTest@69d5af30</td></tr>
<tr>
<td title='org.artifactory.repo.remote.browse.HtmlRepositoryBrowserTest.listAllFromArtifactoryListBrowsingHtml()'><b>listAllFromArtifactoryListBrowsingHtml</b><br>Test class: org.artifactory.repo.remote.browse.HtmlRepositoryBrowserTest</td>
<td></td>
<td>0</td>
<td>org.artifactory.repo.remote.browse.HtmlRepositoryBrowserTest@69d5af30</td></tr>
<tr>
<td title='org.artifactory.repo.remote.browse.HtmlRepositoryBrowserTest.listAllFromArtifactorySimpleBrowsingHtml()'><b>listAllFromArtifactorySimpleBrowsingHtml</b><br>Test class: org.artifactory.repo.remote.browse.HtmlRepositoryBrowserTest</td>
<td></td>
<td>0</td>
<td>org.artifactory.repo.remote.browse.HtmlRepositoryBrowserTest@69d5af30</td></tr>
<tr>
<td title='org.artifactory.repo.remote.browse.HtmlRepositoryBrowserTest.listAllInvalid()'><b>listAllInvalid</b><br>Test class: org.artifactory.repo.remote.browse.HtmlRepositoryBrowserTest</td>
<td></td>
<td>0</td>
<td>org.artifactory.repo.remote.browse.HtmlRepositoryBrowserTest@69d5af30</td></tr>
<tr>
<td title='org.artifactory.repo.remote.browse.HtmlRepositoryBrowserTest.listAllNoHrefs()'><b>listAllNoHrefs</b><br>Test class: org.artifactory.repo.remote.browse.HtmlRepositoryBrowserTest</td>
<td></td>
<td>0</td>
<td>org.artifactory.repo.remote.browse.HtmlRepositoryBrowserTest@69d5af30</td></tr>
<tr>
<td title='org.artifactory.repo.remote.browse.S3RepositoryBrowserTest.listRemoteItems()'><b>listRemoteItems</b><br>Test class: org.artifactory.repo.remote.browse.S3RepositoryBrowserTest</td>
<td></td>
<td>0</td>
<td>org.artifactory.repo.remote.browse.S3RepositoryBrowserTest@23172697</td></tr>
<tr>
<td title='org.artifactory.repo.remote.browse.S3RepositoryBrowserTest.listRemoteItemsFolderAndFilesWithSameName()'><b>listRemoteItemsFolderAndFilesWithSameName</b><br>Test class: org.artifactory.repo.remote.browse.S3RepositoryBrowserTest</td>
<td></td>
<td>0</td>
<td>org.artifactory.repo.remote.browse.S3RepositoryBrowserTest@23172697</td></tr>
<tr>
<td title='org.artifactory.util.PathMatcherTest.matchExcludesAndIncludes()'><b>matchExcludesAndIncludes</b><br>Test class: org.artifactory.util.PathMatcherTest</td>
<td></td>
<td>0</td>
<td>org.artifactory.util.PathMatcherTest@55cc9339</td></tr>
<tr>
<td title='org.artifactory.util.PathMatcherTest.matchWithExcludeAll()'><b>matchWithExcludeAll</b><br>Test class: org.artifactory.util.PathMatcherTest</td>
<td></td>
<td>0</td>
<td>org.artifactory.util.PathMatcherTest@55cc9339</td></tr>
<tr>
<td title='org.artifactory.util.PathMatcherTest.matchWithExcludesOnly()'><b>matchWithExcludesOnly</b><br>Test class: org.artifactory.util.PathMatcherTest</td>
<td></td>
<td>0</td>
<td>org.artifactory.util.PathMatcherTest@55cc9339</td></tr>
<tr>
<td title='org.artifactory.util.PathMatcherTest.matchWithIncludeAll()'><b>matchWithIncludeAll</b><br>Test class: org.artifactory.util.PathMatcherTest</td>
<td></td>
<td>0</td>
<td>org.artifactory.util.PathMatcherTest@55cc9339</td></tr>
<tr>
<td title='org.artifactory.util.PathMatcherTest.matchWithIncludesOnly()'><b>matchWithIncludesOnly</b><br>Test class: org.artifactory.util.PathMatcherTest</td>
<td></td>
<td>0</td>
<td>org.artifactory.util.PathMatcherTest@55cc9339</td></tr>
<tr>
<td title='org.artifactory.util.PathMatcherTest.matchWithIncludesOnlyPartial()'><b>matchWithIncludesOnlyPartial</b><br>Test class: org.artifactory.util.PathMatcherTest</td>
<td></td>
<td>0</td>
<td>org.artifactory.util.PathMatcherTest@55cc9339</td></tr>
<tr>
<td title='org.artifactory.io.checksum.policy.ChecksumPolicyFailTest.noOriginalChecksum()'><b>noOriginalChecksum</b><br>Test class: org.artifactory.io.checksum.policy.ChecksumPolicyFailTest</td>
<td></td>
<td>0</td>
<td>org.artifactory.io.checksum.policy.ChecksumPolicyFailTest@7979b071</td></tr>
<tr>
<td title='org.artifactory.io.checksum.policy.ChecksumPolicyGenerateIfAbsentTest.noOriginalChecksum()'><b>noOriginalChecksum</b><br>Test class: org.artifactory.io.checksum.policy.ChecksumPolicyGenerateIfAbsentTest</td>
<td></td>
<td>0</td>
<td>org.artifactory.io.checksum.policy.ChecksumPolicyGenerateIfAbsentTest@3047a6d1</td></tr>
<tr>
<td title='org.artifactory.io.checksum.policy.ChecksumPolicyIgnoreAndGenerateTest.noOriginalChecksum()'><b>noOriginalChecksum</b><br>Test class: org.artifactory.io.checksum.policy.ChecksumPolicyIgnoreAndGenerateTest</td>
<td></td>
<td>0</td>
<td>org.artifactory.io.checksum.policy.ChecksumPolicyIgnoreAndGenerateTest@bf939d2</td></tr>
<tr>
<td title='org.artifactory.io.checksum.policy.ChecksumPolicyPassThruTest.noOriginalChecksum()'><b>noOriginalChecksum</b><br>Test class: org.artifactory.io.checksum.policy.ChecksumPolicyPassThruTest</td>
<td></td>
<td>0</td>
<td>org.artifactory.io.checksum.policy.ChecksumPolicyPassThruTest@71a61bb7</td></tr>
<tr>
<td title='org.artifactory.io.checksum.ChecksumInputStreamTest.nonClosedStream()'><b>nonClosedStream</b><br>Test class: org.artifactory.io.checksum.ChecksumInputStreamTest</td>
<td><div><pre>java.lang.IllegalStateException: Checksum not calculated yet.
	at org.artifactory.io.checksum.Checksum.getChecksum(Checksum.java:60)
	at org.artifactory.io.checksum.ChecksumInputStreamTest.nonClosedStream(ChecksumInputStreamTest.java:77)
	at org.apache.maven.surefire.testng.TestNGExecutor.run(TestNGExecutor.java:77)
	at org.apache.maven.surefire.testng.TestNGDirectoryTestSuite.executeMulti(TestNGDirectoryTestSuite.java:189)
	at org.apache.maven.surefire.testng.TestNGDirectoryTestSuite.execute(TestNGDirectoryTestSuite.java:105)
	at org.apache.maven.surefire.testng.TestNGProvider.invoke(TestNGProvider.java:117)
	at org.apache.maven.surefire.util.ReflectionUtils.invokeMethodWithArray2(ReflectionUtils.java:208)
	at org.apache.maven.surefire.booter.ProviderFactory$ProviderProxy.invoke(ProviderFactory.java:158)
	at org.apache.maven.surefire.booter.ProviderFactory.invokeProvider(ProviderFactory.java:86)
	at org.apache.maven.surefire.booter.ForkedBooter.runSuitesInProcess(ForkedBooter.java:153)
	at org.apache.maven.surefire.booter.ForkedBooter.main(ForkedBooter.java:95)
... Removed 25 stack frames</pre></div><a href='#' onClick='toggleBox("stack-trace755551972", this, "Click to show all stack frames", "Click to hide stack frames")'>Click to show all stack frames</a>
<div class='stack-trace' id='stack-trace755551972'><pre>java.lang.IllegalStateException: Checksum not calculated yet.
	at org.artifactory.io.checksum.Checksum.getChecksum(Checksum.java:60)
	at org.artifactory.io.checksum.ChecksumInputStreamTest.nonClosedStream(ChecksumInputStreamTest.java:77)
	at sun.reflect.NativeMethodAccessorImpl.invoke0(Native Method)
	at sun.reflect.NativeMethodAccessorImpl.invoke(NativeMethodAccessorImpl.java:57)
	at sun.reflect.DelegatingMethodAccessorImpl.invoke(DelegatingMethodAccessorImpl.java:43)
	at java.lang.reflect.Method.invoke(Method.java:601)
	at org.testng.internal.MethodInvocationHelper.invokeMethod(MethodInvocationHelper.java:80)
	at org.testng.internal.Invoker.invokeMethod(Invoker.java:714)
	at org.testng.internal.Invoker.invokeTestMethod(Invoker.java:901)
	at org.testng.internal.Invoker.invokeTestMethods(Invoker.java:1231)
	at org.testng.internal.TestMethodWorker.invokeTestMethods(TestMethodWorker.java:127)
	at org.testng.internal.TestMethodWorker.run(TestMethodWorker.java:111)
	at org.testng.TestRunner.privateRun(TestRunner.java:767)
	at org.testng.TestRunner.run(TestRunner.java:617)
	at org.testng.SuiteRunner.runTest(SuiteRunner.java:334)
	at org.testng.SuiteRunner.runSequentially(SuiteRunner.java:329)
	at org.testng.SuiteRunner.privateRun(SuiteRunner.java:291)
	at org.testng.SuiteRunner.run(SuiteRunner.java:240)
	at org.testng.SuiteRunnerWorker.runSuite(SuiteRunnerWorker.java:52)
	at org.testng.SuiteRunnerWorker.run(SuiteRunnerWorker.java:86)
	at org.testng.TestNG.runSuitesSequentially(TestNG.java:1198)
	at org.testng.TestNG.runSuitesLocally(TestNG.java:1123)
	at org.testng.TestNG.run(TestNG.java:1031)
	at org.apache.maven.surefire.testng.TestNGExecutor.run(TestNGExecutor.java:77)
	at org.apache.maven.surefire.testng.TestNGDirectoryTestSuite.executeMulti(TestNGDirectoryTestSuite.java:189)
	at org.apache.maven.surefire.testng.TestNGDirectoryTestSuite.execute(TestNGDirectoryTestSuite.java:105)
	at org.apache.maven.surefire.testng.TestNGProvider.invoke(TestNGProvider.java:117)
	at sun.reflect.NativeMethodAccessorImpl.invoke0(Native Method)
	at sun.reflect.NativeMethodAccessorImpl.invoke(NativeMethodAccessorImpl.java:57)
	at sun.reflect.DelegatingMethodAccessorImpl.invoke(DelegatingMethodAccessorImpl.java:43)
	at java.lang.reflect.Method.invoke(Method.java:601)
	at org.apache.maven.surefire.util.ReflectionUtils.invokeMethodWithArray2(ReflectionUtils.java:208)
	at org.apache.maven.surefire.booter.ProviderFactory$ProviderProxy.invoke(ProviderFactory.java:158)
	at org.apache.maven.surefire.booter.ProviderFactory.invokeProvider(ProviderFactory.java:86)
	at org.apache.maven.surefire.booter.ForkedBooter.runSuitesInProcess(ForkedBooter.java:153)
	at org.apache.maven.surefire.booter.ForkedBooter.main(ForkedBooter.java:95)
</pre></div></td>
<td>0</td>
<td>org.artifactory.io.checksum.ChecksumInputStreamTest@7bb06467</td></tr>
<tr>
<td title='org.artifactory.repo.service.mover.RepoPathIteratorTest.nullPath()'><b>nullPath</b><br>Test class: org.artifactory.repo.service.mover.RepoPathIteratorTest</td>
<td><div><pre>java.lang.NullPointerException
	at org.artifactory.repo.service.mover.RepoPathIterator.&lt;init&gt;(RepoPathIterator.java:40)
	at org.artifactory.repo.service.mover.RepoPathIteratorTest.nullPath(RepoPathIteratorTest.java:56)
	at org.apache.maven.surefire.testng.TestNGExecutor.run(TestNGExecutor.java:77)
	at org.apache.maven.surefire.testng.TestNGDirectoryTestSuite.executeMulti(TestNGDirectoryTestSuite.java:189)
	at org.apache.maven.surefire.testng.TestNGDirectoryTestSuite.execute(TestNGDirectoryTestSuite.java:105)
	at org.apache.maven.surefire.testng.TestNGProvider.invoke(TestNGProvider.java:117)
	at org.apache.maven.surefire.util.ReflectionUtils.invokeMethodWithArray2(ReflectionUtils.java:208)
	at org.apache.maven.surefire.booter.ProviderFactory$ProviderProxy.invoke(ProviderFactory.java:158)
	at org.apache.maven.surefire.booter.ProviderFactory.invokeProvider(ProviderFactory.java:86)
	at org.apache.maven.surefire.booter.ForkedBooter.runSuitesInProcess(ForkedBooter.java:153)
	at org.apache.maven.surefire.booter.ForkedBooter.main(ForkedBooter.java:95)
... Removed 25 stack frames</pre></div><a href='#' onClick='toggleBox("stack-trace664274748", this, "Click to show all stack frames", "Click to hide stack frames")'>Click to show all stack frames</a>
<div class='stack-trace' id='stack-trace664274748'><pre>java.lang.NullPointerException
	at org.artifactory.repo.service.mover.RepoPathIterator.&lt;init&gt;(RepoPathIterator.java:40)
	at org.artifactory.repo.service.mover.RepoPathIteratorTest.nullPath(RepoPathIteratorTest.java:56)
	at sun.reflect.NativeMethodAccessorImpl.invoke0(Native Method)
	at sun.reflect.NativeMethodAccessorImpl.invoke(NativeMethodAccessorImpl.java:57)
	at sun.reflect.DelegatingMethodAccessorImpl.invoke(DelegatingMethodAccessorImpl.java:43)
	at java.lang.reflect.Method.invoke(Method.java:601)
	at org.testng.internal.MethodInvocationHelper.invokeMethod(MethodInvocationHelper.java:80)
	at org.testng.internal.Invoker.invokeMethod(Invoker.java:714)
	at org.testng.internal.Invoker.invokeTestMethod(Invoker.java:901)
	at org.testng.internal.Invoker.invokeTestMethods(Invoker.java:1231)
	at org.testng.internal.TestMethodWorker.invokeTestMethods(TestMethodWorker.java:127)
	at org.testng.internal.TestMethodWorker.run(TestMethodWorker.java:111)
	at org.testng.TestRunner.privateRun(TestRunner.java:767)
	at org.testng.TestRunner.run(TestRunner.java:617)
	at org.testng.SuiteRunner.runTest(SuiteRunner.java:334)
	at org.testng.SuiteRunner.runSequentially(SuiteRunner.java:329)
	at org.testng.SuiteRunner.privateRun(SuiteRunner.java:291)
	at org.testng.SuiteRunner.run(SuiteRunner.java:240)
	at org.testng.SuiteRunnerWorker.runSuite(SuiteRunnerWorker.java:52)
	at org.testng.SuiteRunnerWorker.run(SuiteRunnerWorker.java:86)
	at org.testng.TestNG.runSuitesSequentially(TestNG.java:1198)
	at org.testng.TestNG.runSuitesLocally(TestNG.java:1123)
	at org.testng.TestNG.run(TestNG.java:1031)
	at org.apache.maven.surefire.testng.TestNGExecutor.run(TestNGExecutor.java:77)
	at org.apache.maven.surefire.testng.TestNGDirectoryTestSuite.executeMulti(TestNGDirectoryTestSuite.java:189)
	at org.apache.maven.surefire.testng.TestNGDirectoryTestSuite.execute(TestNGDirectoryTestSuite.java:105)
	at org.apache.maven.surefire.testng.TestNGProvider.invoke(TestNGProvider.java:117)
	at sun.reflect.NativeMethodAccessorImpl.invoke0(Native Method)
	at sun.reflect.NativeMethodAccessorImpl.invoke(NativeMethodAccessorImpl.java:57)
	at sun.reflect.DelegatingMethodAccessorImpl.invoke(DelegatingMethodAccessorImpl.java:43)
	at java.lang.reflect.Method.invoke(Method.java:601)
	at org.apache.maven.surefire.util.ReflectionUtils.invokeMethodWithArray2(ReflectionUtils.java:208)
	at org.apache.maven.surefire.booter.ProviderFactory$ProviderProxy.invoke(ProviderFactory.java:158)
	at org.apache.maven.surefire.booter.ProviderFactory.invokeProvider(ProviderFactory.java:86)
	at org.apache.maven.surefire.booter.ForkedBooter.runSuitesInProcess(ForkedBooter.java:153)
	at org.apache.maven.surefire.booter.ForkedBooter.main(ForkedBooter.java:95)
</pre></div></td>
<td>0</td>
<td>org.artifactory.repo.service.mover.RepoPathIteratorTest@1b84845d</td></tr>
<tr>
<td title='org.artifactory.security.ArtifactorySidTest.nullPrincipal()'><b>nullPrincipal</b><br>Test class: org.artifactory.security.ArtifactorySidTest</td>
<td><div><pre>java.lang.IllegalArgumentException: Principal required
	at org.springframework.util.Assert.notNull(Assert.java:112)
	at org.artifactory.security.ArtifactorySid.&lt;init&gt;(ArtifactorySid.java:39)
	at org.artifactory.security.ArtifactorySidTest.nullPrincipal(ArtifactorySidTest.java:41)
	at org.apache.maven.surefire.testng.TestNGExecutor.run(TestNGExecutor.java:77)
	at org.apache.maven.surefire.testng.TestNGDirectoryTestSuite.executeMulti(TestNGDirectoryTestSuite.java:189)
	at org.apache.maven.surefire.testng.TestNGDirectoryTestSuite.execute(TestNGDirectoryTestSuite.java:105)
	at org.apache.maven.surefire.testng.TestNGProvider.invoke(TestNGProvider.java:117)
	at org.apache.maven.surefire.util.ReflectionUtils.invokeMethodWithArray2(ReflectionUtils.java:208)
	at org.apache.maven.surefire.booter.ProviderFactory$ProviderProxy.invoke(ProviderFactory.java:158)
	at org.apache.maven.surefire.booter.ProviderFactory.invokeProvider(ProviderFactory.java:86)
	at org.apache.maven.surefire.booter.ForkedBooter.runSuitesInProcess(ForkedBooter.java:153)
	at org.apache.maven.surefire.booter.ForkedBooter.main(ForkedBooter.java:95)
... Removed 25 stack frames</pre></div><a href='#' onClick='toggleBox("stack-trace1963380425", this, "Click to show all stack frames", "Click to hide stack frames")'>Click to show all stack frames</a>
<div class='stack-trace' id='stack-trace1963380425'><pre>java.lang.IllegalArgumentException: Principal required
	at org.springframework.util.Assert.notNull(Assert.java:112)
	at org.artifactory.security.ArtifactorySid.&lt;init&gt;(ArtifactorySid.java:39)
	at org.artifactory.security.ArtifactorySidTest.nullPrincipal(ArtifactorySidTest.java:41)
	at sun.reflect.NativeMethodAccessorImpl.invoke0(Native Method)
	at sun.reflect.NativeMethodAccessorImpl.invoke(NativeMethodAccessorImpl.java:57)
	at sun.reflect.DelegatingMethodAccessorImpl.invoke(DelegatingMethodAccessorImpl.java:43)
	at java.lang.reflect.Method.invoke(Method.java:601)
	at org.testng.internal.MethodInvocationHelper.invokeMethod(MethodInvocationHelper.java:80)
	at org.testng.internal.Invoker.invokeMethod(Invoker.java:714)
	at org.testng.internal.Invoker.invokeTestMethod(Invoker.java:901)
	at org.testng.internal.Invoker.invokeTestMethods(Invoker.java:1231)
	at org.testng.internal.TestMethodWorker.invokeTestMethods(TestMethodWorker.java:127)
	at org.testng.internal.TestMethodWorker.run(TestMethodWorker.java:111)
	at org.testng.TestRunner.privateRun(TestRunner.java:767)
	at org.testng.TestRunner.run(TestRunner.java:617)
	at org.testng.SuiteRunner.runTest(SuiteRunner.java:334)
	at org.testng.SuiteRunner.runSequentially(SuiteRunner.java:329)
	at org.testng.SuiteRunner.privateRun(SuiteRunner.java:291)
	at org.testng.SuiteRunner.run(SuiteRunner.java:240)
	at org.testng.SuiteRunnerWorker.runSuite(SuiteRunnerWorker.java:52)
	at org.testng.SuiteRunnerWorker.run(SuiteRunnerWorker.java:86)
	at org.testng.TestNG.runSuitesSequentially(TestNG.java:1198)
	at org.testng.TestNG.runSuitesLocally(TestNG.java:1123)
	at org.testng.TestNG.run(TestNG.java:1031)
	at org.apache.maven.surefire.testng.TestNGExecutor.run(TestNGExecutor.java:77)
	at org.apache.maven.surefire.testng.TestNGDirectoryTestSuite.executeMulti(TestNGDirectoryTestSuite.java:189)
	at org.apache.maven.surefire.testng.TestNGDirectoryTestSuite.execute(TestNGDirectoryTestSuite.java:105)
	at org.apache.maven.surefire.testng.TestNGProvider.invoke(TestNGProvider.java:117)
	at sun.reflect.NativeMethodAccessorImpl.invoke0(Native Method)
	at sun.reflect.NativeMethodAccessorImpl.invoke(NativeMethodAccessorImpl.java:57)
	at sun.reflect.DelegatingMethodAccessorImpl.invoke(DelegatingMethodAccessorImpl.java:43)
	at java.lang.reflect.Method.invoke(Method.java:601)
	at org.apache.maven.surefire.util.ReflectionUtils.invokeMethodWithArray2(ReflectionUtils.java:208)
	at org.apache.maven.surefire.booter.ProviderFactory$ProviderProxy.invoke(ProviderFactory.java:158)
	at org.apache.maven.surefire.booter.ProviderFactory.invokeProvider(ProviderFactory.java:86)
	at org.apache.maven.surefire.booter.ForkedBooter.runSuitesInProcess(ForkedBooter.java:153)
	at org.apache.maven.surefire.booter.ForkedBooter.main(ForkedBooter.java:95)
</pre></div></td>
<td>0</td>
<td>org.artifactory.security.ArtifactorySidTest@7c1ba98b</td></tr>
<tr>
<td title='org.artifactory.maven.versioning.MavenVersionComparatorTest.numericMajorMinor()'><b>numericMajorMinor</b><br>Test class: org.artifactory.maven.versioning.MavenVersionComparatorTest</td>
<td></td>
<td>0</td>
<td>org.artifactory.maven.versioning.MavenVersionComparatorTest@797ff11f</td></tr>
<tr>
<td title='org.artifactory.maven.versioning.MavenVersionComparatorTest.numericMajorMinorBug()'><b>numericMajorMinorBug</b><br>Test class: org.artifactory.maven.versioning.MavenVersionComparatorTest</td>
<td></td>
<td>0</td>
<td>org.artifactory.maven.versioning.MavenVersionComparatorTest@797ff11f</td></tr>
<tr>
<td title='org.artifactory.maven.versioning.MavenVersionComparatorTest.numericMajorVersionOnly()'><b>numericMajorVersionOnly</b><br>Test class: org.artifactory.maven.versioning.MavenVersionComparatorTest</td>
<td></td>
<td>0</td>
<td>org.artifactory.maven.versioning.MavenVersionComparatorTest@797ff11f</td></tr>
<tr>
<td title='org.artifactory.io.checksum.ChecksumInputStreamTest.offsetInputStream()'><b>offsetInputStream</b><br>Test class: org.artifactory.io.checksum.ChecksumInputStreamTest</td>
<td></td>
<td>0</td>
<td>org.artifactory.io.checksum.ChecksumInputStreamTest@7bb06467</td></tr>
<tr>
<td title='org.artifactory.io.checksum.policy.ChecksumPolicyFailTest.oneMatchedChecksumAllShouldPass()'><b>oneMatchedChecksumAllShouldPass</b><br>Test class: org.artifactory.io.checksum.policy.ChecksumPolicyFailTest</td>
<td></td>
<td>0</td>
<td>org.artifactory.io.checksum.policy.ChecksumPolicyFailTest@7979b071</td></tr>
<tr>
<td title='org.artifactory.io.checksum.policy.ChecksumPolicyGenerateIfAbsentTest.oneMatchedChecksumAllShouldPass()'><b>oneMatchedChecksumAllShouldPass</b><br>Test class: org.artifactory.io.checksum.policy.ChecksumPolicyGenerateIfAbsentTest</td>
<td></td>
<td>0</td>
<td>org.artifactory.io.checksum.policy.ChecksumPolicyGenerateIfAbsentTest@3047a6d1</td></tr>
<tr>
<td title='org.artifactory.io.checksum.policy.ChecksumPolicyIgnoreAndGenerateTest.oneMatchedChecksumAllShouldPass()'><b>oneMatchedChecksumAllShouldPass</b><br>Test class: org.artifactory.io.checksum.policy.ChecksumPolicyIgnoreAndGenerateTest</td>
<td></td>
<td>0</td>
<td>org.artifactory.io.checksum.policy.ChecksumPolicyIgnoreAndGenerateTest@bf939d2</td></tr>
<tr>
<td title='org.artifactory.io.checksum.policy.ChecksumPolicyPassThruTest.oneMatchedChecksumAllShouldPass()'><b>oneMatchedChecksumAllShouldPass</b><br>Test class: org.artifactory.io.checksum.policy.ChecksumPolicyPassThruTest</td>
<td></td>
<td>0</td>
<td>org.artifactory.io.checksum.policy.ChecksumPolicyPassThruTest@71a61bb7</td></tr>
<tr>
<td title='org.artifactory.security.SecurityServiceImplTest.permissionOnRemoteRoot()'><b>permissionOnRemoteRoot</b><br>Test class: org.artifactory.security.SecurityServiceImplTest</td>
<td></td>
<td>0</td>
<td>org.artifactory.security.SecurityServiceImplTest@22784c30</td></tr>
<tr>
<td title='org.artifactory.io.checksum.policy.ChecksumPolicyFailTest.returnedChecksum()'><b>returnedChecksum</b><br>Test class: org.artifactory.io.checksum.policy.ChecksumPolicyFailTest</td>
<td></td>
<td>0</td>
<td>org.artifactory.io.checksum.policy.ChecksumPolicyFailTest@7979b071</td></tr>
<tr>
<td title='org.artifactory.io.checksum.policy.ChecksumPolicyGenerateIfAbsentTest.returnedChecksum()'><b>returnedChecksum</b><br>Test class: org.artifactory.io.checksum.policy.ChecksumPolicyGenerateIfAbsentTest</td>
<td></td>
<td>0</td>
<td>org.artifactory.io.checksum.policy.ChecksumPolicyGenerateIfAbsentTest@3047a6d1</td></tr>
<tr>
<td title='org.artifactory.io.checksum.policy.ChecksumPolicyIgnoreAndGenerateTest.returnedChecksum()'><b>returnedChecksum</b><br>Test class: org.artifactory.io.checksum.policy.ChecksumPolicyIgnoreAndGenerateTest</td>
<td></td>
<td>0</td>
<td>org.artifactory.io.checksum.policy.ChecksumPolicyIgnoreAndGenerateTest@bf939d2</td></tr>
<tr>
<td title='org.artifactory.io.checksum.policy.ChecksumPolicyPassThruTest.returnedChecksum()'><b>returnedChecksum</b><br>Test class: org.artifactory.io.checksum.policy.ChecksumPolicyPassThruTest</td>
<td></td>
<td>0</td>
<td>org.artifactory.io.checksum.policy.ChecksumPolicyPassThruTest@71a61bb7</td></tr>
<tr>
<td title='org.artifactory.repo.service.mover.RepoPathIteratorTest.rootRepoPath()'><b>rootRepoPath</b><br>Test class: org.artifactory.repo.service.mover.RepoPathIteratorTest</td>
<td></td>
<td>0</td>
<td>org.artifactory.repo.service.mover.RepoPathIteratorTest@1b84845d</td></tr>
<tr>
<td title='org.artifactory.security.SaltTest.saltValueTest()'><b>saltValueTest</b><br>Test class: org.artifactory.security.SaltTest</td>
<td></td>
<td>0</td>
<td>org.artifactory.security.SaltTest@255722d7</td></tr>
<tr>
<td title='org.artifactory.security.SaltTest.saltedPasswordGenerationWithExistingUserTest()'><b>saltedPasswordGenerationWithExistingUserTest</b><br>Test class: org.artifactory.security.SaltTest</td>
<td></td>
<td>0</td>
<td>org.artifactory.security.SaltTest@255722d7</td></tr>
<tr>
<td title='org.artifactory.security.SaltTest.saltedPasswordGenerationWithNullSaltTest()'><b>saltedPasswordGenerationWithNullSaltTest</b><br>Test class: org.artifactory.security.SaltTest</td>
<td></td>
<td>0</td>
<td>org.artifactory.security.SaltTest@255722d7</td></tr>
<tr>
<td title='org.artifactory.security.SaltTest.saltedPasswordWitDefaultSaltGenerationTest()'><b>saltedPasswordWitDefaultSaltGenerationTest</b><br>Test class: org.artifactory.security.SaltTest</td>
<td></td>
<td>0</td>
<td>org.artifactory.security.SaltTest@255722d7</td></tr>
<tr>
<td title='org.artifactory.io.checksum.policy.LocalRepoChecksumPolicyTest.serverPolicyType()'><b>serverPolicyType</b><br>Test class: org.artifactory.io.checksum.policy.LocalRepoChecksumPolicyTest</td>
<td></td>
<td>0</td>
<td>org.artifactory.io.checksum.policy.LocalRepoChecksumPolicyTest@54a8e52d</td></tr>
<tr>
<td title='org.artifactory.io.checksum.ChecksumInputStreamTest.simpleInputStream()'><b>simpleInputStream</b><br>Test class: org.artifactory.io.checksum.ChecksumInputStreamTest</td>
<td></td>
<td>0</td>
<td>org.artifactory.io.checksum.ChecksumInputStreamTest@7bb06467</td></tr>
<tr>
<td title='org.artifactory.maven.versioning.MavenVersionComparatorTest.snapshotVersions()'><b>snapshotVersions</b><br>Test class: org.artifactory.maven.versioning.MavenVersionComparatorTest</td>
<td></td>
<td>0</td>
<td>org.artifactory.maven.versioning.MavenVersionComparatorTest@797ff11f</td></tr>
<tr>
<td title='org.artifactory.util.PathMatcherTest.sourcesIncludes()'><b>sourcesIncludes</b><br>Test class: org.artifactory.util.PathMatcherTest</td>
<td></td>
<td>0</td>
<td>org.artifactory.util.PathMatcherTest@55cc9339</td></tr>
<tr>
<td title='org.artifactory.security.SecurityServiceImplTest.spidermanCanDoAnything()'><b>spidermanCanDoAnything</b><br>Test class: org.artifactory.security.SecurityServiceImplTest</td>
<td></td>
<td>0</td>
<td>org.artifactory.security.SecurityServiceImplTest@22784c30</td></tr>
<tr>
<td title='org.artifactory.util.PathMatcherTest.subPathIncludes()'><b>subPathIncludes</b><br>Test class: org.artifactory.util.PathMatcherTest</td>
<td></td>
<td>0</td>
<td>org.artifactory.util.PathMatcherTest@55cc9339</td></tr>
<tr>
<td title='org.artifactory.repo.interceptor.NuGetCalculationInterceptorTest.testAfterCopy()'><b>testAfterCopy</b><br>Test class: org.artifactory.repo.interceptor.NuGetCalculationInterceptorTest</td>
<td></td>
<td>0</td>
<td>org.artifactory.repo.interceptor.NuGetCalculationInterceptorTest@270ccdd4</td></tr>
<tr>
<td title='org.artifactory.repo.interceptor.ReplicationEventInterceptorTest.testAfterCopyFile()'><b>testAfterCopyFile</b><br>Test class: org.artifactory.repo.interceptor.ReplicationEventInterceptorTest</td>
<td></td>
<td>0</td>
<td>org.artifactory.repo.interceptor.ReplicationEventInterceptorTest@399d2d53</td></tr>
<tr>
<td title='org.artifactory.repo.interceptor.ReplicationEventInterceptorTest.testAfterCopyFolder()'><b>testAfterCopyFolder</b><br>Test class: org.artifactory.repo.interceptor.ReplicationEventInterceptorTest</td>
<td></td>
<td>0</td>
<td>org.artifactory.repo.interceptor.ReplicationEventInterceptorTest@399d2d53</td></tr>
<tr>
<td title='org.artifactory.repo.interceptor.NuGetCalculationInterceptorTest.testAfterCreate()'><b>testAfterCreate</b><br>Test class: org.artifactory.repo.interceptor.NuGetCalculationInterceptorTest</td>
<td></td>
<td>0</td>
<td>org.artifactory.repo.interceptor.NuGetCalculationInterceptorTest@270ccdd4</td></tr>
<tr>
<td title='org.artifactory.repo.interceptor.ReplicationEventInterceptorTest.testAfterCreateFile()'><b>testAfterCreateFile</b><br>Test class: org.artifactory.repo.interceptor.ReplicationEventInterceptorTest</td>
<td></td>
<td>0</td>
<td>org.artifactory.repo.interceptor.ReplicationEventInterceptorTest@399d2d53</td></tr>
<tr>
<td title='org.artifactory.repo.interceptor.ReplicationEventInterceptorTest.testAfterCreateFolder()'><b>testAfterCreateFolder</b><br>Test class: org.artifactory.repo.interceptor.ReplicationEventInterceptorTest</td>
<td></td>
<td>0</td>
<td>org.artifactory.repo.interceptor.ReplicationEventInterceptorTest@399d2d53</td></tr>
<tr>
<td title='org.artifactory.repo.interceptor.ReplicationEventInterceptorTest.testAfterDelete()'><b>testAfterDelete</b><br>Test class: org.artifactory.repo.interceptor.ReplicationEventInterceptorTest</td>
<td></td>
<td>0</td>
<td>org.artifactory.repo.interceptor.ReplicationEventInterceptorTest@399d2d53</td></tr>
<tr>
<td title='org.artifactory.repo.interceptor.NuGetCalculationInterceptorTest.testAfterImport()'><b>testAfterImport</b><br>Test class: org.artifactory.repo.interceptor.NuGetCalculationInterceptorTest</td>
<td></td>
<td>0</td>
<td>org.artifactory.repo.interceptor.NuGetCalculationInterceptorTest@270ccdd4</td></tr>
<tr>
<td title='org.artifactory.repo.interceptor.ReplicationEventInterceptorTest.testAfterMoveFile()'><b>testAfterMoveFile</b><br>Test class: org.artifactory.repo.interceptor.ReplicationEventInterceptorTest</td>
<td></td>
<td>0</td>
<td>org.artifactory.repo.interceptor.ReplicationEventInterceptorTest@399d2d53</td></tr>
<tr>
<td title='org.artifactory.repo.interceptor.ReplicationEventInterceptorTest.testAfterMoveFolder()'><b>testAfterMoveFolder</b><br>Test class: org.artifactory.repo.interceptor.ReplicationEventInterceptorTest</td>
<td></td>
<td>0</td>
<td>org.artifactory.repo.interceptor.ReplicationEventInterceptorTest@399d2d53</td></tr>
<tr>
<td title='org.artifactory.repo.interceptor.NuGetCalculationInterceptorTest.testAfterMoveLatestVersion()'><b>testAfterMoveLatestVersion</b><br>Test class: org.artifactory.repo.interceptor.NuGetCalculationInterceptorTest</td>
<td></td>
<td>0</td>
<td>org.artifactory.repo.interceptor.NuGetCalculationInterceptorTest@270ccdd4</td></tr>
<tr>
<td title='org.artifactory.repo.interceptor.NuGetCalculationInterceptorTest.testAfterMoveNoNuGetProperties()'><b>testAfterMoveNoNuGetProperties</b><br>Test class: org.artifactory.repo.interceptor.NuGetCalculationInterceptorTest</td>
<td></td>
<td>0</td>
<td>org.artifactory.repo.interceptor.NuGetCalculationInterceptorTest@270ccdd4</td></tr>
<tr>
<td title='org.artifactory.repo.interceptor.NuGetCalculationInterceptorTest.testAfterMoveNotLatestVersion()'><b>testAfterMoveNotLatestVersion</b><br>Test class: org.artifactory.repo.interceptor.NuGetCalculationInterceptorTest</td>
<td></td>
<td>0</td>
<td>org.artifactory.repo.interceptor.NuGetCalculationInterceptorTest@270ccdd4</td></tr>
<tr>
<td title='org.artifactory.repo.interceptor.NuGetCalculationInterceptorTest.testAfterMoveOrCopyNoIdProperty()'><b>testAfterMoveOrCopyNoIdProperty</b><br>Test class: org.artifactory.repo.interceptor.NuGetCalculationInterceptorTest</td>
<td></td>
<td>0</td>
<td>org.artifactory.repo.interceptor.NuGetCalculationInterceptorTest@270ccdd4</td></tr>
<tr>
<td title='org.artifactory.repo.snapshot.UniqueSnapshotVersionAdapterTest.testArtifactWithSnapshotInTheClassifier()'><b>testArtifactWithSnapshotInTheClassifier</b><br>Test class: org.artifactory.repo.snapshot.UniqueSnapshotVersionAdapterTest</td>
<td></td>
<td>0</td>
<td>org.artifactory.repo.snapshot.UniqueSnapshotVersionAdapterTest@7c182454</td></tr>
<tr>
<td title='org.artifactory.util.HttpClientConfiguratorTest.testAuthentication()'><b>testAuthentication</b><br>Test class: org.artifactory.util.HttpClientConfiguratorTest</td>
<td></td>
<td>0</td>
<td>org.artifactory.util.HttpClientConfiguratorTest@43c319b9</td></tr>
<tr>
<td title='org.artifactory.util.HttpClientConfiguratorTest.testAuthenticationWithBlankHost()'><b>testAuthenticationWithBlankHost</b><br>Test class: org.artifactory.util.HttpClientConfiguratorTest</td>
<td><div><pre>java.lang.IllegalStateException: Cannot configure authentication when no host is set.
	at org.artifactory.util.HttpClientConfigurator.authentication(HttpClientConfigurator.java:182)
	at org.artifactory.util.HttpClientConfiguratorTest.testAuthenticationWithBlankHost(HttpClientConfiguratorTest.java:123)
	at org.apache.maven.surefire.testng.TestNGExecutor.run(TestNGExecutor.java:77)
	at org.apache.maven.surefire.testng.TestNGDirectoryTestSuite.executeMulti(TestNGDirectoryTestSuite.java:189)
	at org.apache.maven.surefire.testng.TestNGDirectoryTestSuite.execute(TestNGDirectoryTestSuite.java:105)
	at org.apache.maven.surefire.testng.TestNGProvider.invoke(TestNGProvider.java:117)
	at org.apache.maven.surefire.util.ReflectionUtils.invokeMethodWithArray2(ReflectionUtils.java:208)
	at org.apache.maven.surefire.booter.ProviderFactory$ProviderProxy.invoke(ProviderFactory.java:158)
	at org.apache.maven.surefire.booter.ProviderFactory.invokeProvider(ProviderFactory.java:86)
	at org.apache.maven.surefire.booter.ForkedBooter.runSuitesInProcess(ForkedBooter.java:153)
	at org.apache.maven.surefire.booter.ForkedBooter.main(ForkedBooter.java:95)
... Removed 25 stack frames</pre></div><a href='#' onClick='toggleBox("stack-trace471662617", this, "Click to show all stack frames", "Click to hide stack frames")'>Click to show all stack frames</a>
<div class='stack-trace' id='stack-trace471662617'><pre>java.lang.IllegalStateException: Cannot configure authentication when no host is set.
	at org.artifactory.util.HttpClientConfigurator.authentication(HttpClientConfigurator.java:182)
	at org.artifactory.util.HttpClientConfiguratorTest.testAuthenticationWithBlankHost(HttpClientConfiguratorTest.java:123)
	at sun.reflect.NativeMethodAccessorImpl.invoke0(Native Method)
	at sun.reflect.NativeMethodAccessorImpl.invoke(NativeMethodAccessorImpl.java:57)
	at sun.reflect.DelegatingMethodAccessorImpl.invoke(DelegatingMethodAccessorImpl.java:43)
	at java.lang.reflect.Method.invoke(Method.java:601)
	at org.testng.internal.MethodInvocationHelper.invokeMethod(MethodInvocationHelper.java:80)
	at org.testng.internal.Invoker.invokeMethod(Invoker.java:714)
	at org.testng.internal.Invoker.invokeTestMethod(Invoker.java:901)
	at org.testng.internal.Invoker.invokeTestMethods(Invoker.java:1231)
	at org.testng.internal.TestMethodWorker.invokeTestMethods(TestMethodWorker.java:127)
	at org.testng.internal.TestMethodWorker.run(TestMethodWorker.java:111)
	at org.testng.TestRunner.privateRun(TestRunner.java:767)
	at org.testng.TestRunner.run(TestRunner.java:617)
	at org.testng.SuiteRunner.runTest(SuiteRunner.java:334)
	at org.testng.SuiteRunner.runSequentially(SuiteRunner.java:329)
	at org.testng.SuiteRunner.privateRun(SuiteRunner.java:291)
	at org.testng.SuiteRunner.run(SuiteRunner.java:240)
	at org.testng.SuiteRunnerWorker.runSuite(SuiteRunnerWorker.java:52)
	at org.testng.SuiteRunnerWorker.run(SuiteRunnerWorker.java:86)
	at org.testng.TestNG.runSuitesSequentially(TestNG.java:1198)
	at org.testng.TestNG.runSuitesLocally(TestNG.java:1123)
	at org.testng.TestNG.run(TestNG.java:1031)
	at org.apache.maven.surefire.testng.TestNGExecutor.run(TestNGExecutor.java:77)
	at org.apache.maven.surefire.testng.TestNGDirectoryTestSuite.executeMulti(TestNGDirectoryTestSuite.java:189)
	at org.apache.maven.surefire.testng.TestNGDirectoryTestSuite.execute(TestNGDirectoryTestSuite.java:105)
	at org.apache.maven.surefire.testng.TestNGProvider.invoke(TestNGProvider.java:117)
	at sun.reflect.NativeMethodAccessorImpl.invoke0(Native Method)
	at sun.reflect.NativeMethodAccessorImpl.invoke(NativeMethodAccessorImpl.java:57)
	at sun.reflect.DelegatingMethodAccessorImpl.invoke(DelegatingMethodAccessorImpl.java:43)
	at java.lang.reflect.Method.invoke(Method.java:601)
	at org.apache.maven.surefire.util.ReflectionUtils.invokeMethodWithArray2(ReflectionUtils.java:208)
	at org.apache.maven.surefire.booter.ProviderFactory$ProviderProxy.invoke(ProviderFactory.java:158)
	at org.apache.maven.surefire.booter.ProviderFactory.invokeProvider(ProviderFactory.java:86)
	at org.apache.maven.surefire.booter.ForkedBooter.runSuitesInProcess(ForkedBooter.java:153)
	at org.apache.maven.surefire.booter.ForkedBooter.main(ForkedBooter.java:95)
</pre></div></td>
<td>0</td>
<td>org.artifactory.util.HttpClientConfiguratorTest@43c319b9</td></tr>
<tr>
<td title='org.artifactory.util.HttpClientConfiguratorTest.testAuthenticationWithBlankUsername()'><b>testAuthenticationWithBlankUsername</b><br>Test class: org.artifactory.util.HttpClientConfiguratorTest</td>
<td></td>
<td>0</td>
<td>org.artifactory.util.HttpClientConfiguratorTest@43c319b9</td></tr>
<tr>
<td title='org.artifactory.util.HttpClientConfiguratorTest.testAuthenticationWithCredentialsObject()'><b>testAuthenticationWithCredentialsObject</b><br>Test class: org.artifactory.util.HttpClientConfiguratorTest</td>
<td></td>
<td>0</td>
<td>org.artifactory.util.HttpClientConfiguratorTest@43c319b9</td></tr>
<tr>
<td title='org.artifactory.util.HttpClientConfiguratorTest.testAuthenticationWithNullCredentials()'><b>testAuthenticationWithNullCredentials</b><br>Test class: org.artifactory.util.HttpClientConfiguratorTest</td>
<td></td>
<td>0</td>
<td>org.artifactory.util.HttpClientConfiguratorTest@43c319b9</td></tr>
<tr>
<td title='org.artifactory.resource.ResolvedResourceTest.testAutoChecksumReCalculation()'><b>testAutoChecksumReCalculation</b><br>Test class: org.artifactory.resource.ResolvedResourceTest</td>
<td></td>
<td>0</td>
<td>org.artifactory.resource.ResolvedResourceTest@622085b6</td></tr>
<tr>
<td title='org.artifactory.repo.interceptor.NuGetCalculationInterceptorTest.testBeforeDelete()'><b>testBeforeDelete</b><br>Test class: org.artifactory.repo.interceptor.NuGetCalculationInterceptorTest</td>
<td></td>
<td>0</td>
<td>org.artifactory.repo.interceptor.NuGetCalculationInterceptorTest@270ccdd4</td></tr>
<tr>
<td title='org.artifactory.repo.interceptor.NuGetCalculationInterceptorTest.testBeforeDeleteNoPackageId()'><b>testBeforeDeleteNoPackageId</b><br>Test class: org.artifactory.repo.interceptor.NuGetCalculationInterceptorTest</td>
<td></td>
<td>0</td>
<td>org.artifactory.repo.interceptor.NuGetCalculationInterceptorTest@270ccdd4</td></tr>
<tr>
<td title='org.artifactory.repo.interceptor.NuGetCalculationInterceptorTest.testBeforeDeleteNotLatest()'><b>testBeforeDeleteNotLatest</b><br>Test class: org.artifactory.repo.interceptor.NuGetCalculationInterceptorTest</td>
<td></td>
<td>0</td>
<td>org.artifactory.repo.interceptor.NuGetCalculationInterceptorTest@270ccdd4</td></tr>
<tr>
<td title='org.artifactory.repo.remote.browse.S3RepositorySecuredHelperTest.testBuildSecuredS3RequestUrl()'><b>testBuildSecuredS3RequestUrl</b><br>Test class: org.artifactory.repo.remote.browse.S3RepositorySecuredHelperTest</td>
<td></td>
<td>0</td>
<td>org.artifactory.repo.remote.browse.S3RepositorySecuredHelperTest@46c5954b</td></tr>
<tr>
<td title='org.artifactory.repo.interceptor.YumCalculationInterceptorTest.testCalculatingRepo()'><b>testCalculatingRepo</b><br>Test class: org.artifactory.repo.interceptor.YumCalculationInterceptorTest</td>
<td></td>
<td>0</td>
<td>org.artifactory.repo.interceptor.YumCalculationInterceptorTest@4ebf837a</td></tr>
<tr>
<td title='org.artifactory.schedule.TaskServiceTest.testCancelWhenWaitingOnStateTransition()'><b>testCancelWhenWaitingOnStateTransition</b><br>Test class: org.artifactory.schedule.TaskServiceTest</td>
<td></td>
<td>0</td>
<td>org.artifactory.schedule.TaskServiceTest@384f27a1</td></tr>
<tr>
<td title='org.artifactory.schedule.TaskServiceTest.testCancelWhileRunning()'><b>testCancelWhileRunning</b><br>Test class: org.artifactory.schedule.TaskServiceTest</td>
<td></td>
<td>0</td>
<td>org.artifactory.schedule.TaskServiceTest@384f27a1</td></tr>
<tr>
<td title='org.artifactory.schedule.JobCommandTest.testCommandToStop()'><b>testCommandToStop</b><br>Test class: org.artifactory.schedule.JobCommandTest</td>
<td></td>
<td>1</td>
<td>org.artifactory.schedule.JobCommandTest@3df3d56a</td></tr>
<tr>
<td title='org.artifactory.schedule.TaskServiceTest.testConcurrentStopResumes()'><b>testConcurrentStopResumes</b><br>Test class: org.artifactory.schedule.TaskServiceTest</td>
<td></td>
<td>0</td>
<td>org.artifactory.schedule.TaskServiceTest@384f27a1</td></tr>
<tr>
<td title='org.artifactory.util.HttpClientConfiguratorTest.testConstructor()'><b>testConstructor</b><br>Test class: org.artifactory.util.HttpClientConfiguratorTest</td>
<td></td>
<td>0</td>
<td>org.artifactory.util.HttpClientConfiguratorTest@43c319b9</td></tr>
<tr>
<td title='org.artifactory.addon.replication.RemoteReplicationSettingsTest.testConstructor()'><b>testConstructor</b><br>Test class: org.artifactory.addon.replication.RemoteReplicationSettingsTest</td>
<td></td>
<td>0</td>
<td>org.artifactory.addon.replication.RemoteReplicationSettingsTest@531de17f</td></tr>
<tr>
<td title='org.artifactory.repo.replication.RemoteReplicationJobTest.testContextNotReady()'><b>testContextNotReady</b><br>Test class: org.artifactory.repo.replication.RemoteReplicationJobTest</td>
<td></td>
<td>0</td>
<td>org.artifactory.repo.replication.RemoteReplicationJobTest@65acbf5d</td></tr>
<tr>
<td title='org.artifactory.repo.replication.LocalReplicationJobTest.testContextNotReady()'><b>testContextNotReady</b><br>Test class: org.artifactory.repo.replication.LocalReplicationJobTest</td>
<td></td>
<td>0</td>
<td>org.artifactory.repo.replication.LocalReplicationJobTest@4c6b851b</td></tr>
<tr>
<td title='org.artifactory.addon.replication.RemoteReplicationSettingsBuilderTest.testDefaultValues()'><b>testDefaultValues</b><br>Test class: org.artifactory.addon.replication.RemoteReplicationSettingsBuilderTest</td>
<td></td>
<td>0</td>
<td>org.artifactory.addon.replication.RemoteReplicationSettingsBuilderTest@3dee6ab9</td></tr>
<tr>
<td title='org.artifactory.schedule.TaskServiceTest.testDoubleResume()'><b>testDoubleResume</b><br>Test class: org.artifactory.schedule.TaskServiceTest</td>
<td></td>
<td>0</td>
<td>org.artifactory.schedule.TaskServiceTest@384f27a1</td></tr>
<tr>
<td title='org.artifactory.repo.RemoteRepoBaseTest.testDownloadWithAnonymousEnabledAndNoReadPermissions()'><b>testDownloadWithAnonymousEnabledAndNoReadPermissions</b><br>Test class: org.artifactory.repo.RemoteRepoBaseTest</td>
<td></td>
<td>0</td>
<td>org.artifactory.repo.RemoteRepoBaseTest@3eaf688a</td></tr>
<tr>
<td title='org.artifactory.repo.RemoteRepoBaseTest.testDownloadWithBlackedOut()'><b>testDownloadWithBlackedOut</b><br>Test class: org.artifactory.repo.RemoteRepoBaseTest</td>
<td></td>
<td>0</td>
<td>org.artifactory.repo.RemoteRepoBaseTest@3eaf688a</td></tr>
<tr>
<td title='org.artifactory.repo.RemoteRepoBaseTest.testDownloadWithCachePrefix()'><b>testDownloadWithCachePrefix</b><br>Test class: org.artifactory.repo.RemoteRepoBaseTest</td>
<td></td>
<td>0</td>
<td>org.artifactory.repo.RemoteRepoBaseTest@3eaf688a</td></tr>
<tr>
<td title='org.artifactory.repo.RemoteRepoBaseTest.testDownloadWithExcludes()'><b>testDownloadWithExcludes</b><br>Test class: org.artifactory.repo.RemoteRepoBaseTest</td>
<td></td>
<td>0</td>
<td>org.artifactory.repo.RemoteRepoBaseTest@3eaf688a</td></tr>
<tr>
<td title='org.artifactory.repo.RemoteRepoBaseTest.testDownloadWithNoCachePrefix()'><b>testDownloadWithNoCachePrefix</b><br>Test class: org.artifactory.repo.RemoteRepoBaseTest</td>
<td></td>
<td>0</td>
<td>org.artifactory.repo.RemoteRepoBaseTest@3eaf688a</td></tr>
<tr>
<td title='org.artifactory.repo.RemoteRepoBaseTest.testDownloadWithNoReleases()'><b>testDownloadWithNoReleases</b><br>Test class: org.artifactory.repo.RemoteRepoBaseTest</td>
<td></td>
<td>0</td>
<td>org.artifactory.repo.RemoteRepoBaseTest@3eaf688a</td></tr>
<tr>
<td title='org.artifactory.repo.replication.RemoteReplicationJobTest.testExecution()'><b>testExecution</b><br>Test class: org.artifactory.repo.replication.RemoteReplicationJobTest</td>
<td></td>
<td>0</td>
<td>org.artifactory.repo.replication.RemoteReplicationJobTest@65acbf5d</td></tr>
<tr>
<td title='org.artifactory.repo.replication.LocalReplicationJobTest.testExecution()'><b>testExecution</b><br>Test class: org.artifactory.repo.replication.LocalReplicationJobTest</td>
<td></td>
<td>0</td>
<td>org.artifactory.repo.replication.LocalReplicationJobTest@4c6b851b</td></tr>
<tr>
<td title='org.artifactory.repo.replication.RemoteReplicationJobTest.testExecutionException()'><b>testExecutionException</b><br>Test class: org.artifactory.repo.replication.RemoteReplicationJobTest</td>
<td></td>
<td>0</td>
<td>org.artifactory.repo.replication.RemoteReplicationJobTest@65acbf5d</td></tr>
<tr>
<td title='org.artifactory.repo.replication.LocalReplicationJobTest.testExecutionException()'><b>testExecutionException</b><br>Test class: org.artifactory.repo.replication.LocalReplicationJobTest</td>
<td></td>
<td>0</td>
<td>org.artifactory.repo.replication.LocalReplicationJobTest@4c6b851b</td></tr>
<tr>
<td title='org.artifactory.resource.ResolvedResourceTest.testExplicitChecksumReCalculation()'><b>testExplicitChecksumReCalculation</b><br>Test class: org.artifactory.resource.ResolvedResourceTest</td>
<td></td>
<td>0</td>
<td>org.artifactory.resource.ResolvedResourceTest@622085b6</td></tr>
<tr>
<td title='org.artifactory.bintray.BintrayServiceImplTest.testGetPackagesToDeploy()'><b>testGetPackagesToDeploy</b><br>Test class: org.artifactory.bintray.BintrayServiceImplTest</td>
<td></td>
<td>0</td>
<td>org.artifactory.bintray.BintrayServiceImplTest@4bffc401</td></tr>
<tr>
<td title='org.artifactory.util.HttpClientConfiguratorTest.testHost()'><b>testHost</b><br>Test class: org.artifactory.util.HttpClientConfiguratorTest</td>
<td></td>
<td>0</td>
<td>org.artifactory.util.HttpClientConfiguratorTest@43c319b9</td></tr>
<tr>
<td title='org.artifactory.util.HttpClientConfiguratorTest.testHostFromInvalidUrl()'><b>testHostFromInvalidUrl</b><br>Test class: org.artifactory.util.HttpClientConfiguratorTest</td>
<td><div><pre>java.lang.IllegalArgumentException: Cannot parse the url sttp:/.com
	at org.artifactory.util.HttpClientConfigurator.hostFromUrl(HttpClientConfigurator.java:85)
	at org.artifactory.util.HttpClientConfiguratorTest.testHostFromInvalidUrl(HttpClientConfiguratorTest.java:72)
	at org.apache.maven.surefire.testng.TestNGExecutor.run(TestNGExecutor.java:77)
	at org.apache.maven.surefire.testng.TestNGDirectoryTestSuite.executeMulti(TestNGDirectoryTestSuite.java:189)
	at org.apache.maven.surefire.testng.TestNGDirectoryTestSuite.execute(TestNGDirectoryTestSuite.java:105)
	at org.apache.maven.surefire.testng.TestNGProvider.invoke(TestNGProvider.java:117)
	at org.apache.maven.surefire.util.ReflectionUtils.invokeMethodWithArray2(ReflectionUtils.java:208)
	at org.apache.maven.surefire.booter.ProviderFactory$ProviderProxy.invoke(ProviderFactory.java:158)
	at org.apache.maven.surefire.booter.ProviderFactory.invokeProvider(ProviderFactory.java:86)
	at org.apache.maven.surefire.booter.ForkedBooter.runSuitesInProcess(ForkedBooter.java:153)
	at org.apache.maven.surefire.booter.ForkedBooter.main(ForkedBooter.java:95)
Caused by: java.net.MalformedURLException: unknown protocol: sttp
	at java.net.URL.&lt;init&gt;(URL.java:592)
	at java.net.URL.&lt;init&gt;(URL.java:482)
	at java.net.URL.&lt;init&gt;(URL.java:431)
	at org.artifactory.util.HttpClientConfigurator.hostFromUrl(HttpClientConfigurator.java:81)
	... 35 more
... Removed 25 stack frames</pre></div><a href='#' onClick='toggleBox("stack-trace708860730", this, "Click to show all stack frames", "Click to hide stack frames")'>Click to show all stack frames</a>
<div class='stack-trace' id='stack-trace708860730'><pre>java.lang.IllegalArgumentException: Cannot parse the url sttp:/.com
	at org.artifactory.util.HttpClientConfigurator.hostFromUrl(HttpClientConfigurator.java:85)
	at org.artifactory.util.HttpClientConfiguratorTest.testHostFromInvalidUrl(HttpClientConfiguratorTest.java:72)
	at sun.reflect.NativeMethodAccessorImpl.invoke0(Native Method)
	at sun.reflect.NativeMethodAccessorImpl.invoke(NativeMethodAccessorImpl.java:57)
	at sun.reflect.DelegatingMethodAccessorImpl.invoke(DelegatingMethodAccessorImpl.java:43)
	at java.lang.reflect.Method.invoke(Method.java:601)
	at org.testng.internal.MethodInvocationHelper.invokeMethod(MethodInvocationHelper.java:80)
	at org.testng.internal.Invoker.invokeMethod(Invoker.java:714)
	at org.testng.internal.Invoker.invokeTestMethod(Invoker.java:901)
	at org.testng.internal.Invoker.invokeTestMethods(Invoker.java:1231)
	at org.testng.internal.TestMethodWorker.invokeTestMethods(TestMethodWorker.java:127)
	at org.testng.internal.TestMethodWorker.run(TestMethodWorker.java:111)
	at org.testng.TestRunner.privateRun(TestRunner.java:767)
	at org.testng.TestRunner.run(TestRunner.java:617)
	at org.testng.SuiteRunner.runTest(SuiteRunner.java:334)
	at org.testng.SuiteRunner.runSequentially(SuiteRunner.java:329)
	at org.testng.SuiteRunner.privateRun(SuiteRunner.java:291)
	at org.testng.SuiteRunner.run(SuiteRunner.java:240)
	at org.testng.SuiteRunnerWorker.runSuite(SuiteRunnerWorker.java:52)
	at org.testng.SuiteRunnerWorker.run(SuiteRunnerWorker.java:86)
	at org.testng.TestNG.runSuitesSequentially(TestNG.java:1198)
	at org.testng.TestNG.runSuitesLocally(TestNG.java:1123)
	at org.testng.TestNG.run(TestNG.java:1031)
	at org.apache.maven.surefire.testng.TestNGExecutor.run(TestNGExecutor.java:77)
	at org.apache.maven.surefire.testng.TestNGDirectoryTestSuite.executeMulti(TestNGDirectoryTestSuite.java:189)
	at org.apache.maven.surefire.testng.TestNGDirectoryTestSuite.execute(TestNGDirectoryTestSuite.java:105)
	at org.apache.maven.surefire.testng.TestNGProvider.invoke(TestNGProvider.java:117)
	at sun.reflect.NativeMethodAccessorImpl.invoke0(Native Method)
	at sun.reflect.NativeMethodAccessorImpl.invoke(NativeMethodAccessorImpl.java:57)
	at sun.reflect.DelegatingMethodAccessorImpl.invoke(DelegatingMethodAccessorImpl.java:43)
	at java.lang.reflect.Method.invoke(Method.java:601)
	at org.apache.maven.surefire.util.ReflectionUtils.invokeMethodWithArray2(ReflectionUtils.java:208)
	at org.apache.maven.surefire.booter.ProviderFactory$ProviderProxy.invoke(ProviderFactory.java:158)
	at org.apache.maven.surefire.booter.ProviderFactory.invokeProvider(ProviderFactory.java:86)
	at org.apache.maven.surefire.booter.ForkedBooter.runSuitesInProcess(ForkedBooter.java:153)
	at org.apache.maven.surefire.booter.ForkedBooter.main(ForkedBooter.java:95)
Caused by: java.net.MalformedURLException: unknown protocol: sttp
	at java.net.URL.&lt;init&gt;(URL.java:592)
	at java.net.URL.&lt;init&gt;(URL.java:482)
	at java.net.URL.&lt;init&gt;(URL.java:431)
	at org.artifactory.util.HttpClientConfigurator.hostFromUrl(HttpClientConfigurator.java:81)
	... 35 more
</pre></div></td>
<td>0</td>
<td>org.artifactory.util.HttpClientConfiguratorTest@43c319b9</td></tr>
<tr>
<td title='org.artifactory.util.HttpClientConfiguratorTest.testHostFromNullUrl()'><b>testHostFromNullUrl</b><br>Test class: org.artifactory.util.HttpClientConfiguratorTest</td>
<td></td>
<td>0</td>
<td>org.artifactory.util.HttpClientConfiguratorTest@43c319b9</td></tr>
<tr>
<td title='org.artifactory.util.HttpClientConfiguratorTest.testHostFromUrl()'><b>testHostFromUrl</b><br>Test class: org.artifactory.util.HttpClientConfiguratorTest</td>
<td></td>
<td>0</td>
<td>org.artifactory.util.HttpClientConfiguratorTest@43c319b9</td></tr>
<tr>
<td title='org.artifactory.repo.cahce.expirable.CacheExpiryImplTest.testInitWithNullBeanName()'><b>testInitWithNullBeanName</b><br>Test class: org.artifactory.repo.cahce.expirable.CacheExpiryImplTest</td>
<td></td>
<td>0</td>
<td>org.artifactory.repo.cahce.expirable.CacheExpiryImplTest@242f0905</td></tr>
<tr>
<td title='org.artifactory.repo.cahce.expirable.CacheExpiryImplTest.testInitWithNullContext()'><b>testInitWithNullContext</b><br>Test class: org.artifactory.repo.cahce.expirable.CacheExpiryImplTest</td>
<td><div><pre>java.lang.NullPointerException
	at org.artifactory.repo.cache.expirable.CacheExpiryImpl.init(CacheExpiryImpl.java:66)
	at org.artifactory.repo.cahce.expirable.CacheExpiryImplTest.testInitWithNullContext(CacheExpiryImplTest.java:41)
	at org.apache.maven.surefire.testng.TestNGExecutor.run(TestNGExecutor.java:77)
	at org.apache.maven.surefire.testng.TestNGDirectoryTestSuite.executeMulti(TestNGDirectoryTestSuite.java:189)
	at org.apache.maven.surefire.testng.TestNGDirectoryTestSuite.execute(TestNGDirectoryTestSuite.java:105)
	at org.apache.maven.surefire.testng.TestNGProvider.invoke(TestNGProvider.java:117)
	at org.apache.maven.surefire.util.ReflectionUtils.invokeMethodWithArray2(ReflectionUtils.java:208)
	at org.apache.maven.surefire.booter.ProviderFactory$ProviderProxy.invoke(ProviderFactory.java:158)
	at org.apache.maven.surefire.booter.ProviderFactory.invokeProvider(ProviderFactory.java:86)
	at org.apache.maven.surefire.booter.ForkedBooter.runSuitesInProcess(ForkedBooter.java:153)
	at org.apache.maven.surefire.booter.ForkedBooter.main(ForkedBooter.java:95)
... Removed 25 stack frames</pre></div><a href='#' onClick='toggleBox("stack-trace1182731684", this, "Click to show all stack frames", "Click to hide stack frames")'>Click to show all stack frames</a>
<div class='stack-trace' id='stack-trace1182731684'><pre>java.lang.NullPointerException
	at org.artifactory.repo.cache.expirable.CacheExpiryImpl.init(CacheExpiryImpl.java:66)
	at org.artifactory.repo.cahce.expirable.CacheExpiryImplTest.testInitWithNullContext(CacheExpiryImplTest.java:41)
	at sun.reflect.NativeMethodAccessorImpl.invoke0(Native Method)
	at sun.reflect.NativeMethodAccessorImpl.invoke(NativeMethodAccessorImpl.java:57)
	at sun.reflect.DelegatingMethodAccessorImpl.invoke(DelegatingMethodAccessorImpl.java:43)
	at java.lang.reflect.Method.invoke(Method.java:601)
	at org.testng.internal.MethodInvocationHelper.invokeMethod(MethodInvocationHelper.java:80)
	at org.testng.internal.Invoker.invokeMethod(Invoker.java:714)
	at org.testng.internal.Invoker.invokeTestMethod(Invoker.java:901)
	at org.testng.internal.Invoker.invokeTestMethods(Invoker.java:1231)
	at org.testng.internal.TestMethodWorker.invokeTestMethods(TestMethodWorker.java:127)
	at org.testng.internal.TestMethodWorker.run(TestMethodWorker.java:111)
	at org.testng.TestRunner.privateRun(TestRunner.java:767)
	at org.testng.TestRunner.run(TestRunner.java:617)
	at org.testng.SuiteRunner.runTest(SuiteRunner.java:334)
	at org.testng.SuiteRunner.runSequentially(SuiteRunner.java:329)
	at org.testng.SuiteRunner.privateRun(SuiteRunner.java:291)
	at org.testng.SuiteRunner.run(SuiteRunner.java:240)
	at org.testng.SuiteRunnerWorker.runSuite(SuiteRunnerWorker.java:52)
	at org.testng.SuiteRunnerWorker.run(SuiteRunnerWorker.java:86)
	at org.testng.TestNG.runSuitesSequentially(TestNG.java:1198)
	at org.testng.TestNG.runSuitesLocally(TestNG.java:1123)
	at org.testng.TestNG.run(TestNG.java:1031)
	at org.apache.maven.surefire.testng.TestNGExecutor.run(TestNGExecutor.java:77)
	at org.apache.maven.surefire.testng.TestNGDirectoryTestSuite.executeMulti(TestNGDirectoryTestSuite.java:189)
	at org.apache.maven.surefire.testng.TestNGDirectoryTestSuite.execute(TestNGDirectoryTestSuite.java:105)
	at org.apache.maven.surefire.testng.TestNGProvider.invoke(TestNGProvider.java:117)
	at sun.reflect.NativeMethodAccessorImpl.invoke0(Native Method)
	at sun.reflect.NativeMethodAccessorImpl.invoke(NativeMethodAccessorImpl.java:57)
	at sun.reflect.DelegatingMethodAccessorImpl.invoke(DelegatingMethodAccessorImpl.java:43)
	at java.lang.reflect.Method.invoke(Method.java:601)
	at org.apache.maven.surefire.util.ReflectionUtils.invokeMethodWithArray2(ReflectionUtils.java:208)
	at org.apache.maven.surefire.booter.ProviderFactory$ProviderProxy.invoke(ProviderFactory.java:158)
	at org.apache.maven.surefire.booter.ProviderFactory.invokeProvider(ProviderFactory.java:86)
	at org.apache.maven.surefire.booter.ForkedBooter.runSuitesInProcess(ForkedBooter.java:153)
	at org.apache.maven.surefire.booter.ForkedBooter.main(ForkedBooter.java:95)
</pre></div></td>
<td>0</td>
<td>org.artifactory.repo.cahce.expirable.CacheExpiryImplTest@242f0905</td></tr>
<tr>
<td title='org.artifactory.repo.cahce.expirable.CacheExpiryImplTest.testIsExpirable()'><b>testIsExpirable</b><br>Test class: org.artifactory.repo.cahce.expirable.CacheExpiryImplTest</td>
<td></td>
<td>0</td>
<td>org.artifactory.repo.cahce.expirable.CacheExpiryImplTest@242f0905</td></tr>
<tr>
<td title='org.artifactory.repo.cahce.expirable.MavenIndexCacheExpirableTest.testIsExpirable()'><b>testIsExpirable</b><br>Test class: org.artifactory.repo.cahce.expirable.MavenIndexCacheExpirableTest</td>
<td></td>
<td>0</td>
<td>org.artifactory.repo.cahce.expirable.MavenIndexCacheExpirableTest@190e03c8</td></tr>
<tr>
<td title='org.artifactory.repo.cahce.expirable.MavenMetadataCacheExpirableTest.testIsExpirable()'><b>testIsExpirable</b><br>Test class: org.artifactory.repo.cahce.expirable.MavenMetadataCacheExpirableTest</td>
<td></td>
<td>0</td>
<td>org.artifactory.repo.cahce.expirable.MavenMetadataCacheExpirableTest@33d8341c</td></tr>
<tr>
<td title='org.artifactory.repo.cahce.expirable.NonUniqueSnapshotArtifactExpirableOrOverridableTest.testIsExpirable()'><b>testIsExpirable</b><br>Test class: org.artifactory.repo.cahce.expirable.NonUniqueSnapshotArtifactExpirableOrOverridableTest</td>
<td></td>
<td>0</td>
<td>org.artifactory.repo.cahce.expirable.NonUniqueSnapshotArtifactExpirableOrOverridableTest@3638043</td></tr>
<tr>
<td title='org.artifactory.repo.cahce.expirable.NonUniqueSnapshotArtifactExpirableOrOverridableTest.testIsExpirableOnNoIntegrationModuleInfo()'><b>testIsExpirableOnNoIntegrationModuleInfo</b><br>Test class: org.artifactory.repo.cahce.expirable.NonUniqueSnapshotArtifactExpirableOrOverridableTest</td>
<td></td>
<td>0</td>
<td>org.artifactory.repo.cahce.expirable.NonUniqueSnapshotArtifactExpirableOrOverridableTest@3638043</td></tr>
<tr>
<td title='org.artifactory.repo.cahce.expirable.CacheExpiryImplTest.testIsExpirableWithNullPath()'><b>testIsExpirableWithNullPath</b><br>Test class: org.artifactory.repo.cahce.expirable.CacheExpiryImplTest</td>
<td></td>
<td>0</td>
<td>org.artifactory.repo.cahce.expirable.CacheExpiryImplTest@242f0905</td></tr>
<tr>
<td title='org.artifactory.repo.cahce.expirable.CacheExpiryImplTest.testIsExpirableWithValidPathAndNoExpirables()'><b>testIsExpirableWithValidPathAndNoExpirables</b><br>Test class: org.artifactory.repo.cahce.expirable.CacheExpiryImplTest</td>
<td></td>
<td>0</td>
<td>org.artifactory.repo.cahce.expirable.CacheExpiryImplTest@242f0905</td></tr>
<tr>
<td title='org.artifactory.repo.cahce.expirable.CacheExpiryImplTest.testIsNotExpirable()'><b>testIsNotExpirable</b><br>Test class: org.artifactory.repo.cahce.expirable.CacheExpiryImplTest</td>
<td></td>
<td>0</td>
<td>org.artifactory.repo.cahce.expirable.CacheExpiryImplTest@242f0905</td></tr>
<tr>
<td title='org.artifactory.util.VersionParserTest.testLoadResource()'><b>testLoadResource</b><br>Test class: org.artifactory.util.VersionParserTest</td>
<td></td>
<td>0</td>
<td>org.artifactory.util.VersionParserTest@374534db</td></tr>
<tr>
<td title='org.artifactory.util.HttpClientConfiguratorTest.testLocalAddress()'><b>testLocalAddress</b><br>Test class: org.artifactory.util.HttpClientConfiguratorTest</td>
<td></td>
<td>0</td>
<td>org.artifactory.util.HttpClientConfiguratorTest@43c319b9</td></tr>
<tr>
<td title='org.artifactory.repo.replication.RemoteReplicationJobTest.testManualExecution()'><b>testManualExecution</b><br>Test class: org.artifactory.repo.replication.RemoteReplicationJobTest</td>
<td></td>
<td>0</td>
<td>org.artifactory.repo.replication.RemoteReplicationJobTest@65acbf5d</td></tr>
<tr>
<td title='org.artifactory.repo.replication.LocalReplicationJobTest.testManualExecution()'><b>testManualExecution</b><br>Test class: org.artifactory.repo.replication.LocalReplicationJobTest</td>
<td></td>
<td>0</td>
<td>org.artifactory.repo.replication.LocalReplicationJobTest@4c6b851b</td></tr>
<tr>
<td title='org.artifactory.schedule.TaskServiceTest.testMisfireIgnored()'><b>testMisfireIgnored</b><br>Test class: org.artifactory.schedule.TaskServiceTest</td>
<td></td>
<td>3</td>
<td>org.artifactory.schedule.TaskServiceTest@384f27a1</td></tr>
<tr>
<td title='org.artifactory.schedule.TaskServiceTest.testMisfireIgnoredOnPause()'><b>testMisfireIgnoredOnPause</b><br>Test class: org.artifactory.schedule.TaskServiceTest</td>
<td></td>
<td>1</td>
<td>org.artifactory.schedule.TaskServiceTest@384f27a1</td></tr>
<tr>
<td title='org.artifactory.schedule.TaskServiceTest.testMultiSingleExecution()'><b>testMultiSingleExecution</b><br>Test class: org.artifactory.schedule.TaskServiceTest</td>
<td></td>
<td>0</td>
<td>org.artifactory.schedule.TaskServiceTest@384f27a1</td></tr>
<tr>
<td title='org.artifactory.schedule.TaskServiceTest.testMutliResume()'><b>testMutliResume</b><br>Test class: org.artifactory.schedule.TaskServiceTest</td>
<td></td>
<td>0</td>
<td>org.artifactory.schedule.TaskServiceTest@384f27a1</td></tr>
<tr>
<td title='org.artifactory.schedule.TaskServiceTest.testMutliResume()'><b>testMutliResume</b><br>Test class: org.artifactory.schedule.TaskServiceTest</td>
<td></td>
<td>0</td>
<td>org.artifactory.schedule.TaskServiceTest@384f27a1</td></tr>
<tr>
<td title='org.artifactory.schedule.TaskServiceTest.testMutliResume()'><b>testMutliResume</b><br>Test class: org.artifactory.schedule.TaskServiceTest</td>
<td></td>
<td>0</td>
<td>org.artifactory.schedule.TaskServiceTest@384f27a1</td></tr>
<tr>
<td title='org.artifactory.schedule.TaskServiceTest.testMutliResume()'><b>testMutliResume</b><br>Test class: org.artifactory.schedule.TaskServiceTest</td>
<td></td>
<td>0</td>
<td>org.artifactory.schedule.TaskServiceTest@384f27a1</td></tr>
<tr>
<td title='org.artifactory.schedule.TaskServiceTest.testMutliResume()'><b>testMutliResume</b><br>Test class: org.artifactory.schedule.TaskServiceTest</td>
<td></td>
<td>0</td>
<td>org.artifactory.schedule.TaskServiceTest@384f27a1</td></tr>
<tr>
<td title='org.artifactory.schedule.TaskServiceTest.testMutliResume()'><b>testMutliResume</b><br>Test class: org.artifactory.schedule.TaskServiceTest</td>
<td></td>
<td>0</td>
<td>org.artifactory.schedule.TaskServiceTest@384f27a1</td></tr>
<tr>
<td title='org.artifactory.resource.ResolvedResourceTest.testNoChecksumReCalculation()'><b>testNoChecksumReCalculation</b><br>Test class: org.artifactory.resource.ResolvedResourceTest</td>
<td></td>
<td>0</td>
<td>org.artifactory.resource.ResolvedResourceTest@622085b6</td></tr>
<tr>
<td title='org.artifactory.repo.DbRepoTest.testNoFilePermission()'><b>testNoFilePermission</b><br>Test class: org.artifactory.repo.DbRepoTest</td>
<td></td>
<td>0</td>
<td>org.artifactory.repo.DbRepoTest@7e6129d6</td></tr>
<tr>
<td title='org.artifactory.addon.replication.RemoteReplicationSettingsBuilderTest.testNoRepoPath()'><b>testNoRepoPath</b><br>Test class: org.artifactory.addon.replication.RemoteReplicationSettingsBuilderTest</td>
<td><div><pre>java.lang.IllegalArgumentException: Repo path cannot be null.
	at org.artifactory.addon.replication.RemoteReplicationSettingsBuilder.build(RemoteReplicationSettingsBuilder.java:104)
	at org.artifactory.addon.replication.RemoteReplicationSettingsBuilderTest.testNoRepoPath(RemoteReplicationSettingsBuilderTest.java:37)
	at org.apache.maven.surefire.testng.TestNGExecutor.run(TestNGExecutor.java:77)
	at org.apache.maven.surefire.testng.TestNGDirectoryTestSuite.executeMulti(TestNGDirectoryTestSuite.java:189)
	at org.apache.maven.surefire.testng.TestNGDirectoryTestSuite.execute(TestNGDirectoryTestSuite.java:105)
	at org.apache.maven.surefire.testng.TestNGProvider.invoke(TestNGProvider.java:117)
	at org.apache.maven.surefire.util.ReflectionUtils.invokeMethodWithArray2(ReflectionUtils.java:208)
	at org.apache.maven.surefire.booter.ProviderFactory$ProviderProxy.invoke(ProviderFactory.java:158)
	at org.apache.maven.surefire.booter.ProviderFactory.invokeProvider(ProviderFactory.java:86)
	at org.apache.maven.surefire.booter.ForkedBooter.runSuitesInProcess(ForkedBooter.java:153)
	at org.apache.maven.surefire.booter.ForkedBooter.main(ForkedBooter.java:95)
... Removed 25 stack frames</pre></div><a href='#' onClick='toggleBox("stack-trace1022704848", this, "Click to show all stack frames", "Click to hide stack frames")'>Click to show all stack frames</a>
<div class='stack-trace' id='stack-trace1022704848'><pre>java.lang.IllegalArgumentException: Repo path cannot be null.
	at org.artifactory.addon.replication.RemoteReplicationSettingsBuilder.build(RemoteReplicationSettingsBuilder.java:104)
	at org.artifactory.addon.replication.RemoteReplicationSettingsBuilderTest.testNoRepoPath(RemoteReplicationSettingsBuilderTest.java:37)
	at sun.reflect.NativeMethodAccessorImpl.invoke0(Native Method)
	at sun.reflect.NativeMethodAccessorImpl.invoke(NativeMethodAccessorImpl.java:57)
	at sun.reflect.DelegatingMethodAccessorImpl.invoke(DelegatingMethodAccessorImpl.java:43)
	at java.lang.reflect.Method.invoke(Method.java:601)
	at org.testng.internal.MethodInvocationHelper.invokeMethod(MethodInvocationHelper.java:80)
	at org.testng.internal.Invoker.invokeMethod(Invoker.java:714)
	at org.testng.internal.Invoker.invokeTestMethod(Invoker.java:901)
	at org.testng.internal.Invoker.invokeTestMethods(Invoker.java:1231)
	at org.testng.internal.TestMethodWorker.invokeTestMethods(TestMethodWorker.java:127)
	at org.testng.internal.TestMethodWorker.run(TestMethodWorker.java:111)
	at org.testng.TestRunner.privateRun(TestRunner.java:767)
	at org.testng.TestRunner.run(TestRunner.java:617)
	at org.testng.SuiteRunner.runTest(SuiteRunner.java:334)
	at org.testng.SuiteRunner.runSequentially(SuiteRunner.java:329)
	at org.testng.SuiteRunner.privateRun(SuiteRunner.java:291)
	at org.testng.SuiteRunner.run(SuiteRunner.java:240)
	at org.testng.SuiteRunnerWorker.runSuite(SuiteRunnerWorker.java:52)
	at org.testng.SuiteRunnerWorker.run(SuiteRunnerWorker.java:86)
	at org.testng.TestNG.runSuitesSequentially(TestNG.java:1198)
	at org.testng.TestNG.runSuitesLocally(TestNG.java:1123)
	at org.testng.TestNG.run(TestNG.java:1031)
	at org.apache.maven.surefire.testng.TestNGExecutor.run(TestNGExecutor.java:77)
	at org.apache.maven.surefire.testng.TestNGDirectoryTestSuite.executeMulti(TestNGDirectoryTestSuite.java:189)
	at org.apache.maven.surefire.testng.TestNGDirectoryTestSuite.execute(TestNGDirectoryTestSuite.java:105)
	at org.apache.maven.surefire.testng.TestNGProvider.invoke(TestNGProvider.java:117)
	at sun.reflect.NativeMethodAccessorImpl.invoke0(Native Method)
	at sun.reflect.NativeMethodAccessorImpl.invoke(NativeMethodAccessorImpl.java:57)
	at sun.reflect.DelegatingMethodAccessorImpl.invoke(DelegatingMethodAccessorImpl.java:43)
	at java.lang.reflect.Method.invoke(Method.java:601)
	at org.apache.maven.surefire.util.ReflectionUtils.invokeMethodWithArray2(ReflectionUtils.java:208)
	at org.apache.maven.surefire.booter.ProviderFactory$ProviderProxy.invoke(ProviderFactory.java:158)
	at org.apache.maven.surefire.booter.ProviderFactory.invokeProvider(ProviderFactory.java:86)
	at org.apache.maven.surefire.booter.ForkedBooter.runSuitesInProcess(ForkedBooter.java:153)
	at org.apache.maven.surefire.booter.ForkedBooter.main(ForkedBooter.java:95)
</pre></div></td>
<td>0</td>
<td>org.artifactory.addon.replication.RemoteReplicationSettingsBuilderTest@3dee6ab9</td></tr>
<tr>
<td title='org.artifactory.repo.interceptor.YumCalculationInterceptorTest.testNoneCalculatingRepo()'><b>testNoneCalculatingRepo</b><br>Test class: org.artifactory.repo.interceptor.YumCalculationInterceptorTest</td>
<td></td>
<td>0</td>
<td>org.artifactory.repo.interceptor.YumCalculationInterceptorTest@4ebf837a</td></tr>
<tr>
<td title='org.artifactory.repo.interceptor.YumCalculationInterceptorTest.testNoneRpmFile()'><b>testNoneRpmFile</b><br>Test class: org.artifactory.repo.interceptor.YumCalculationInterceptorTest</td>
<td></td>
<td>0</td>
<td>org.artifactory.repo.interceptor.YumCalculationInterceptorTest@4ebf837a</td></tr>
<tr>
<td title='org.artifactory.repo.interceptor.NuGetCalculationInterceptorTest.testNotNuGetFile()'><b>testNotNuGetFile</b><br>Test class: org.artifactory.repo.interceptor.NuGetCalculationInterceptorTest</td>
<td></td>
<td>0</td>
<td>org.artifactory.repo.interceptor.NuGetCalculationInterceptorTest@270ccdd4</td></tr>
<tr>
<td title='org.artifactory.repo.interceptor.NuGetCalculationInterceptorTest.testNotNuGetRepo()'><b>testNotNuGetRepo</b><br>Test class: org.artifactory.repo.interceptor.NuGetCalculationInterceptorTest</td>
<td></td>
<td>0</td>
<td>org.artifactory.repo.interceptor.NuGetCalculationInterceptorTest@270ccdd4</td></tr>
<tr>
<td title='org.artifactory.util.HttpClientConfiguratorTest.testNullHost()'><b>testNullHost</b><br>Test class: org.artifactory.util.HttpClientConfiguratorTest</td>
<td></td>
<td>0</td>
<td>org.artifactory.util.HttpClientConfiguratorTest@43c319b9</td></tr>
<tr>
<td title='org.artifactory.util.HttpClientConfiguratorTest.testNullLocalAddress()'><b>testNullLocalAddress</b><br>Test class: org.artifactory.util.HttpClientConfiguratorTest</td>
<td></td>
<td>0</td>
<td>org.artifactory.util.HttpClientConfiguratorTest@43c319b9</td></tr>
<tr>
<td title='org.artifactory.repo.replication.RemoteReplicationJobTest.testNullRepoKey()'><b>testNullRepoKey</b><br>Test class: org.artifactory.repo.replication.RemoteReplicationJobTest</td>
<td><div><pre>java.lang.NullPointerException
	at org.artifactory.repo.replication.RemoteReplicationJob.replicationDescriptorFromJobOrConfig(RemoteReplicationJob.java:108)
	at org.artifactory.repo.replication.RemoteReplicationJob.onExecute(RemoteReplicationJob.java:69)
	at org.artifactory.repo.replication.RemoteReplicationJobTest.testNullRepoKey(RemoteReplicationJobTest.java:83)
	at org.apache.maven.surefire.testng.TestNGExecutor.run(TestNGExecutor.java:77)
	at org.apache.maven.surefire.testng.TestNGDirectoryTestSuite.executeMulti(TestNGDirectoryTestSuite.java:189)
	at org.apache.maven.surefire.testng.TestNGDirectoryTestSuite.execute(TestNGDirectoryTestSuite.java:105)
	at org.apache.maven.surefire.testng.TestNGProvider.invoke(TestNGProvider.java:117)
	at org.apache.maven.surefire.util.ReflectionUtils.invokeMethodWithArray2(ReflectionUtils.java:208)
	at org.apache.maven.surefire.booter.ProviderFactory$ProviderProxy.invoke(ProviderFactory.java:158)
	at org.apache.maven.surefire.booter.ProviderFactory.invokeProvider(ProviderFactory.java:86)
	at org.apache.maven.surefire.booter.ForkedBooter.runSuitesInProcess(ForkedBooter.java:153)
	at org.apache.maven.surefire.booter.ForkedBooter.main(ForkedBooter.java:95)
... Removed 25 stack frames</pre></div><a href='#' onClick='toggleBox("stack-trace563795008", this, "Click to show all stack frames", "Click to hide stack frames")'>Click to show all stack frames</a>
<div class='stack-trace' id='stack-trace563795008'><pre>java.lang.NullPointerException
	at org.artifactory.repo.replication.RemoteReplicationJob.replicationDescriptorFromJobOrConfig(RemoteReplicationJob.java:108)
	at org.artifactory.repo.replication.RemoteReplicationJob.onExecute(RemoteReplicationJob.java:69)
	at org.artifactory.repo.replication.RemoteReplicationJobTest.testNullRepoKey(RemoteReplicationJobTest.java:83)
	at sun.reflect.NativeMethodAccessorImpl.invoke0(Native Method)
	at sun.reflect.NativeMethodAccessorImpl.invoke(NativeMethodAccessorImpl.java:57)
	at sun.reflect.DelegatingMethodAccessorImpl.invoke(DelegatingMethodAccessorImpl.java:43)
	at java.lang.reflect.Method.invoke(Method.java:601)
	at org.testng.internal.MethodInvocationHelper.invokeMethod(MethodInvocationHelper.java:80)
	at org.testng.internal.Invoker.invokeMethod(Invoker.java:714)
	at org.testng.internal.Invoker.invokeTestMethod(Invoker.java:901)
	at org.testng.internal.Invoker.invokeTestMethods(Invoker.java:1231)
	at org.testng.internal.TestMethodWorker.invokeTestMethods(TestMethodWorker.java:127)
	at org.testng.internal.TestMethodWorker.run(TestMethodWorker.java:111)
	at org.testng.TestRunner.privateRun(TestRunner.java:767)
	at org.testng.TestRunner.run(TestRunner.java:617)
	at org.testng.SuiteRunner.runTest(SuiteRunner.java:334)
	at org.testng.SuiteRunner.runSequentially(SuiteRunner.java:329)
	at org.testng.SuiteRunner.privateRun(SuiteRunner.java:291)
	at org.testng.SuiteRunner.run(SuiteRunner.java:240)
	at org.testng.SuiteRunnerWorker.runSuite(SuiteRunnerWorker.java:52)
	at org.testng.SuiteRunnerWorker.run(SuiteRunnerWorker.java:86)
	at org.testng.TestNG.runSuitesSequentially(TestNG.java:1198)
	at org.testng.TestNG.runSuitesLocally(TestNG.java:1123)
	at org.testng.TestNG.run(TestNG.java:1031)
	at org.apache.maven.surefire.testng.TestNGExecutor.run(TestNGExecutor.java:77)
	at org.apache.maven.surefire.testng.TestNGDirectoryTestSuite.executeMulti(TestNGDirectoryTestSuite.java:189)
	at org.apache.maven.surefire.testng.TestNGDirectoryTestSuite.execute(TestNGDirectoryTestSuite.java:105)
	at org.apache.maven.surefire.testng.TestNGProvider.invoke(TestNGProvider.java:117)
	at sun.reflect.NativeMethodAccessorImpl.invoke0(Native Method)
	at sun.reflect.NativeMethodAccessorImpl.invoke(NativeMethodAccessorImpl.java:57)
	at sun.reflect.DelegatingMethodAccessorImpl.invoke(DelegatingMethodAccessorImpl.java:43)
	at java.lang.reflect.Method.invoke(Method.java:601)
	at org.apache.maven.surefire.util.ReflectionUtils.invokeMethodWithArray2(ReflectionUtils.java:208)
	at org.apache.maven.surefire.booter.ProviderFactory$ProviderProxy.invoke(ProviderFactory.java:158)
	at org.apache.maven.surefire.booter.ProviderFactory.invokeProvider(ProviderFactory.java:86)
	at org.apache.maven.surefire.booter.ForkedBooter.runSuitesInProcess(ForkedBooter.java:153)
	at org.apache.maven.surefire.booter.ForkedBooter.main(ForkedBooter.java:95)
</pre></div></td>
<td>0</td>
<td>org.artifactory.repo.replication.RemoteReplicationJobTest@65acbf5d</td></tr>
<tr>
<td title='org.artifactory.repo.replication.LocalReplicationJobTest.testNullRepoKey()'><b>testNullRepoKey</b><br>Test class: org.artifactory.repo.replication.LocalReplicationJobTest</td>
<td><div><pre>java.lang.NullPointerException
	at org.artifactory.repo.replication.LocalReplicationJob.replicationDescriptorFromJobOrConfig(LocalReplicationJob.java:87)
	at org.artifactory.repo.replication.LocalReplicationJob.onExecute(LocalReplicationJob.java:62)
	at org.artifactory.repo.replication.LocalReplicationJobTest.testNullRepoKey(LocalReplicationJobTest.java:91)
	at org.apache.maven.surefire.testng.TestNGExecutor.run(TestNGExecutor.java:77)
	at org.apache.maven.surefire.testng.TestNGDirectoryTestSuite.executeMulti(TestNGDirectoryTestSuite.java:189)
	at org.apache.maven.surefire.testng.TestNGDirectoryTestSuite.execute(TestNGDirectoryTestSuite.java:105)
	at org.apache.maven.surefire.testng.TestNGProvider.invoke(TestNGProvider.java:117)
	at org.apache.maven.surefire.util.ReflectionUtils.invokeMethodWithArray2(ReflectionUtils.java:208)
	at org.apache.maven.surefire.booter.ProviderFactory$ProviderProxy.invoke(ProviderFactory.java:158)
	at org.apache.maven.surefire.booter.ProviderFactory.invokeProvider(ProviderFactory.java:86)
	at org.apache.maven.surefire.booter.ForkedBooter.runSuitesInProcess(ForkedBooter.java:153)
	at org.apache.maven.surefire.booter.ForkedBooter.main(ForkedBooter.java:95)
... Removed 25 stack frames</pre></div><a href='#' onClick='toggleBox("stack-trace531775376", this, "Click to show all stack frames", "Click to hide stack frames")'>Click to show all stack frames</a>
<div class='stack-trace' id='stack-trace531775376'><pre>java.lang.NullPointerException
	at org.artifactory.repo.replication.LocalReplicationJob.replicationDescriptorFromJobOrConfig(LocalReplicationJob.java:87)
	at org.artifactory.repo.replication.LocalReplicationJob.onExecute(LocalReplicationJob.java:62)
	at org.artifactory.repo.replication.LocalReplicationJobTest.testNullRepoKey(LocalReplicationJobTest.java:91)
	at sun.reflect.NativeMethodAccessorImpl.invoke0(Native Method)
	at sun.reflect.NativeMethodAccessorImpl.invoke(NativeMethodAccessorImpl.java:57)
	at sun.reflect.DelegatingMethodAccessorImpl.invoke(DelegatingMethodAccessorImpl.java:43)
	at java.lang.reflect.Method.invoke(Method.java:601)
	at org.testng.internal.MethodInvocationHelper.invokeMethod(MethodInvocationHelper.java:80)
	at org.testng.internal.Invoker.invokeMethod(Invoker.java:714)
	at org.testng.internal.Invoker.invokeTestMethod(Invoker.java:901)
	at org.testng.internal.Invoker.invokeTestMethods(Invoker.java:1231)
	at org.testng.internal.TestMethodWorker.invokeTestMethods(TestMethodWorker.java:127)
	at org.testng.internal.TestMethodWorker.run(TestMethodWorker.java:111)
	at org.testng.TestRunner.privateRun(TestRunner.java:767)
	at org.testng.TestRunner.run(TestRunner.java:617)
	at org.testng.SuiteRunner.runTest(SuiteRunner.java:334)
	at org.testng.SuiteRunner.runSequentially(SuiteRunner.java:329)
	at org.testng.SuiteRunner.privateRun(SuiteRunner.java:291)
	at org.testng.SuiteRunner.run(SuiteRunner.java:240)
	at org.testng.SuiteRunnerWorker.runSuite(SuiteRunnerWorker.java:52)
	at org.testng.SuiteRunnerWorker.run(SuiteRunnerWorker.java:86)
	at org.testng.TestNG.runSuitesSequentially(TestNG.java:1198)
	at org.testng.TestNG.runSuitesLocally(TestNG.java:1123)
	at org.testng.TestNG.run(TestNG.java:1031)
	at org.apache.maven.surefire.testng.TestNGExecutor.run(TestNGExecutor.java:77)
	at org.apache.maven.surefire.testng.TestNGDirectoryTestSuite.executeMulti(TestNGDirectoryTestSuite.java:189)
	at org.apache.maven.surefire.testng.TestNGDirectoryTestSuite.execute(TestNGDirectoryTestSuite.java:105)
	at org.apache.maven.surefire.testng.TestNGProvider.invoke(TestNGProvider.java:117)
	at sun.reflect.NativeMethodAccessorImpl.invoke0(Native Method)
	at sun.reflect.NativeMethodAccessorImpl.invoke(NativeMethodAccessorImpl.java:57)
	at sun.reflect.DelegatingMethodAccessorImpl.invoke(DelegatingMethodAccessorImpl.java:43)
	at java.lang.reflect.Method.invoke(Method.java:601)
	at org.apache.maven.surefire.util.ReflectionUtils.invokeMethodWithArray2(ReflectionUtils.java:208)
	at org.apache.maven.surefire.booter.ProviderFactory$ProviderProxy.invoke(ProviderFactory.java:158)
	at org.apache.maven.surefire.booter.ProviderFactory.invokeProvider(ProviderFactory.java:86)
	at org.apache.maven.surefire.booter.ForkedBooter.runSuitesInProcess(ForkedBooter.java:153)
	at org.apache.maven.surefire.booter.ForkedBooter.main(ForkedBooter.java:95)
</pre></div></td>
<td>0</td>
<td>org.artifactory.repo.replication.LocalReplicationJobTest@4c6b851b</td></tr>
<tr>
<td title='org.artifactory.repo.HttpRepoTest.testProxyRemoteAuthAndMultihome()'><b>testProxyRemoteAuthAndMultihome</b><br>Test class: org.artifactory.repo.HttpRepoTest</td>
<td></td>
<td>0</td>
<td>org.artifactory.repo.HttpRepoTest@1c5e18c7</td></tr>
<tr>
<td title='org.artifactory.repo.RemoteRepoBaseTest.testReadCommentChecksum()'><b>testReadCommentChecksum</b><br>Test class: org.artifactory.repo.RemoteRepoBaseTest</td>
<td></td>
<td>0</td>
<td>org.artifactory.repo.RemoteRepoBaseTest@3eaf688a</td></tr>
<tr>
<td title='org.artifactory.config.DefaultConfigTest.testReadDefaultConfig()'><b>testReadDefaultConfig</b><br>Test class: org.artifactory.config.DefaultConfigTest</td>
<td></td>
<td>0</td>
<td>org.artifactory.config.DefaultConfigTest@be6a413</td></tr>
<tr>
<td title='org.artifactory.repo.RemoteRepoBaseTest.testReadDescChecksum()'><b>testReadDescChecksum</b><br>Test class: org.artifactory.repo.RemoteRepoBaseTest</td>
<td></td>
<td>0</td>
<td>org.artifactory.repo.RemoteRepoBaseTest@3eaf688a</td></tr>
<tr>
<td title='org.artifactory.repo.RemoteRepoBaseTest.testReadEmptyChecksum()'><b>testReadEmptyChecksum</b><br>Test class: org.artifactory.repo.RemoteRepoBaseTest</td>
<td></td>
<td>0</td>
<td>org.artifactory.repo.RemoteRepoBaseTest@3eaf688a</td></tr>
<tr>
<td title='org.artifactory.repo.RemoteRepoBaseTest.testReadValidChecksum()'><b>testReadValidChecksum</b><br>Test class: org.artifactory.repo.RemoteRepoBaseTest</td>
<td></td>
<td>0</td>
<td>org.artifactory.repo.RemoteRepoBaseTest@3eaf688a</td></tr>
<tr>
<td title='org.artifactory.repo.RepoPathFactoryTest.testRepoPathFactory()'><b>testRepoPathFactory</b><br>Test class: org.artifactory.repo.RepoPathFactoryTest</td>
<td></td>
<td>0</td>
<td>org.artifactory.repo.RepoPathFactoryTest@10af7eaf</td></tr>
<tr>
<td title='org.artifactory.repo.interceptor.YumCalculationInterceptorTest.testRpmGroupFile()'><b>testRpmGroupFile</b><br>Test class: org.artifactory.repo.interceptor.YumCalculationInterceptorTest</td>
<td></td>
<td>0</td>
<td>org.artifactory.repo.interceptor.YumCalculationInterceptorTest@4ebf837a</td></tr>
<tr>
<td title='org.artifactory.schedule.TaskServiceTest.testServiceSynchronization()'><b>testServiceSynchronization</b><br>Test class: org.artifactory.schedule.TaskServiceTest</td>
<td></td>
<td>0</td>
<td>org.artifactory.schedule.TaskServiceTest@384f27a1</td></tr>
<tr>
<td title='org.artifactory.schedule.TaskServiceTest.testServiceSynchronization()'><b>testServiceSynchronization</b><br>Test class: org.artifactory.schedule.TaskServiceTest</td>
<td></td>
<td>0</td>
<td>org.artifactory.schedule.TaskServiceTest@384f27a1</td></tr>
<tr>
<td title='org.artifactory.schedule.TaskServiceTest.testServiceSynchronization()'><b>testServiceSynchronization</b><br>Test class: org.artifactory.schedule.TaskServiceTest</td>
<td></td>
<td>0</td>
<td>org.artifactory.schedule.TaskServiceTest@384f27a1</td></tr>
<tr>
<td title='org.artifactory.schedule.TaskServiceTest.testServiceSynchronization()'><b>testServiceSynchronization</b><br>Test class: org.artifactory.schedule.TaskServiceTest</td>
<td></td>
<td>0</td>
<td>org.artifactory.schedule.TaskServiceTest@384f27a1</td></tr>
<tr>
<td title='org.artifactory.schedule.TaskServiceTest.testServiceSynchronization()'><b>testServiceSynchronization</b><br>Test class: org.artifactory.schedule.TaskServiceTest</td>
<td></td>
<td>0</td>
<td>org.artifactory.schedule.TaskServiceTest@384f27a1</td></tr>
<tr>
<td title='org.artifactory.schedule.TaskServiceTest.testServiceSynchronization()'><b>testServiceSynchronization</b><br>Test class: org.artifactory.schedule.TaskServiceTest</td>
<td></td>
<td>0</td>
<td>org.artifactory.schedule.TaskServiceTest@384f27a1</td></tr>
<tr>
<td title='org.artifactory.addon.replication.RemoteReplicationSettingsBuilderTest.testSetters()'><b>testSetters</b><br>Test class: org.artifactory.addon.replication.RemoteReplicationSettingsBuilderTest</td>
<td></td>
<td>0</td>
<td>org.artifactory.addon.replication.RemoteReplicationSettingsBuilderTest@3dee6ab9</td></tr>
<tr>
<td title='org.artifactory.util.HttpClientConfiguratorTest.testSimpleSetters()'><b>testSimpleSetters</b><br>Test class: org.artifactory.util.HttpClientConfiguratorTest</td>
<td></td>
<td>0</td>
<td>org.artifactory.util.HttpClientConfiguratorTest@43c319b9</td></tr>
<tr>
<td title='org.artifactory.schedule.TaskServiceTest.testSingleExecutionWithError()'><b>testSingleExecutionWithError</b><br>Test class: org.artifactory.schedule.TaskServiceTest</td>
<td></td>
<td>0</td>
<td>org.artifactory.schedule.TaskServiceTest@384f27a1</td></tr>
<tr>
<td title='org.artifactory.schedule.JobCommandTest.testSingletonAndManual()'><b>testSingletonAndManual</b><br>Test class: org.artifactory.schedule.JobCommandTest</td>
<td></td>
<td>1</td>
<td>org.artifactory.schedule.JobCommandTest@3df3d56a</td></tr>
<tr>
<td title='org.artifactory.schedule.JobCommandTest.testStopStrategyAndKey()'><b>testStopStrategyAndKey</b><br>Test class: org.artifactory.schedule.JobCommandTest</td>
<td></td>
<td>0</td>
<td>org.artifactory.schedule.JobCommandTest@3df3d56a</td></tr>
<tr>
<td title='org.artifactory.schedule.TaskServiceTest.testStopWhileRunning()'><b>testStopWhileRunning</b><br>Test class: org.artifactory.schedule.TaskServiceTest</td>
<td></td>
<td>0</td>
<td>org.artifactory.schedule.TaskServiceTest@384f27a1</td></tr>
<tr>
<td title='org.artifactory.security.SecurityServiceImplTest.testUserHasPermissions()'><b>testUserHasPermissions</b><br>Test class: org.artifactory.security.SecurityServiceImplTest</td>
<td></td>
<td>0</td>
<td>org.artifactory.security.SecurityServiceImplTest@22784c30</td></tr>
<tr>
<td title='org.artifactory.security.SecurityServiceImplTest.testUserHasPermissionsFromGroup()'><b>testUserHasPermissionsFromGroup</b><br>Test class: org.artifactory.security.SecurityServiceImplTest</td>
<td></td>
<td>0</td>
<td>org.artifactory.security.SecurityServiceImplTest@22784c30</td></tr>
<tr>
<td title='org.artifactory.security.SecurityServiceImplTest.testUserLastLoginTimeUpdateBuffer()'><b>testUserLastLoginTimeUpdateBuffer</b><br>Test class: org.artifactory.security.SecurityServiceImplTest</td>
<td></td>
<td>0</td>
<td>org.artifactory.security.SecurityServiceImplTest@22784c30</td></tr>
<tr>
<td title='org.artifactory.repo.virtual.interceptor.PomTransformerTest.transformBadPom()'><b>transformBadPom</b><br>Test class: org.artifactory.repo.virtual.interceptor.PomTransformerTest</td>
<td></td>
<td>0</td>
<td>org.artifactory.repo.virtual.interceptor.PomTransformerTest@4be0ae98</td></tr>
<tr>
<td title='org.artifactory.repo.virtual.interceptor.PomTransformerTest.transformableWithDiscardActiveReference()'><b>transformableWithDiscardActiveReference</b><br>Test class: org.artifactory.repo.virtual.interceptor.PomTransformerTest</td>
<td></td>
<td>0</td>
<td>org.artifactory.repo.virtual.interceptor.PomTransformerTest@4be0ae98</td></tr>
<tr>
<td title='org.artifactory.repo.virtual.interceptor.PomTransformerTest.transformableWithDiscardAnyReference()'><b>transformableWithDiscardAnyReference</b><br>Test class: org.artifactory.repo.virtual.interceptor.PomTransformerTest</td>
<td></td>
<td>0</td>
<td>org.artifactory.repo.virtual.interceptor.PomTransformerTest@4be0ae98</td></tr>
<tr>
<td title='org.artifactory.repo.virtual.interceptor.PomTransformerTest.transformableWithNothingPolicy()'><b>transformableWithNothingPolicy</b><br>Test class: org.artifactory.repo.virtual.interceptor.PomTransformerTest</td>
<td></td>
<td>0</td>
<td>org.artifactory.repo.virtual.interceptor.PomTransformerTest@4be0ae98</td></tr>
<tr>
<td title='org.artifactory.repo.service.mover.RepoPathIteratorTest.twoLevelsRepoPath()'><b>twoLevelsRepoPath</b><br>Test class: org.artifactory.repo.service.mover.RepoPathIteratorTest</td>
<td></td>
<td>0</td>
<td>org.artifactory.repo.service.mover.RepoPathIteratorTest@1b84845d</td></tr>
<tr>
<td title='org.artifactory.repo.snapshot.NonUniqueSnapshotVersionAdapterTest.uniqueArtifact()'><b>uniqueArtifact</b><br>Test class: org.artifactory.repo.snapshot.NonUniqueSnapshotVersionAdapterTest</td>
<td></td>
<td>0</td>
<td>org.artifactory.repo.snapshot.NonUniqueSnapshotVersionAdapterTest@671a4c51</td></tr>
<tr>
<td title='org.artifactory.repo.snapshot.NonUniqueSnapshotVersionAdapterTest.uniqueArtifactVersionWithDashes()'><b>uniqueArtifactVersionWithDashes</b><br>Test class: org.artifactory.repo.snapshot.NonUniqueSnapshotVersionAdapterTest</td>
<td></td>
<td>0</td>
<td>org.artifactory.repo.snapshot.NonUniqueSnapshotVersionAdapterTest@671a4c51</td></tr>
<tr>
<td title='org.artifactory.repo.snapshot.NonUniqueSnapshotVersionAdapterTest.uniqueArtifactWithClassifier()'><b>uniqueArtifactWithClassifier</b><br>Test class: org.artifactory.repo.snapshot.NonUniqueSnapshotVersionAdapterTest</td>
<td></td>
<td>0</td>
<td>org.artifactory.repo.snapshot.NonUniqueSnapshotVersionAdapterTest@671a4c51</td></tr>
<tr>
<td title='org.artifactory.repo.snapshot.NonUniqueSnapshotVersionAdapterTest.uniqueArtifactWithComplexClassifier()'><b>uniqueArtifactWithComplexClassifier</b><br>Test class: org.artifactory.repo.snapshot.NonUniqueSnapshotVersionAdapterTest</td>
<td></td>
<td>0</td>
<td>org.artifactory.repo.snapshot.NonUniqueSnapshotVersionAdapterTest@671a4c51</td></tr>
<tr>
<td title='org.artifactory.repo.snapshot.NonUniqueSnapshotVersionAdapterTest.uniqueChecksumArtifact()'><b>uniqueChecksumArtifact</b><br>Test class: org.artifactory.repo.snapshot.NonUniqueSnapshotVersionAdapterTest</td>
<td></td>
<td>0</td>
<td>org.artifactory.repo.snapshot.NonUniqueSnapshotVersionAdapterTest@671a4c51</td></tr>
<tr>
<td title='org.artifactory.security.SecurityServiceImplTest.updateLastLoginWithNotExistingUserTest()'><b>updateLastLoginWithNotExistingUserTest</b><br>Test class: org.artifactory.security.SecurityServiceImplTest</td>
<td></td>
<td>0</td>
<td>org.artifactory.security.SecurityServiceImplTest@22784c30</td></tr>
<tr>
<td title='org.artifactory.security.ArtifactorySidTest.userConstructor()'><b>userConstructor</b><br>Test class: org.artifactory.security.ArtifactorySidTest</td>
<td></td>
<td>0</td>
<td>org.artifactory.security.ArtifactorySidTest@7c1ba98b</td></tr>
<tr>
<td title='org.artifactory.security.SecurityServiceImplTest.userPasswordMatches()'><b>userPasswordMatches</b><br>Test class: org.artifactory.security.SecurityServiceImplTest</td>
<td></td>
<td>0</td>
<td>org.artifactory.security.SecurityServiceImplTest@22784c30</td></tr>
<tr>
<td title='org.artifactory.security.SecurityServiceImplTest.userReadAndDeployPermissions()'><b>userReadAndDeployPermissions</b><br>Test class: org.artifactory.security.SecurityServiceImplTest</td>
<td></td>
<td>0</td>
<td>org.artifactory.security.SecurityServiceImplTest@22784c30</td></tr>
<tr>
<td title='org.artifactory.security.SecurityServiceImplTest.userReadAndDeployPermissionsOnAnyLocal()'><b>userReadAndDeployPermissionsOnAnyLocal</b><br>Test class: org.artifactory.security.SecurityServiceImplTest</td>
<td></td>
<td>0</td>
<td>org.artifactory.security.SecurityServiceImplTest@22784c30</td></tr>
<tr>
<td title='org.artifactory.security.SecurityServiceImplTest.userReadAndDeployPermissionsOnAnyRemote()'><b>userReadAndDeployPermissionsOnAnyRemote</b><br>Test class: org.artifactory.security.SecurityServiceImplTest</td>
<td></td>
<td>0</td>
<td>org.artifactory.security.SecurityServiceImplTest@22784c30</td></tr>
<tr>
<td title='org.artifactory.security.ArtifactorySidTest.userSidCreation()'><b>userSidCreation</b><br>Test class: org.artifactory.security.ArtifactorySidTest</td>
<td></td>
<td>0</td>
<td>org.artifactory.security.ArtifactorySidTest@7c1ba98b</td></tr>
<tr>
<td title='org.artifactory.security.ArtifactorySidTest.userSidsEquals()'><b>userSidsEquals</b><br>Test class: org.artifactory.security.ArtifactorySidTest</td>
<td></td>
<td>0</td>
<td>org.artifactory.security.ArtifactorySidTest@7c1ba98b</td></tr>
<tr>
<td title='org.artifactory.security.SecurityServiceImplTest.userWithPermissionsToAGroupWithTheSameName()'><b>userWithPermissionsToAGroupWithTheSameName</b><br>Test class: org.artifactory.security.SecurityServiceImplTest</td>
<td></td>
<td>0</td>
<td>org.artifactory.security.SecurityServiceImplTest@22784c30</td></tr>
<tr>
<td title='org.artifactory.security.SecurityServiceImplTest.userWithPermissionsToANonUniqueGroupName()'><b>userWithPermissionsToANonUniqueGroupName</b><br>Test class: org.artifactory.security.SecurityServiceImplTest</td>
<td></td>
<td>0</td>
<td>org.artifactory.security.SecurityServiceImplTest@22784c30</td></tr>
</table><p>
</body>
</html>