<html>
<head>
<title>TestNG:  Command line test 6be6aaab-7e55-4e39-872a-67cd303d3d4b</title>
<link href="../testng.css" rel="stylesheet" type="text/css" />
<link href="../my-testng.css" rel="stylesheet" type="text/css" />

<style type="text/css">
.log { display: none;} 
.stack-trace { display: none;} 
</style>
<script type="text/javascript">
<!--
function flip(e) {
  current = e.style.display;
  if (current == 'block') {
    e.style.display = 'none';
    return 0;
  }
  else {
    e.style.display = 'block';
    return 1;
  }
}

function toggleBox(szDivId, elem, msg1, msg2)
{
  var res = -1;  if (document.getElementById) {
    res = flip(document.getElementById(szDivId));
  }
  else if (document.all) {
    // this is the way old msie versions work
    res = flip(document.all[szDivId]);
  }
  if(elem) {
    if(res == 0) elem.innerHTML = msg1; else elem.innerHTML = msg2;
  }

}

function toggleAllBoxes() {
  if (document.getElementsByTagName) {
    d = document.getElementsByTagName('div');
    for (i = 0; i < d.length; i++) {
      if (d[i].className == 'log') {
        flip(d[i]);
      }
    }
  }
}

// -->
</script>

</head>
<body>
<h2 align='center'>Command line test 6be6aaab-7e55-4e39-872a-67cd303d3d4b</h2><table border='1' align="center">
<tr>
<td>Tests passed/Failed/Skipped:</td><td>10/0/0</td>
</tr><tr>
<td>Started on:</td><td>Thu Nov 27 20:03:22 IST 2014</td>
</tr>
<tr><td>Total time:</td><td>0 seconds (3 ms)</td>
</tr><tr>
<td>Included groups:</td><td></td>
</tr><tr>
<td>Excluded groups:</td><td></td>
</tr>
</table><p/>
<small><i>(Hover the method name to see the test class name)</i></small><p/>
<table width='100%' border='1' class='invocation-passed'>
<tr><td colspan='4' align='center'><b>PASSED TESTS</b></td></tr>
<tr><td><b>Test method</b></td>
<td width="30%"><b>Exception</b></td>
<td width="10%"><b>Time (seconds)</b></td>
<td><b>Instance</b></td>
</tr>
<tr>
<td title='org.artifactory.storage.db.build.entity.BuildDependencyTest.emptyDependencyNameTest()'><b>emptyDependencyNameTest</b><br>Test class: org.artifactory.storage.db.build.entity.BuildDependencyTest</td>
<td><div><pre>java.lang.IllegalArgumentException: Dependency id name cannot be null!
	at org.artifactory.storage.db.build.entity.BuildDependency.&lt;init&gt;(BuildDependency.java:58)
	at org.artifactory.storage.db.build.entity.BuildDependencyTest.emptyDependencyNameTest(BuildDependencyTest.java:110)
... Removed 28 stack frames</pre></div><a href='#' onClick='toggleBox("stack-trace334166753", this, "Click to show all stack frames", "Click to hide stack frames")'>Click to show all stack frames</a>
<div class='stack-trace' id='stack-trace334166753'><pre>java.lang.IllegalArgumentException: Dependency id name cannot be null!
	at org.artifactory.storage.db.build.entity.BuildDependency.&lt;init&gt;(BuildDependency.java:58)
	at org.artifactory.storage.db.build.entity.BuildDependencyTest.emptyDependencyNameTest(BuildDependencyTest.java:110)
	at sun.reflect.NativeMethodAccessorImpl.invoke0(Native Method)
	at sun.reflect.NativeMethodAccessorImpl.invoke(NativeMethodAccessorImpl.java:57)
	at sun.reflect.DelegatingMethodAccessorImpl.invoke(DelegatingMethodAccessorImpl.java:43)
	at java.lang.reflect.Method.invoke(Method.java:606)
	at org.testng.internal.MethodInvocationHelper.invokeMethod(MethodInvocationHelper.java:84)
	at org.testng.internal.Invoker.invokeMethod(Invoker.java:714)
	at org.testng.internal.Invoker.invokeTestMethod(Invoker.java:901)
	at org.testng.internal.Invoker.invokeTestMethods(Invoker.java:1231)
	at org.testng.internal.TestMethodWorker.invokeTestMethods(TestMethodWorker.java:127)
	at org.testng.internal.TestMethodWorker.run(TestMethodWorker.java:111)
	at org.testng.TestRunner.privateRun(TestRunner.java:767)
	at org.testng.TestRunner.run(TestRunner.java:617)
	at org.testng.SuiteRunner.runTest(SuiteRunner.java:334)
	at org.testng.SuiteRunner.runSequentially(SuiteRunner.java:329)
	at org.testng.SuiteRunner.privateRun(SuiteRunner.java:291)
	at org.testng.SuiteRunner.run(SuiteRunner.java:240)
	at org.testng.SuiteRunnerWorker.runSuite(SuiteRunnerWorker.java:52)
	at org.testng.SuiteRunnerWorker.run(SuiteRunnerWorker.java:86)
	at org.testng.TestNG.runSuitesSequentially(TestNG.java:1224)
	at org.testng.TestNG.runSuitesLocally(TestNG.java:1149)
	at org.testng.TestNG.run(TestNG.java:1057)
	at org.apache.maven.surefire.testng.TestNGExecutor.run(TestNGExecutor.java:91)
	at org.apache.maven.surefire.testng.TestNGDirectoryTestSuite.executeMulti(TestNGDirectoryTestSuite.java:204)
	at org.apache.maven.surefire.testng.TestNGDirectoryTestSuite.execute(TestNGDirectoryTestSuite.java:107)
	at org.apache.maven.surefire.testng.TestNGProvider.invoke(TestNGProvider.java:113)
	at org.apache.maven.surefire.booter.ForkedBooter.invokeProviderInSameClassLoader(ForkedBooter.java:200)
	at org.apache.maven.surefire.booter.ForkedBooter.runSuitesInProcess(ForkedBooter.java:153)
	at org.apache.maven.surefire.booter.ForkedBooter.main(ForkedBooter.java:103)
</pre></div></td>
<td>0</td>
<td>org.artifactory.storage.db.build.entity.BuildDependencyTest@79d38dae</td></tr>
<tr>
<td title='org.artifactory.storage.db.build.entity.BuildDependencyTest.mostlyNullBuildDependencyTest()'><b>mostlyNullBuildDependencyTest</b><br>Test class: org.artifactory.storage.db.build.entity.BuildDependencyTest</td>
<td></td>
<td>0</td>
<td>org.artifactory.storage.db.build.entity.BuildDependencyTest@79d38dae</td></tr>
<tr>
<td title='org.artifactory.storage.db.build.entity.BuildDependencyTest.mostlyNullBuildDependencyTest2()'><b>mostlyNullBuildDependencyTest2</b><br>Test class: org.artifactory.storage.db.build.entity.BuildDependencyTest</td>
<td></td>
<td>0</td>
<td>org.artifactory.storage.db.build.entity.BuildDependencyTest@79d38dae</td></tr>
<tr>
<td title='org.artifactory.storage.db.build.entity.BuildDependencyTest.mostlyNullBuildDependencyTest3()'><b>mostlyNullBuildDependencyTest3</b><br>Test class: org.artifactory.storage.db.build.entity.BuildDependencyTest</td>
<td></td>
<td>0</td>
<td>org.artifactory.storage.db.build.entity.BuildDependencyTest@79d38dae</td></tr>
<tr>
<td title='org.artifactory.storage.db.build.entity.BuildDependencyTest.negDependencyIdTest()'><b>negDependencyIdTest</b><br>Test class: org.artifactory.storage.db.build.entity.BuildDependencyTest</td>
<td><div><pre>java.lang.IllegalArgumentException: Dependency or Module id cannot be zero or negative!
	at org.artifactory.storage.db.build.entity.BuildDependency.&lt;init&gt;(BuildDependency.java:55)
	at org.artifactory.storage.db.build.entity.BuildDependencyTest.negDependencyIdTest(BuildDependencyTest.java:90)
... Removed 28 stack frames</pre></div><a href='#' onClick='toggleBox("stack-trace1538829625", this, "Click to show all stack frames", "Click to hide stack frames")'>Click to show all stack frames</a>
<div class='stack-trace' id='stack-trace1538829625'><pre>java.lang.IllegalArgumentException: Dependency or Module id cannot be zero or negative!
	at org.artifactory.storage.db.build.entity.BuildDependency.&lt;init&gt;(BuildDependency.java:55)
	at org.artifactory.storage.db.build.entity.BuildDependencyTest.negDependencyIdTest(BuildDependencyTest.java:90)
	at sun.reflect.NativeMethodAccessorImpl.invoke0(Native Method)
	at sun.reflect.NativeMethodAccessorImpl.invoke(NativeMethodAccessorImpl.java:57)
	at sun.reflect.DelegatingMethodAccessorImpl.invoke(DelegatingMethodAccessorImpl.java:43)
	at java.lang.reflect.Method.invoke(Method.java:606)
	at org.testng.internal.MethodInvocationHelper.invokeMethod(MethodInvocationHelper.java:84)
	at org.testng.internal.Invoker.invokeMethod(Invoker.java:714)
	at org.testng.internal.Invoker.invokeTestMethod(Invoker.java:901)
	at org.testng.internal.Invoker.invokeTestMethods(Invoker.java:1231)
	at org.testng.internal.TestMethodWorker.invokeTestMethods(TestMethodWorker.java:127)
	at org.testng.internal.TestMethodWorker.run(TestMethodWorker.java:111)
	at org.testng.TestRunner.privateRun(TestRunner.java:767)
	at org.testng.TestRunner.run(TestRunner.java:617)
	at org.testng.SuiteRunner.runTest(SuiteRunner.java:334)
	at org.testng.SuiteRunner.runSequentially(SuiteRunner.java:329)
	at org.testng.SuiteRunner.privateRun(SuiteRunner.java:291)
	at org.testng.SuiteRunner.run(SuiteRunner.java:240)
	at org.testng.SuiteRunnerWorker.runSuite(SuiteRunnerWorker.java:52)
	at org.testng.SuiteRunnerWorker.run(SuiteRunnerWorker.java:86)
	at org.testng.TestNG.runSuitesSequentially(TestNG.java:1224)
	at org.testng.TestNG.runSuitesLocally(TestNG.java:1149)
	at org.testng.TestNG.run(TestNG.java:1057)
	at org.apache.maven.surefire.testng.TestNGExecutor.run(TestNGExecutor.java:91)
	at org.apache.maven.surefire.testng.TestNGDirectoryTestSuite.executeMulti(TestNGDirectoryTestSuite.java:204)
	at org.apache.maven.surefire.testng.TestNGDirectoryTestSuite.execute(TestNGDirectoryTestSuite.java:107)
	at org.apache.maven.surefire.testng.TestNGProvider.invoke(TestNGProvider.java:113)
	at org.apache.maven.surefire.booter.ForkedBooter.invokeProviderInSameClassLoader(ForkedBooter.java:200)
	at org.apache.maven.surefire.booter.ForkedBooter.runSuitesInProcess(ForkedBooter.java:153)
	at org.apache.maven.surefire.booter.ForkedBooter.main(ForkedBooter.java:103)
</pre></div></td>
<td>0</td>
<td>org.artifactory.storage.db.build.entity.BuildDependencyTest@79d38dae</td></tr>
<tr>
<td title='org.artifactory.storage.db.build.entity.BuildDependencyTest.negModuleIdTest()'><b>negModuleIdTest</b><br>Test class: org.artifactory.storage.db.build.entity.BuildDependencyTest</td>
<td><div><pre>java.lang.IllegalArgumentException: Dependency or Module id cannot be zero or negative!
	at org.artifactory.storage.db.build.entity.BuildDependency.&lt;init&gt;(BuildDependency.java:55)
	at org.artifactory.storage.db.build.entity.BuildDependencyTest.negModuleIdTest(BuildDependencyTest.java:100)
... Removed 28 stack frames</pre></div><a href='#' onClick='toggleBox("stack-trace963946554", this, "Click to show all stack frames", "Click to hide stack frames")'>Click to show all stack frames</a>
<div class='stack-trace' id='stack-trace963946554'><pre>java.lang.IllegalArgumentException: Dependency or Module id cannot be zero or negative!
	at org.artifactory.storage.db.build.entity.BuildDependency.&lt;init&gt;(BuildDependency.java:55)
	at org.artifactory.storage.db.build.entity.BuildDependencyTest.negModuleIdTest(BuildDependencyTest.java:100)
	at sun.reflect.NativeMethodAccessorImpl.invoke0(Native Method)
	at sun.reflect.NativeMethodAccessorImpl.invoke(NativeMethodAccessorImpl.java:57)
	at sun.reflect.DelegatingMethodAccessorImpl.invoke(DelegatingMethodAccessorImpl.java:43)
	at java.lang.reflect.Method.invoke(Method.java:606)
	at org.testng.internal.MethodInvocationHelper.invokeMethod(MethodInvocationHelper.java:84)
	at org.testng.internal.Invoker.invokeMethod(Invoker.java:714)
	at org.testng.internal.Invoker.invokeTestMethod(Invoker.java:901)
	at org.testng.internal.Invoker.invokeTestMethods(Invoker.java:1231)
	at org.testng.internal.TestMethodWorker.invokeTestMethods(TestMethodWorker.java:127)
	at org.testng.internal.TestMethodWorker.run(TestMethodWorker.java:111)
	at org.testng.TestRunner.privateRun(TestRunner.java:767)
	at org.testng.TestRunner.run(TestRunner.java:617)
	at org.testng.SuiteRunner.runTest(SuiteRunner.java:334)
	at org.testng.SuiteRunner.runSequentially(SuiteRunner.java:329)
	at org.testng.SuiteRunner.privateRun(SuiteRunner.java:291)
	at org.testng.SuiteRunner.run(SuiteRunner.java:240)
	at org.testng.SuiteRunnerWorker.runSuite(SuiteRunnerWorker.java:52)
	at org.testng.SuiteRunnerWorker.run(SuiteRunnerWorker.java:86)
	at org.testng.TestNG.runSuitesSequentially(TestNG.java:1224)
	at org.testng.TestNG.runSuitesLocally(TestNG.java:1149)
	at org.testng.TestNG.run(TestNG.java:1057)
	at org.apache.maven.surefire.testng.TestNGExecutor.run(TestNGExecutor.java:91)
	at org.apache.maven.surefire.testng.TestNGDirectoryTestSuite.executeMulti(TestNGDirectoryTestSuite.java:204)
	at org.apache.maven.surefire.testng.TestNGDirectoryTestSuite.execute(TestNGDirectoryTestSuite.java:107)
	at org.apache.maven.surefire.testng.TestNGProvider.invoke(TestNGProvider.java:113)
	at org.apache.maven.surefire.booter.ForkedBooter.invokeProviderInSameClassLoader(ForkedBooter.java:200)
	at org.apache.maven.surefire.booter.ForkedBooter.runSuitesInProcess(ForkedBooter.java:153)
	at org.apache.maven.surefire.booter.ForkedBooter.main(ForkedBooter.java:103)
</pre></div></td>
<td>0</td>
<td>org.artifactory.storage.db.build.entity.BuildDependencyTest@79d38dae</td></tr>
<tr>
<td title='org.artifactory.storage.db.build.entity.BuildDependencyTest.noDependencyIdTest()'><b>noDependencyIdTest</b><br>Test class: org.artifactory.storage.db.build.entity.BuildDependencyTest</td>
<td><div><pre>java.lang.IllegalArgumentException: Dependency or Module id cannot be zero or negative!
	at org.artifactory.storage.db.build.entity.BuildDependency.&lt;init&gt;(BuildDependency.java:55)
	at org.artifactory.storage.db.build.entity.BuildDependencyTest.noDependencyIdTest(BuildDependencyTest.java:85)
... Removed 28 stack frames</pre></div><a href='#' onClick='toggleBox("stack-trace433100110", this, "Click to show all stack frames", "Click to hide stack frames")'>Click to show all stack frames</a>
<div class='stack-trace' id='stack-trace433100110'><pre>java.lang.IllegalArgumentException: Dependency or Module id cannot be zero or negative!
	at org.artifactory.storage.db.build.entity.BuildDependency.&lt;init&gt;(BuildDependency.java:55)
	at org.artifactory.storage.db.build.entity.BuildDependencyTest.noDependencyIdTest(BuildDependencyTest.java:85)
	at sun.reflect.NativeMethodAccessorImpl.invoke0(Native Method)
	at sun.reflect.NativeMethodAccessorImpl.invoke(NativeMethodAccessorImpl.java:57)
	at sun.reflect.DelegatingMethodAccessorImpl.invoke(DelegatingMethodAccessorImpl.java:43)
	at java.lang.reflect.Method.invoke(Method.java:606)
	at org.testng.internal.MethodInvocationHelper.invokeMethod(MethodInvocationHelper.java:84)
	at org.testng.internal.Invoker.invokeMethod(Invoker.java:714)
	at org.testng.internal.Invoker.invokeTestMethod(Invoker.java:901)
	at org.testng.internal.Invoker.invokeTestMethods(Invoker.java:1231)
	at org.testng.internal.TestMethodWorker.invokeTestMethods(TestMethodWorker.java:127)
	at org.testng.internal.TestMethodWorker.run(TestMethodWorker.java:111)
	at org.testng.TestRunner.privateRun(TestRunner.java:767)
	at org.testng.TestRunner.run(TestRunner.java:617)
	at org.testng.SuiteRunner.runTest(SuiteRunner.java:334)
	at org.testng.SuiteRunner.runSequentially(SuiteRunner.java:329)
	at org.testng.SuiteRunner.privateRun(SuiteRunner.java:291)
	at org.testng.SuiteRunner.run(SuiteRunner.java:240)
	at org.testng.SuiteRunnerWorker.runSuite(SuiteRunnerWorker.java:52)
	at org.testng.SuiteRunnerWorker.run(SuiteRunnerWorker.java:86)
	at org.testng.TestNG.runSuitesSequentially(TestNG.java:1224)
	at org.testng.TestNG.runSuitesLocally(TestNG.java:1149)
	at org.testng.TestNG.run(TestNG.java:1057)
	at org.apache.maven.surefire.testng.TestNGExecutor.run(TestNGExecutor.java:91)
	at org.apache.maven.surefire.testng.TestNGDirectoryTestSuite.executeMulti(TestNGDirectoryTestSuite.java:204)
	at org.apache.maven.surefire.testng.TestNGDirectoryTestSuite.execute(TestNGDirectoryTestSuite.java:107)
	at org.apache.maven.surefire.testng.TestNGProvider.invoke(TestNGProvider.java:113)
	at org.apache.maven.surefire.booter.ForkedBooter.invokeProviderInSameClassLoader(ForkedBooter.java:200)
	at org.apache.maven.surefire.booter.ForkedBooter.runSuitesInProcess(ForkedBooter.java:153)
	at org.apache.maven.surefire.booter.ForkedBooter.main(ForkedBooter.java:103)
</pre></div></td>
<td>0</td>
<td>org.artifactory.storage.db.build.entity.BuildDependencyTest@79d38dae</td></tr>
<tr>
<td title='org.artifactory.storage.db.build.entity.BuildDependencyTest.noDependencyNameTest()'><b>noDependencyNameTest</b><br>Test class: org.artifactory.storage.db.build.entity.BuildDependencyTest</td>
<td><div><pre>java.lang.IllegalArgumentException: Dependency id name cannot be null!
	at org.artifactory.storage.db.build.entity.BuildDependency.&lt;init&gt;(BuildDependency.java:58)
	at org.artifactory.storage.db.build.entity.BuildDependencyTest.noDependencyNameTest(BuildDependencyTest.java:105)
... Removed 28 stack frames</pre></div><a href='#' onClick='toggleBox("stack-trace1291469087", this, "Click to show all stack frames", "Click to hide stack frames")'>Click to show all stack frames</a>
<div class='stack-trace' id='stack-trace1291469087'><pre>java.lang.IllegalArgumentException: Dependency id name cannot be null!
	at org.artifactory.storage.db.build.entity.BuildDependency.&lt;init&gt;(BuildDependency.java:58)
	at org.artifactory.storage.db.build.entity.BuildDependencyTest.noDependencyNameTest(BuildDependencyTest.java:105)
	at sun.reflect.NativeMethodAccessorImpl.invoke0(Native Method)
	at sun.reflect.NativeMethodAccessorImpl.invoke(NativeMethodAccessorImpl.java:57)
	at sun.reflect.DelegatingMethodAccessorImpl.invoke(DelegatingMethodAccessorImpl.java:43)
	at java.lang.reflect.Method.invoke(Method.java:606)
	at org.testng.internal.MethodInvocationHelper.invokeMethod(MethodInvocationHelper.java:84)
	at org.testng.internal.Invoker.invokeMethod(Invoker.java:714)
	at org.testng.internal.Invoker.invokeTestMethod(Invoker.java:901)
	at org.testng.internal.Invoker.invokeTestMethods(Invoker.java:1231)
	at org.testng.internal.TestMethodWorker.invokeTestMethods(TestMethodWorker.java:127)
	at org.testng.internal.TestMethodWorker.run(TestMethodWorker.java:111)
	at org.testng.TestRunner.privateRun(TestRunner.java:767)
	at org.testng.TestRunner.run(TestRunner.java:617)
	at org.testng.SuiteRunner.runTest(SuiteRunner.java:334)
	at org.testng.SuiteRunner.runSequentially(SuiteRunner.java:329)
	at org.testng.SuiteRunner.privateRun(SuiteRunner.java:291)
	at org.testng.SuiteRunner.run(SuiteRunner.java:240)
	at org.testng.SuiteRunnerWorker.runSuite(SuiteRunnerWorker.java:52)
	at org.testng.SuiteRunnerWorker.run(SuiteRunnerWorker.java:86)
	at org.testng.TestNG.runSuitesSequentially(TestNG.java:1224)
	at org.testng.TestNG.runSuitesLocally(TestNG.java:1149)
	at org.testng.TestNG.run(TestNG.java:1057)
	at org.apache.maven.surefire.testng.TestNGExecutor.run(TestNGExecutor.java:91)
	at org.apache.maven.surefire.testng.TestNGDirectoryTestSuite.executeMulti(TestNGDirectoryTestSuite.java:204)
	at org.apache.maven.surefire.testng.TestNGDirectoryTestSuite.execute(TestNGDirectoryTestSuite.java:107)
	at org.apache.maven.surefire.testng.TestNGProvider.invoke(TestNGProvider.java:113)
	at org.apache.maven.surefire.booter.ForkedBooter.invokeProviderInSameClassLoader(ForkedBooter.java:200)
	at org.apache.maven.surefire.booter.ForkedBooter.runSuitesInProcess(ForkedBooter.java:153)
	at org.apache.maven.surefire.booter.ForkedBooter.main(ForkedBooter.java:103)
</pre></div></td>
<td>0</td>
<td>org.artifactory.storage.db.build.entity.BuildDependencyTest@79d38dae</td></tr>
<tr>
<td title='org.artifactory.storage.db.build.entity.BuildDependencyTest.noModuleIdTest()'><b>noModuleIdTest</b><br>Test class: org.artifactory.storage.db.build.entity.BuildDependencyTest</td>
<td><div><pre>java.lang.IllegalArgumentException: Dependency or Module id cannot be zero or negative!
	at org.artifactory.storage.db.build.entity.BuildDependency.&lt;init&gt;(BuildDependency.java:55)
	at org.artifactory.storage.db.build.entity.BuildDependencyTest.noModuleIdTest(BuildDependencyTest.java:95)
... Removed 28 stack frames</pre></div><a href='#' onClick='toggleBox("stack-trace1103724980", this, "Click to show all stack frames", "Click to hide stack frames")'>Click to show all stack frames</a>
<div class='stack-trace' id='stack-trace1103724980'><pre>java.lang.IllegalArgumentException: Dependency or Module id cannot be zero or negative!
	at org.artifactory.storage.db.build.entity.BuildDependency.&lt;init&gt;(BuildDependency.java:55)
	at org.artifactory.storage.db.build.entity.BuildDependencyTest.noModuleIdTest(BuildDependencyTest.java:95)
	at sun.reflect.NativeMethodAccessorImpl.invoke0(Native Method)
	at sun.reflect.NativeMethodAccessorImpl.invoke(NativeMethodAccessorImpl.java:57)
	at sun.reflect.DelegatingMethodAccessorImpl.invoke(DelegatingMethodAccessorImpl.java:43)
	at java.lang.reflect.Method.invoke(Method.java:606)
	at org.testng.internal.MethodInvocationHelper.invokeMethod(MethodInvocationHelper.java:84)
	at org.testng.internal.Invoker.invokeMethod(Invoker.java:714)
	at org.testng.internal.Invoker.invokeTestMethod(Invoker.java:901)
	at org.testng.internal.Invoker.invokeTestMethods(Invoker.java:1231)
	at org.testng.internal.TestMethodWorker.invokeTestMethods(TestMethodWorker.java:127)
	at org.testng.internal.TestMethodWorker.run(TestMethodWorker.java:111)
	at org.testng.TestRunner.privateRun(TestRunner.java:767)
	at org.testng.TestRunner.run(TestRunner.java:617)
	at org.testng.SuiteRunner.runTest(SuiteRunner.java:334)
	at org.testng.SuiteRunner.runSequentially(SuiteRunner.java:329)
	at org.testng.SuiteRunner.privateRun(SuiteRunner.java:291)
	at org.testng.SuiteRunner.run(SuiteRunner.java:240)
	at org.testng.SuiteRunnerWorker.runSuite(SuiteRunnerWorker.java:52)
	at org.testng.SuiteRunnerWorker.run(SuiteRunnerWorker.java:86)
	at org.testng.TestNG.runSuitesSequentially(TestNG.java:1224)
	at org.testng.TestNG.runSuitesLocally(TestNG.java:1149)
	at org.testng.TestNG.run(TestNG.java:1057)
	at org.apache.maven.surefire.testng.TestNGExecutor.run(TestNGExecutor.java:91)
	at org.apache.maven.surefire.testng.TestNGDirectoryTestSuite.executeMulti(TestNGDirectoryTestSuite.java:204)
	at org.apache.maven.surefire.testng.TestNGDirectoryTestSuite.execute(TestNGDirectoryTestSuite.java:107)
	at org.apache.maven.surefire.testng.TestNGProvider.invoke(TestNGProvider.java:113)
	at org.apache.maven.surefire.booter.ForkedBooter.invokeProviderInSameClassLoader(ForkedBooter.java:200)
	at org.apache.maven.surefire.booter.ForkedBooter.runSuitesInProcess(ForkedBooter.java:153)
	at org.apache.maven.surefire.booter.ForkedBooter.main(ForkedBooter.java:103)
</pre></div></td>
<td>0</td>
<td>org.artifactory.storage.db.build.entity.BuildDependencyTest@79d38dae</td></tr>
<tr>
<td title='org.artifactory.storage.db.build.entity.BuildDependencyTest.simpleBuildDependencyTest()'><b>simpleBuildDependencyTest</b><br>Test class: org.artifactory.storage.db.build.entity.BuildDependencyTest</td>
<td></td>
<td>0</td>
<td>org.artifactory.storage.db.build.entity.BuildDependencyTest@79d38dae</td></tr>
</table><p>
</body>
</html>