<?xml version="1.0" encoding="UTF-8"?>
<testng-results skipped="0" failed="0" total="60" passed="60">
  <reporter-output>
  </reporter-output>
  <suite name="org.artifactory.storage.fs.tree.file.JavaIOFileAdapterTest" duration-ms="5" started-at="2014-11-27T18:03:09Z" finished-at="2014-11-27T18:03:09Z">
    <groups>
    </groups>
    <test name="Command line test 0a6d74f6-f852-440c-9101-a4c4a3585efc" duration-ms="5" started-at="2014-11-27T18:03:09Z" finished-at="2014-11-27T18:03:09Z">
      <class name="org.artifactory.storage.fs.tree.file.JavaIOFileAdapterTest">
        <test-method status="PASS" signature="fileInfoAdapter()[pri:0, instance:org.artifactory.storage.fs.tree.file.JavaIOFileAdapterTest@139a9de2]" name="fileInfoAdapter" duration-ms="2" started-at="2014-11-27T20:03:09Z" finished-at="2014-11-27T20:03:09Z">
          <reporter-output>
          </reporter-output>
        </test-method> <!-- fileInfoAdapter -->
        <test-method status="PASS" signature="folderInfoAdapter()[pri:0, instance:org.artifactory.storage.fs.tree.file.JavaIOFileAdapterTest@139a9de2]" name="folderInfoAdapter" duration-ms="2" started-at="2014-11-27T20:03:09Z" finished-at="2014-11-27T20:03:09Z">
          <reporter-output>
          </reporter-output>
        </test-method> <!-- folderInfoAdapter -->
      </class> <!-- org.artifactory.storage.fs.tree.file.JavaIOFileAdapterTest -->
    </test> <!-- Command line test 0a6d74f6-f852-440c-9101-a4c4a3585efc -->
  </suite> <!-- org.artifactory.storage.fs.tree.file.JavaIOFileAdapterTest -->
  <suite name="org.artifactory.api.security.AceInfoTest" duration-ms="5" started-at="2014-11-27T18:03:09Z" finished-at="2014-11-27T18:03:09Z">
    <groups>
    </groups>
    <test name="Command line test e482ab49-34ac-4a90-896a-2f58079ff4b5" duration-ms="5" started-at="2014-11-27T18:03:09Z" finished-at="2014-11-27T18:03:09Z">
      <class name="org.artifactory.api.security.AceInfoTest">
        <test-method status="PASS" signature="adminMaskOnly()[pri:0, instance:org.artifactory.api.security.AceInfoTest@58f368dc]" name="adminMaskOnly" duration-ms="1" started-at="2014-11-27T20:03:09Z" finished-at="2014-11-27T20:03:09Z">
          <reporter-output>
          </reporter-output>
        </test-method> <!-- adminMaskOnly -->
        <test-method status="PASS" signature="annotatorMaskOnly()[pri:0, instance:org.artifactory.api.security.AceInfoTest@58f368dc]" name="annotatorMaskOnly" duration-ms="0" started-at="2014-11-27T20:03:09Z" finished-at="2014-11-27T20:03:09Z">
          <reporter-output>
          </reporter-output>
        </test-method> <!-- annotatorMaskOnly -->
        <test-method status="PASS" signature="allMasks()[pri:0, instance:org.artifactory.api.security.AceInfoTest@58f368dc]" name="allMasks" duration-ms="0" started-at="2014-11-27T20:03:09Z" finished-at="2014-11-27T20:03:09Z">
          <reporter-output>
          </reporter-output>
        </test-method> <!-- allMasks -->
        <test-method status="PASS" signature="copyConstructor()[pri:0, instance:org.artifactory.api.security.AceInfoTest@58f368dc]" name="copyConstructor" duration-ms="0" started-at="2014-11-27T20:03:09Z" finished-at="2014-11-27T20:03:09Z">
          <reporter-output>
          </reporter-output>
        </test-method> <!-- copyConstructor -->
        <test-method status="PASS" signature="copyConstructorReflectionEquality()[pri:0, instance:org.artifactory.api.security.AceInfoTest@58f368dc]" name="copyConstructorReflectionEquality" duration-ms="0" started-at="2014-11-27T20:03:09Z" finished-at="2014-11-27T20:03:09Z">
          <reporter-output>
          </reporter-output>
        </test-method> <!-- copyConstructorReflectionEquality -->
        <test-method status="PASS" signature="deployerMaskOnly()[pri:0, instance:org.artifactory.api.security.AceInfoTest@58f368dc]" name="deployerMaskOnly" duration-ms="0" started-at="2014-11-27T20:03:09Z" finished-at="2014-11-27T20:03:09Z">
          <reporter-output>
          </reporter-output>
        </test-method> <!-- deployerMaskOnly -->
        <test-method status="PASS" signature="readerMaskOnly()[pri:0, instance:org.artifactory.api.security.AceInfoTest@58f368dc]" name="readerMaskOnly" duration-ms="0" started-at="2014-11-27T20:03:09Z" finished-at="2014-11-27T20:03:09Z">
          <reporter-output>
          </reporter-output>
        </test-method> <!-- readerMaskOnly -->
        <test-method status="PASS" signature="deleterMaskOnly()[pri:0, instance:org.artifactory.api.security.AceInfoTest@58f368dc]" name="deleterMaskOnly" duration-ms="0" started-at="2014-11-27T20:03:09Z" finished-at="2014-11-27T20:03:09Z">
          <reporter-output>
          </reporter-output>
        </test-method> <!-- deleterMaskOnly -->
      </class> <!-- org.artifactory.api.security.AceInfoTest -->
    </test> <!-- Command line test e482ab49-34ac-4a90-896a-2f58079ff4b5 -->
  </suite> <!-- org.artifactory.api.security.AceInfoTest -->
  <suite name="org.artifactory.api.fs.FileInfoImplTest" duration-ms="416" started-at="2014-11-27T18:03:08Z" finished-at="2014-11-27T18:03:09Z">
    <groups>
    </groups>
    <test name="Command line test 618462cb-1bd6-4bef-b3fd-57c3000a2f5d" duration-ms="416" started-at="2014-11-27T18:03:08Z" finished-at="2014-11-27T18:03:09Z">
      <class name="org.artifactory.api.fs.FileInfoImplTest">
        <test-method status="PASS" signature="readMimeTypes()[pri:0, instance:org.artifactory.api.fs.FileInfoImplTest@1d7d0e70]" name="readMimeTypes" is-config="true" duration-ms="384" started-at="2014-11-27T20:03:08Z" finished-at="2014-11-27T20:03:09Z">
          <reporter-output>
          </reporter-output>
        </test-method> <!-- readMimeTypes -->
        <test-method status="PASS" signature="bindArtifactoryHome()[pri:0, instance:org.artifactory.api.fs.FileInfoImplTest@1d7d0e70]" name="bindArtifactoryHome" is-config="true" duration-ms="18" started-at="2014-11-27T20:03:09Z" finished-at="2014-11-27T20:03:09Z">
          <reporter-output>
          </reporter-output>
        </test-method> <!-- bindArtifactoryHome -->
        <test-method status="PASS" signature="differentChecksumNotIdentical()[pri:0, instance:org.artifactory.api.fs.FileInfoImplTest@1d7d0e70]" name="differentChecksumNotIdentical" duration-ms="12" started-at="2014-11-27T20:03:09Z" finished-at="2014-11-27T20:03:09Z">
          <reporter-output>
          </reporter-output>
        </test-method> <!-- differentChecksumNotIdentical -->
        <test-method status="PASS" signature="unbindArtifactoryHome()[pri:0, instance:org.artifactory.api.fs.FileInfoImplTest@1d7d0e70]" name="unbindArtifactoryHome" is-config="true" duration-ms="0" started-at="2014-11-27T20:03:09Z" finished-at="2014-11-27T20:03:09Z">
          <reporter-output>
          </reporter-output>
        </test-method> <!-- unbindArtifactoryHome -->
      </class> <!-- org.artifactory.api.fs.FileInfoImplTest -->
    </test> <!-- Command line test 618462cb-1bd6-4bef-b3fd-57c3000a2f5d -->
  </suite> <!-- org.artifactory.api.fs.FileInfoImplTest -->
  <suite name="org.artifactory.api.security.PermissionTargetInfoTest" duration-ms="3" started-at="2014-11-27T18:03:09Z" finished-at="2014-11-27T18:03:09Z">
    <groups>
    </groups>
    <test name="Command line test d569cdc7-fdb6-4cbe-9b53-1127512bd814" duration-ms="3" started-at="2014-11-27T18:03:09Z" finished-at="2014-11-27T18:03:09Z">
      <class name="org.artifactory.api.security.PermissionTargetInfoTest">
        <test-method status="PASS" signature="copyConstructor()[pri:0, instance:org.artifactory.api.security.PermissionTargetInfoTest@633b2b95]" name="copyConstructor" duration-ms="1" started-at="2014-11-27T20:03:09Z" finished-at="2014-11-27T20:03:09Z">
          <reporter-output>
          </reporter-output>
        </test-method> <!-- copyConstructor -->
        <test-method status="PASS" signature="copyConstructorReflectionEquality()[pri:0, instance:org.artifactory.api.security.PermissionTargetInfoTest@633b2b95]" name="copyConstructorReflectionEquality" duration-ms="0" started-at="2014-11-27T20:03:09Z" finished-at="2014-11-27T20:03:09Z">
          <reporter-output>
          </reporter-output>
        </test-method> <!-- copyConstructorReflectionEquality -->
        <test-method status="PASS" signature="createWithNoIncluesExcludesPatterns()[pri:0, instance:org.artifactory.api.security.PermissionTargetInfoTest@633b2b95]" name="createWithNoIncluesExcludesPatterns" duration-ms="1" started-at="2014-11-27T20:03:09Z" finished-at="2014-11-27T20:03:09Z">
          <reporter-output>
          </reporter-output>
        </test-method> <!-- createWithNoIncluesExcludesPatterns -->
        <test-method status="PASS" signature="createWithIncluesAndExcludesPatterns()[pri:0, instance:org.artifactory.api.security.PermissionTargetInfoTest@633b2b95]" name="createWithIncluesAndExcludesPatterns" duration-ms="0" started-at="2014-11-27T20:03:09Z" finished-at="2014-11-27T20:03:09Z">
          <reporter-output>
          </reporter-output>
        </test-method> <!-- createWithIncluesAndExcludesPatterns -->
        <test-method status="PASS" signature="testDefaultConstructor()[pri:0, instance:org.artifactory.api.security.PermissionTargetInfoTest@633b2b95]" name="testDefaultConstructor" duration-ms="0" started-at="2014-11-27T20:03:09Z" finished-at="2014-11-27T20:03:09Z">
          <reporter-output>
          </reporter-output>
        </test-method> <!-- testDefaultConstructor -->
      </class> <!-- org.artifactory.api.security.PermissionTargetInfoTest -->
    </test> <!-- Command line test d569cdc7-fdb6-4cbe-9b53-1127512bd814 -->
  </suite> <!-- org.artifactory.api.security.PermissionTargetInfoTest -->
  <suite name="org.artifactory.storage.StoragePropertiesTest" duration-ms="10" started-at="2014-11-27T18:03:09Z" finished-at="2014-11-27T18:03:09Z">
    <groups>
    </groups>
    <test name="Command line test 32330937-4d2b-4808-b1b2-76ae643e15c5" duration-ms="10" started-at="2014-11-27T18:03:09Z" finished-at="2014-11-27T18:03:09Z">
      <class name="org.artifactory.storage.StoragePropertiesTest">
        <test-method status="PASS" signature="failUnsupportedDatabaseType()[pri:0, instance:org.artifactory.storage.StoragePropertiesTest@305eac01]" name="failUnsupportedDatabaseType" duration-ms="2" started-at="2014-11-27T20:03:09Z" finished-at="2014-11-27T20:03:09Z">
          <exception class="java.lang.IllegalArgumentException">
            <message>
              <![CDATA[Couldn't find db type matching the name 'Space']]>
            </message>
            <full-stacktrace>
              <![CDATA[java.lang.IllegalArgumentException: Couldn't find db type matching the name 'Space'
	at org.artifactory.storage.db.DbType.parse(DbType.java:36)
	at org.artifactory.storage.StorageProperties.<init>(StorageProperties.java:58)
	at org.artifactory.storage.StoragePropertiesTest.failUnsupportedDatabaseType(StoragePropertiesTest.java:40)
	at sun.reflect.NativeMethodAccessorImpl.invoke0(Native Method)
	at sun.reflect.NativeMethodAccessorImpl.invoke(NativeMethodAccessorImpl.java:57)
	at sun.reflect.DelegatingMethodAccessorImpl.invoke(DelegatingMethodAccessorImpl.java:43)
	at java.lang.reflect.Method.invoke(Method.java:606)
	at org.testng.internal.MethodInvocationHelper.invokeMethod(MethodInvocationHelper.java:84)
	at org.testng.internal.Invoker.invokeMethod(Invoker.java:714)
	at org.testng.internal.Invoker.invokeTestMethod(Invoker.java:901)
	at org.testng.internal.Invoker.invokeTestMethods(Invoker.java:1231)
	at org.testng.internal.TestMethodWorker.invokeTestMethods(TestMethodWorker.java:127)
	at org.testng.internal.TestMethodWorker.run(TestMethodWorker.java:111)
	at org.testng.TestRunner.privateRun(TestRunner.java:767)
	at org.testng.TestRunner.run(TestRunner.java:617)
	at org.testng.SuiteRunner.runTest(SuiteRunner.java:334)
	at org.testng.SuiteRunner.runSequentially(SuiteRunner.java:329)
	at org.testng.SuiteRunner.privateRun(SuiteRunner.java:291)
	at org.testng.SuiteRunner.run(SuiteRunner.java:240)
	at org.testng.SuiteRunnerWorker.runSuite(SuiteRunnerWorker.java:52)
	at org.testng.SuiteRunnerWorker.run(SuiteRunnerWorker.java:86)
	at org.testng.TestNG.runSuitesSequentially(TestNG.java:1224)
	at org.testng.TestNG.runSuitesLocally(TestNG.java:1149)
	at org.testng.TestNG.run(TestNG.java:1057)
	at org.apache.maven.surefire.testng.TestNGExecutor.run(TestNGExecutor.java:91)
	at org.apache.maven.surefire.testng.TestNGDirectoryTestSuite.executeMulti(TestNGDirectoryTestSuite.java:204)
	at org.apache.maven.surefire.testng.TestNGDirectoryTestSuite.execute(TestNGDirectoryTestSuite.java:107)
	at org.apache.maven.surefire.testng.TestNGProvider.invoke(TestNGProvider.java:113)
	at org.apache.maven.surefire.booter.ForkedBooter.invokeProviderInSameClassLoader(ForkedBooter.java:200)
	at org.apache.maven.surefire.booter.ForkedBooter.runSuitesInProcess(ForkedBooter.java:153)
	at org.apache.maven.surefire.booter.ForkedBooter.main(ForkedBooter.java:103)
]]>
            </full-stacktrace>
          </exception> <!-- java.lang.IllegalArgumentException -->
          <reporter-output>
          </reporter-output>
        </test-method> <!-- failUnsupportedDatabaseType -->
        <test-method status="PASS" signature="isDerby()[pri:0, instance:org.artifactory.storage.StoragePropertiesTest@305eac01]" name="isDerby" duration-ms="1" started-at="2014-11-27T20:03:09Z" finished-at="2014-11-27T20:03:09Z">
          <reporter-output>
          </reporter-output>
        </test-method> <!-- isDerby -->
        <test-method status="PASS" signature="isPostgres()[pri:0, instance:org.artifactory.storage.StoragePropertiesTest@305eac01]" name="isPostgres" duration-ms="1" started-at="2014-11-27T20:03:09Z" finished-at="2014-11-27T20:03:09Z">
          <reporter-output>
          </reporter-output>
        </test-method> <!-- isPostgres -->
        <test-method status="PASS" signature="minimalPropertiesFile()[pri:0, instance:org.artifactory.storage.StoragePropertiesTest@305eac01]" name="minimalPropertiesFile" duration-ms="5" started-at="2014-11-27T20:03:09Z" finished-at="2014-11-27T20:03:09Z">
          <reporter-output>
          </reporter-output>
        </test-method> <!-- minimalPropertiesFile -->
        <test-method status="PASS" signature="minimalWithCacheSize()[pri:0, instance:org.artifactory.storage.StoragePropertiesTest@305eac01]" name="minimalWithCacheSize" duration-ms="1" started-at="2014-11-27T20:03:09Z" finished-at="2014-11-27T20:03:09Z">
          <reporter-output>
          </reporter-output>
        </test-method> <!-- minimalWithCacheSize -->
      </class> <!-- org.artifactory.storage.StoragePropertiesTest -->
    </test> <!-- Command line test 32330937-4d2b-4808-b1b2-76ae643e15c5 -->
  </suite> <!-- org.artifactory.storage.StoragePropertiesTest -->
  <suite name="org.artifactory.model.xstream.fs.PropertiesImplTest" duration-ms="1" started-at="2014-11-27T18:03:09Z" finished-at="2014-11-27T18:03:09Z">
    <groups>
    </groups>
    <test name="Command line test 8b0d6eea-edac-4547-a8a3-ffd7ecbe45ec" duration-ms="1" started-at="2014-11-27T18:03:09Z" finished-at="2014-11-27T18:03:09Z">
      <class name="org.artifactory.model.xstream.fs.PropertiesImplTest">
        <test-method status="PASS" signature="isEmpty()[pri:0, instance:org.artifactory.model.xstream.fs.PropertiesImplTest@7685dfcf]" name="isEmpty" duration-ms="0" started-at="2014-11-27T20:03:09Z" finished-at="2014-11-27T20:03:09Z">
          <reporter-output>
          </reporter-output>
        </test-method> <!-- isEmpty -->
        <test-method status="PASS" signature="isEmptyAndNormalProperty()[pri:0, instance:org.artifactory.model.xstream.fs.PropertiesImplTest@7685dfcf]" name="isEmptyAndNormalProperty" duration-ms="0" started-at="2014-11-27T20:03:09Z" finished-at="2014-11-27T20:03:09Z">
          <reporter-output>
          </reporter-output>
        </test-method> <!-- isEmptyAndNormalProperty -->
      </class> <!-- org.artifactory.model.xstream.fs.PropertiesImplTest -->
    </test> <!-- Command line test 8b0d6eea-edac-4547-a8a3-ffd7ecbe45ec -->
  </suite> <!-- org.artifactory.model.xstream.fs.PropertiesImplTest -->
  <suite name="org.artifactory.factory.xstream.ChecksumsInfoConverterTest" duration-ms="137" started-at="2014-11-27T18:03:09Z" finished-at="2014-11-27T18:03:09Z">
    <groups>
    </groups>
    <test name="Command line test 78a5f689-a066-43b9-af58-58a6a3bd3e9b" duration-ms="137" started-at="2014-11-27T18:03:09Z" finished-at="2014-11-27T18:03:09Z">
      <class name="org.artifactory.factory.xstream.ChecksumsInfoConverterTest">
        <test-method status="PASS" signature="testConversion()[pri:0, instance:org.artifactory.factory.xstream.ChecksumsInfoConverterTest@72c25346]" name="testConversion" duration-ms="136" started-at="2014-11-27T20:03:09Z" finished-at="2014-11-27T20:03:09Z">
          <reporter-output>
          </reporter-output>
        </test-method> <!-- testConversion -->
      </class> <!-- org.artifactory.factory.xstream.ChecksumsInfoConverterTest -->
    </test> <!-- Command line test 78a5f689-a066-43b9-af58-58a6a3bd3e9b -->
  </suite> <!-- org.artifactory.factory.xstream.ChecksumsInfoConverterTest -->
  <suite name="org.artifactory.model.common.RepoPathTest" duration-ms="12" started-at="2014-11-27T18:03:09Z" finished-at="2014-11-27T18:03:09Z">
    <groups>
    </groups>
    <test name="Command line test a1c1b1fc-da5a-4636-a25a-68d70c0f5c9f" duration-ms="12" started-at="2014-11-27T18:03:09Z" finished-at="2014-11-27T18:03:09Z">
      <class name="org.artifactory.model.common.RepoPathTest">
        <test-method status="PASS" signature="archiveResourcePath()[pri:0, instance:org.artifactory.model.common.RepoPathTest@6f18a7e0]" name="archiveResourcePath" duration-ms="8" started-at="2014-11-27T20:03:09Z" finished-at="2014-11-27T20:03:09Z">
          <reporter-output>
          </reporter-output>
        </test-method> <!-- archiveResourcePath -->
        <test-method status="PASS" signature="archiveResourcePathLeadingSlash()[pri:0, instance:org.artifactory.model.common.RepoPathTest@6f18a7e0]" name="archiveResourcePathLeadingSlash" duration-ms="0" started-at="2014-11-27T20:03:09Z" finished-at="2014-11-27T20:03:09Z">
          <reporter-output>
          </reporter-output>
        </test-method> <!-- archiveResourcePathLeadingSlash -->
        <test-method status="PASS" signature="getParentRepoPathWithNoParent()[pri:0, instance:org.artifactory.model.common.RepoPathTest@6f18a7e0]" name="getParentRepoPathWithNoParent" duration-ms="0" started-at="2014-11-27T20:03:09Z" finished-at="2014-11-27T20:03:09Z">
          <reporter-output>
          </reporter-output>
        </test-method> <!-- getParentRepoPathWithNoParent -->
        <test-method status="PASS" signature="getParentRepoPathLastParent()[pri:0, instance:org.artifactory.model.common.RepoPathTest@6f18a7e0]" name="getParentRepoPathLastParent" duration-ms="0" started-at="2014-11-27T20:03:09Z" finished-at="2014-11-27T20:03:09Z">
          <reporter-output>
          </reporter-output>
        </test-method> <!-- getParentRepoPathLastParent -->
        <test-method status="PASS" signature="getParentRepoPathForRoot()[pri:0, instance:org.artifactory.model.common.RepoPathTest@6f18a7e0]" name="getParentRepoPathForRoot" duration-ms="0" started-at="2014-11-27T20:03:09Z" finished-at="2014-11-27T20:03:09Z">
          <reporter-output>
          </reporter-output>
        </test-method> <!-- getParentRepoPathForRoot -->
        <test-method status="PASS" signature="getParentRepoPathWithParent()[pri:0, instance:org.artifactory.model.common.RepoPathTest@6f18a7e0]" name="getParentRepoPathWithParent" duration-ms="0" started-at="2014-11-27T20:03:09Z" finished-at="2014-11-27T20:03:09Z">
          <reporter-output>
          </reporter-output>
        </test-method> <!-- getParentRepoPathWithParent -->
        <test-method status="PASS" signature="repoRootPath()[pri:0, instance:org.artifactory.model.common.RepoPathTest@6f18a7e0]" name="repoRootPath" duration-ms="0" started-at="2014-11-27T20:03:09Z" finished-at="2014-11-27T20:03:09Z">
          <reporter-output>
          </reporter-output>
        </test-method> <!-- repoRootPath -->
        <test-method status="PASS" signature="rootPath()[pri:0, instance:org.artifactory.model.common.RepoPathTest@6f18a7e0]" name="rootPath" duration-ms="0" started-at="2014-11-27T20:03:09Z" finished-at="2014-11-27T20:03:09Z">
          <reporter-output>
          </reporter-output>
        </test-method> <!-- rootPath -->
        <test-method status="PASS" signature="toPathRootRepoPath()[pri:0, instance:org.artifactory.model.common.RepoPathTest@6f18a7e0]" name="toPathRootRepoPath" duration-ms="0" started-at="2014-11-27T20:03:09Z" finished-at="2014-11-27T20:03:09Z">
          <reporter-output>
          </reporter-output>
        </test-method> <!-- toPathRootRepoPath -->
        <test-method status="PASS" signature="toPathWithRelativePath()[pri:0, instance:org.artifactory.model.common.RepoPathTest@6f18a7e0]" name="toPathWithRelativePath" duration-ms="0" started-at="2014-11-27T20:03:09Z" finished-at="2014-11-27T20:03:09Z">
          <reporter-output>
          </reporter-output>
        </test-method> <!-- toPathWithRelativePath -->
      </class> <!-- org.artifactory.model.common.RepoPathTest -->
    </test> <!-- Command line test a1c1b1fc-da5a-4636-a25a-68d70c0f5c9f -->
  </suite> <!-- org.artifactory.model.common.RepoPathTest -->
  <suite name="org.artifactory.api.security.GroupInfoTest" duration-ms="2" started-at="2014-11-27T18:03:09Z" finished-at="2014-11-27T18:03:09Z">
    <groups>
    </groups>
    <test name="Command line test 9e91ece6-3c53-4235-8275-2ccc4f3df217" duration-ms="2" started-at="2014-11-27T18:03:09Z" finished-at="2014-11-27T18:03:09Z">
      <class name="org.artifactory.api.security.GroupInfoTest">
        <test-method status="PASS" signature="copyConstructor()[pri:0, instance:org.artifactory.api.security.GroupInfoTest@3fd4c0d2]" name="copyConstructor" duration-ms="0" started-at="2014-11-27T20:03:09Z" finished-at="2014-11-27T20:03:09Z">
          <reporter-output>
          </reporter-output>
        </test-method> <!-- copyConstructor -->
        <test-method status="PASS" signature="defaultConstructor()[pri:0, instance:org.artifactory.api.security.GroupInfoTest@3fd4c0d2]" name="defaultConstructor" duration-ms="0" started-at="2014-11-27T20:03:09Z" finished-at="2014-11-27T20:03:09Z">
          <reporter-output>
          </reporter-output>
        </test-method> <!-- defaultConstructor -->
      </class> <!-- org.artifactory.api.security.GroupInfoTest -->
    </test> <!-- Command line test 9e91ece6-3c53-4235-8275-2ccc4f3df217 -->
  </suite> <!-- org.artifactory.api.security.GroupInfoTest -->
  <suite name="org.artifactory.storage.db.DbTypeTest" duration-ms="4" started-at="2014-11-27T18:03:09Z" finished-at="2014-11-27T18:03:09Z">
    <groups>
    </groups>
    <test name="Command line test d0a727ed-293d-4962-b2e5-a38c72913193" duration-ms="4" started-at="2014-11-27T18:03:09Z" finished-at="2014-11-27T18:03:09Z">
      <class name="org.artifactory.storage.db.DbTypeTest">
        <test-method status="PASS" signature="parseEmpty()[pri:0, instance:org.artifactory.storage.db.DbTypeTest@37a63e06]" name="parseEmpty" duration-ms="1" started-at="2014-11-27T20:03:09Z" finished-at="2014-11-27T20:03:09Z">
          <exception class="java.lang.IllegalArgumentException">
            <message>
              <![CDATA[Couldn't find db type matching the name '']]>
            </message>
            <full-stacktrace>
              <![CDATA[java.lang.IllegalArgumentException: Couldn't find db type matching the name ''
	at org.artifactory.storage.db.DbType.parse(DbType.java:36)
	at org.artifactory.storage.db.DbTypeTest.parseEmpty(DbTypeTest.java:48)
	at sun.reflect.NativeMethodAccessorImpl.invoke0(Native Method)
	at sun.reflect.NativeMethodAccessorImpl.invoke(NativeMethodAccessorImpl.java:57)
	at sun.reflect.DelegatingMethodAccessorImpl.invoke(DelegatingMethodAccessorImpl.java:43)
	at java.lang.reflect.Method.invoke(Method.java:606)
	at org.testng.internal.MethodInvocationHelper.invokeMethod(MethodInvocationHelper.java:84)
	at org.testng.internal.Invoker.invokeMethod(Invoker.java:714)
	at org.testng.internal.Invoker.invokeTestMethod(Invoker.java:901)
	at org.testng.internal.Invoker.invokeTestMethods(Invoker.java:1231)
	at org.testng.internal.TestMethodWorker.invokeTestMethods(TestMethodWorker.java:127)
	at org.testng.internal.TestMethodWorker.run(TestMethodWorker.java:111)
	at org.testng.TestRunner.privateRun(TestRunner.java:767)
	at org.testng.TestRunner.run(TestRunner.java:617)
	at org.testng.SuiteRunner.runTest(SuiteRunner.java:334)
	at org.testng.SuiteRunner.runSequentially(SuiteRunner.java:329)
	at org.testng.SuiteRunner.privateRun(SuiteRunner.java:291)
	at org.testng.SuiteRunner.run(SuiteRunner.java:240)
	at org.testng.SuiteRunnerWorker.runSuite(SuiteRunnerWorker.java:52)
	at org.testng.SuiteRunnerWorker.run(SuiteRunnerWorker.java:86)
	at org.testng.TestNG.runSuitesSequentially(TestNG.java:1224)
	at org.testng.TestNG.runSuitesLocally(TestNG.java:1149)
	at org.testng.TestNG.run(TestNG.java:1057)
	at org.apache.maven.surefire.testng.TestNGExecutor.run(TestNGExecutor.java:91)
	at org.apache.maven.surefire.testng.TestNGDirectoryTestSuite.executeMulti(TestNGDirectoryTestSuite.java:204)
	at org.apache.maven.surefire.testng.TestNGDirectoryTestSuite.execute(TestNGDirectoryTestSuite.java:107)
	at org.apache.maven.surefire.testng.TestNGProvider.invoke(TestNGProvider.java:113)
	at org.apache.maven.surefire.booter.ForkedBooter.invokeProviderInSameClassLoader(ForkedBooter.java:200)
	at org.apache.maven.surefire.booter.ForkedBooter.runSuitesInProcess(ForkedBooter.java:153)
	at org.apache.maven.surefire.booter.ForkedBooter.main(ForkedBooter.java:103)
]]>
            </full-stacktrace>
          </exception> <!-- java.lang.IllegalArgumentException -->
          <reporter-output>
          </reporter-output>
        </test-method> <!-- parseEmpty -->
        <test-method status="PASS" signature="parseNotSupported()[pri:0, instance:org.artifactory.storage.db.DbTypeTest@37a63e06]" name="parseNotSupported" duration-ms="1" started-at="2014-11-27T20:03:09Z" finished-at="2014-11-27T20:03:09Z">
          <exception class="java.lang.IllegalArgumentException">
            <message>
              <![CDATA[Couldn't find db type matching the name 'nosql']]>
            </message>
            <full-stacktrace>
              <![CDATA[java.lang.IllegalArgumentException: Couldn't find db type matching the name 'nosql'
	at org.artifactory.storage.db.DbType.parse(DbType.java:36)
	at org.artifactory.storage.db.DbTypeTest.parseNotSupported(DbTypeTest.java:53)
	at sun.reflect.NativeMethodAccessorImpl.invoke0(Native Method)
	at sun.reflect.NativeMethodAccessorImpl.invoke(NativeMethodAccessorImpl.java:57)
	at sun.reflect.DelegatingMethodAccessorImpl.invoke(DelegatingMethodAccessorImpl.java:43)
	at java.lang.reflect.Method.invoke(Method.java:606)
	at org.testng.internal.MethodInvocationHelper.invokeMethod(MethodInvocationHelper.java:84)
	at org.testng.internal.Invoker.invokeMethod(Invoker.java:714)
	at org.testng.internal.Invoker.invokeTestMethod(Invoker.java:901)
	at org.testng.internal.Invoker.invokeTestMethods(Invoker.java:1231)
	at org.testng.internal.TestMethodWorker.invokeTestMethods(TestMethodWorker.java:127)
	at org.testng.internal.TestMethodWorker.run(TestMethodWorker.java:111)
	at org.testng.TestRunner.privateRun(TestRunner.java:767)
	at org.testng.TestRunner.run(TestRunner.java:617)
	at org.testng.SuiteRunner.runTest(SuiteRunner.java:334)
	at org.testng.SuiteRunner.runSequentially(SuiteRunner.java:329)
	at org.testng.SuiteRunner.privateRun(SuiteRunner.java:291)
	at org.testng.SuiteRunner.run(SuiteRunner.java:240)
	at org.testng.SuiteRunnerWorker.runSuite(SuiteRunnerWorker.java:52)
	at org.testng.SuiteRunnerWorker.run(SuiteRunnerWorker.java:86)
	at org.testng.TestNG.runSuitesSequentially(TestNG.java:1224)
	at org.testng.TestNG.runSuitesLocally(TestNG.java:1149)
	at org.testng.TestNG.run(TestNG.java:1057)
	at org.apache.maven.surefire.testng.TestNGExecutor.run(TestNGExecutor.java:91)
	at org.apache.maven.surefire.testng.TestNGDirectoryTestSuite.executeMulti(TestNGDirectoryTestSuite.java:204)
	at org.apache.maven.surefire.testng.TestNGDirectoryTestSuite.execute(TestNGDirectoryTestSuite.java:107)
	at org.apache.maven.surefire.testng.TestNGProvider.invoke(TestNGProvider.java:113)
	at org.apache.maven.surefire.booter.ForkedBooter.invokeProviderInSameClassLoader(ForkedBooter.java:200)
	at org.apache.maven.surefire.booter.ForkedBooter.runSuitesInProcess(ForkedBooter.java:153)
	at org.apache.maven.surefire.booter.ForkedBooter.main(ForkedBooter.java:103)
]]>
            </full-stacktrace>
          </exception> <!-- java.lang.IllegalArgumentException -->
          <reporter-output>
          </reporter-output>
        </test-method> <!-- parseNotSupported -->
        <test-method status="PASS" signature="parseNull()[pri:0, instance:org.artifactory.storage.db.DbTypeTest@37a63e06]" name="parseNull" duration-ms="0" started-at="2014-11-27T20:03:09Z" finished-at="2014-11-27T20:03:09Z">
          <exception class="java.lang.IllegalArgumentException">
            <message>
              <![CDATA[Couldn't find db type matching the name 'null']]>
            </message>
            <full-stacktrace>
              <![CDATA[java.lang.IllegalArgumentException: Couldn't find db type matching the name 'null'
	at org.artifactory.storage.db.DbType.parse(DbType.java:36)
	at org.artifactory.storage.db.DbTypeTest.parseNull(DbTypeTest.java:43)
	at sun.reflect.NativeMethodAccessorImpl.invoke0(Native Method)
	at sun.reflect.NativeMethodAccessorImpl.invoke(NativeMethodAccessorImpl.java:57)
	at sun.reflect.DelegatingMethodAccessorImpl.invoke(DelegatingMethodAccessorImpl.java:43)
	at java.lang.reflect.Method.invoke(Method.java:606)
	at org.testng.internal.MethodInvocationHelper.invokeMethod(MethodInvocationHelper.java:84)
	at org.testng.internal.Invoker.invokeMethod(Invoker.java:714)
	at org.testng.internal.Invoker.invokeTestMethod(Invoker.java:901)
	at org.testng.internal.Invoker.invokeTestMethods(Invoker.java:1231)
	at org.testng.internal.TestMethodWorker.invokeTestMethods(TestMethodWorker.java:127)
	at org.testng.internal.TestMethodWorker.run(TestMethodWorker.java:111)
	at org.testng.TestRunner.privateRun(TestRunner.java:767)
	at org.testng.TestRunner.run(TestRunner.java:617)
	at org.testng.SuiteRunner.runTest(SuiteRunner.java:334)
	at org.testng.SuiteRunner.runSequentially(SuiteRunner.java:329)
	at org.testng.SuiteRunner.privateRun(SuiteRunner.java:291)
	at org.testng.SuiteRunner.run(SuiteRunner.java:240)
	at org.testng.SuiteRunnerWorker.runSuite(SuiteRunnerWorker.java:52)
	at org.testng.SuiteRunnerWorker.run(SuiteRunnerWorker.java:86)
	at org.testng.TestNG.runSuitesSequentially(TestNG.java:1224)
	at org.testng.TestNG.runSuitesLocally(TestNG.java:1149)
	at org.testng.TestNG.run(TestNG.java:1057)
	at org.apache.maven.surefire.testng.TestNGExecutor.run(TestNGExecutor.java:91)
	at org.apache.maven.surefire.testng.TestNGDirectoryTestSuite.executeMulti(TestNGDirectoryTestSuite.java:204)
	at org.apache.maven.surefire.testng.TestNGDirectoryTestSuite.execute(TestNGDirectoryTestSuite.java:107)
	at org.apache.maven.surefire.testng.TestNGProvider.invoke(TestNGProvider.java:113)
	at org.apache.maven.surefire.booter.ForkedBooter.invokeProviderInSameClassLoader(ForkedBooter.java:200)
	at org.apache.maven.surefire.booter.ForkedBooter.runSuitesInProcess(ForkedBooter.java:153)
	at org.apache.maven.surefire.booter.ForkedBooter.main(ForkedBooter.java:103)
]]>
            </full-stacktrace>
          </exception> <!-- java.lang.IllegalArgumentException -->
          <reporter-output>
          </reporter-output>
        </test-method> <!-- parseNull -->
        <test-method status="PASS" signature="parseSupported()[pri:0, instance:org.artifactory.storage.db.DbTypeTest@37a63e06]" name="parseSupported" duration-ms="0" started-at="2014-11-27T20:03:09Z" finished-at="2014-11-27T20:03:09Z">
          <reporter-output>
          </reporter-output>
        </test-method> <!-- parseSupported -->
        <test-method status="PASS" signature="parseSupportedCapitals()[pri:0, instance:org.artifactory.storage.db.DbTypeTest@37a63e06]" name="parseSupportedCapitals" duration-ms="0" started-at="2014-11-27T20:03:09Z" finished-at="2014-11-27T20:03:09Z">
          <reporter-output>
          </reporter-output>
        </test-method> <!-- parseSupportedCapitals -->
      </class> <!-- org.artifactory.storage.db.DbTypeTest -->
    </test> <!-- Command line test d0a727ed-293d-4962-b2e5-a38c72913193 -->
  </suite> <!-- org.artifactory.storage.db.DbTypeTest -->
  <suite name="org.artifactory.api.fs.ZipEntriesTreeTest" duration-ms="3" started-at="2014-11-27T18:03:09Z" finished-at="2014-11-27T18:03:09Z">
    <groups>
    </groups>
    <test name="Command line test bc7ff57a-bfaa-41bd-b99d-7adfb0c448b5" duration-ms="3" started-at="2014-11-27T18:03:09Z" finished-at="2014-11-27T18:03:09Z">
      <class name="org.artifactory.api.fs.ZipEntriesTreeTest">
        <test-method status="PASS" signature="buildTree()[pri:0, instance:org.artifactory.api.fs.ZipEntriesTreeTest@45cb0cdc]" name="buildTree" duration-ms="3" started-at="2014-11-27T20:03:09Z" finished-at="2014-11-27T20:03:09Z">
          <reporter-output>
          </reporter-output>
        </test-method> <!-- buildTree -->
      </class> <!-- org.artifactory.api.fs.ZipEntriesTreeTest -->
    </test> <!-- Command line test bc7ff57a-bfaa-41bd-b99d-7adfb0c448b5 -->
  </suite> <!-- org.artifactory.api.fs.ZipEntriesTreeTest -->
  <suite name="org.artifactory.util.RepoPathUtilsTest" duration-ms="3" started-at="2014-11-27T18:03:09Z" finished-at="2014-11-27T18:03:09Z">
    <groups>
    </groups>
    <test name="Command line test ac90b748-3e05-42df-81ea-0aa196fcfc6b" duration-ms="3" started-at="2014-11-27T18:03:09Z" finished-at="2014-11-27T18:03:09Z">
      <class name="org.artifactory.util.RepoPathUtilsTest">
        <test-method status="PASS" signature="getAncestorBeyondRoot()[pri:0, instance:org.artifactory.util.RepoPathUtilsTest@37953895]" name="getAncestorBeyondRoot" duration-ms="1" started-at="2014-11-27T20:03:09Z" finished-at="2014-11-27T20:03:09Z">
          <reporter-output>
          </reporter-output>
        </test-method> <!-- getAncestorBeyondRoot -->
        <test-method status="PASS" signature="getAncestorGrandParent()[pri:0, instance:org.artifactory.util.RepoPathUtilsTest@37953895]" name="getAncestorGrandParent" duration-ms="1" started-at="2014-11-27T20:03:09Z" finished-at="2014-11-27T20:03:09Z">
          <reporter-output>
          </reporter-output>
        </test-method> <!-- getAncestorGrandParent -->
        <test-method status="PASS" signature="getAncestorOfRoot()[pri:0, instance:org.artifactory.util.RepoPathUtilsTest@37953895]" name="getAncestorOfRoot" duration-ms="0" started-at="2014-11-27T20:03:09Z" finished-at="2014-11-27T20:03:09Z">
          <reporter-output>
          </reporter-output>
        </test-method> <!-- getAncestorOfRoot -->
        <test-method status="PASS" signature="getAncestorParent()[pri:0, instance:org.artifactory.util.RepoPathUtilsTest@37953895]" name="getAncestorParent" duration-ms="1" started-at="2014-11-27T20:03:09Z" finished-at="2014-11-27T20:03:09Z">
          <reporter-output>
          </reporter-output>
        </test-method> <!-- getAncestorParent -->
      </class> <!-- org.artifactory.util.RepoPathUtilsTest -->
    </test> <!-- Command line test ac90b748-3e05-42df-81ea-0aa196fcfc6b -->
  </suite> <!-- org.artifactory.util.RepoPathUtilsTest -->
  <suite name="org.artifactory.api.security.UserInfoTest" duration-ms="7" started-at="2014-11-27T18:03:09Z" finished-at="2014-11-27T18:03:09Z">
    <groups>
    </groups>
    <test name="Command line test 25076ff1-b712-4577-be12-20eb201601ba" duration-ms="7" started-at="2014-11-27T18:03:09Z" finished-at="2014-11-27T18:03:09Z">
      <class name="org.artifactory.api.security.UserInfoTest">
        <test-method status="PASS" signature="addRemoveGroup()[pri:0, instance:org.artifactory.api.security.UserInfoTest@17e7258e]" name="addRemoveGroup" duration-ms="1" started-at="2014-11-27T20:03:09Z" finished-at="2014-11-27T20:03:09Z">
          <reporter-output>
          </reporter-output>
        </test-method> <!-- addRemoveGroup -->
        <test-method status="PASS" signature="copyConstructor()[pri:0, instance:org.artifactory.api.security.UserInfoTest@17e7258e]" name="copyConstructor" duration-ms="5" started-at="2014-11-27T20:03:09Z" finished-at="2014-11-27T20:03:09Z">
          <reporter-output>
          </reporter-output>
        </test-method> <!-- copyConstructor -->
      </class> <!-- org.artifactory.api.security.UserInfoTest -->
    </test> <!-- Command line test 25076ff1-b712-4577-be12-20eb201601ba -->
  </suite> <!-- org.artifactory.api.security.UserInfoTest -->
  <suite name="org.artifactory.api.fs.FileAdditionalInfoTest" duration-ms="35" started-at="2014-11-27T18:03:08Z" finished-at="2014-11-27T18:03:08Z">
    <groups>
    </groups>
    <test name="Command line test 490f2be3-7fff-4b1f-9f99-2b3f4a349af6" duration-ms="35" started-at="2014-11-27T18:03:08Z" finished-at="2014-11-27T18:03:08Z">
      <class name="org.artifactory.api.fs.FileAdditionalInfoTest">
        <test-method status="PASS" signature="setup()[pri:0, instance:org.artifactory.api.fs.FileAdditionalInfoTest@453130df]" name="setup" is-config="true" duration-ms="10" started-at="2014-11-27T20:03:08Z" finished-at="2014-11-27T20:03:08Z">
          <reporter-output>
          </reporter-output>
        </test-method> <!-- setup -->
        <test-method status="PASS" signature="copyConstructor()[pri:0, instance:org.artifactory.api.fs.FileAdditionalInfoTest@453130df]" name="copyConstructor" duration-ms="9" started-at="2014-11-27T20:03:08Z" finished-at="2014-11-27T20:03:08Z">
          <reporter-output>
          </reporter-output>
        </test-method> <!-- copyConstructor -->
        <test-method status="PASS" signature="setup()[pri:0, instance:org.artifactory.api.fs.FileAdditionalInfoTest@453130df]" name="setup" is-config="true" duration-ms="1" started-at="2014-11-27T20:03:08Z" finished-at="2014-11-27T20:03:08Z">
          <reporter-output>
          </reporter-output>
        </test-method> <!-- setup -->
        <test-method status="PASS" signature="defaultConstructor()[pri:0, instance:org.artifactory.api.fs.FileAdditionalInfoTest@453130df]" name="defaultConstructor" duration-ms="0" started-at="2014-11-27T20:03:08Z" finished-at="2014-11-27T20:03:08Z">
          <reporter-output>
          </reporter-output>
        </test-method> <!-- defaultConstructor -->
        <test-method status="PASS" signature="setup()[pri:0, instance:org.artifactory.api.fs.FileAdditionalInfoTest@453130df]" name="setup" is-config="true" duration-ms="0" started-at="2014-11-27T20:03:08Z" finished-at="2014-11-27T20:03:08Z">
          <reporter-output>
          </reporter-output>
        </test-method> <!-- setup -->
        <test-method status="PASS" signature="settingChecksums()[pri:0, instance:org.artifactory.api.fs.FileAdditionalInfoTest@453130df]" name="settingChecksums" duration-ms="0" started-at="2014-11-27T20:03:08Z" finished-at="2014-11-27T20:03:08Z">
          <reporter-output>
          </reporter-output>
        </test-method> <!-- settingChecksums -->
        <test-method status="PASS" signature="testIsIdentical()[pri:0, instance:org.artifactory.api.fs.FileAdditionalInfoTest@453130df]" name="testIsIdentical" duration-ms="0" started-at="2014-11-27T20:03:08Z" finished-at="2014-11-27T20:03:08Z">
          <reporter-output>
          </reporter-output>
        </test-method> <!-- testIsIdentical -->
        <test-method status="PASS" signature="setup()[pri:0, instance:org.artifactory.api.fs.FileAdditionalInfoTest@453130df]" name="setup" is-config="true" duration-ms="0" started-at="2014-11-27T20:03:08Z" finished-at="2014-11-27T20:03:08Z">
          <reporter-output>
          </reporter-output>
        </test-method> <!-- setup -->
        <test-method status="PASS" signature="setup()[pri:0, instance:org.artifactory.api.fs.FileAdditionalInfoTest@453130df]" name="setup" is-config="true" duration-ms="0" started-at="2014-11-27T20:03:08Z" finished-at="2014-11-27T20:03:08Z">
          <reporter-output>
          </reporter-output>
        </test-method> <!-- setup -->
        <test-method status="PASS" signature="testNotIdentical()[pri:0, instance:org.artifactory.api.fs.FileAdditionalInfoTest@453130df]" name="testNotIdentical" duration-ms="1" started-at="2014-11-27T20:03:08Z" finished-at="2014-11-27T20:03:08Z">
          <reporter-output>
          </reporter-output>
        </test-method> <!-- testNotIdentical -->
      </class> <!-- org.artifactory.api.fs.FileAdditionalInfoTest -->
    </test> <!-- Command line test 490f2be3-7fff-4b1f-9f99-2b3f4a349af6 -->
  </suite> <!-- org.artifactory.api.fs.FileAdditionalInfoTest -->
  <suite name="org.artifactory.model.xstream.security.UserImplTest" duration-ms="3" started-at="2014-11-27T18:03:09Z" finished-at="2014-11-27T18:03:09Z">
    <groups>
    </groups>
    <test name="Command line test 892bfdae-55ab-49fe-945b-30808c10875f" duration-ms="3" started-at="2014-11-27T18:03:09Z" finished-at="2014-11-27T18:03:09Z">
      <class name="org.artifactory.model.xstream.security.UserImplTest">
        <test-method status="PASS" signature="authContextDifferentIfPasswordIfDifferent()[pri:0, instance:org.artifactory.model.xstream.security.UserImplTest@7ab2f62]" name="authContextDifferentIfPasswordIfDifferent" duration-ms="1" started-at="2014-11-27T20:03:09Z" finished-at="2014-11-27T20:03:09Z">
          <reporter-output>
          </reporter-output>
        </test-method> <!-- authContextDifferentIfPasswordIfDifferent -->
        <test-method status="PASS" signature="sameAuthContextUserWithNoPassword()[pri:0, instance:org.artifactory.model.xstream.security.UserImplTest@7ab2f62]" name="sameAuthContextUserWithNoPassword" duration-ms="0" started-at="2014-11-27T20:03:09Z" finished-at="2014-11-27T20:03:09Z">
          <reporter-output>
          </reporter-output>
        </test-method> <!-- sameAuthContextUserWithNoPassword -->
        <test-method status="PASS" signature="sameAuthContextForSameInstance()[pri:0, instance:org.artifactory.model.xstream.security.UserImplTest@7ab2f62]" name="sameAuthContextForSameInstance" duration-ms="0" started-at="2014-11-27T20:03:09Z" finished-at="2014-11-27T20:03:09Z">
          <reporter-output>
          </reporter-output>
        </test-method> <!-- sameAuthContextForSameInstance -->
      </class> <!-- org.artifactory.model.xstream.security.UserImplTest -->
    </test> <!-- Command line test 892bfdae-55ab-49fe-945b-30808c10875f -->
  </suite> <!-- org.artifactory.model.xstream.security.UserImplTest -->
  <suite name="org.artifactory.factory.xstream.PropertiesConverterTest" duration-ms="18" started-at="2014-11-27T18:03:09Z" finished-at="2014-11-27T18:03:09Z">
    <groups>
    </groups>
    <test name="Command line test 97a01293-239a-46b8-be06-28abaa1dde45" duration-ms="18" started-at="2014-11-27T18:03:09Z" finished-at="2014-11-27T18:03:09Z">
      <class name="org.artifactory.factory.xstream.PropertiesConverterTest">
        <test-method status="PASS" signature="testConversion()[pri:0, instance:org.artifactory.factory.xstream.PropertiesConverterTest@1a23b006]" name="testConversion" duration-ms="17" started-at="2014-11-27T20:03:09Z" finished-at="2014-11-27T20:03:09Z">
          <reporter-output>
          </reporter-output>
        </test-method> <!-- testConversion -->
      </class> <!-- org.artifactory.factory.xstream.PropertiesConverterTest -->
    </test> <!-- Command line test 97a01293-239a-46b8-be06-28abaa1dde45 -->
  </suite> <!-- org.artifactory.factory.xstream.PropertiesConverterTest -->
  <suite name="org.artifactory.repo.InternalRepoPathFactoryTest" duration-ms="2" started-at="2014-11-27T18:03:09Z" finished-at="2014-11-27T18:03:09Z">
    <groups>
    </groups>
    <test name="Command line test abe11c98-1eec-4ee7-bc60-f109c23bec14" duration-ms="2" started-at="2014-11-27T18:03:09Z" finished-at="2014-11-27T18:03:09Z">
      <class name="org.artifactory.repo.InternalRepoPathFactoryTest">
        <test-method status="PASS" signature="cacheRepoPathFromRemote()[pri:0, instance:org.artifactory.repo.InternalRepoPathFactoryTest@25feb227]" name="cacheRepoPathFromRemote" duration-ms="0" started-at="2014-11-27T20:03:09Z" finished-at="2014-11-27T20:03:09Z">
          <reporter-output>
          </reporter-output>
        </test-method> <!-- cacheRepoPathFromRemote -->
        <test-method status="PASS" signature="cacheRepoPathFromCache()[pri:0, instance:org.artifactory.repo.InternalRepoPathFactoryTest@25feb227]" name="cacheRepoPathFromCache" duration-ms="0" started-at="2014-11-27T20:03:09Z" finished-at="2014-11-27T20:03:09Z">
          <reporter-output>
          </reporter-output>
        </test-method> <!-- cacheRepoPathFromCache -->
        <test-method status="PASS" signature="cacheRepoPathFromRootRepoPath()[pri:0, instance:org.artifactory.repo.InternalRepoPathFactoryTest@25feb227]" name="cacheRepoPathFromRootRepoPath" duration-ms="0" started-at="2014-11-27T20:03:09Z" finished-at="2014-11-27T20:03:09Z">
          <reporter-output>
          </reporter-output>
        </test-method> <!-- cacheRepoPathFromRootRepoPath -->
      </class> <!-- org.artifactory.repo.InternalRepoPathFactoryTest -->
    </test> <!-- Command line test abe11c98-1eec-4ee7-bc60-f109c23bec14 -->
  </suite> <!-- org.artifactory.repo.InternalRepoPathFactoryTest -->
</testng-results>
